TN:
SF:/home/zoom/suit/guppy/src/guppy.js
FN:23,(anonymous_0)
FN:52,(anonymous_1)
FN:56,(anonymous_2)
FN:57,(anonymous_3)
FN:58,(anonymous_4)
FN:80,(anonymous_5)
FN:95,(anonymous_6)
FN:100,(anonymous_7)
FN:174,(anonymous_8)
FN:189,(anonymous_9)
FN:249,(anonymous_10)
FN:250,(anonymous_11)
FN:289,(anonymous_12)
FN:306,outer
FN:307,(anonymous_14)
FN:309,(anonymous_15)
FN:322,(anonymous_16)
FN:333,(anonymous_17)
FN:345,(anonymous_18)
FN:379,(anonymous_19)
FN:449,(anonymous_20)
FN:455,(anonymous_21)
FN:498,(anonymous_22)
FN:520,(anonymous_23)
FN:541,(anonymous_24)
FN:569,(anonymous_25)
FN:587,(anonymous_26)
FN:603,(anonymous_27)
FN:721,(anonymous_28)
FN:725,(anonymous_29)
FN:725,(anonymous_30)
FN:733,(anonymous_31)
FN:733,(anonymous_32)
FN:747,(anonymous_33)
FN:747,(anonymous_34)
FNF:35
FNH:27
FNDA:1,(anonymous_0)
FNDA:0,(anonymous_1)
FNDA:0,(anonymous_2)
FNDA:0,(anonymous_3)
FNDA:0,(anonymous_4)
FNDA:0,(anonymous_5)
FNDA:3,(anonymous_6)
FNDA:0,(anonymous_7)
FNDA:2,(anonymous_8)
FNDA:0,(anonymous_9)
FNDA:1,(anonymous_10)
FNDA:1,(anonymous_11)
FNDA:0,(anonymous_12)
FNDA:1,outer
FNDA:1,(anonymous_14)
FNDA:1,(anonymous_15)
FNDA:1,(anonymous_16)
FNDA:1,(anonymous_17)
FNDA:858,(anonymous_18)
FNDA:5,(anonymous_19)
FNDA:4,(anonymous_20)
FNDA:4,(anonymous_21)
FNDA:1,(anonymous_22)
FNDA:1,(anonymous_23)
FNDA:1185,(anonymous_24)
FNDA:1188,(anonymous_25)
FNDA:122,(anonymous_26)
FNDA:62,(anonymous_27)
FNDA:1,(anonymous_28)
FNDA:68,(anonymous_29)
FNDA:242,(anonymous_30)
FNDA:12,(anonymous_31)
FNDA:19,(anonymous_32)
FNDA:37,(anonymous_33)
FNDA:105,(anonymous_34)
DA:1,1
DA:2,1
DA:3,1
DA:4,1
DA:5,1
DA:6,1
DA:23,1
DA:24,1
DA:25,1
DA:26,1
DA:27,1
DA:29,1
DA:30,1
DA:31,1
DA:35,1
DA:36,0
DA:37,0
DA:38,0
DA:39,0
DA:40,0
DA:42,1
DA:43,1
DA:44,1
DA:46,1
DA:47,1
DA:48,1
DA:49,1
DA:50,1
DA:51,4
DA:52,0
DA:53,0
DA:54,0
DA:56,4
DA:57,3
DA:58,2
DA:62,1
DA:64,1
DA:65,1
DA:66,1
DA:67,1
DA:69,1
DA:71,1
DA:73,1
DA:76,1
DA:77,1
DA:78,1
DA:79,1
DA:80,1
DA:81,1
DA:82,0
DA:83,0
DA:84,0
DA:86,1
DA:87,1
DA:90,1
DA:91,1
DA:93,1
DA:95,1
DA:96,3
DA:97,3
DA:98,3
DA:99,3
DA:100,3
DA:101,0
DA:102,0
DA:103,0
DA:104,0
DA:105,0
DA:108,3
DA:174,1
DA:175,2
DA:176,2
DA:178,2
DA:179,2
DA:180,2
DA:189,1
DA:190,0
DA:191,0
DA:192,0
DA:193,0
DA:194,0
DA:249,1
DA:250,1
DA:251,1
DA:252,1
DA:253,1
DA:254,1
DA:255,1
DA:258,1
DA:266,1
DA:267,5
DA:270,1
DA:271,1
DA:272,1
DA:273,1
DA:276,1
DA:277,0
DA:278,0
DA:279,0
DA:282,1
DA:283,1
DA:285,1
DA:286,0
DA:287,0
DA:288,0
DA:289,0
DA:290,0
DA:291,0
DA:292,0
DA:296,1
DA:297,1
DA:299,1
DA:300,1
DA:301,1
DA:302,1
DA:304,1
DA:305,1
DA:306,1
DA:307,1
DA:308,1
DA:309,1
DA:310,1
DA:311,1
DA:312,1
DA:314,1
DA:315,1
DA:318,1
DA:320,1
DA:321,1
DA:322,1
DA:323,1
DA:324,1
DA:326,1
DA:329,0
DA:333,1
DA:334,1
DA:335,1
DA:336,1
DA:337,1
DA:338,0
DA:340,1
DA:341,1
DA:342,1
DA:345,1
DA:346,858
DA:347,858
DA:348,858
DA:349,857
DA:350,857
DA:355,857
DA:356,857
DA:357,6520
DA:358,6520
DA:359,3568
DA:360,3568
DA:361,3568
DA:362,3568
DA:363,15148
DA:364,3568
DA:372,3568
DA:376,857
DA:379,1
DA:380,5
DA:381,5
DA:382,5
DA:383,5
DA:384,5
DA:385,5
DA:386,5
DA:388,5
DA:389,5
DA:390,5
DA:391,5
DA:392,1
DA:393,1
DA:396,5
DA:397,5
DA:398,5
DA:399,1
DA:400,1
DA:401,1
DA:402,7
DA:403,6
DA:404,6
DA:405,6
DA:406,3
DA:409,1
DA:411,5
DA:412,5
DA:413,24
DA:414,24
DA:415,4
DA:416,4
DA:418,20
DA:419,20
DA:420,20
DA:421,20
DA:422,9
DA:423,9
DA:424,9
DA:427,5
DA:428,5
DA:429,5
DA:430,5
DA:431,5
DA:433,5
DA:434,2
DA:436,5
DA:437,5
DA:438,1
DA:439,1
DA:440,1
DA:441,0
DA:442,0
DA:443,1
DA:444,0
DA:446,5
DA:449,1
DA:450,4
DA:451,4
DA:452,4
DA:455,1
DA:456,4
DA:457,4
DA:458,4
DA:459,4
DA:460,4
DA:461,4
DA:462,4
DA:463,4
DA:464,4
DA:465,4
DA:466,4
DA:467,4
DA:469,4
DA:470,4
DA:471,4
DA:472,4
DA:473,4
DA:474,1
DA:477,3
DA:478,3
DA:479,3
DA:480,3
DA:481,3
DA:483,4
DA:485,4
DA:487,0
DA:488,0
DA:490,0
DA:492,0
DA:493,0
DA:494,0
DA:498,1
DA:499,1
DA:500,1
DA:501,1
DA:502,1
DA:503,1
DA:504,1
DA:505,0
DA:508,1
DA:509,1
DA:510,1
DA:512,1
DA:515,0
DA:516,0
DA:520,1
DA:521,1
DA:522,1
DA:523,1
DA:524,0
DA:525,0
DA:527,1
DA:528,0
DA:529,0
DA:531,1
DA:532,1
DA:533,1
DA:537,1
DA:538,1
DA:539,1
DA:541,1
DA:543,1185
DA:544,1185
DA:545,1185
DA:546,1185
DA:547,1185
DA:548,1185
DA:549,1185
DA:550,1185
DA:551,1185
DA:552,1185
DA:553,1185
DA:554,1185
DA:557,0
DA:559,0
DA:569,1
DA:570,1188
DA:571,3
DA:572,3
DA:573,3
DA:575,1185
DA:576,1185
DA:577,1185
DA:578,1185
DA:579,857
DA:587,1
DA:588,122
DA:589,122
DA:590,122
DA:591,122
DA:592,122
DA:593,122
DA:594,122
DA:603,1
DA:604,62
DA:605,62
DA:606,62
DA:607,62
DA:608,61
DA:610,1
DA:611,1
DA:613,62
DA:614,62
DA:615,62
DA:616,62
DA:617,61
DA:618,61
DA:625,1
DA:627,1
DA:632,1
DA:640,1
DA:654,1
DA:669,1
DA:711,1
DA:712,26
DA:713,26
DA:718,1
DA:719,10
DA:721,1
DA:722,1
DA:723,1
DA:724,1
DA:725,68
DA:726,242
DA:727,242
DA:728,242
DA:729,242
DA:730,242
DA:732,1
DA:733,12
DA:734,19
DA:735,19
DA:736,19
DA:737,19
DA:738,0
DA:741,19
DA:743,19
DA:744,19
DA:746,1
DA:747,37
DA:748,105
DA:749,105
DA:750,105
DA:751,105
DA:752,105
DA:753,105
DA:754,105
DA:758,1
LF:370
LH:318
BRDA:25,0,0,1
BRDA:25,0,1,1
BRDA:26,1,0,1
BRDA:26,1,1,1
BRDA:27,2,0,1
BRDA:27,2,1,1
BRDA:29,3,0,1
BRDA:29,3,1,0
BRDA:29,4,0,1
BRDA:29,4,1,0
BRDA:35,5,0,0
BRDA:35,5,1,1
BRDA:36,6,0,0
BRDA:36,6,1,0
BRDA:42,7,0,1
BRDA:42,7,1,1
BRDA:46,8,0,1
BRDA:46,8,1,1
BRDA:49,9,0,1
BRDA:49,9,1,0
BRDA:51,10,0,0
BRDA:51,10,1,4
BRDA:51,11,0,4
BRDA:51,11,1,1
BRDA:53,12,0,0
BRDA:53,12,1,0
BRDA:56,13,0,1
BRDA:56,13,1,3
BRDA:57,14,0,1
BRDA:57,14,1,2
BRDA:58,15,0,1
BRDA:58,15,1,1
BRDA:80,16,0,0
BRDA:80,16,1,0
BRDA:81,17,0,0
BRDA:81,17,1,1
BRDA:81,18,0,1
BRDA:81,18,1,0
BRDA:99,19,0,3
BRDA:99,19,1,0
BRDA:102,20,0,0
BRDA:102,20,1,0
BRDA:103,21,0,0
BRDA:103,21,1,0
BRDA:175,22,0,2
BRDA:175,22,1,0
BRDA:190,23,0,0
BRDA:190,23,1,0
BRDA:193,24,0,0
BRDA:193,24,1,0
BRDA:276,25,0,0
BRDA:276,25,1,1
BRDA:282,26,0,1
BRDA:282,26,1,0
BRDA:285,27,0,0
BRDA:285,27,1,1
BRDA:287,28,0,0
BRDA:287,28,1,0
BRDA:290,29,0,0
BRDA:290,29,1,0
BRDA:291,30,0,0
BRDA:291,30,1,0
BRDA:296,31,0,1
BRDA:296,31,1,0
BRDA:299,32,0,1
BRDA:299,32,1,0
BRDA:301,33,0,1
BRDA:301,33,1,0
BRDA:324,34,0,1
BRDA:324,34,1,0
BRDA:326,35,0,1
BRDA:326,35,1,0
BRDA:335,36,0,0
BRDA:335,36,1,1
BRDA:337,37,0,0
BRDA:337,37,1,1
BRDA:338,38,0,0
BRDA:338,38,1,0
BRDA:338,38,2,0
BRDA:338,38,3,0
BRDA:348,39,0,1
BRDA:348,39,1,857
BRDA:358,40,0,2952
BRDA:358,40,1,3568
BRDA:360,41,0,0
BRDA:360,41,1,3568
BRDA:360,42,0,3568
BRDA:360,42,1,0
BRDA:360,42,2,0
BRDA:360,42,3,0
BRDA:363,43,0,3568
BRDA:363,43,1,11580
BRDA:389,44,0,0
BRDA:389,44,1,5
BRDA:391,45,0,1
BRDA:391,45,1,4
BRDA:397,46,0,0
BRDA:397,46,1,5
BRDA:398,47,0,1
BRDA:398,47,1,4
BRDA:402,48,0,1
BRDA:402,48,1,6
BRDA:405,49,0,3
BRDA:405,49,1,3
BRDA:411,50,0,0
BRDA:411,50,1,5
BRDA:414,51,0,4
BRDA:414,51,1,20
BRDA:415,52,0,4
BRDA:415,52,1,0
BRDA:421,53,0,9
BRDA:421,53,1,11
BRDA:421,54,0,20
BRDA:421,54,1,15
BRDA:433,55,0,2
BRDA:433,55,1,3
BRDA:433,56,0,5
BRDA:433,56,1,2
BRDA:437,57,0,1
BRDA:437,57,1,4
BRDA:437,58,0,5
BRDA:437,58,1,1
BRDA:439,59,0,0
BRDA:439,59,1,1
BRDA:440,60,0,1
BRDA:440,60,1,0
BRDA:441,61,0,0
BRDA:441,61,1,0
BRDA:442,62,0,0
BRDA:442,62,1,0
BRDA:443,63,0,1
BRDA:443,63,1,0
BRDA:452,64,0,4
BRDA:452,64,1,0
BRDA:456,65,0,0
BRDA:456,65,1,4
BRDA:459,66,0,0
BRDA:459,66,1,4
BRDA:461,67,0,4
BRDA:461,67,1,0
BRDA:465,68,0,0
BRDA:465,68,1,4
BRDA:472,69,0,4
BRDA:472,69,1,0
BRDA:473,70,0,1
BRDA:473,70,1,3
BRDA:478,71,0,0
BRDA:478,71,1,3
BRDA:487,72,0,0
BRDA:487,72,1,0
BRDA:487,73,0,0
BRDA:487,73,1,0
BRDA:500,74,0,0
BRDA:500,74,1,1
BRDA:501,75,0,1
BRDA:501,75,1,0
BRDA:504,76,0,0
BRDA:504,76,1,1
BRDA:504,77,0,1
BRDA:504,77,1,1
BRDA:504,77,2,1
BRDA:504,77,3,1
BRDA:509,78,0,0
BRDA:509,78,1,1
BRDA:523,79,0,0
BRDA:523,79,1,1
BRDA:527,80,0,0
BRDA:527,80,1,1
BRDA:532,81,0,0
BRDA:532,81,1,1
BRDA:544,82,0,1185
BRDA:544,82,1,0
BRDA:550,83,0,6
BRDA:550,83,1,1179
BRDA:570,84,0,3
BRDA:570,84,1,1185
BRDA:570,85,0,1188
BRDA:570,85,1,64
BRDA:578,86,0,857
BRDA:578,86,1,328
BRDA:592,87,0,122
BRDA:592,87,1,0
BRDA:607,88,0,61
BRDA:607,88,1,1
BRDA:610,89,0,1
BRDA:610,89,1,0
BRDA:616,90,0,61
BRDA:616,90,1,1
BRDA:726,91,0,0
BRDA:726,91,1,242
BRDA:734,92,0,0
BRDA:734,92,1,19
BRDA:737,93,0,0
BRDA:737,93,1,19
BRDA:738,94,0,0
BRDA:738,94,1,0
BRDA:748,95,0,0
BRDA:748,95,1,105
BRF:198
BRH:113
end_of_record
TN:
SF:/home/zoom/suit/guppy/lib/mousetrap/mousetrap.min.js
FN:2,(anonymous_0)
FN:2,w
FN:2,A
FN:2,F
FN:2,x
FN:3,B
FN:3,E
FN:3,c
FN:3,b
FN:4,g
FN:4,f
FN:5,d
FN:5,p
FN:5,l
FN:5,(anonymous_14)
FN:5,g
FN:6,q
FN:7,(anonymous_17)
FN:7,(anonymous_18)
FN:9,(anonymous_19)
FN:9,(anonymous_20)
FN:9,(anonymous_21)
FN:9,(anonymous_22)
FN:9,(anonymous_23)
FN:10,(anonymous_24)
FN:10,(anonymous_25)
FN:10,(anonymous_26)
FN:10,(anonymous_27)
FN:10,(anonymous_28)
FN:10,(anonymous_29)
FN:11,(anonymous_30)
FNF:31
FNH:19
FNDA:1,(anonymous_0)
FNDA:3,w
FNDA:1,A
FNDA:1,F
FNDA:174,x
FNDA:117,B
FNDA:0,E
FNDA:2,c
FNDA:0,b
FNDA:118,g
FNDA:0,f
FNDA:1,d
FNDA:0,p
FNDA:0,l
FNDA:0,(anonymous_14)
FNDA:0,g
FNDA:117,q
FNDA:1,(anonymous_17)
FNDA:117,(anonymous_18)
FNDA:117,(anonymous_19)
FNDA:0,(anonymous_20)
FNDA:0,(anonymous_21)
FNDA:366,(anonymous_22)
FNDA:0,(anonymous_23)
FNDA:0,(anonymous_24)
FNDA:1,(anonymous_25)
FNDA:1,(anonymous_26)
FNDA:1,(anonymous_27)
FNDA:7,(anonymous_28)
FNDA:483,(anonymous_29)
FNDA:0,(anonymous_30)
DA:2,174
DA:3,174
DA:4,118
DA:5,1
DA:6,117
DA:7,117
DA:8,1
DA:9,366
DA:10,483
DA:11,1
LF:10
LH:10
BRDA:2,0,0,3
BRDA:2,0,1,0
BRDA:2,1,0,0
BRDA:2,1,1,1
BRDA:2,2,0,0
BRDA:2,2,1,0
BRDA:2,3,0,1
BRDA:2,3,1,0
BRDA:2,4,0,0
BRDA:2,4,1,0
BRDA:2,5,0,1
BRDA:2,5,1,0
BRDA:2,6,0,1
BRDA:2,6,1,0
BRDA:2,7,0,1
BRDA:2,7,1,0
BRDA:2,8,0,1
BRDA:2,8,1,0
BRDA:2,9,0,174
BRDA:2,9,1,137
BRDA:2,9,2,121
BRDA:2,9,3,117
BRDA:3,10,0,1
BRDA:3,10,1,116
BRDA:3,11,0,174
BRDA:3,11,1,16
BRDA:3,12,0,174
BRDA:3,12,1,0
BRDA:3,12,2,0
BRDA:3,12,3,0
BRDA:3,13,0,174
BRDA:3,13,1,57
BRDA:3,14,0,117
BRDA:3,14,1,0
BRDA:3,15,0,1
BRDA:3,15,1,116
BRDA:3,16,0,52
BRDA:3,16,1,31
BRDA:3,16,2,42
BRDA:3,16,3,42
BRDA:3,17,0,26
BRDA:3,17,1,91
BRDA:3,18,0,117
BRDA:3,18,1,91
BRDA:3,18,2,38
BRDA:3,19,0,0
BRDA:3,19,1,0
BRDA:3,20,0,0
BRDA:3,20,1,0
BRDA:3,21,0,0
BRDA:3,21,1,0
BRDA:4,22,0,0
BRDA:4,22,1,0
BRDA:4,23,0,0
BRDA:4,23,1,0
BRDA:4,24,0,0
BRDA:4,24,1,0
BRDA:4,25,0,1
BRDA:4,25,1,117
BRDA:4,26,0,117
BRDA:4,26,1,0
BRDA:4,26,2,0
BRDA:4,27,0,38
BRDA:4,27,1,38
BRDA:4,28,0,76
BRDA:4,28,1,76
BRDA:4,28,2,0
BRDA:4,28,3,76
BRDA:4,29,0,38
BRDA:4,29,1,37
BRDA:4,30,0,38
BRDA:4,30,1,1
BRDA:4,30,2,1
BRDA:4,31,0,38
BRDA:4,31,1,1
BRDA:4,32,0,1
BRDA:4,32,1,0
BRDA:4,32,2,0
BRDA:4,33,0,1
BRDA:4,33,1,1
BRDA:4,33,2,0
BRDA:4,33,3,1
BRDA:4,34,0,0
BRDA:4,34,1,0
BRDA:4,34,2,0
BRDA:5,35,0,0
BRDA:5,35,1,0
BRDA:5,36,0,0
BRDA:5,36,1,0
BRDA:5,37,0,0
BRDA:5,37,1,0
BRDA:5,38,0,1
BRDA:5,38,1,0
BRDA:5,39,0,1
BRDA:5,39,1,1
BRDA:5,40,0,0
BRDA:5,40,1,1
BRDA:5,41,0,1
BRDA:5,41,1,0
BRDA:5,42,0,0
BRDA:5,42,1,0
BRDA:5,43,0,0
BRDA:5,43,1,0
BRDA:5,44,0,0
BRDA:5,44,1,0
BRDA:6,45,0,0
BRDA:6,45,1,117
BRDA:6,46,0,117
BRDA:6,46,1,64
BRDA:6,47,0,0
BRDA:6,47,1,117
BRDA:6,48,0,2
BRDA:6,48,1,0
BRDA:6,49,0,1
BRDA:6,49,1,1
BRDA:7,50,0,0
BRDA:7,50,1,0
BRDA:7,51,0,0
BRDA:7,51,1,0
BRDA:7,52,0,0
BRDA:7,52,1,0
BRDA:7,53,0,0
BRDA:7,53,1,0
BRDA:7,54,0,1
BRDA:7,54,1,0
BRDA:7,55,0,1
BRDA:7,55,1,0
BRDA:7,55,2,0
BRDA:7,55,3,0
BRDA:7,56,0,1
BRDA:7,56,1,0
BRDA:7,57,0,1
BRDA:7,57,1,0
BRDA:9,58,0,0
BRDA:9,58,1,1
BRDA:9,59,0,0
BRDA:9,59,1,117
BRDA:9,60,0,366
BRDA:9,60,1,0
BRDA:10,61,0,0
BRDA:10,61,1,0
BRDA:10,62,0,0
BRDA:10,62,1,0
BRDA:10,63,0,0
BRDA:10,63,1,0
BRDA:10,63,2,0
BRDA:10,63,3,0
BRDA:10,64,0,1
BRDA:10,64,1,1
BRDA:10,65,0,11
BRDA:10,65,1,7
BRDA:11,66,0,1
BRDA:11,66,1,1
BRDA:11,66,2,1
BRDA:11,67,0,1
BRDA:11,67,1,0
BRDA:11,67,2,0
BRDA:11,68,0,1
BRDA:11,68,1,0
BRDA:11,69,0,1
BRDA:11,69,1,0
BRF:161
BRH:78
end_of_record
TN:
SF:/home/zoom/suit/guppy/lib/katex/katex-modified.min.js
FN:1,(anonymous_0)
FN:1,(anonymous_1)
FN:1,e
FN:1,n
FN:1,(anonymous_4)
FN:1,(anonymous_5)
FN:1,h
FN:1,e
FN:1,e
FN:1,e
FN:1,e
FN:1,(anonymous_11)
FN:1,(anonymous_12)
FN:1,(anonymous_13)
FN:1,(anonymous_14)
FN:1,(anonymous_15)
FN:1,(anonymous_16)
FN:1,(anonymous_17)
FN:1,(anonymous_18)
FN:1,(anonymous_19)
FN:1,i
FN:1,(anonymous_21)
FN:1,e
FN:1,(anonymous_23)
FN:1,(anonymous_24)
FN:1,o
FN:1,(anonymous_26)
FN:1,e
FN:1,(anonymous_28)
FN:1,(anonymous_29)
FN:1,i
FN:1,(anonymous_31)
FN:1,(anonymous_32)
FN:1,(anonymous_33)
FN:1,(anonymous_34)
FN:1,(anonymous_35)
FN:1,e
FN:1,(anonymous_37)
FN:1,e
FN:1,(anonymous_39)
FN:1,(anonymous_40)
FN:1,(anonymous_41)
FN:1,(anonymous_42)
FN:1,(anonymous_43)
FN:1,(anonymous_44)
FN:1,(anonymous_45)
FN:1,(anonymous_46)
FN:1,(anonymous_47)
FN:1,(anonymous_48)
FN:1,(anonymous_49)
FN:1,(anonymous_50)
FN:1,(anonymous_51)
FN:1,(anonymous_52)
FN:1,(anonymous_53)
FN:1,(anonymous_54)
FN:1,(anonymous_55)
FN:1,(anonymous_56)
FN:1,(anonymous_57)
FN:1,(anonymous_58)
FN:1,(anonymous_59)
FN:1,(anonymous_60)
FN:1,(anonymous_61)
FN:1,(anonymous_62)
FN:1,(anonymous_63)
FN:1,(anonymous_64)
FN:1,(anonymous_65)
FN:1,(anonymous_66)
FN:1,(anonymous_67)
FN:1,(anonymous_68)
FN:1,(anonymous_69)
FN:1,(anonymous_70)
FN:1,(anonymous_71)
FN:1,(anonymous_72)
FN:1,(anonymous_73)
FN:1,(anonymous_74)
FN:1,(anonymous_75)
FN:1,(anonymous_76)
FN:1,(anonymous_77)
FN:1,(anonymous_78)
FN:1,(anonymous_79)
FN:1,(anonymous_80)
FN:1,(anonymous_81)
FN:1,(anonymous_82)
FN:1,(anonymous_83)
FN:1,(anonymous_84)
FN:1,(anonymous_85)
FN:1,(anonymous_86)
FN:1,(anonymous_87)
FN:1,(anonymous_88)
FN:1,(anonymous_89)
FN:1,(anonymous_90)
FN:1,(anonymous_91)
FN:1,(anonymous_92)
FN:1,(anonymous_93)
FN:1,(anonymous_94)
FN:1,(anonymous_95)
FN:1,(anonymous_96)
FN:1,(anonymous_97)
FN:1,(anonymous_98)
FN:1,(anonymous_99)
FN:1,(anonymous_100)
FN:1,(anonymous_101)
FN:1,(anonymous_102)
FN:1,t
FN:1,t
FN:1,t
FN:1,e
FN:1,(anonymous_107)
FN:1,(anonymous_108)
FN:1,(anonymous_109)
FN:1,(anonymous_110)
FN:1,(anonymous_111)
FN:1,(anonymous_112)
FN:1,(anonymous_113)
FN:1,(anonymous_114)
FN:1,(anonymous_115)
FN:1,(anonymous_116)
FN:1,(anonymous_117)
FN:1,(anonymous_118)
FN:1,(anonymous_119)
FN:1,(anonymous_120)
FN:1,(anonymous_121)
FN:1,(anonymous_122)
FN:1,(anonymous_123)
FN:1,(anonymous_124)
FN:1,(anonymous_125)
FN:1,(anonymous_126)
FN:1,e
FN:1,(anonymous_128)
FN:1,e
FN:1,(anonymous_130)
FN:1,e
FN:1,(anonymous_132)
FN:1,(anonymous_133)
FN:1,(anonymous_134)
FN:1,(anonymous_135)
FN:1,(anonymous_136)
FN:1,e
FN:1,(anonymous_138)
FN:1,(anonymous_139)
FN:1,(anonymous_140)
FN:1,(anonymous_141)
FN:1,(anonymous_142)
FN:1,(anonymous_143)
FN:1,(anonymous_144)
FN:1,(anonymous_145)
FN:1,(anonymous_146)
FN:1,(anonymous_147)
FN:1,(anonymous_148)
FN:1,(anonymous_149)
FN:1,(anonymous_150)
FN:1,(anonymous_151)
FN:1,(anonymous_152)
FN:1,(anonymous_153)
FN:1,(anonymous_154)
FN:1,(anonymous_155)
FN:1,(anonymous_156)
FN:1,(anonymous_157)
FN:1,(anonymous_158)
FN:1,(anonymous_159)
FN:1,(anonymous_160)
FN:1,(anonymous_161)
FN:1,(anonymous_162)
FN:1,(anonymous_163)
FN:1,(anonymous_164)
FN:1,(anonymous_165)
FN:1,(anonymous_166)
FN:1,(anonymous_167)
FN:1,(anonymous_168)
FN:1,(anonymous_169)
FN:1,(anonymous_170)
FN:1,(anonymous_171)
FN:1,(anonymous_172)
FN:1,(anonymous_173)
FN:1,(anonymous_174)
FN:1,(anonymous_175)
FN:1,(anonymous_176)
FN:1,e
FN:1,(anonymous_178)
FN:1,(anonymous_179)
FN:1,(anonymous_180)
FN:1,(anonymous_181)
FN:1,(anonymous_182)
FN:1,(anonymous_183)
FN:1,t
FN:1,(anonymous_185)
FN:1,(anonymous_186)
FN:1,(anonymous_187)
FN:1,(anonymous_188)
FN:1,(anonymous_189)
FN:1,a
FN:1,n
FN:1,(anonymous_192)
FN:1,l
FN:1,o
FN:1,(anonymous_195)
FN:1,(anonymous_196)
FN:1,(anonymous_197)
FN:1,(anonymous_198)
FN:1,v
FN:1,(anonymous_200)
FN:1,e
FN:1,e
FN:1,(anonymous_203)
FN:1,b
FN:1,(anonymous_205)
FN:1,e
FN:1,e
FN:1,e
FN:1,e
FN:1,e
FN:1,e
FN:1,e
FN:1,e
FN:1,e
FN:1,(anonymous_215)
FN:1,s
FN:1,e
FN:1,(anonymous_218)
FN:1,e
FN:1,t
FN:1,e
FN:1,e
FN:1,e
FN:1,t
FN:1,e
FN:1,e
FN:1,e
FN:1,e
FN:1,t
FN:1,e
FN:1,t
FN:1,(anonymous_232)
FN:1,u
FN:1,e
FN:2,(anonymous_235)
FN:2,u
FN:2,e
FN:2,(anonymous_238)
FN:2,M
FN:2,_
FN:2,S
FN:2,z
FN:2,T
FN:2,(anonymous_244)
FN:2,e
FN:2,e
FN:2,e
FN:2,e
FN:2,e
FN:2,e
FN:2,t
FN:2,e
FN:2,t
FN:2,e
FN:2,e
FN:2,t
FN:2,e
FN:2,e
FN:2,e
FN:2,e
FN:2,e
FN:2,e
FN:2,e
FN:2,e
FN:2,e
FN:2,e
FN:2,e
FN:2,e
FN:2,e
FN:2,(anonymous_270)
FN:2,o
FN:2,e
FN:2,(anonymous_273)
FN:2,s
FN:2,(anonymous_275)
FN:2,e
FN:2,t
FN:2,(anonymous_278)
FN:2,o
FN:2,(anonymous_280)
FN:2,e
FN:2,e
FN:2,e
FN:2,e
FN:2,e
FN:2,e
FN:2,e
FN:2,e
FN:2,(anonymous_289)
FN:2,s
FN:2,(anonymous_291)
FN:2,e
FN:2,t
FN:2,(anonymous_294)
FN:2,d
FN:2,e
FN:2,e
FN:2,e
FN:2,e
FN:2,e
FN:2,e
FN:2,e
FN:2,e
FN:2,e
FN:2,e
FN:2,e
FN:2,e
FN:2,e
FN:2,(anonymous_309)
FN:2,x
FN:2,e
FN:2,e
FN:2,e
FN:2,e
FN:2,e
FN:2,e
FN:2,e
FN:2,e
FN:2,e
FN:2,e
FN:2,e
FN:2,(anonymous_322)
FN:2,(anonymous_323)
FN:2,(anonymous_324)
FN:2,(anonymous_325)
FN:2,(anonymous_326)
FN:2,(anonymous_327)
FN:2,(anonymous_328)
FN:2,(anonymous_329)
FN:2,(anonymous_330)
FN:2,(anonymous_331)
FN:2,(anonymous_332)
FN:2,(anonymous_333)
FN:2,(anonymous_334)
FN:2,(anonymous_335)
FN:2,e
FN:2,(anonymous_337)
FN:2,(anonymous_338)
FN:2,(anonymous_339)
FN:2,q
FN:2,(anonymous_341)
FN:2,(anonymous_342)
FN:2,(anonymous_343)
FN:2,(anonymous_344)
FN:2,(anonymous_345)
FN:2,(anonymous_346)
FN:2,(anonymous_347)
FN:2,(anonymous_348)
FN:3,(anonymous_349)
FN:3,(anonymous_350)
FN:3,(anonymous_351)
FN:3,(anonymous_352)
FN:3,(anonymous_353)
FN:3,(anonymous_354)
FN:3,e
FN:3,B
FN:3,(anonymous_357)
FN:3,y
FN:3,e
FN:3,e
FN:3,(anonymous_361)
FN:3,(anonymous_362)
FN:3,(anonymous_363)
FN:3,(anonymous_364)
FN:3,(anonymous_365)
FN:3,(anonymous_366)
FN:3,(anonymous_367)
FN:3,(anonymous_368)
FN:3,(anonymous_369)
FN:3,(anonymous_370)
FN:3,(anonymous_371)
FN:3,(anonymous_372)
FN:3,(anonymous_373)
FN:3,(anonymous_374)
FN:3,(anonymous_375)
FN:3,(anonymous_376)
FN:3,(anonymous_377)
FN:3,(anonymous_378)
FN:3,(anonymous_379)
FN:3,(anonymous_380)
FN:3,(anonymous_381)
FN:3,(anonymous_382)
FN:3,(anonymous_383)
FN:3,(anonymous_384)
FN:3,(anonymous_385)
FN:3,(anonymous_386)
FN:3,(anonymous_387)
FN:3,(anonymous_388)
FN:3,(anonymous_389)
FN:3,(anonymous_390)
FN:3,(anonymous_391)
FN:3,e
FN:3,e
FN:3,z
FN:3,(anonymous_395)
FN:3,p
FN:3,e
FN:3,(anonymous_398)
FN:3,s
FN:3,d
FN:3,(anonymous_401)
FN:3,l
FN:3,e
FN:3,(anonymous_404)
FN:3,g
FN:3,e
FN:3,e
FN:3,e
FN:3,e
FN:3,e
FN:3,e
FN:3,e
FN:3,e
FN:3,e
FN:3,e
FN:3,e
FN:3,e
FN:3,e
FN:3,e
FN:3,e
FN:3,(anonymous_421)
FN:3,v
FN:3,e
FN:3,(anonymous_424)
FN:3,e
FN:3,e
FN:3,e
FN:3,e
FN:3,e
FN:3,(anonymous_430)
FN:3,e
FN:3,e
FN:3,e
FN:3,(anonymous_434)
FN:3,e
FN:3,t
FN:3,e
FN:3,e
FN:3,(anonymous_439)
FN:3,e
FN:3,e
FN:3,e
FN:3,(anonymous_443)
FN:3,e
FN:3,e
FN:3,e
FN:3,(anonymous_447)
FN:3,e
FN:3,e
FN:3,e
FN:3,(anonymous_451)
FN:3,e
FN:3,e
FN:3,(anonymous_454)
FN:3,x
FN:3,w
FN:3,k
FN:3,M
FN:3,e
FN:4,e
FN:4,(anonymous_461)
FN:4,(anonymous_462)
FN:4,e
FN:4,(anonymous_464)
FN:4,e
FN:4,(anonymous_466)
FN:4,e
FN:4,e
FN:4,e
FN:4,(anonymous_470)
FN:4,l
FN:4,e
FN:4,e
FN:4,(anonymous_474)
FN:5,(anonymous_475)
FN:5,d
FN:5,e
FN:5,(anonymous_478)
FN:5,(anonymous_479)
FN:5,(anonymous_480)
FN:5,(anonymous_481)
FN:5,(anonymous_482)
FN:5,(anonymous_483)
FN:5,(anonymous_484)
FN:5,(anonymous_485)
FN:5,(anonymous_486)
FN:5,(anonymous_487)
FN:5,(anonymous_488)
FN:5,(anonymous_489)
FN:5,(anonymous_490)
FN:5,(anonymous_491)
FN:5,(anonymous_492)
FN:5,(anonymous_493)
FN:5,(anonymous_494)
FN:5,(anonymous_495)
FN:5,(anonymous_496)
FN:5,(anonymous_497)
FN:5,(anonymous_498)
FN:5,(anonymous_499)
FN:5,(anonymous_500)
FN:5,(anonymous_501)
FN:5,(anonymous_502)
FN:5,(anonymous_503)
FN:5,(anonymous_504)
FN:5,(anonymous_505)
FN:5,(anonymous_506)
FN:5,(anonymous_507)
FN:5,y
FN:5,x
FN:5,M
FN:5,e
FN:5,e
FN:5,e
FN:5,e
FN:5,e
FN:5,e
FN:5,e
FN:5,e
FN:5,e
FN:5,(anonymous_520)
FN:5,g
FN:5,b
FN:5,e
FN:5,e
FN:5,e
FN:5,(anonymous_526)
FN:5,s
FN:5,e
FN:5,e
FN:5,e
FN:5,(anonymous_531)
FN:5,h
FN:5,v
FN:6,e
FN:6,e
FN:6,e
FN:6,(anonymous_537)
FN:6,p
FN:6,m
FN:6,e
FN:6,e
FN:6,e
FN:6,e
FN:6,(anonymous_544)
FN:6,y
FN:6,x
FN:6,e
FN:6,e
FN:6,e
FN:6,e
FN:6,(anonymous_551)
FN:6,p
FN:6,m
FN:6,e
FN:6,e
FN:6,e
FN:6,(anonymous_557)
FN:6,h
FN:6,v
FN:6,e
FN:6,e
FN:6,e
FN:6,e
FN:6,e
FN:6,e
FN:6,e
FN:6,e
FN:6,e
FN:6,(anonymous_569)
FN:6,h
FN:6,v
FN:6,e
FN:6,e
FN:6,e
FN:6,(anonymous_575)
FN:6,u
FN:6,f
FN:6,(anonymous_578)
FN:6,(anonymous_579)
FN:6,(anonymous_580)
FN:6,(anonymous_581)
FN:6,(anonymous_582)
FN:6,d
FN:6,(anonymous_584)
FN:6,e
FN:6,e
FN:6,e
FN:6,e
FN:6,(anonymous_589)
FN:6,e
FN:6,e
FN:6,e
FN:6,(anonymous_593)
FN:6,i
FN:6,e
FN:6,(anonymous_596)
FN:6,h
FN:6,e
FN:6,e
FN:6,e
FN:6,e
FN:6,(anonymous_602)
FN:7,(anonymous_603)
FN:7,n
FN:7,(anonymous_605)
FN:7,(anonymous_606)
FN:7,o
FN:7,e
FN:7,e
FN:7,(anonymous_610)
FN:7,e
FN:7,e
FN:7,e
FN:7,e
FN:7,d
FN:7,(anonymous_616)
FN:7,e
FN:7,e
FN:7,v
FNF:620
FNH:441
FNDA:1,(anonymous_0)
FNDA:1,(anonymous_1)
FNDA:1,e
FNDA:338,n
FNDA:336,(anonymous_4)
FNDA:1,(anonymous_5)
FNDA:5,h
FNDA:1258,e
FNDA:0,e
FNDA:0,e
FNDA:0,e
FNDA:1,(anonymous_11)
FNDA:1,(anonymous_12)
FNDA:1,(anonymous_13)
FNDA:1,(anonymous_14)
FNDA:1,(anonymous_15)
FNDA:1,(anonymous_16)
FNDA:1,(anonymous_17)
FNDA:646216,(anonymous_18)
FNDA:1,(anonymous_19)
FNDA:1,i
FNDA:1,(anonymous_21)
FNDA:15,e
FNDA:15,(anonymous_23)
FNDA:1,(anonymous_24)
FNDA:2,o
FNDA:1,(anonymous_26)
FNDA:0,e
FNDA:24,(anonymous_28)
FNDA:1,(anonymous_29)
FNDA:1,i
FNDA:0,(anonymous_31)
FNDA:1,(anonymous_32)
FNDA:1,(anonymous_33)
FNDA:1,(anonymous_34)
FNDA:1,(anonymous_35)
FNDA:1258,e
FNDA:1,(anonymous_37)
FNDA:74,e
FNDA:1,(anonymous_39)
FNDA:1,(anonymous_40)
FNDA:3,(anonymous_41)
FNDA:1,(anonymous_42)
FNDA:3,(anonymous_43)
FNDA:1,(anonymous_44)
FNDA:24227,(anonymous_45)
FNDA:1,(anonymous_46)
FNDA:1,(anonymous_47)
FNDA:0,(anonymous_48)
FNDA:1,(anonymous_49)
FNDA:1,(anonymous_50)
FNDA:0,(anonymous_51)
FNDA:0,(anonymous_52)
FNDA:1,(anonymous_53)
FNDA:1,(anonymous_54)
FNDA:1,(anonymous_55)
FNDA:1,(anonymous_56)
FNDA:0,(anonymous_57)
FNDA:1,(anonymous_58)
FNDA:3,(anonymous_59)
FNDA:0,(anonymous_60)
FNDA:0,(anonymous_61)
FNDA:0,(anonymous_62)
FNDA:0,(anonymous_63)
FNDA:1,(anonymous_64)
FNDA:0,(anonymous_65)
FNDA:1,(anonymous_66)
FNDA:1,(anonymous_67)
FNDA:1,(anonymous_68)
FNDA:0,(anonymous_69)
FNDA:0,(anonymous_70)
FNDA:1,(anonymous_71)
FNDA:1,(anonymous_72)
FNDA:4,(anonymous_73)
FNDA:0,(anonymous_74)
FNDA:0,(anonymous_75)
FNDA:1,(anonymous_76)
FNDA:3,(anonymous_77)
FNDA:1,(anonymous_78)
FNDA:1,(anonymous_79)
FNDA:4,(anonymous_80)
FNDA:1,(anonymous_81)
FNDA:1,(anonymous_82)
FNDA:0,(anonymous_83)
FNDA:0,(anonymous_84)
FNDA:1,(anonymous_85)
FNDA:0,(anonymous_86)
FNDA:0,(anonymous_87)
FNDA:1,(anonymous_88)
FNDA:0,(anonymous_89)
FNDA:1,(anonymous_90)
FNDA:0,(anonymous_91)
FNDA:1,(anonymous_92)
FNDA:24227,(anonymous_93)
FNDA:1,(anonymous_94)
FNDA:0,(anonymous_95)
FNDA:1,(anonymous_96)
FNDA:0,(anonymous_97)
FNDA:2,(anonymous_98)
FNDA:1,(anonymous_99)
FNDA:0,(anonymous_100)
FNDA:2,(anonymous_101)
FNDA:2,(anonymous_102)
FNDA:0,t
FNDA:0,t
FNDA:0,t
FNDA:0,e
FNDA:1,(anonymous_107)
FNDA:1,(anonymous_108)
FNDA:1,(anonymous_109)
FNDA:1,(anonymous_110)
FNDA:1,(anonymous_111)
FNDA:1,(anonymous_112)
FNDA:1,(anonymous_113)
FNDA:0,(anonymous_114)
FNDA:1,(anonymous_115)
FNDA:1,(anonymous_116)
FNDA:1,(anonymous_117)
FNDA:0,(anonymous_118)
FNDA:1,(anonymous_119)
FNDA:0,(anonymous_120)
FNDA:0,(anonymous_121)
FNDA:0,(anonymous_122)
FNDA:0,(anonymous_123)
FNDA:1,(anonymous_124)
FNDA:0,(anonymous_125)
FNDA:0,(anonymous_126)
FNDA:0,e
FNDA:1,(anonymous_128)
FNDA:0,e
FNDA:1,(anonymous_130)
FNDA:0,e
FNDA:1,(anonymous_132)
FNDA:0,(anonymous_133)
FNDA:1,(anonymous_134)
FNDA:0,(anonymous_135)
FNDA:1,(anonymous_136)
FNDA:0,e
FNDA:1,(anonymous_138)
FNDA:1,(anonymous_139)
FNDA:1,(anonymous_140)
FNDA:1,(anonymous_141)
FNDA:3,(anonymous_142)
FNDA:1,(anonymous_143)
FNDA:1,(anonymous_144)
FNDA:4,(anonymous_145)
FNDA:1,(anonymous_146)
FNDA:3,(anonymous_147)
FNDA:1,(anonymous_148)
FNDA:2,(anonymous_149)
FNDA:1,(anonymous_150)
FNDA:1,(anonymous_151)
FNDA:0,(anonymous_152)
FNDA:1,(anonymous_153)
FNDA:0,(anonymous_154)
FNDA:1,(anonymous_155)
FNDA:0,(anonymous_156)
FNDA:1,(anonymous_157)
FNDA:0,(anonymous_158)
FNDA:1,(anonymous_159)
FNDA:0,(anonymous_160)
FNDA:1,(anonymous_161)
FNDA:0,(anonymous_162)
FNDA:1,(anonymous_163)
FNDA:0,(anonymous_164)
FNDA:1,(anonymous_165)
FNDA:2,(anonymous_166)
FNDA:1,(anonymous_167)
FNDA:9,(anonymous_168)
FNDA:1,(anonymous_169)
FNDA:24227,(anonymous_170)
FNDA:1,(anonymous_171)
FNDA:24227,(anonymous_172)
FNDA:1,(anonymous_173)
FNDA:0,(anonymous_174)
FNDA:1,(anonymous_175)
FNDA:1,(anonymous_176)
FNDA:0,e
FNDA:1,(anonymous_178)
FNDA:0,(anonymous_179)
FNDA:0,(anonymous_180)
FNDA:1,(anonymous_181)
FNDA:1,(anonymous_182)
FNDA:1,(anonymous_183)
FNDA:0,t
FNDA:1,(anonymous_185)
FNDA:0,(anonymous_186)
FNDA:0,(anonymous_187)
FNDA:1,(anonymous_188)
FNDA:1,(anonymous_189)
FNDA:241034,a
FNDA:241034,n
FNDA:1,(anonymous_192)
FNDA:0,l
FNDA:1,o
FNDA:10,(anonymous_195)
FNDA:20,(anonymous_196)
FNDA:0,(anonymous_197)
FNDA:1,(anonymous_198)
FNDA:5,v
FNDA:1,(anonymous_200)
FNDA:1258,e
FNDA:242292,e
FNDA:1,(anonymous_203)
FNDA:7,b
FNDA:1,(anonymous_205)
FNDA:1258,e
FNDA:254666,e
FNDA:242286,e
FNDA:12374,e
FNDA:242286,e
FNDA:0,e
FNDA:242286,e
FNDA:0,e
FNDA:484578,e
FNDA:1,(anonymous_215)
FNDA:3,s
FNDA:3863,e
FNDA:1,(anonymous_218)
FNDA:5531,e
FNDA:4273,t
FNDA:1762,e
FNDA:6,e
FNDA:12,e
FNDA:3172,t
FNDA:1736,e
FNDA:1248,e
FNDA:26,e
FNDA:2676,e
FNDA:62,t
FNDA:8688,e
FNDA:16979,t
FNDA:1,(anonymous_232)
FNDA:2,u
FNDA:0,e
FNDA:1,(anonymous_235)
FNDA:2,u
FNDA:35927,e
FNDA:1,(anonymous_238)
FNDA:9,M
FNDA:26701,_
FNDA:12263,S
FNDA:0,z
FNDA:38857,T
FNDA:1,(anonymous_244)
FNDA:1258,e
FNDA:29705,e
FNDA:242286,e
FNDA:11152,e
FNDA:1258,e
FNDA:1258,e
FNDA:11555,t
FNDA:11555,e
FNDA:346,t
FNDA:0,e
FNDA:20140,e
FNDA:20140,t
FNDA:2401,e
FNDA:19556,e
FNDA:12156,e
FNDA:12389,e
FNDA:15036,e
FNDA:61548,e
FNDA:9460,e
FNDA:0,e
FNDA:0,e
FNDA:4376,e
FNDA:12435,e
FNDA:593,e
FNDA:23427,e
FNDA:1,(anonymous_270)
FNDA:2,o
FNDA:1258,e
FNDA:1,(anonymous_273)
FNDA:3,s
FNDA:1,(anonymous_275)
FNDA:269850,e
FNDA:54342,t
FNDA:1,(anonymous_278)
FNDA:2,o
FNDA:1,(anonymous_280)
FNDA:8,e
FNDA:246,e
FNDA:100,e
FNDA:31,e
FNDA:31,e
FNDA:6,e
FNDA:86,e
FNDA:17408,e
FNDA:1,(anonymous_289)
FNDA:3,s
FNDA:1,(anonymous_291)
FNDA:260707,e
FNDA:18415,t
FNDA:1,(anonymous_294)
FNDA:4,d
FNDA:6125,e
FNDA:6079,e
FNDA:2407,e
FNDA:2456,e
FNDA:1506,e
FNDA:2502,e
FNDA:26,e
FNDA:28824,e
FNDA:20129,e
FNDA:0,e
FNDA:8695,e
FNDA:637,e
FNDA:0,e
FNDA:1,(anonymous_309)
FNDA:8,x
FNDA:19698,e
FNDA:19698,e
FNDA:531,e
FNDA:520,e
FNDA:19698,e
FNDA:11609,e
FNDA:245,e
FNDA:247,e
FNDA:465,e
FNDA:342,e
FNDA:62,e
FNDA:1506,(anonymous_322)
FNDA:996,(anonymous_323)
FNDA:249,(anonymous_324)
FNDA:140,(anonymous_325)
FNDA:514,(anonymous_326)
FNDA:1027,(anonymous_327)
FNDA:0,(anonymous_328)
FNDA:4,(anonymous_329)
FNDA:1103,(anonymous_330)
FNDA:26,(anonymous_331)
FNDA:5084,(anonymous_332)
FNDA:1736,(anonymous_333)
FNDA:247,(anonymous_334)
FNDA:0,(anonymous_335)
FNDA:31,e
FNDA:0,(anonymous_337)
FNDA:0,(anonymous_338)
FNDA:6,(anonymous_339)
FNDA:627,q
FNDA:6,(anonymous_341)
FNDA:621,(anonymous_342)
FNDA:0,(anonymous_343)
FNDA:0,(anonymous_344)
FNDA:2129,(anonymous_345)
FNDA:0,(anonymous_346)
FNDA:0,(anonymous_347)
FNDA:0,(anonymous_348)
FNDA:0,(anonymous_349)
FNDA:0,(anonymous_350)
FNDA:0,(anonymous_351)
FNDA:0,(anonymous_352)
FNDA:0,(anonymous_353)
FNDA:0,(anonymous_354)
FNDA:17689,e
FNDA:1258,B
FNDA:1,(anonymous_357)
FNDA:8,y
FNDA:5590,e
FNDA:2502,e
FNDA:1506,(anonymous_361)
FNDA:996,(anonymous_362)
FNDA:249,(anonymous_363)
FNDA:140,(anonymous_364)
FNDA:514,(anonymous_365)
FNDA:1027,(anonymous_366)
FNDA:0,(anonymous_367)
FNDA:4,(anonymous_368)
FNDA:1103,(anonymous_369)
FNDA:26,(anonymous_370)
FNDA:1736,(anonymous_371)
FNDA:5084,(anonymous_372)
FNDA:247,(anonymous_373)
FNDA:6,(anonymous_374)
FNDA:0,(anonymous_375)
FNDA:0,(anonymous_376)
FNDA:2129,(anonymous_377)
FNDA:0,(anonymous_378)
FNDA:621,(anonymous_379)
FNDA:6,(anonymous_380)
FNDA:0,(anonymous_381)
FNDA:0,(anonymous_382)
FNDA:0,(anonymous_383)
FNDA:0,(anonymous_384)
FNDA:0,(anonymous_385)
FNDA:0,(anonymous_386)
FNDA:0,(anonymous_387)
FNDA:0,(anonymous_388)
FNDA:0,(anonymous_389)
FNDA:0,(anonymous_390)
FNDA:0,(anonymous_391)
FNDA:11583,e
FNDA:17691,e
FNDA:1258,z
FNDA:1,(anonymous_395)
FNDA:6,p
FNDA:1258,e
FNDA:1,(anonymous_398)
FNDA:2,s
FNDA:6,d
FNDA:1,(anonymous_401)
FNDA:48,l
FNDA:3010,e
FNDA:1,(anonymous_404)
FNDA:7,g
FNDA:2072,e
FNDA:1054,e
FNDA:1046,e
FNDA:572,e
FNDA:474,e
FNDA:474,e
FNDA:24,e
FNDA:8,e
FNDA:6,e
FNDA:6,e
FNDA:0,e
FNDA:2048,e
FNDA:1060,e
FNDA:1060,e
FNDA:1054,e
FNDA:1,(anonymous_421)
FNDA:5,v
FNDA:25030,e
FNDA:1,(anonymous_424)
FNDA:20129,e
FNDA:1258,e
FNDA:0,e
FNDA:20490,e
FNDA:0,e
FNDA:1,(anonymous_430)
FNDA:8695,e
FNDA:520,e
FNDA:0,e
FNDA:1,(anonymous_434)
FNDA:6568,e
FNDA:4,t
FNDA:6564,e
FNDA:0,e
FNDA:1,(anonymous_439)
FNDA:6,e
FNDA:6,e
FNDA:0,e
FNDA:1,(anonymous_443)
FNDA:6,e
FNDA:6,e
FNDA:0,e
FNDA:1,(anonymous_447)
FNDA:0,e
FNDA:0,e
FNDA:0,e
FNDA:1,(anonymous_451)
FNDA:233,e
FNDA:233,e
FNDA:1,(anonymous_454)
FNDA:2,x
FNDA:6,w
FNDA:233,k
FNDA:233,M
FNDA:233,e
FNDA:233,e
FNDA:351,(anonymous_461)
FNDA:520,(anonymous_462)
FNDA:0,e
FNDA:0,(anonymous_464)
FNDA:0,e
FNDA:0,(anonymous_466)
FNDA:233,e
FNDA:0,e
FNDA:0,e
FNDA:1,(anonymous_470)
FNDA:1,l
FNDA:8197,e
FNDA:3032,e
FNDA:1,(anonymous_474)
FNDA:1,(anonymous_475)
FNDA:4,d
FNDA:33,e
FNDA:6,(anonymous_478)
FNDA:26,(anonymous_479)
FNDA:5084,(anonymous_480)
FNDA:0,(anonymous_481)
FNDA:0,(anonymous_482)
FNDA:0,(anonymous_483)
FNDA:0,(anonymous_484)
FNDA:0,(anonymous_485)
FNDA:0,(anonymous_486)
FNDA:2129,(anonymous_487)
FNDA:0,(anonymous_488)
FNDA:0,(anonymous_489)
FNDA:0,(anonymous_490)
FNDA:1736,(anonymous_491)
FNDA:158,(anonymous_492)
FNDA:0,(anonymous_493)
FNDA:98,(anonymous_494)
FNDA:0,(anonymous_495)
FNDA:0,(anonymous_496)
FNDA:0,(anonymous_497)
FNDA:0,(anonymous_498)
FNDA:0,(anonymous_499)
FNDA:0,(anonymous_500)
FNDA:0,(anonymous_501)
FNDA:0,(anonymous_502)
FNDA:118,(anonymous_503)
FNDA:466,(anonymous_504)
FNDA:0,(anonymous_505)
FNDA:0,(anonymous_506)
FNDA:1,(anonymous_507)
FNDA:2,y
FNDA:6,x
FNDA:1054,M
FNDA:0,e
FNDA:0,e
FNDA:0,e
FNDA:1054,e
FNDA:527,e
FNDA:527,e
FNDA:0,e
FNDA:0,e
FNDA:0,e
FNDA:1,(anonymous_520)
FNDA:2,g
FNDA:5,b
FNDA:31,e
FNDA:31,e
FNDA:31,e
FNDA:1,(anonymous_526)
FNDA:3,s
FNDA:0,e
FNDA:0,e
FNDA:0,e
FNDA:1,(anonymous_531)
FNDA:2,h
FNDA:3,v
FNDA:0,e
FNDA:0,e
FNDA:0,e
FNDA:1,(anonymous_537)
FNDA:2,p
FNDA:4,m
FNDA:0,e
FNDA:0,e
FNDA:0,e
FNDA:0,e
FNDA:1,(anonymous_544)
FNDA:2,y
FNDA:6,x
FNDA:258,e
FNDA:258,e
FNDA:2,e
FNDA:0,e
FNDA:1,(anonymous_551)
FNDA:2,p
FNDA:4,m
FNDA:0,e
FNDA:0,e
FNDA:0,e
FNDA:1,(anonymous_557)
FNDA:2,h
FNDA:3,v
FNDA:1248,e
FNDA:1248,e
FNDA:1248,e
FNDA:0,e
FNDA:0,e
FNDA:0,e
FNDA:0,e
FNDA:0,e
FNDA:0,e
FNDA:1,(anonymous_569)
FNDA:2,h
FNDA:3,v
FNDA:0,e
FNDA:0,e
FNDA:0,e
FNDA:1,(anonymous_575)
FNDA:2,u
FNDA:60,f
FNDA:0,(anonymous_578)
FNDA:0,(anonymous_579)
FNDA:0,(anonymous_580)
FNDA:0,(anonymous_581)
FNDA:1,(anonymous_582)
FNDA:4,d
FNDA:1,(anonymous_584)
FNDA:24622,e
FNDA:10420,e
FNDA:24227,e
FNDA:0,e
FNDA:1,(anonymous_589)
FNDA:9135,e
FNDA:9135,e
FNDA:0,e
FNDA:1,(anonymous_593)
FNDA:1,i
FNDA:1258,e
FNDA:1,(anonymous_596)
FNDA:5,h
FNDA:0,e
FNDA:0,e
FNDA:0,e
FNDA:0,e
FNDA:1,(anonymous_602)
FNDA:1,(anonymous_603)
FNDA:903,n
FNDA:1,(anonymous_605)
FNDA:1,(anonymous_606)
FNDA:2,o
FNDA:4188,e
FNDA:4188,e
FNDA:1,(anonymous_610)
FNDA:42529,e
FNDA:41279,e
FNDA:6745,e
FNDA:0,e
FNDA:0,d
FNDA:0,(anonymous_616)
FNDA:1258,e
FNDA:0,e
FNDA:1258,v
DA:1,646216
DA:2,269850
DA:3,38088
DA:4,8197
DA:5,5084
DA:6,32104
DA:7,42529
LF:7
LH:7
BRDA:1,0,0,1
BRDA:1,0,1,0
BRDA:1,1,0,1
BRDA:1,1,1,1
BRDA:1,2,0,0
BRDA:1,2,1,0
BRDA:1,3,0,0
BRDA:1,3,1,0
BRDA:1,4,0,0
BRDA:1,4,1,0
BRDA:1,5,0,0
BRDA:1,5,1,0
BRDA:1,6,0,0
BRDA:1,6,1,0
BRDA:1,7,0,119
BRDA:1,7,1,219
BRDA:1,8,0,0
BRDA:1,8,1,119
BRDA:1,9,0,0
BRDA:1,9,1,0
BRDA:1,10,0,0
BRDA:1,10,1,0
BRDA:1,11,0,0
BRDA:1,11,1,0
BRDA:1,12,0,0
BRDA:1,12,1,0
BRDA:1,13,0,336
BRDA:1,13,1,0
BRDA:1,14,0,1
BRDA:1,14,1,1
BRDA:1,15,0,5
BRDA:1,15,1,0
BRDA:1,16,0,5
BRDA:1,16,1,5
BRDA:1,17,0,1
BRDA:1,17,1,0
BRDA:1,18,0,0
BRDA:1,18,1,1
BRDA:1,19,0,0
BRDA:1,19,1,0
BRDA:1,20,0,0
BRDA:1,20,1,646216
BRDA:1,21,0,1
BRDA:1,21,1,0
BRDA:1,22,0,1
BRDA:1,22,1,1
BRDA:1,23,0,74
BRDA:1,23,1,74
BRDA:1,24,0,74
BRDA:1,24,1,0
BRDA:1,25,0,14
BRDA:1,25,1,1
BRDA:1,26,0,1
BRDA:1,26,1,14
BRDA:1,27,0,2
BRDA:1,27,1,0
BRDA:1,28,0,2
BRDA:1,28,1,2
BRDA:1,29,0,0
BRDA:1,29,1,0
BRDA:1,30,0,0
BRDA:1,30,1,0
BRDA:1,31,0,0
BRDA:1,31,1,0
BRDA:1,32,0,0
BRDA:1,32,1,0
BRDA:1,33,0,0
BRDA:1,33,1,0
BRDA:1,34,0,24
BRDA:1,34,1,0
BRDA:1,35,0,0
BRDA:1,35,1,0
BRDA:1,36,0,1
BRDA:1,36,1,0
BRDA:1,37,0,1
BRDA:1,37,1,1
BRDA:1,38,0,0
BRDA:1,38,1,0
BRDA:1,39,0,1
BRDA:1,39,1,1
BRDA:1,40,0,0
BRDA:1,40,1,3
BRDA:1,41,0,0
BRDA:1,41,1,24227
BRDA:1,42,0,0
BRDA:1,42,1,0
BRDA:1,43,0,0
BRDA:1,43,1,0
BRDA:1,44,0,0
BRDA:1,44,1,0
BRDA:1,45,0,0
BRDA:1,45,1,0
BRDA:1,46,0,0
BRDA:1,46,1,0
BRDA:1,47,0,0
BRDA:1,47,1,0
BRDA:1,48,0,0
BRDA:1,48,1,0
BRDA:1,48,2,0
BRDA:1,49,0,0
BRDA:1,49,1,0
BRDA:1,50,0,0
BRDA:1,50,1,0
BRDA:1,51,0,0
BRDA:1,51,1,0
BRDA:1,52,0,0
BRDA:1,52,1,0
BRDA:1,53,0,0
BRDA:1,53,1,0
BRDA:1,54,0,0
BRDA:1,54,1,0
BRDA:1,55,0,0
BRDA:1,55,1,0
BRDA:1,56,0,0
BRDA:1,56,1,1
BRDA:1,57,0,0
BRDA:1,57,1,0
BRDA:1,58,0,0
BRDA:1,58,1,3
BRDA:1,59,0,0
BRDA:1,59,1,0
BRDA:1,59,2,0
BRDA:1,60,0,0
BRDA:1,60,1,0
BRDA:1,61,0,0
BRDA:1,61,1,0
BRDA:1,62,0,0
BRDA:1,62,1,0
BRDA:1,63,0,0
BRDA:1,63,1,4
BRDA:1,64,0,4
BRDA:1,64,1,2
BRDA:1,65,0,0
BRDA:1,65,1,4
BRDA:1,66,0,3
BRDA:1,66,1,1
BRDA:1,67,0,1
BRDA:1,67,1,0
BRDA:1,68,0,0
BRDA:1,68,1,4
BRDA:1,69,0,6
BRDA:1,69,1,6
BRDA:1,69,2,6
BRDA:1,70,0,0
BRDA:1,70,1,6
BRDA:1,71,0,6
BRDA:1,71,1,5
BRDA:1,72,0,5
BRDA:1,72,1,1
BRDA:1,73,0,0
BRDA:1,73,1,6
BRDA:1,74,0,6
BRDA:1,74,1,0
BRDA:1,75,0,0
BRDA:1,75,1,6
BRDA:1,76,0,6
BRDA:1,76,1,0
BRDA:1,77,0,0
BRDA:1,77,1,6
BRDA:1,78,0,6
BRDA:1,78,1,0
BRDA:1,79,0,0
BRDA:1,79,1,0
BRDA:1,80,0,0
BRDA:1,80,1,0
BRDA:1,80,2,0
BRDA:1,81,0,3
BRDA:1,81,1,3
BRDA:1,82,0,6
BRDA:1,82,1,3
BRDA:1,83,0,3
BRDA:1,83,1,3
BRDA:1,84,0,3
BRDA:1,84,1,1
BRDA:1,85,0,0
BRDA:1,85,1,3
BRDA:1,86,0,3
BRDA:1,86,1,0
BRDA:1,86,2,0
BRDA:1,87,0,1
BRDA:1,87,1,0
BRDA:1,88,0,1
BRDA:1,88,1,1
BRDA:1,89,0,0
BRDA:1,89,1,0
BRDA:1,90,0,0
BRDA:1,90,1,0
BRDA:1,91,0,0
BRDA:1,91,1,1
BRDA:1,92,0,1
BRDA:1,92,1,0
BRDA:1,93,0,0
BRDA:1,93,1,0
BRDA:1,94,0,1
BRDA:1,94,1,0
BRDA:1,95,0,1
BRDA:1,95,1,0
BRDA:1,96,0,0
BRDA:1,96,1,0
BRDA:1,97,0,0
BRDA:1,97,1,0
BRDA:1,97,2,0
BRDA:1,98,0,24227
BRDA:1,98,1,0
BRDA:1,99,0,0
BRDA:1,99,1,0
BRDA:1,100,0,0
BRDA:1,100,1,0
BRDA:1,101,0,1
BRDA:1,101,1,1
BRDA:1,102,0,2
BRDA:1,102,1,0
BRDA:1,103,0,2
BRDA:1,103,1,2
BRDA:1,104,0,0
BRDA:1,104,1,0
BRDA:1,105,0,2
BRDA:1,105,1,0
BRDA:1,105,2,0
BRDA:1,105,3,0
BRDA:1,106,0,2
BRDA:1,106,1,0
BRDA:1,107,0,1
BRDA:1,107,1,1
BRDA:1,108,0,0
BRDA:1,108,1,1
BRDA:1,109,0,1
BRDA:1,109,1,1
BRDA:1,110,0,1
BRDA:1,110,1,0
BRDA:1,111,0,2
BRDA:1,111,1,0
BRDA:1,112,0,2
BRDA:1,112,1,0
BRDA:1,113,0,0
BRDA:1,113,1,2
BRDA:1,114,0,2
BRDA:1,114,1,0
BRDA:1,115,0,0
BRDA:1,115,1,2
BRDA:1,116,0,2
BRDA:1,116,1,1
BRDA:1,116,2,1
BRDA:1,117,0,0
BRDA:1,117,1,2
BRDA:1,118,0,2
BRDA:1,118,1,2
BRDA:1,118,2,0
BRDA:1,118,3,0
BRDA:1,118,4,0
BRDA:1,119,0,1
BRDA:1,119,1,1
BRDA:1,120,0,1
BRDA:1,120,1,0
BRDA:1,121,0,0
BRDA:1,121,1,1
BRDA:1,122,0,0
BRDA:1,122,1,1
BRDA:1,123,0,0
BRDA:1,123,1,0
BRDA:1,124,0,1
BRDA:1,124,1,1
BRDA:1,125,0,0
BRDA:1,125,1,1
BRDA:1,126,0,1
BRDA:1,126,1,1
BRDA:1,127,0,1
BRDA:1,127,1,0
BRDA:1,128,0,0
BRDA:1,128,1,0
BRDA:1,129,0,0
BRDA:1,129,1,0
BRDA:1,130,0,0
BRDA:1,130,1,0
BRDA:1,131,0,0
BRDA:1,131,1,0
BRDA:1,132,0,0
BRDA:1,132,1,0
BRDA:1,133,0,0
BRDA:1,133,1,0
BRDA:1,134,0,0
BRDA:1,134,1,0
BRDA:1,135,0,0
BRDA:1,135,1,0
BRDA:1,136,0,0
BRDA:1,136,1,0
BRDA:1,137,0,0
BRDA:1,137,1,0
BRDA:1,138,0,0
BRDA:1,138,1,0
BRDA:1,138,2,0
BRDA:1,138,3,0
BRDA:1,139,0,1
BRDA:1,139,1,0
BRDA:1,140,0,0
BRDA:1,140,1,0
BRDA:1,141,0,0
BRDA:1,141,1,0
BRDA:1,142,0,1
BRDA:1,142,1,0
BRDA:1,143,0,0
BRDA:1,143,1,0
BRDA:1,144,0,0
BRDA:1,144,1,0
BRDA:1,145,0,0
BRDA:1,145,1,0
BRDA:1,146,0,0
BRDA:1,146,1,0
BRDA:1,147,0,1
BRDA:1,147,1,0
BRDA:1,148,0,1
BRDA:1,148,1,0
BRDA:1,149,0,0
BRDA:1,149,1,0
BRDA:1,150,0,0
BRDA:1,150,1,0
BRDA:1,151,0,0
BRDA:1,151,1,0
BRDA:1,152,0,0
BRDA:1,152,1,0
BRDA:1,153,0,0
BRDA:1,153,1,0
BRDA:1,154,0,0
BRDA:1,154,1,0
BRDA:1,155,0,0
BRDA:1,155,1,0
BRDA:1,156,0,0
BRDA:1,156,1,0
BRDA:1,157,0,1
BRDA:1,157,1,0
BRDA:1,158,0,1
BRDA:1,158,1,1
BRDA:1,159,0,1
BRDA:1,159,1,0
BRDA:1,160,0,2
BRDA:1,160,1,2
BRDA:1,161,0,4
BRDA:1,161,1,4
BRDA:1,162,0,2
BRDA:1,162,1,2
BRDA:1,163,0,3
BRDA:1,163,1,1
BRDA:1,164,0,1
BRDA:1,164,1,1
BRDA:1,165,0,2
BRDA:1,165,1,2
BRDA:1,166,0,0
BRDA:1,166,1,0
BRDA:1,167,0,0
BRDA:1,167,1,0
BRDA:1,168,0,0
BRDA:1,168,1,0
BRDA:1,169,0,0
BRDA:1,169,1,0
BRDA:1,170,0,0
BRDA:1,170,1,0
BRDA:1,170,2,0
BRDA:1,170,3,0
BRDA:1,170,4,0
BRDA:1,171,0,0
BRDA:1,171,1,0
BRDA:1,172,0,0
BRDA:1,172,1,0
BRDA:1,173,0,0
BRDA:1,173,1,0
BRDA:1,174,0,0
BRDA:1,174,1,0
BRDA:1,175,0,0
BRDA:1,175,1,0
BRDA:1,176,0,0
BRDA:1,176,1,0
BRDA:1,177,0,0
BRDA:1,177,1,0
BRDA:1,178,0,0
BRDA:1,178,1,0
BRDA:1,179,0,0
BRDA:1,179,1,0
BRDA:1,179,2,0
BRDA:1,180,0,0
BRDA:1,180,1,0
BRDA:1,181,0,0
BRDA:1,181,1,0
BRDA:1,182,0,0
BRDA:1,182,1,0
BRDA:1,183,0,0
BRDA:1,183,1,0
BRDA:1,183,2,0
BRDA:1,184,0,0
BRDA:1,184,1,2
BRDA:1,185,0,9
BRDA:1,185,1,2
BRDA:1,186,0,2
BRDA:1,186,1,2
BRDA:1,186,2,0
BRDA:1,187,0,0
BRDA:1,187,1,0
BRDA:1,188,0,24227
BRDA:1,188,1,0
BRDA:1,189,0,24227
BRDA:1,189,1,0
BRDA:1,189,2,0
BRDA:1,190,0,0
BRDA:1,190,1,24227
BRDA:1,191,0,0
BRDA:1,191,1,0
BRDA:1,191,2,0
BRDA:1,192,0,0
BRDA:1,192,1,0
BRDA:1,193,0,0
BRDA:1,193,1,0
BRDA:1,194,0,0
BRDA:1,194,1,0
BRDA:1,195,0,0
BRDA:1,195,1,0
BRDA:1,196,0,0
BRDA:1,196,1,0
BRDA:1,197,0,0
BRDA:1,197,1,0
BRDA:1,198,0,0
BRDA:1,198,1,0
BRDA:1,199,0,0
BRDA:1,199,1,0
BRDA:1,200,0,0
BRDA:1,200,1,0
BRDA:1,201,0,0
BRDA:1,201,1,0
BRDA:1,202,0,0
BRDA:1,202,1,0
BRDA:1,203,0,0
BRDA:1,203,1,0
BRDA:1,204,0,0
BRDA:1,204,1,0
BRDA:1,205,0,0
BRDA:1,205,1,0
BRDA:1,206,0,0
BRDA:1,206,1,0
BRDA:1,207,0,0
BRDA:1,207,1,0
BRDA:1,208,0,5
BRDA:1,208,1,5
BRDA:1,209,0,0
BRDA:1,209,1,5
BRDA:1,210,0,5
BRDA:1,210,1,5
BRDA:1,211,0,1
BRDA:1,211,1,241033
BRDA:1,212,0,0
BRDA:1,212,1,1
BRDA:1,213,0,0
BRDA:1,213,1,1
BRDA:1,214,0,0
BRDA:1,214,1,1
BRDA:1,215,0,0
BRDA:1,215,1,241034
BRDA:1,216,0,241034
BRDA:1,216,1,241034
BRDA:1,217,0,241034
BRDA:1,217,1,0
BRDA:1,218,0,0
BRDA:1,218,1,0
BRDA:1,219,0,0
BRDA:1,219,1,0
BRDA:1,220,0,0
BRDA:1,220,1,1
BRDA:1,221,0,0
BRDA:1,221,1,1
BRDA:1,222,0,0
BRDA:1,222,1,1
BRDA:1,223,0,0
BRDA:1,223,1,1
BRDA:1,224,0,1
BRDA:1,224,1,0
BRDA:1,225,0,0
BRDA:1,225,1,0
BRDA:1,226,0,0
BRDA:1,226,1,0
BRDA:1,227,0,0
BRDA:1,227,1,0
BRDA:1,228,0,4
BRDA:1,228,1,1
BRDA:1,229,0,5
BRDA:1,229,1,5
BRDA:1,230,0,1258
BRDA:1,230,1,241034
BRDA:1,231,0,0
BRDA:1,231,1,241034
BRDA:1,232,0,241034
BRDA:1,232,1,7282
BRDA:1,233,0,0
BRDA:1,233,1,241034
BRDA:1,234,0,6
BRDA:1,234,1,1
BRDA:1,235,0,7
BRDA:1,235,1,7
BRDA:1,236,0,242292
BRDA:1,236,1,12374
BRDA:1,237,0,6
BRDA:1,237,1,12374
BRDA:1,238,0,12374
BRDA:1,238,1,229912
BRDA:1,239,0,242286
BRDA:1,239,1,12516
BRDA:1,240,0,242286
BRDA:1,240,1,0
BRDA:1,241,0,242286
BRDA:1,241,1,12516
BRDA:1,242,0,0
BRDA:1,242,1,0
BRDA:1,243,0,0
BRDA:1,243,1,0
BRDA:1,244,0,0
BRDA:1,244,1,0
BRDA:1,245,0,0
BRDA:1,245,1,0
BRDA:1,246,0,0
BRDA:1,246,1,0
BRDA:1,247,0,0
BRDA:1,247,1,0
BRDA:1,248,0,0
BRDA:1,248,1,0
BRDA:1,249,0,0
BRDA:1,249,1,0
BRDA:1,250,0,0
BRDA:1,250,1,0
BRDA:1,251,0,0
BRDA:1,251,1,0
BRDA:1,252,0,242286
BRDA:1,252,1,0
BRDA:1,253,0,0
BRDA:1,253,1,242286
BRDA:1,254,0,0
BRDA:1,254,1,0
BRDA:1,255,0,0
BRDA:1,255,1,0
BRDA:1,256,0,0
BRDA:1,256,1,0
BRDA:1,257,0,0
BRDA:1,257,1,0
BRDA:1,258,0,3
BRDA:1,258,1,0
BRDA:1,259,0,3
BRDA:1,259,1,3
BRDA:1,260,0,3516
BRDA:1,260,1,347
BRDA:1,261,0,5531
BRDA:1,261,1,1258
BRDA:1,262,0,5531
BRDA:1,262,1,1258
BRDA:1,263,0,5548
BRDA:1,263,1,0
BRDA:1,264,0,1071
BRDA:1,264,1,691
BRDA:1,265,0,0
BRDA:1,265,1,12
BRDA:1,266,0,12
BRDA:1,266,1,0
BRDA:1,267,0,3172
BRDA:1,267,1,0
BRDA:1,268,0,2612
BRDA:1,268,1,560
BRDA:1,269,0,3172
BRDA:1,269,1,3172
BRDA:1,269,2,3172
BRDA:1,270,0,26
BRDA:1,270,1,12
BRDA:1,271,0,353
BRDA:1,271,1,2323
BRDA:1,272,0,0
BRDA:1,272,1,62
BRDA:1,273,0,3032
BRDA:1,273,1,5656
BRDA:1,274,0,2508
BRDA:1,274,1,14471
BRDA:1,275,0,5010
BRDA:1,275,1,9461
BRDA:1,276,0,14471
BRDA:1,276,1,5010
BRDA:1,277,0,2
BRDA:1,277,1,0
BRDA:1,278,0,2
BRDA:1,278,1,2
BRDA:1,279,0,0
BRDA:1,279,1,0
BRDA:1,280,0,0
BRDA:1,280,1,0
BRDA:1,281,0,0
BRDA:1,281,1,0
BRDA:1,282,0,0
BRDA:1,282,1,0
BRDA:2,283,0,0
BRDA:2,283,1,0
BRDA:2,284,0,0
BRDA:2,284,1,0
BRDA:2,285,0,2
BRDA:2,285,1,0
BRDA:2,286,0,2
BRDA:2,286,1,2
BRDA:2,287,0,9
BRDA:2,287,1,0
BRDA:2,288,0,9
BRDA:2,288,1,9
BRDA:2,289,0,0
BRDA:2,289,1,38857
BRDA:2,290,0,0
BRDA:2,290,1,1258
BRDA:2,291,0,0
BRDA:2,291,1,29705
BRDA:2,292,0,27687
BRDA:2,292,1,2018
BRDA:2,293,0,26769
BRDA:2,293,1,3571
BRDA:2,294,0,10199
BRDA:2,294,1,20141
BRDA:2,295,0,1
BRDA:2,295,1,20140
BRDA:2,296,0,20141
BRDA:2,296,1,12734
BRDA:2,297,0,0
BRDA:2,297,1,20140
BRDA:2,298,0,20140
BRDA:2,298,1,725
BRDA:2,298,2,482
BRDA:2,299,0,1355
BRDA:2,299,1,18785
BRDA:2,300,0,0
BRDA:2,300,1,1355
BRDA:2,301,0,1355
BRDA:2,301,1,0
BRDA:2,302,0,0
BRDA:2,302,1,18785
BRDA:2,303,0,0
BRDA:2,303,1,0
BRDA:2,304,0,0
BRDA:2,304,1,11555
BRDA:2,305,0,0
BRDA:2,305,1,0
BRDA:2,306,0,0
BRDA:2,306,1,0
BRDA:2,307,0,0
BRDA:2,307,1,0
BRDA:2,308,0,0
BRDA:2,308,1,0
BRDA:2,309,0,0
BRDA:2,309,1,346
BRDA:2,310,0,0
BRDA:2,310,1,0
BRDA:2,311,0,0
BRDA:2,311,1,0
BRDA:2,312,0,0
BRDA:2,312,1,346
BRDA:2,313,0,0
BRDA:2,313,1,0
BRDA:2,314,0,2978
BRDA:2,314,1,17162
BRDA:2,315,0,0
BRDA:2,315,1,17508
BRDA:2,316,0,17508
BRDA:2,316,1,17508
BRDA:2,317,0,0
BRDA:2,317,1,0
BRDA:2,318,0,0
BRDA:2,318,1,0
BRDA:2,319,0,246
BRDA:2,319,1,17262
BRDA:2,320,0,0
BRDA:2,320,1,246
BRDA:2,321,0,100
BRDA:2,321,1,17162
BRDA:2,322,0,0
BRDA:2,322,1,100
BRDA:2,323,0,0
BRDA:2,323,1,17162
BRDA:2,324,0,0
BRDA:2,324,1,0
BRDA:2,325,0,0
BRDA:2,325,1,0
BRDA:2,326,0,247
BRDA:2,326,1,16915
BRDA:2,327,0,17162
BRDA:2,327,1,16916
BRDA:2,328,0,1523
BRDA:2,328,1,18617
BRDA:2,329,0,527
BRDA:2,329,1,18090
BRDA:2,330,0,233
BRDA:2,330,1,17857
BRDA:2,331,0,0
BRDA:2,331,1,233
BRDA:2,332,0,0
BRDA:2,332,1,233
BRDA:2,333,0,6
BRDA:2,333,1,17851
BRDA:2,334,0,101
BRDA:2,334,1,17750
BRDA:2,335,0,0
BRDA:2,335,1,17750
BRDA:2,336,0,0
BRDA:2,336,1,0
BRDA:2,337,0,0
BRDA:2,337,1,17750
BRDA:2,338,0,0
BRDA:2,338,1,0
BRDA:2,339,0,0
BRDA:2,339,1,17750
BRDA:2,340,0,0
BRDA:2,340,1,0
BRDA:2,341,0,1046
BRDA:2,341,1,1355
BRDA:2,342,0,12156
BRDA:2,342,1,7400
BRDA:2,343,0,0
BRDA:2,343,1,12156
BRDA:2,344,0,12156
BRDA:2,344,1,77
BRDA:2,345,0,0
BRDA:2,345,1,12156
BRDA:2,346,0,12156
BRDA:2,346,1,12079
BRDA:2,347,0,491
BRDA:2,347,1,11898
BRDA:2,348,0,19148
BRDA:2,348,1,15036
BRDA:2,349,0,7250
BRDA:2,349,1,11898
BRDA:2,350,0,19148
BRDA:2,350,1,7250
BRDA:2,351,0,9568
BRDA:2,351,1,9580
BRDA:2,352,0,19148
BRDA:2,352,1,11898
BRDA:2,352,2,9645
BRDA:2,353,0,15036
BRDA:2,353,1,4112
BRDA:2,354,0,193
BRDA:2,354,1,18955
BRDA:2,355,0,193
BRDA:2,355,1,0
BRDA:2,356,0,0
BRDA:2,356,1,0
BRDA:2,357,0,0
BRDA:2,357,1,0
BRDA:2,358,0,0
BRDA:2,358,1,18955
BRDA:2,359,0,0
BRDA:2,359,1,0
BRDA:2,360,0,2060
BRDA:2,360,1,16895
BRDA:2,361,0,5084
BRDA:2,361,1,9952
BRDA:2,362,0,0
BRDA:2,362,1,15036
BRDA:2,363,0,4376
BRDA:2,363,1,10660
BRDA:2,364,0,5084
BRDA:2,364,1,5576
BRDA:2,365,0,188
BRDA:2,365,1,9272
BRDA:2,366,0,9460
BRDA:2,366,1,2247
BRDA:2,367,0,2059
BRDA:2,367,1,7213
BRDA:2,368,0,13171
BRDA:2,368,1,178425
BRDA:2,369,0,0
BRDA:2,369,1,182324
BRDA:2,370,0,2059
BRDA:2,370,1,7213
BRDA:2,371,0,0
BRDA:2,371,1,0
BRDA:2,372,0,0
BRDA:2,372,1,0
BRDA:2,373,0,0
BRDA:2,373,1,0
BRDA:2,374,0,0
BRDA:2,374,1,0
BRDA:2,375,0,0
BRDA:2,375,1,4376
BRDA:2,376,0,4376
BRDA:2,376,1,2129
BRDA:2,377,0,188
BRDA:2,377,1,4188
BRDA:2,378,0,0
BRDA:2,378,1,4188
BRDA:2,379,0,0
BRDA:2,379,1,4188
BRDA:2,380,0,9143
BRDA:2,380,1,3292
BRDA:2,381,0,6
BRDA:2,381,1,12429
BRDA:2,382,0,1
BRDA:2,382,1,9142
BRDA:2,383,0,1
BRDA:2,383,1,9142
BRDA:2,384,0,593
BRDA:2,384,1,8550
BRDA:2,385,0,5
BRDA:2,385,1,3287
BRDA:2,386,0,0
BRDA:2,386,1,2385
BRDA:2,387,0,2385
BRDA:2,387,1,0
BRDA:2,388,0,0
BRDA:2,388,1,0
BRDA:2,389,0,0
BRDA:2,389,1,0
BRDA:2,390,0,0
BRDA:2,390,1,2385
BRDA:2,391,0,2385
BRDA:2,391,1,2385
BRDA:2,391,2,0
BRDA:2,392,0,12263
BRDA:2,392,1,11164
BRDA:2,393,0,8286
BRDA:2,393,1,2878
BRDA:2,394,0,0
BRDA:2,394,1,2878
BRDA:2,395,0,2878
BRDA:2,395,1,24
BRDA:2,396,0,0
BRDA:2,396,1,2878
BRDA:2,397,0,0
BRDA:2,397,1,2878
BRDA:2,398,0,0
BRDA:2,398,1,0
BRDA:2,399,0,0
BRDA:2,399,1,0
BRDA:2,400,0,0
BRDA:2,400,1,0
BRDA:2,401,0,2
BRDA:2,401,1,0
BRDA:2,402,0,2
BRDA:2,402,1,2
BRDA:2,403,0,1258
BRDA:2,403,1,1258
BRDA:2,404,0,1258
BRDA:2,404,1,1258
BRDA:2,405,0,3
BRDA:2,405,1,0
BRDA:2,406,0,3
BRDA:2,406,1,3
BRDA:2,407,0,26784
BRDA:2,407,1,27558
BRDA:2,408,0,26784
BRDA:2,408,1,8286
BRDA:2,409,0,0
BRDA:2,409,1,27558
BRDA:2,410,0,27558
BRDA:2,410,1,27558
BRDA:2,410,2,27558
BRDA:2,410,3,27558
BRDA:2,411,0,2
BRDA:2,411,1,0
BRDA:2,412,0,2
BRDA:2,412,1,2
BRDA:2,413,0,3
BRDA:2,413,1,0
BRDA:2,414,0,3
BRDA:2,414,1,3
BRDA:2,415,0,4
BRDA:2,415,1,0
BRDA:2,416,0,4
BRDA:2,416,1,4
BRDA:2,417,0,6101
BRDA:2,417,1,24
BRDA:2,418,0,6125
BRDA:2,418,1,6101
BRDA:2,419,0,6079
BRDA:2,419,1,0
BRDA:2,420,0,81
BRDA:2,420,1,5998
BRDA:2,421,0,0
BRDA:2,421,1,0
BRDA:2,422,0,5582
BRDA:2,422,1,497
BRDA:2,423,0,495
BRDA:2,423,1,5087
BRDA:2,424,0,1588
BRDA:2,424,1,3994
BRDA:2,425,0,2407
BRDA:2,425,1,0
BRDA:2,426,0,2407
BRDA:2,426,1,2407
BRDA:2,427,0,1506
BRDA:2,427,1,950
BRDA:2,428,0,950
BRDA:2,428,1,0
BRDA:2,429,0,950
BRDA:2,429,1,950
BRDA:2,430,0,0
BRDA:2,430,1,950
BRDA:2,431,0,0
BRDA:2,431,1,1506
BRDA:2,432,0,1506
BRDA:2,432,1,1506
BRDA:2,433,0,46
BRDA:2,433,1,2456
BRDA:2,434,0,0
BRDA:2,434,1,46
BRDA:2,435,0,46
BRDA:2,435,1,46
BRDA:2,436,0,46
BRDA:2,436,1,0
BRDA:2,437,0,46
BRDA:2,437,1,46
BRDA:2,438,0,4
BRDA:2,438,1,0
BRDA:2,439,0,28824
BRDA:2,439,1,0
BRDA:2,440,0,22357
BRDA:2,440,1,16587
BRDA:2,441,0,13221
BRDA:2,441,1,25723
BRDA:2,442,0,16012
BRDA:2,442,1,22932
BRDA:2,443,0,472
BRDA:2,443,1,165
BRDA:2,444,0,0
BRDA:2,444,1,165
BRDA:2,445,0,0
BRDA:2,445,1,0
BRDA:2,446,0,10
BRDA:2,446,1,155
BRDA:2,447,0,149
BRDA:2,447,1,6
BRDA:2,448,0,6
BRDA:2,448,1,0
BRDA:2,449,0,998
BRDA:2,449,1,355
BRDA:2,450,0,355
BRDA:2,450,1,998
BRDA:2,451,0,101
BRDA:2,451,1,897
BRDA:2,452,0,342
BRDA:2,452,1,656
BRDA:2,453,0,489
BRDA:2,453,1,148
BRDA:2,454,0,489
BRDA:2,454,1,148
BRDA:2,455,0,0
BRDA:2,455,1,0
BRDA:2,456,0,8
BRDA:2,456,1,0
BRDA:2,457,0,8
BRDA:2,457,1,8
BRDA:2,458,0,19698
BRDA:2,458,1,8597
BRDA:2,459,0,19698
BRDA:2,459,1,19698
BRDA:2,460,0,270
BRDA:2,460,1,261
BRDA:2,461,0,240
BRDA:2,461,1,280
BRDA:2,462,0,19698
BRDA:2,462,1,19698
BRDA:2,463,0,19698
BRDA:2,463,1,0
BRDA:2,464,0,8175
BRDA:2,464,1,8334
BRDA:2,465,0,0
BRDA:2,465,1,19698
BRDA:2,466,0,0
BRDA:2,466,1,0
BRDA:2,467,0,0
BRDA:2,467,1,0
BRDA:2,468,0,20709
BRDA:2,468,1,8388
BRDA:2,469,0,21305
BRDA:2,469,1,8388
BRDA:2,470,0,37
BRDA:2,470,1,19661
BRDA:2,471,0,19698
BRDA:2,471,1,531
BRDA:2,471,2,520
BRDA:2,472,0,0
BRDA:2,472,1,19698
BRDA:2,473,0,19698
BRDA:2,473,1,0
BRDA:2,474,0,0
BRDA:2,474,1,0
BRDA:2,475,0,0
BRDA:2,475,1,245
BRDA:2,476,0,0
BRDA:2,476,1,0
BRDA:2,477,0,245
BRDA:2,477,1,0
BRDA:2,478,0,0
BRDA:2,478,1,247
BRDA:2,479,0,110
BRDA:2,479,1,137
BRDA:2,480,0,110
BRDA:2,480,1,2
BRDA:2,480,2,0
BRDA:2,481,0,0
BRDA:2,481,1,137
BRDA:2,482,0,0
BRDA:2,482,1,137
BRDA:2,483,0,0
BRDA:2,483,1,0
BRDA:2,484,0,0
BRDA:2,484,1,465
BRDA:2,485,0,137
BRDA:2,485,1,328
BRDA:2,486,0,123
BRDA:2,486,1,14
BRDA:2,487,0,2
BRDA:2,487,1,326
BRDA:2,488,0,0
BRDA:2,488,1,2
BRDA:2,489,0,0
BRDA:2,489,1,326
BRDA:2,490,0,342
BRDA:2,490,1,342
BRDA:2,490,2,342
BRDA:2,490,3,342
BRDA:2,490,4,342
BRDA:2,490,5,342
BRDA:2,490,6,342
BRDA:2,490,7,342
BRDA:2,491,0,2
BRDA:2,491,1,245
BRDA:2,492,0,244
BRDA:2,492,1,1
BRDA:2,493,0,244
BRDA:2,493,1,0
BRDA:2,494,0,98
BRDA:2,494,1,147
BRDA:2,495,0,98
BRDA:2,495,1,0
BRDA:2,496,0,144
BRDA:2,496,1,101
BRDA:2,497,0,0
BRDA:2,497,1,101
BRDA:2,498,0,1
BRDA:2,498,1,244
BRDA:2,499,0,0
BRDA:2,499,1,1
BRDA:2,500,0,147
BRDA:2,500,1,97
BRDA:2,501,0,0
BRDA:2,501,1,97
BRDA:2,502,0,0
BRDA:2,502,1,0
BRDA:2,503,0,97
BRDA:2,503,1,0
BRDA:2,504,0,245
BRDA:2,504,1,0
BRDA:2,505,0,0
BRDA:2,505,1,0
BRDA:2,506,0,0
BRDA:2,506,1,0
BRDA:2,506,2,0
BRDA:2,506,3,0
BRDA:2,507,0,0
BRDA:2,507,1,0
BRDA:2,508,0,31
BRDA:2,508,1,31
BRDA:2,509,0,0
BRDA:2,509,1,6
BRDA:2,510,0,0
BRDA:2,510,1,6
BRDA:2,511,0,4
BRDA:2,511,1,2
BRDA:2,512,0,6
BRDA:2,512,1,0
BRDA:2,513,0,5
BRDA:2,513,1,1
BRDA:2,514,0,1244
BRDA:2,514,1,0
BRDA:2,515,0,0
BRDA:2,515,1,0
BRDA:2,516,0,0
BRDA:2,516,1,0
BRDA:2,517,0,2059
BRDA:2,517,1,70
BRDA:2,518,0,0
BRDA:2,518,1,0
BRDA:2,519,0,0
BRDA:2,519,1,0
BRDA:2,520,0,0
BRDA:2,520,1,0
BRDA:3,521,0,0
BRDA:3,521,1,0
BRDA:3,522,0,0
BRDA:3,522,1,0
BRDA:3,523,0,0
BRDA:3,523,1,0
BRDA:3,524,0,0
BRDA:3,524,1,0
BRDA:3,525,0,0
BRDA:3,525,1,0
BRDA:3,526,0,0
BRDA:3,526,1,0
BRDA:3,527,0,0
BRDA:3,527,1,0
BRDA:3,528,0,0
BRDA:3,528,1,0
BRDA:3,529,0,0
BRDA:3,529,1,0
BRDA:3,530,0,0
BRDA:3,530,1,0
BRDA:3,531,0,0
BRDA:3,531,1,0
BRDA:3,532,0,0
BRDA:3,532,1,0
BRDA:3,533,0,0
BRDA:3,533,1,0
BRDA:3,534,0,0
BRDA:3,534,1,0
BRDA:3,535,0,0
BRDA:3,535,1,0
BRDA:3,536,0,0
BRDA:3,536,1,0
BRDA:3,537,0,0
BRDA:3,537,1,0
BRDA:3,538,0,0
BRDA:3,538,1,0
BRDA:3,539,0,0
BRDA:3,539,1,0
BRDA:3,540,0,0
BRDA:3,540,1,0
BRDA:3,541,0,0
BRDA:3,541,1,0
BRDA:3,542,0,0
BRDA:3,542,1,0
BRDA:3,543,0,0
BRDA:3,543,1,0
BRDA:3,544,0,0
BRDA:3,544,1,0
BRDA:3,545,0,0
BRDA:3,545,1,0
BRDA:3,546,0,0
BRDA:3,546,1,0
BRDA:3,547,0,0
BRDA:3,547,1,17689
BRDA:3,548,0,17689
BRDA:3,548,1,0
BRDA:3,549,0,347
BRDA:3,549,1,17342
BRDA:3,550,0,17689
BRDA:3,550,1,409
BRDA:3,551,0,8
BRDA:3,551,1,0
BRDA:3,552,0,8
BRDA:3,552,1,8
BRDA:3,553,0,5590
BRDA:3,553,1,0
BRDA:3,554,0,5590
BRDA:3,554,1,5590
BRDA:3,555,0,2502
BRDA:3,555,1,0
BRDA:3,556,0,0
BRDA:3,556,1,0
BRDA:3,557,0,0
BRDA:3,557,1,0
BRDA:3,558,0,0
BRDA:3,558,1,0
BRDA:3,559,0,0
BRDA:3,559,1,0
BRDA:3,560,0,0
BRDA:3,560,1,0
BRDA:3,561,0,1506
BRDA:3,561,1,1506
BRDA:3,562,0,0
BRDA:3,562,1,1506
BRDA:3,563,0,996
BRDA:3,563,1,996
BRDA:3,564,0,81
BRDA:3,564,1,915
BRDA:3,565,0,879
BRDA:3,565,1,36
BRDA:3,566,0,0
BRDA:3,566,1,36
BRDA:3,567,0,36
BRDA:3,567,1,960
BRDA:3,568,0,0
BRDA:3,568,1,26
BRDA:3,569,0,26
BRDA:3,569,1,0
BRDA:3,570,0,0
BRDA:3,570,1,26
BRDA:3,571,0,26
BRDA:3,571,1,0
BRDA:3,572,0,247
BRDA:3,572,1,0
BRDA:3,573,0,0
BRDA:3,573,1,247
BRDA:3,574,0,0
BRDA:3,574,1,0
BRDA:3,575,0,0
BRDA:3,575,1,0
BRDA:3,576,0,100
BRDA:3,576,1,147
BRDA:3,577,0,246
BRDA:3,577,1,1
BRDA:3,578,0,0
BRDA:3,578,1,247
BRDA:3,579,0,0
BRDA:3,579,1,0
BRDA:3,580,0,147
BRDA:3,580,1,100
BRDA:3,581,0,1
BRDA:3,581,1,99
BRDA:3,582,0,2
BRDA:3,582,1,97
BRDA:3,583,0,99
BRDA:3,583,1,99
BRDA:3,583,2,2
BRDA:3,584,0,1
BRDA:3,584,1,5
BRDA:3,585,0,0
BRDA:3,585,1,0
BRDA:3,586,0,0
BRDA:3,586,1,0
BRDA:3,587,0,0
BRDA:3,587,1,0
BRDA:3,587,2,0
BRDA:3,587,3,0
BRDA:3,588,0,0
BRDA:3,588,1,0
BRDA:3,588,2,0
BRDA:3,588,3,0
BRDA:3,588,4,0
BRDA:3,588,5,0
BRDA:3,588,6,0
BRDA:3,589,0,0
BRDA:3,589,1,0
BRDA:3,590,0,0
BRDA:3,590,1,0
BRDA:3,591,0,0
BRDA:3,591,1,0
BRDA:3,592,0,0
BRDA:3,592,1,0
BRDA:3,593,0,593
BRDA:3,593,1,17098
BRDA:3,594,0,17691
BRDA:3,594,1,593
BRDA:3,595,0,0
BRDA:3,595,1,17691
BRDA:3,596,0,17691
BRDA:3,596,1,0
BRDA:3,597,0,593
BRDA:3,597,1,17098
BRDA:3,598,0,395
BRDA:3,598,1,198
BRDA:3,599,0,593
BRDA:3,599,1,483
BRDA:3,600,0,6
BRDA:3,600,1,0
BRDA:3,601,0,6
BRDA:3,601,1,6
BRDA:3,602,0,1258
BRDA:3,602,1,0
BRDA:3,603,0,0
BRDA:3,603,1,1258
BRDA:3,604,0,0
BRDA:3,604,1,1258
BRDA:3,605,0,2
BRDA:3,605,1,0
BRDA:3,606,0,2
BRDA:3,606,1,2
BRDA:3,607,0,6
BRDA:3,607,1,4
BRDA:3,608,0,6
BRDA:3,608,1,0
BRDA:3,609,0,6
BRDA:3,609,1,0
BRDA:3,610,0,39
BRDA:3,610,1,9
BRDA:3,611,0,47
BRDA:3,611,1,1
BRDA:3,612,0,48
BRDA:3,612,1,42
BRDA:3,613,0,15
BRDA:3,613,1,33
BRDA:3,614,0,15
BRDA:3,614,1,0
BRDA:3,615,0,15
BRDA:3,615,1,0
BRDA:3,616,0,3010
BRDA:3,616,1,0
BRDA:3,617,0,7
BRDA:3,617,1,0
BRDA:3,618,0,7
BRDA:3,618,1,7
BRDA:3,619,0,2048
BRDA:3,619,1,24
BRDA:3,620,0,2072
BRDA:3,620,1,2048
BRDA:3,621,0,1054
BRDA:3,621,1,0
BRDA:3,622,0,572
BRDA:3,622,1,0
BRDA:3,623,0,474
BRDA:3,623,1,0
BRDA:3,624,0,0
BRDA:3,624,1,24
BRDA:3,625,0,24
BRDA:3,625,1,0
BRDA:3,626,0,0
BRDA:3,626,1,8
BRDA:3,627,0,0
BRDA:3,627,1,8
BRDA:3,628,0,0
BRDA:3,628,1,8
BRDA:3,629,0,0
BRDA:3,629,1,8
BRDA:3,630,0,0
BRDA:3,630,1,8
BRDA:3,631,0,0
BRDA:3,631,1,8
BRDA:3,632,0,0
BRDA:3,632,1,8
BRDA:3,633,0,8
BRDA:3,633,1,8
BRDA:3,634,0,0
BRDA:3,634,1,8
BRDA:3,635,0,8
BRDA:3,635,1,8
BRDA:3,636,0,0
BRDA:3,636,1,8
BRDA:3,637,0,0
BRDA:3,637,1,8
BRDA:3,638,0,0
BRDA:3,638,1,8
BRDA:3,639,0,0
BRDA:3,639,1,8
BRDA:3,640,0,4
BRDA:3,640,1,4
BRDA:3,641,0,4
BRDA:3,641,1,0
BRDA:3,642,0,0
BRDA:3,642,1,0
BRDA:3,643,0,0
BRDA:3,643,1,0
BRDA:3,644,0,0
BRDA:3,644,1,0
BRDA:3,645,0,0
BRDA:3,645,1,0
BRDA:3,646,0,0
BRDA:3,646,1,0
BRDA:3,647,0,0
BRDA:3,647,1,0
BRDA:3,648,0,0
BRDA:3,648,1,0
BRDA:3,649,0,0
BRDA:3,649,1,0
BRDA:3,650,0,0
BRDA:3,650,1,8
BRDA:3,651,0,8
BRDA:3,651,1,0
BRDA:3,652,0,8
BRDA:3,652,1,0
BRDA:3,653,0,0
BRDA:3,653,1,6
BRDA:3,654,0,4
BRDA:3,654,1,2
BRDA:3,655,0,2
BRDA:3,655,1,0
BRDA:3,656,0,0
BRDA:3,656,1,0
BRDA:3,657,0,0
BRDA:3,657,1,0
BRDA:3,658,0,0
BRDA:3,658,1,0
BRDA:3,659,0,0
BRDA:3,659,1,0
BRDA:3,660,0,0
BRDA:3,660,1,0
BRDA:3,661,0,0
BRDA:3,661,1,0
BRDA:3,662,0,0
BRDA:3,662,1,0
BRDA:3,663,0,1060
BRDA:3,663,1,988
BRDA:3,664,0,988
BRDA:3,664,1,0
BRDA:3,665,0,0
BRDA:3,665,1,0
BRDA:3,666,0,8
BRDA:3,666,1,2048
BRDA:3,667,0,1060
BRDA:3,667,1,988
BRDA:3,668,0,1052
BRDA:3,668,1,996
BRDA:3,669,0,0
BRDA:3,669,1,1060
BRDA:3,670,0,1060
BRDA:3,670,1,1060
BRDA:3,671,0,0
BRDA:3,671,1,1060
BRDA:3,672,0,1060
BRDA:3,672,1,1060
BRDA:3,673,0,10
BRDA:3,673,1,1050
BRDA:3,674,0,1048
BRDA:3,674,1,2
BRDA:3,675,0,6
BRDA:3,675,1,1054
BRDA:3,676,0,572
BRDA:3,676,1,482
BRDA:3,677,0,474
BRDA:3,677,1,8
BRDA:3,678,0,8
BRDA:3,678,1,0
BRDA:3,679,0,5
BRDA:3,679,1,0
BRDA:3,680,0,5
BRDA:3,680,1,5
BRDA:3,681,0,0
BRDA:3,681,1,38088
BRDA:3,682,0,20129
BRDA:3,682,1,0
BRDA:3,683,0,20129
BRDA:3,683,1,2578
BRDA:3,684,0,7638
BRDA:3,684,1,12491
BRDA:3,685,0,766
BRDA:3,685,1,6872
BRDA:3,686,0,2171
BRDA:3,686,1,5467
BRDA:3,687,0,19343
BRDA:3,687,1,0
BRDA:3,688,0,1258
BRDA:3,688,1,0
BRDA:3,689,0,0
BRDA:3,689,1,0
BRDA:3,690,0,0
BRDA:3,690,1,0
BRDA:3,691,0,0
BRDA:3,691,1,0
BRDA:3,692,0,0
BRDA:3,692,1,0
BRDA:3,693,0,8695
BRDA:3,693,1,0
BRDA:3,694,0,5084
BRDA:3,694,1,3611
BRDA:3,695,0,8695
BRDA:3,695,1,3611
BRDA:3,696,0,6568
BRDA:3,696,1,0
BRDA:3,697,0,6568
BRDA:3,697,1,502
BRDA:3,698,0,6568
BRDA:3,698,1,3776
BRDA:3,699,0,6568
BRDA:3,699,1,6122
BRDA:3,700,0,6568
BRDA:3,700,1,5317
BRDA:3,701,0,6568
BRDA:3,701,1,2032
BRDA:3,702,0,6568
BRDA:3,702,1,6568
BRDA:3,703,0,0
BRDA:3,703,1,6568
BRDA:3,704,0,0
BRDA:3,704,1,0
BRDA:3,705,0,0
BRDA:3,705,1,6568
BRDA:3,706,0,0
BRDA:3,706,1,4
BRDA:3,707,0,4
BRDA:3,707,1,4
BRDA:3,707,2,4
BRDA:3,707,3,4
BRDA:3,707,4,4
BRDA:3,707,5,4
BRDA:3,708,0,0
BRDA:3,708,1,4
BRDA:3,709,0,4
BRDA:3,709,1,4
BRDA:3,710,0,0
BRDA:3,710,1,4
BRDA:3,711,0,4
BRDA:3,711,1,4
BRDA:3,712,0,446
BRDA:3,712,1,6118
BRDA:3,713,0,4532
BRDA:3,713,1,2032
BRDA:3,714,0,4532
BRDA:3,714,1,4087
BRDA:3,715,0,1780
BRDA:3,715,1,0
BRDA:3,716,0,1780
BRDA:3,716,1,10
BRDA:3,717,0,4543
BRDA:3,717,1,2021
BRDA:3,718,0,0
BRDA:3,718,1,0
BRDA:3,719,0,0
BRDA:3,719,1,0
BRDA:3,720,0,0
BRDA:3,720,1,0
BRDA:3,721,0,0
BRDA:3,721,1,0
BRDA:3,722,0,0
BRDA:3,722,1,0
BRDA:3,723,0,6
BRDA:3,723,1,0
BRDA:3,724,0,6
BRDA:3,724,1,0
BRDA:3,725,0,6
BRDA:3,725,1,0
BRDA:3,726,0,0
BRDA:3,726,1,0
BRDA:3,727,0,0
BRDA:3,727,1,0
BRDA:3,728,0,2
BRDA:3,728,1,0
BRDA:3,729,0,2
BRDA:3,729,1,2
BRDA:3,730,0,0
BRDA:3,730,1,0
BRDA:3,731,0,0
BRDA:3,731,1,0
BRDA:3,732,0,6
BRDA:3,732,1,0
BRDA:3,733,0,6
BRDA:3,733,1,6
BRDA:3,734,0,520
BRDA:3,734,1,0
BRDA:3,735,0,169
BRDA:3,735,1,351
BRDA:3,736,0,233
BRDA:3,736,1,118
BRDA:3,737,0,0
BRDA:3,737,1,233
BRDA:3,738,0,233
BRDA:3,738,1,118
BRDA:3,738,2,60
BRDA:3,739,0,118
BRDA:3,739,1,0
BRDA:3,740,0,118
BRDA:3,740,1,0
BRDA:3,741,0,0
BRDA:3,741,1,233
BRDA:3,742,0,233
BRDA:3,742,1,118
BRDA:4,743,0,8
BRDA:4,743,1,512
BRDA:4,744,0,16
BRDA:4,744,1,504
BRDA:4,745,0,0
BRDA:4,745,1,351
BRDA:4,746,0,0
BRDA:4,746,1,0
BRDA:4,747,0,0
BRDA:4,747,1,0
BRDA:4,748,0,0
BRDA:4,748,1,351
BRDA:4,749,0,233
BRDA:4,749,1,233
BRDA:4,750,0,577
BRDA:4,750,1,233
BRDA:4,751,0,344
BRDA:4,751,1,344
BRDA:4,752,0,0
BRDA:4,752,1,0
BRDA:4,753,0,0
BRDA:4,753,1,0
BRDA:4,754,0,0
BRDA:4,754,1,0
BRDA:4,755,0,0
BRDA:4,755,1,344
BRDA:4,756,0,111
BRDA:4,756,1,233
BRDA:4,757,0,344
BRDA:4,757,1,233
BRDA:4,758,0,111
BRDA:4,758,1,0
BRDA:4,759,0,0
BRDA:4,759,1,520
BRDA:4,760,0,344
BRDA:4,760,1,344
BRDA:4,761,0,111
BRDA:4,761,1,233
BRDA:4,762,0,344
BRDA:4,762,1,233
BRDA:4,763,0,111
BRDA:4,763,1,0
BRDA:4,764,0,0
BRDA:4,764,1,0
BRDA:4,765,0,0
BRDA:4,765,1,0
BRDA:4,766,0,0
BRDA:4,766,1,0
BRDA:4,767,0,0
BRDA:4,767,1,0
BRDA:4,768,0,0
BRDA:4,768,1,0
BRDA:4,769,0,0
BRDA:4,769,1,0
BRDA:4,770,0,0
BRDA:4,770,1,0
BRDA:4,771,0,0
BRDA:4,771,1,0
BRDA:4,772,0,0
BRDA:4,772,1,0
BRDA:4,773,0,0
BRDA:4,773,1,0
BRDA:4,774,0,0
BRDA:4,774,1,0
BRDA:4,775,0,0
BRDA:4,775,1,233
BRDA:4,776,0,1
BRDA:4,776,1,0
BRDA:4,777,0,1
BRDA:4,777,1,1
BRDA:4,778,0,0
BRDA:4,778,1,8197
BRDA:4,779,0,0
BRDA:4,779,1,8197
BRDA:4,780,0,8197
BRDA:4,780,1,0
BRDA:4,781,0,2690
BRDA:4,781,1,342
BRDA:4,782,0,342
BRDA:4,782,1,0
BRDA:4,783,0,2
BRDA:4,783,1,3030
BRDA:4,784,0,62
BRDA:4,784,1,0
BRDA:5,785,0,4
BRDA:5,785,1,0
BRDA:5,786,0,4
BRDA:5,786,1,4
BRDA:5,787,0,5084
BRDA:5,787,1,0
BRDA:5,788,0,0
BRDA:5,788,1,0
BRDA:5,789,0,2129
BRDA:5,789,1,2059
BRDA:5,790,0,0
BRDA:5,790,1,0
BRDA:5,791,0,0
BRDA:5,791,1,0
BRDA:5,792,0,0
BRDA:5,792,1,0
BRDA:5,792,2,0
BRDA:5,792,3,0
BRDA:5,793,0,0
BRDA:5,793,1,466
BRDA:5,794,0,2
BRDA:5,794,1,0
BRDA:5,795,0,2
BRDA:5,795,1,2
BRDA:5,796,0,0
BRDA:5,796,1,0
BRDA:5,797,0,0
BRDA:5,797,1,0
BRDA:5,798,0,6
BRDA:5,798,1,0
BRDA:5,799,0,6
BRDA:5,799,1,6
BRDA:5,800,0,1054
BRDA:5,800,1,0
BRDA:5,801,0,0
BRDA:5,801,1,0
BRDA:5,802,0,0
BRDA:5,802,1,0
BRDA:5,803,0,0
BRDA:5,803,1,0
BRDA:5,804,0,0
BRDA:5,804,1,0
BRDA:5,805,0,0
BRDA:5,805,1,917
BRDA:5,806,0,0
BRDA:5,806,1,527
BRDA:5,807,0,0
BRDA:5,807,1,527
BRDA:5,808,0,0
BRDA:5,808,1,0
BRDA:5,809,0,0
BRDA:5,809,1,0
BRDA:5,810,0,0
BRDA:5,810,1,527
BRDA:5,811,0,527
BRDA:5,811,1,0
BRDA:5,812,0,527
BRDA:5,812,1,0
BRDA:5,813,0,0
BRDA:5,813,1,0
BRDA:5,814,0,0
BRDA:5,814,1,0
BRDA:5,815,0,2
BRDA:5,815,1,0
BRDA:5,816,0,2
BRDA:5,816,1,2
BRDA:5,817,0,0
BRDA:5,817,1,0
BRDA:5,818,0,0
BRDA:5,818,1,0
BRDA:5,819,0,5
BRDA:5,819,1,0
BRDA:5,820,0,5
BRDA:5,820,1,5
BRDA:5,821,0,30
BRDA:5,821,1,31
BRDA:5,821,2,31
BRDA:5,821,3,0
BRDA:5,821,4,0
BRDA:5,821,5,0
BRDA:5,821,6,0
BRDA:5,821,7,0
BRDA:5,822,0,30
BRDA:5,822,1,30
BRDA:5,822,2,0
BRDA:5,822,3,0
BRDA:5,823,0,30
BRDA:5,823,1,1
BRDA:5,824,0,0
BRDA:5,824,1,1
BRDA:5,825,0,31
BRDA:5,825,1,0
BRDA:5,826,0,31
BRDA:5,826,1,0
BRDA:5,827,0,31
BRDA:5,827,1,0
BRDA:5,828,0,0
BRDA:5,828,1,0
BRDA:5,829,0,0
BRDA:5,829,1,31
BRDA:5,830,0,0
BRDA:5,830,1,0
BRDA:5,831,0,0
BRDA:5,831,1,31
BRDA:5,832,0,8
BRDA:5,832,1,23
BRDA:5,833,0,31
BRDA:5,833,1,0
BRDA:5,834,0,31
BRDA:5,834,1,0
BRDA:5,835,0,31
BRDA:5,835,1,0
BRDA:5,836,0,0
BRDA:5,836,1,31
BRDA:5,837,0,0
BRDA:5,837,1,31
BRDA:5,838,0,31
BRDA:5,838,1,31
BRDA:5,839,0,0
BRDA:5,839,1,0
BRDA:5,840,0,0
BRDA:5,840,1,0
BRDA:5,841,0,3
BRDA:5,841,1,0
BRDA:5,842,0,3
BRDA:5,842,1,3
BRDA:5,843,0,2
BRDA:5,843,1,0
BRDA:5,844,0,2
BRDA:5,844,1,2
BRDA:5,845,0,0
BRDA:5,845,1,0
BRDA:5,846,0,0
BRDA:5,846,1,0
BRDA:5,847,0,3
BRDA:5,847,1,0
BRDA:5,848,0,3
BRDA:5,848,1,3
BRDA:6,849,0,0
BRDA:6,849,1,0
BRDA:6,850,0,0
BRDA:6,850,1,0
BRDA:6,851,0,0
BRDA:6,851,1,0
BRDA:6,852,0,2
BRDA:6,852,1,0
BRDA:6,853,0,2
BRDA:6,853,1,2
BRDA:6,854,0,0
BRDA:6,854,1,0
BRDA:6,855,0,0
BRDA:6,855,1,0
BRDA:6,856,0,4
BRDA:6,856,1,0
BRDA:6,857,0,4
BRDA:6,857,1,4
BRDA:6,858,0,0
BRDA:6,858,1,0
BRDA:6,859,0,0
BRDA:6,859,1,0
BRDA:6,860,0,0
BRDA:6,860,1,0
BRDA:6,861,0,0
BRDA:6,861,1,0
BRDA:6,862,0,0
BRDA:6,862,1,0
BRDA:6,863,0,0
BRDA:6,863,1,0
BRDA:6,864,0,0
BRDA:6,864,1,0
BRDA:6,865,0,0
BRDA:6,865,1,0
BRDA:6,866,0,0
BRDA:6,866,1,0
BRDA:6,867,0,0
BRDA:6,867,1,0
BRDA:6,868,0,0
BRDA:6,868,1,0
BRDA:6,869,0,0
BRDA:6,869,1,0
BRDA:6,870,0,0
BRDA:6,870,1,0
BRDA:6,871,0,0
BRDA:6,871,1,0
BRDA:6,872,0,0
BRDA:6,872,1,0
BRDA:6,873,0,0
BRDA:6,873,1,0
BRDA:6,874,0,0
BRDA:6,874,1,0
BRDA:6,875,0,0
BRDA:6,875,1,0
BRDA:6,876,0,2
BRDA:6,876,1,0
BRDA:6,877,0,2
BRDA:6,877,1,2
BRDA:6,878,0,0
BRDA:6,878,1,0
BRDA:6,879,0,0
BRDA:6,879,1,0
BRDA:6,880,0,6
BRDA:6,880,1,0
BRDA:6,881,0,6
BRDA:6,881,1,6
BRDA:6,882,0,2
BRDA:6,882,1,256
BRDA:6,883,0,100
BRDA:6,883,1,158
BRDA:6,884,0,258
BRDA:6,884,1,100
BRDA:6,884,2,100
BRDA:6,885,0,100
BRDA:6,885,1,158
BRDA:6,886,0,100
BRDA:6,886,1,0
BRDA:6,887,0,100
BRDA:6,887,1,0
BRDA:6,888,0,0
BRDA:6,888,1,158
BRDA:6,889,0,0
BRDA:6,889,1,0
BRDA:6,890,0,0
BRDA:6,890,1,0
BRDA:6,891,0,100
BRDA:6,891,1,158
BRDA:6,892,0,2
BRDA:6,892,1,256
BRDA:6,893,0,2
BRDA:6,893,1,0
BRDA:6,894,0,2
BRDA:6,894,1,0
BRDA:6,895,0,0
BRDA:6,895,1,2
BRDA:6,896,0,0
BRDA:6,896,1,2
BRDA:6,897,0,0
BRDA:6,897,1,2
BRDA:6,898,0,2
BRDA:6,898,1,0
BRDA:6,899,0,98
BRDA:6,899,1,158
BRDA:6,900,0,100
BRDA:6,900,1,158
BRDA:6,901,0,0
BRDA:6,901,1,158
BRDA:6,902,0,2
BRDA:6,902,1,0
BRDA:6,903,0,2
BRDA:6,903,1,2
BRDA:6,904,0,0
BRDA:6,904,1,0
BRDA:6,905,0,0
BRDA:6,905,1,0
BRDA:6,906,0,4
BRDA:6,906,1,0
BRDA:6,907,0,4
BRDA:6,907,1,4
BRDA:6,908,0,0
BRDA:6,908,1,0
BRDA:6,909,0,0
BRDA:6,909,1,0
BRDA:6,910,0,0
BRDA:6,910,1,0
BRDA:6,911,0,2
BRDA:6,911,1,0
BRDA:6,912,0,2
BRDA:6,912,1,2
BRDA:6,913,0,0
BRDA:6,913,1,0
BRDA:6,914,0,0
BRDA:6,914,1,0
BRDA:6,915,0,3
BRDA:6,915,1,0
BRDA:6,916,0,3
BRDA:6,916,1,3
BRDA:6,917,0,0
BRDA:6,917,1,0
BRDA:6,918,0,2
BRDA:6,918,1,0
BRDA:6,919,0,2
BRDA:6,919,1,2
BRDA:6,920,0,0
BRDA:6,920,1,0
BRDA:6,921,0,0
BRDA:6,921,1,0
BRDA:6,922,0,3
BRDA:6,922,1,0
BRDA:6,923,0,3
BRDA:6,923,1,3
BRDA:6,924,0,0
BRDA:6,924,1,0
BRDA:6,925,0,0
BRDA:6,925,1,0
BRDA:6,926,0,0
BRDA:6,926,1,0
BRDA:6,927,0,0
BRDA:6,927,1,0
BRDA:6,928,0,0
BRDA:6,928,1,0
BRDA:6,929,0,0
BRDA:6,929,1,0
BRDA:6,930,0,0
BRDA:6,930,1,0
BRDA:6,931,0,0
BRDA:6,931,1,0
BRDA:6,932,0,0
BRDA:6,932,1,0
BRDA:6,933,0,0
BRDA:6,933,1,0
BRDA:6,934,0,0
BRDA:6,934,1,0
BRDA:6,935,0,2
BRDA:6,935,1,0
BRDA:6,936,0,2
BRDA:6,936,1,2
BRDA:6,937,0,0
BRDA:6,937,1,0
BRDA:6,938,0,0
BRDA:6,938,1,0
BRDA:6,939,0,0
BRDA:6,939,1,0
BRDA:6,940,0,0
BRDA:6,940,1,0
BRDA:6,941,0,0
BRDA:6,941,1,0
BRDA:6,942,0,0
BRDA:6,942,1,0
BRDA:6,943,0,0
BRDA:6,943,1,0
BRDA:6,944,0,0
BRDA:6,944,1,0
BRDA:6,945,0,4
BRDA:6,945,1,0
BRDA:6,946,0,4
BRDA:6,946,1,4
BRDA:6,947,0,24622
BRDA:6,947,1,0
BRDA:6,948,0,10420
BRDA:6,948,1,0
BRDA:6,949,0,0
BRDA:6,949,1,24227
BRDA:6,950,0,24227
BRDA:6,950,1,0
BRDA:6,951,0,0
BRDA:6,951,1,24227
BRDA:6,952,0,0
BRDA:6,952,1,0
BRDA:6,953,0,1
BRDA:6,953,1,0
BRDA:6,954,0,1
BRDA:6,954,1,1
BRDA:6,955,0,0
BRDA:6,955,1,1258
BRDA:6,956,0,1258
BRDA:6,956,1,0
BRDA:6,957,0,5
BRDA:6,957,1,0
BRDA:6,958,0,5
BRDA:6,958,1,5
BRDA:6,959,0,0
BRDA:6,959,1,0
BRDA:6,960,0,0
BRDA:6,960,1,0
BRDA:6,961,0,0
BRDA:6,961,1,0
BRDA:6,962,0,0
BRDA:6,962,1,0
BRDA:6,963,0,0
BRDA:6,963,1,0
BRDA:6,964,0,0
BRDA:6,964,1,0
BRDA:6,965,0,0
BRDA:6,965,1,0
BRDA:6,966,0,0
BRDA:6,966,1,0
BRDA:6,967,0,0
BRDA:6,967,1,0
BRDA:6,968,0,0
BRDA:6,968,1,0
BRDA:6,969,0,0
BRDA:6,969,1,0
BRDA:6,970,0,0
BRDA:6,970,1,0
BRDA:6,971,0,0
BRDA:6,971,1,0
BRDA:6,972,0,0
BRDA:6,972,1,0
BRDA:6,973,0,0
BRDA:6,973,1,0
BRDA:6,974,0,0
BRDA:6,974,1,0
BRDA:6,975,0,0
BRDA:6,975,1,0
BRDA:6,976,0,0
BRDA:6,976,1,0
BRDA:6,977,0,0
BRDA:6,977,1,0
BRDA:6,978,0,0
BRDA:6,978,1,0
BRDA:6,979,0,0
BRDA:6,979,1,0
BRDA:7,980,0,116
BRDA:7,980,1,787
BRDA:7,981,0,903
BRDA:7,981,1,116
BRDA:7,982,0,2
BRDA:7,982,1,0
BRDA:7,983,0,2
BRDA:7,983,1,2
BRDA:7,984,0,4188
BRDA:7,984,1,0
BRDA:7,985,0,4188
BRDA:7,985,1,4188
BRDA:7,985,2,0
BRDA:7,986,0,0
BRDA:7,986,1,4188
BRDA:7,987,0,0
BRDA:7,987,1,4188
BRDA:7,988,0,74
BRDA:7,988,1,4114
BRDA:7,989,0,3371
BRDA:7,989,1,817
BRDA:7,990,0,817
BRDA:7,990,1,0
BRDA:7,991,0,74
BRDA:7,991,1,4114
BRDA:7,992,0,0
BRDA:7,992,1,42529
BRDA:7,993,0,42529
BRDA:7,993,1,0
BRDA:7,994,0,42529
BRDA:7,994,1,42529
BRDA:7,995,0,0
BRDA:7,995,1,0
BRDA:7,996,0,6745
BRDA:7,996,1,0
BRDA:7,997,0,1
BRDA:7,997,1,0
BRDA:7,998,0,1
BRDA:7,998,1,0
BRF:2061
BRH:968
end_of_record
TN:
SF:/home/zoom/suit/guppy/src/guppy_backend.js
FN:7,(anonymous_0)
FN:8,(anonymous_1)
FN:9,(anonymous_2)
FN:16,(anonymous_3)
FN:67,(anonymous_4)
FN:71,(anonymous_5)
FN:80,(anonymous_6)
FN:89,(anonymous_7)
FN:98,(anonymous_8)
FN:110,(anonymous_9)
FN:116,(anonymous_10)
FN:122,(anonymous_11)
FN:135,(anonymous_12)
FN:149,(anonymous_13)
FN:153,(anonymous_14)
FN:173,(anonymous_15)
FN:177,(anonymous_16)
FN:181,(anonymous_17)
FN:196,(anonymous_18)
FN:297,(anonymous_19)
FN:311,(anonymous_20)
FN:320,(anonymous_21)
FN:338,(anonymous_22)
FN:353,(anonymous_23)
FN:363,(anonymous_24)
FN:463,(anonymous_25)
FN:494,(anonymous_26)
FN:506,(anonymous_27)
FN:519,(anonymous_28)
FN:528,(anonymous_29)
FN:551,(anonymous_30)
FN:571,(anonymous_31)
FN:587,(anonymous_32)
FN:617,(anonymous_33)
FN:631,(anonymous_34)
FN:641,(anonymous_35)
FN:671,(anonymous_36)
FN:685,(anonymous_37)
FN:710,(anonymous_38)
FN:723,(anonymous_39)
FN:748,(anonymous_40)
FN:749,(anonymous_41)
FN:750,(anonymous_42)
FN:751,(anonymous_43)
FN:752,(anonymous_44)
FN:753,(anonymous_45)
FN:754,(anonymous_46)
FN:755,(anonymous_47)
FN:763,(anonymous_48)
FN:797,(anonymous_49)
FN:865,(anonymous_50)
FN:906,(anonymous_51)
FN:931,(anonymous_52)
FN:958,(anonymous_53)
FN:979,(anonymous_54)
FN:988,(anonymous_55)
FN:1005,(anonymous_56)
FN:1023,(anonymous_57)
FN:1073,(anonymous_58)
FN:1097,(anonymous_59)
FN:1112,(anonymous_60)
FN:1123,(anonymous_61)
FN:1132,(anonymous_62)
FN:1151,(anonymous_63)
FN:1160,(anonymous_64)
FN:1180,(anonymous_65)
FN:1200,(anonymous_66)
FN:1209,(anonymous_67)
FN:1214,(anonymous_68)
FN:1229,(anonymous_69)
FN:1236,(anonymous_70)
FN:1245,(anonymous_71)
FN:1259,(anonymous_72)
FN:1273,(anonymous_73)
FN:1278,(anonymous_74)
FN:1286,(anonymous_75)
FN:1290,(anonymous_76)
FN:1297,(anonymous_77)
FNF:78
FNH:76
FNDA:242,(anonymous_0)
FNDA:4,(anonymous_1)
FNDA:0,(anonymous_2)
FNDA:1,(anonymous_3)
FNDA:1101,(anonymous_4)
FNDA:596,(anonymous_5)
FNDA:1246,(anonymous_6)
FNDA:65,(anonymous_7)
FNDA:71,(anonymous_8)
FNDA:3,(anonymous_9)
FNDA:3,(anonymous_10)
FNDA:596,(anonymous_11)
FNDA:1,(anonymous_12)
FNDA:1,(anonymous_13)
FNDA:1,(anonymous_14)
FNDA:10,(anonymous_15)
FNDA:14,(anonymous_16)
FNDA:7698,(anonymous_17)
FNDA:7698,(anonymous_18)
FNDA:12422,(anonymous_19)
FNDA:14,(anonymous_20)
FNDA:44,(anonymous_21)
FNDA:5,(anonymous_22)
FNDA:57,(anonymous_23)
FNDA:57,(anonymous_24)
FNDA:12,(anonymous_25)
FNDA:168,(anonymous_26)
FNDA:242,(anonymous_27)
FNDA:0,(anonymous_28)
FNDA:1,(anonymous_29)
FNDA:3,(anonymous_30)
FNDA:2,(anonymous_31)
FNDA:5,(anonymous_32)
FNDA:3,(anonymous_33)
FNDA:115,(anonymous_34)
FNDA:10,(anonymous_35)
FNDA:1,(anonymous_36)
FNDA:10,(anonymous_37)
FNDA:15,(anonymous_38)
FNDA:4,(anonymous_39)
FNDA:1,(anonymous_40)
FNDA:2,(anonymous_41)
FNDA:4,(anonymous_42)
FNDA:1,(anonymous_43)
FNDA:1,(anonymous_44)
FNDA:4,(anonymous_45)
FNDA:3,(anonymous_46)
FNDA:1,(anonymous_47)
FNDA:2,(anonymous_48)
FNDA:17,(anonymous_49)
FNDA:1,(anonymous_50)
FNDA:1,(anonymous_51)
FNDA:1,(anonymous_52)
FNDA:32,(anonymous_53)
FNDA:2,(anonymous_54)
FNDA:7,(anonymous_55)
FNDA:2,(anonymous_56)
FNDA:6,(anonymous_57)
FNDA:2,(anonymous_58)
FNDA:8,(anonymous_59)
FNDA:2,(anonymous_60)
FNDA:1,(anonymous_61)
FNDA:1,(anonymous_62)
FNDA:2,(anonymous_63)
FNDA:1,(anonymous_64)
FNDA:3,(anonymous_65)
FNDA:2,(anonymous_66)
FNDA:1,(anonymous_67)
FNDA:403,(anonymous_68)
FNDA:6,(anonymous_69)
FNDA:6,(anonymous_70)
FNDA:5,(anonymous_71)
FNDA:1,(anonymous_72)
FNDA:1,(anonymous_73)
FNDA:1,(anonymous_74)
FNDA:1,(anonymous_75)
FNDA:57,(anonymous_76)
FNDA:243,(anonymous_77)
DA:1,1
DA:2,1
DA:3,1
DA:4,1
DA:5,1
DA:7,242
DA:8,4
DA:9,1
DA:16,1
DA:17,1
DA:18,1
DA:19,1
DA:20,1
DA:21,1
DA:22,1
DA:24,1
DA:25,1
DA:26,1
DA:28,1
DA:30,1
DA:31,9
DA:32,9
DA:35,1
DA:37,1
DA:38,5
DA:39,5
DA:42,1
DA:43,1
DA:45,1
DA:46,1
DA:47,1
DA:48,1
DA:49,1
DA:50,1
DA:51,1
DA:52,1
DA:53,1
DA:54,1
DA:55,0
DA:56,0
DA:57,0
DA:61,1
DA:62,1
DA:63,1
DA:64,1
DA:65,1
DA:67,1
DA:68,1101
DA:71,1
DA:72,596
DA:80,1
DA:81,1246
DA:89,1
DA:90,65
DA:98,1
DA:99,71
DA:100,71
DA:101,71
DA:102,71
DA:103,71
DA:104,71
DA:105,71
DA:106,71
DA:107,71
DA:110,1
DA:111,3
DA:112,3
DA:113,3
DA:116,1
DA:117,3
DA:118,3
DA:119,3
DA:122,1
DA:123,596
DA:124,596
DA:125,596
DA:126,596
DA:127,596
DA:135,1
DA:136,1
DA:149,1
DA:150,1
DA:153,1
DA:154,1
DA:155,0
DA:156,0
DA:157,0
DA:159,1
DA:160,0
DA:161,0
DA:162,0
DA:163,0
DA:165,1
DA:166,1
DA:167,1
DA:168,1
DA:169,1
DA:173,1
DA:174,10
DA:177,1
DA:178,14
DA:181,1
DA:182,7698
DA:183,3556
DA:186,4142
DA:187,4142
DA:188,8445
DA:189,6978
DA:190,6074
DA:191,5488
DA:196,1
DA:197,7698
DA:198,3556
DA:199,3556
DA:201,3556
DA:202,3556
DA:203,3556
DA:204,3556
DA:205,80
DA:206,80
DA:207,17
DA:210,63
DA:212,80
DA:213,80
DA:215,3556
DA:216,3556
DA:217,3556
DA:218,1788
DA:219,1783
DA:220,459
DA:221,312
DA:222,312
DA:224,147
DA:225,0
DA:227,147
DA:229,1324
DA:236,1242
DA:239,3556
DA:240,6064
DA:241,868
DA:242,19
DA:243,0
DA:244,19
DA:245,0
DA:247,19
DA:250,849
DA:251,849
DA:252,80
DA:254,769
DA:256,849
DA:257,8
DA:258,841
DA:259,25
DA:261,868
DA:263,5196
DA:264,5
DA:266,5191
DA:267,33
DA:269,5158
DA:270,5
DA:271,0
DA:273,5
DA:274,5
DA:275,0
DA:278,5
DA:280,5
DA:282,6064
DA:284,3556
DA:285,24
DA:287,3556
DA:288,3556
DA:291,4142
DA:292,8445
DA:297,1
DA:298,12422
DA:299,3556
DA:300,3556
DA:301,3556
DA:302,3556
DA:305,8866
DA:306,15961
DA:311,1
DA:312,14
DA:313,28
DA:314,14
DA:315,28
DA:316,14
DA:320,1
DA:321,44
DA:322,44
DA:323,119
DA:325,44
DA:328,30
DA:329,30
DA:330,0
DA:331,0
DA:333,30
DA:335,14
DA:338,1
DA:339,5
DA:340,5
DA:341,5
DA:342,5
DA:343,5
DA:344,5
DA:345,5
DA:346,5
DA:347,5
DA:348,5
DA:349,5
DA:350,5
DA:353,1
DA:354,57
DA:363,1
DA:364,57
DA:365,57
DA:366,0
DA:368,57
DA:369,57
DA:371,57
DA:372,57
DA:373,57
DA:374,57
DA:376,57
DA:377,14
DA:378,14
DA:379,1
DA:380,1
DA:381,1
DA:382,1
DA:383,1
DA:384,1
DA:386,13
DA:388,13
DA:389,2
DA:390,2
DA:391,2
DA:395,11
DA:396,11
DA:397,11
DA:398,11
DA:399,11
DA:400,11
DA:401,11
DA:406,57
DA:407,43
DA:408,43
DA:409,43
DA:424,57
DA:425,57
DA:427,57
DA:428,57
DA:429,57
DA:431,57
DA:433,57
DA:434,2
DA:437,55
DA:439,55
DA:440,44
DA:441,44
DA:443,55
DA:444,55
DA:445,55
DA:448,57
DA:449,57
DA:450,57
DA:451,13
DA:454,44
DA:455,44
DA:458,57
DA:459,57
DA:460,57
DA:463,1
DA:464,12
DA:465,3
DA:467,9
DA:468,9
DA:469,9
DA:471,9
DA:472,6
DA:477,3
DA:478,3
DA:479,3
DA:480,3
DA:481,3
DA:482,3
DA:483,3
DA:484,3
DA:485,3
DA:487,3
DA:488,3
DA:494,1
DA:495,168
DA:496,168
DA:497,168
DA:498,168
DA:506,1
DA:507,242
DA:508,242
DA:509,3
DA:510,3
DA:512,242
DA:513,242
DA:514,242
DA:515,242
DA:516,242
DA:517,242
DA:518,0
DA:519,0
DA:528,1
DA:529,1
DA:530,1
DA:531,1
DA:532,1
DA:533,1
DA:534,1
DA:535,1
DA:536,1
DA:537,1
DA:539,1
DA:540,1
DA:541,1
DA:544,0
DA:546,1
DA:548,1
DA:551,1
DA:552,3
DA:553,0
DA:554,3
DA:555,3
DA:556,3
DA:557,3
DA:558,3
DA:559,3
DA:560,3
DA:561,3
DA:562,0
DA:563,3
DA:571,1
DA:572,2
DA:573,2
DA:574,2
DA:575,2
DA:576,2
DA:577,2
DA:578,4
DA:579,4
DA:580,4
DA:582,2
DA:583,2
DA:584,2
DA:587,1
DA:588,5
DA:589,5
DA:590,7
DA:593,5
DA:594,4
DA:595,4
DA:598,1
DA:599,1
DA:600,1
DA:601,1
DA:603,0
DA:604,1
DA:605,1
DA:606,1
DA:607,1
DA:608,1
DA:617,1
DA:618,3
DA:619,3
DA:620,3
DA:621,3
DA:622,3
DA:623,3
DA:631,1
DA:632,115
DA:633,115
DA:634,115
DA:641,1
DA:642,10
DA:643,10
DA:644,7
DA:645,7
DA:646,7
DA:647,13
DA:648,13
DA:650,7
DA:651,6
DA:652,5
DA:654,1
DA:656,1
DA:657,1
DA:658,0
DA:660,1
DA:662,7
DA:663,7
DA:664,7
DA:671,1
DA:672,1
DA:673,1
DA:674,1
DA:675,1
DA:676,1
DA:677,1
DA:685,1
DA:686,10
DA:687,5
DA:688,5
DA:690,10
DA:691,1
DA:692,1
DA:693,1
DA:694,1
DA:695,1
DA:698,0
DA:702,9
DA:703,9
DA:705,10
DA:706,0
DA:710,1
DA:711,15
DA:712,15
DA:713,4
DA:714,11
DA:715,11
DA:723,1
DA:724,4
DA:725,2
DA:726,2
DA:728,4
DA:729,0
DA:730,0
DA:731,0
DA:732,0
DA:733,0
DA:736,0
DA:740,4
DA:741,4
DA:743,4
DA:744,0
DA:748,1
DA:749,2
DA:750,4
DA:751,1
DA:752,1
DA:753,4
DA:754,3
DA:755,1
DA:763,1
DA:764,2
DA:765,2
DA:766,2
DA:768,2
DA:769,2
DA:770,2
DA:771,2
DA:772,0
DA:773,0
DA:775,2
DA:776,2
DA:777,2
DA:778,2
DA:779,2
DA:780,0
DA:781,0
DA:783,2
DA:784,2
DA:797,1
DA:798,17
DA:799,17
DA:800,17
DA:801,17
DA:802,17
DA:803,17
DA:804,26
DA:806,17
DA:810,17
DA:811,8
DA:812,8
DA:813,8
DA:814,8
DA:815,8
DA:816,0
DA:817,0
DA:819,8
DA:820,8
DA:821,8
DA:822,0
DA:823,8
DA:824,8
DA:825,8
DA:826,5
DA:827,8
DA:829,8
DA:830,8
DA:831,8
DA:832,8
DA:835,9
DA:836,4
DA:839,5
DA:840,5
DA:841,5
DA:842,5
DA:843,8
DA:844,8
DA:845,8
DA:849,0
DA:850,0
DA:853,9
DA:854,9
DA:855,9
DA:856,0
DA:857,9
DA:858,9
DA:865,1
DA:866,1
DA:867,1
DA:868,3
DA:870,1
DA:873,1
DA:874,0
DA:875,0
DA:877,1
DA:878,1
DA:879,1
DA:881,0
DA:883,1
DA:884,1
DA:887,1
DA:888,0
DA:889,0
DA:891,1
DA:892,1
DA:893,2
DA:894,0
DA:895,1
DA:896,2
DA:897,2
DA:898,2
DA:906,1
DA:907,1
DA:908,1
DA:909,4
DA:911,1
DA:913,1
DA:914,1
DA:915,1
DA:917,0
DA:918,0
DA:919,0
DA:921,0
DA:923,1
DA:924,1
DA:931,1
DA:932,1
DA:933,1
DA:934,3
DA:936,1
DA:937,1
DA:938,1
DA:939,1
DA:941,0
DA:942,0
DA:943,0
DA:945,0
DA:946,0
DA:947,0
DA:949,0
DA:950,0
DA:951,0
DA:958,1
DA:959,32
DA:960,32
DA:961,24
DA:962,24
DA:963,23
DA:964,23
DA:967,1
DA:971,8
DA:979,1
DA:980,2
DA:981,2
DA:988,1
DA:989,7
DA:990,7
DA:991,4
DA:992,4
DA:993,3
DA:994,3
DA:997,1
DA:1001,3
DA:1005,1
DA:1006,2
DA:1007,2
DA:1008,2
DA:1009,3
DA:1010,3
DA:1012,2
DA:1013,2
DA:1014,2
DA:1015,2
DA:1016,2
DA:1018,2
DA:1019,2
DA:1020,2
DA:1023,1
DA:1025,6
DA:1026,3
DA:1027,3
DA:1031,3
DA:1033,1
DA:1034,1
DA:1036,2
DA:1038,0
DA:1039,0
DA:1041,2
DA:1043,1
DA:1044,1
DA:1047,0
DA:1048,0
DA:1051,1
DA:1053,1
DA:1054,1
DA:1055,0
DA:1057,1
DA:1058,1
DA:1061,0
DA:1062,0
DA:1067,0
DA:1070,6
DA:1073,1
DA:1075,2
DA:1076,1
DA:1080,1
DA:1082,1
DA:1083,1
DA:1085,0
DA:1087,0
DA:1090,2
DA:1097,1
DA:1098,8
DA:1099,2
DA:1100,2
DA:1101,2
DA:1103,6
DA:1104,6
DA:1112,1
DA:1113,2
DA:1114,0
DA:1115,0
DA:1116,0
DA:1118,2
DA:1119,2
DA:1123,1
DA:1124,1
DA:1125,1
DA:1132,1
DA:1133,1
DA:1134,1
DA:1135,1
DA:1137,0
DA:1138,0
DA:1139,0
DA:1140,0
DA:1142,0
DA:1143,0
DA:1144,0
DA:1147,0
DA:1151,1
DA:1152,2
DA:1153,2
DA:1160,1
DA:1161,1
DA:1162,1
DA:1163,1
DA:1164,1
DA:1165,1
DA:1166,1
DA:1167,5
DA:1168,5
DA:1170,1
DA:1171,1
DA:1173,0
DA:1180,1
DA:1181,3
DA:1182,3
DA:1183,1
DA:1184,1
DA:1185,1
DA:1186,1
DA:1187,4
DA:1188,4
DA:1190,1
DA:1191,1
DA:1193,2
DA:1200,1
DA:1201,2
DA:1202,2
DA:1209,1
DA:1210,1
DA:1211,1
DA:1214,1
DA:1215,403
DA:1216,403
DA:1217,403
DA:1218,403
DA:1219,403
DA:1220,403
DA:1221,403
DA:1222,403
DA:1223,403
DA:1224,403
DA:1225,403
DA:1226,403
DA:1229,1
DA:1230,6
DA:1231,6
DA:1232,6
DA:1233,6
DA:1236,1
DA:1237,6
DA:1238,6
DA:1245,1
DA:1246,5
DA:1247,5
DA:1248,5
DA:1249,5
DA:1250,5
DA:1251,5
DA:1252,5
DA:1259,1
DA:1260,1
DA:1261,1
DA:1262,1
DA:1263,1
DA:1264,1
DA:1265,1
DA:1266,1
DA:1273,1
DA:1274,1
DA:1275,0
DA:1278,1
DA:1279,1
DA:1280,1
DA:1281,1
DA:1282,1
DA:1283,1
DA:1286,1
DA:1287,1
DA:1290,1
DA:1291,57
DA:1292,57
DA:1293,0
DA:1294,57
DA:1297,1
DA:1298,243
DA:1299,243
DA:1300,235
DA:1301,235
DA:1302,0
DA:1303,0
DA:1304,0
DA:1305,0
DA:1306,0
DA:1310,235
DA:1311,235
DA:1312,350
DA:1313,36
DA:1314,36
DA:1316,314
DA:1320,235
DA:1322,36
DA:1323,36
DA:1324,36
DA:1325,36
DA:1326,36
DA:1327,36
DA:1328,0
DA:1329,0
DA:1333,1
LF:781
LH:687
BRDA:18,0,0,1
BRDA:18,0,1,0
BRDA:19,1,0,1
BRDA:19,1,1,1
BRDA:20,2,0,1
BRDA:20,2,1,1
BRDA:32,3,0,0
BRDA:32,3,1,9
BRDA:32,4,0,0
BRDA:32,4,1,0
BRDA:39,5,0,0
BRDA:39,5,1,5
BRDA:54,6,0,0
BRDA:54,6,1,1
BRDA:54,7,0,1
BRDA:54,7,1,0
BRDA:68,8,0,1101
BRDA:68,8,1,1101
BRDA:72,9,0,596
BRDA:72,9,1,184
BRDA:123,10,0,596
BRDA:123,10,1,3
BRDA:124,11,0,596
BRDA:124,11,1,0
BRDA:127,12,0,412
BRDA:127,12,1,184
BRDA:127,13,0,596
BRDA:127,13,1,413
BRDA:127,13,2,412
BRDA:136,14,0,1
BRDA:136,14,1,0
BRDA:154,15,0,0
BRDA:154,15,1,1
BRDA:154,16,0,1
BRDA:154,16,1,0
BRDA:159,17,0,0
BRDA:159,17,1,1
BRDA:165,18,0,1
BRDA:165,18,1,0
BRDA:182,19,0,3556
BRDA:182,19,1,4142
BRDA:188,20,0,1467
BRDA:188,20,1,6978
BRDA:189,21,0,904
BRDA:189,21,1,6074
BRDA:190,22,0,586
BRDA:190,22,1,5488
BRDA:191,23,0,3556
BRDA:191,23,1,1932
BRDA:197,24,0,3556
BRDA:197,24,1,4142
BRDA:202,25,0,8
BRDA:202,25,1,3548
BRDA:203,26,0,72
BRDA:203,26,1,3484
BRDA:204,27,0,80
BRDA:204,27,1,3476
BRDA:205,28,0,0
BRDA:205,28,1,80
BRDA:206,29,0,17
BRDA:206,29,1,63
BRDA:206,30,0,80
BRDA:206,30,1,80
BRDA:206,30,2,17
BRDA:212,31,0,72
BRDA:212,31,1,8
BRDA:212,32,0,0
BRDA:212,32,1,72
BRDA:213,33,0,8
BRDA:213,33,1,72
BRDA:213,34,0,0
BRDA:213,34,1,8
BRDA:217,35,0,1788
BRDA:217,35,1,1768
BRDA:218,36,0,5
BRDA:218,36,1,1783
BRDA:219,37,0,459
BRDA:219,37,1,1324
BRDA:220,38,0,312
BRDA:220,38,1,147
BRDA:221,39,0,312
BRDA:221,39,1,0
BRDA:221,40,0,0
BRDA:221,40,1,0
BRDA:224,41,0,0
BRDA:224,41,1,147
BRDA:229,42,0,1242
BRDA:229,42,1,82
BRDA:229,43,0,1324
BRDA:229,43,1,1324
BRDA:229,43,2,1244
BRDA:229,43,3,15
BRDA:240,44,0,868
BRDA:240,44,1,5196
BRDA:240,45,0,6064
BRDA:240,45,1,2630
BRDA:240,45,2,1185
BRDA:240,45,3,397
BRDA:241,46,0,19
BRDA:241,46,1,849
BRDA:242,47,0,0
BRDA:242,47,1,19
BRDA:244,48,0,0
BRDA:244,48,1,19
BRDA:250,49,0,70
BRDA:250,49,1,779
BRDA:251,50,0,80
BRDA:251,50,1,769
BRDA:256,51,0,8
BRDA:256,51,1,841
BRDA:258,52,0,25
BRDA:258,52,1,816
BRDA:263,53,0,5
BRDA:263,53,1,5191
BRDA:263,54,0,5196
BRDA:263,54,1,1762
BRDA:263,54,2,317
BRDA:266,55,0,33
BRDA:266,55,1,5158
BRDA:266,56,0,5191
BRDA:266,56,1,160
BRDA:266,56,2,86
BRDA:269,57,0,5
BRDA:269,57,1,5153
BRDA:269,58,0,5158
BRDA:269,58,1,15
BRDA:269,58,2,5
BRDA:269,58,3,0
BRDA:270,59,0,0
BRDA:270,59,1,5
BRDA:273,60,0,0
BRDA:273,60,1,5
BRDA:274,61,0,0
BRDA:274,61,1,5
BRDA:282,62,0,2508
BRDA:282,62,1,3556
BRDA:284,63,0,24
BRDA:284,63,1,3532
BRDA:284,64,0,3556
BRDA:284,64,1,24
BRDA:292,65,0,6513
BRDA:292,65,1,1932
BRDA:292,66,0,8445
BRDA:292,66,1,6978
BRDA:292,66,2,6392
BRDA:292,66,3,5488
BRDA:298,67,0,3556
BRDA:298,67,1,8866
BRDA:306,68,0,11237
BRDA:306,68,1,4724
BRDA:313,69,0,42
BRDA:313,69,1,42
BRDA:313,69,2,42
BRDA:314,70,0,14
BRDA:314,70,1,0
BRDA:322,71,0,163
BRDA:322,71,1,149
BRDA:322,72,0,149
BRDA:322,72,1,44
BRDA:322,72,2,42
BRDA:325,73,0,30
BRDA:325,73,1,14
BRDA:329,74,0,0
BRDA:329,74,1,30
BRDA:329,75,0,30
BRDA:329,75,1,30
BRDA:343,76,0,5
BRDA:343,76,1,5
BRDA:365,77,0,0
BRDA:365,77,1,57
BRDA:365,78,0,57
BRDA:365,78,1,57
BRDA:371,79,0,14
BRDA:371,79,1,43
BRDA:371,80,0,14
BRDA:371,80,1,0
BRDA:376,81,0,14
BRDA:376,81,1,43
BRDA:378,82,0,1
BRDA:378,82,1,13
BRDA:386,83,0,13
BRDA:386,83,1,0
BRDA:388,84,0,2
BRDA:388,84,1,11
BRDA:388,85,0,13
BRDA:388,85,1,2
BRDA:397,86,0,11
BRDA:397,86,1,0
BRDA:397,87,0,11
BRDA:397,87,1,11
BRDA:406,88,0,43
BRDA:406,88,1,14
BRDA:406,89,0,57
BRDA:406,89,1,55
BRDA:406,89,2,12
BRDA:433,90,0,2
BRDA:433,90,1,55
BRDA:437,91,0,11
BRDA:437,91,1,44
BRDA:440,92,0,0
BRDA:440,92,1,44
BRDA:450,93,0,13
BRDA:450,93,1,44
BRDA:450,94,0,57
BRDA:450,94,1,44
BRDA:450,94,2,14
BRDA:450,94,3,14
BRDA:464,95,0,3
BRDA:464,95,1,9
BRDA:471,96,0,6
BRDA:471,96,1,3
BRDA:482,97,0,6
BRDA:482,97,1,6
BRDA:508,98,0,3
BRDA:508,98,1,239
BRDA:515,99,0,242
BRDA:515,99,1,0
BRDA:516,100,0,0
BRDA:516,100,1,242
BRDA:517,101,0,0
BRDA:517,101,1,242
BRDA:517,102,0,242
BRDA:517,102,1,0
BRDA:518,103,0,0
BRDA:518,103,1,0
BRDA:530,104,0,0
BRDA:530,104,1,1
BRDA:533,105,0,1
BRDA:533,105,1,0
BRDA:537,106,0,1
BRDA:537,106,1,0
BRDA:539,107,0,1
BRDA:539,107,1,0
BRDA:552,108,0,0
BRDA:552,108,1,3
BRDA:552,109,0,3
BRDA:552,109,1,0
BRDA:554,110,0,3
BRDA:554,110,1,0
BRDA:554,111,0,3
BRDA:554,111,1,3
BRDA:573,112,0,0
BRDA:573,112,1,2
BRDA:580,113,0,4
BRDA:580,113,1,0
BRDA:582,114,0,2
BRDA:582,114,1,0
BRDA:593,115,0,4
BRDA:593,115,1,1
BRDA:595,116,0,3
BRDA:595,116,1,1
BRDA:600,117,0,1
BRDA:600,117,1,0
BRDA:606,118,0,1
BRDA:606,118,1,0
BRDA:620,119,0,0
BRDA:620,119,1,3
BRDA:620,120,0,3
BRDA:620,120,1,3
BRDA:643,121,0,3
BRDA:643,121,1,7
BRDA:650,122,0,6
BRDA:650,122,1,1
BRDA:651,123,0,5
BRDA:651,123,1,1
BRDA:656,124,0,1
BRDA:656,124,1,0
BRDA:657,125,0,0
BRDA:657,125,1,1
BRDA:676,126,0,1
BRDA:676,126,1,0
BRDA:676,127,0,1
BRDA:676,127,1,0
BRDA:686,128,0,5
BRDA:686,128,1,5
BRDA:690,129,0,1
BRDA:690,129,1,9
BRDA:692,130,0,1
BRDA:692,130,1,0
BRDA:705,131,0,0
BRDA:705,131,1,10
BRDA:705,132,0,10
BRDA:705,132,1,9
BRDA:711,133,0,1
BRDA:711,133,1,14
BRDA:711,134,0,15
BRDA:711,134,1,14
BRDA:712,135,0,4
BRDA:712,135,1,11
BRDA:714,136,0,11
BRDA:714,136,1,0
BRDA:724,137,0,2
BRDA:724,137,1,2
BRDA:728,138,0,0
BRDA:728,138,1,4
BRDA:730,139,0,0
BRDA:730,139,1,0
BRDA:743,140,0,0
BRDA:743,140,1,4
BRDA:743,141,0,4
BRDA:743,141,1,4
BRDA:765,142,0,4
BRDA:765,142,1,4
BRDA:765,142,2,4
BRDA:765,143,0,4
BRDA:765,143,1,2
BRDA:765,143,2,2
BRDA:768,144,0,0
BRDA:768,144,1,2
BRDA:775,145,0,2
BRDA:775,145,1,0
BRDA:776,146,0,0
BRDA:776,146,1,2
BRDA:784,147,0,2
[...]
BRDA:1304,232,1,0
BRDA:1306,233,0,0
BRDA:1306,233,1,0
BRDA:1312,234,0,36
BRDA:1312,234,1,314
BRDA:1320,235,0,199
BRDA:1320,235,1,36
BRDA:1327,236,0,0
BRDA:1327,236,1,36
BRF:497
BRH:380
end_of_record
TN:
SF:/home/zoom/suit/guppy/src/guppy_utils.js
FN:11,(anonymous_0)
FN:15,(anonymous_1)
FN:20,(anonymous_2)
FN:28,(anonymous_3)
FN:32,(anonymous_4)
FN:36,(anonymous_5)
FNF:6
FNH:6
FNDA:42,(anonymous_0)
FNDA:42,(anonymous_1)
FNDA:2,(anonymous_2)
FNDA:3821,(anonymous_3)
FNDA:2,(anonymous_4)
FNDA:934,(anonymous_5)
DA:1,1
DA:3,1
DA:4,1
DA:5,1
DA:6,1
DA:7,1
DA:8,1
DA:9,1
DA:11,1
DA:12,42
DA:15,1
DA:16,42
DA:17,37
DA:20,1
DA:21,2
DA:22,2
DA:23,1
DA:24,1
DA:25,1
DA:28,1
DA:29,3821
DA:32,1
DA:33,2
DA:36,1
DA:37,934
DA:38,934
DA:39,304
DA:40,70
DA:42,234
DA:43,234
DA:44,972
DA:46,864
DA:49,1
LF:33
LH:33
BRDA:12,0,0,42
BRDA:12,0,1,42
BRDA:16,1,0,5
BRDA:16,1,1,37
BRDA:16,2,0,42
BRDA:16,2,1,37
BRDA:22,3,0,1
BRDA:22,3,1,1
BRDA:24,4,0,1
BRDA:24,4,1,0
BRDA:24,5,0,1
BRDA:24,5,1,1
BRDA:29,6,0,3821
BRDA:29,6,1,32
BRDA:29,6,2,18
BRDA:33,7,0,2
BRDA:33,7,1,1
BRDA:38,8,0,1168
BRDA:38,8,1,934
BRDA:39,9,0,70
BRDA:39,9,1,234
BRDA:43,10,0,1206
BRDA:43,10,1,972
BRF:23
BRH:22
end_of_record
TN:
SF:/home/zoom/suit/guppy/src/guppy_doc.js
FN:9,(anonymous_0)
FN:14,(anonymous_1)
FN:24,(anonymous_2)
FN:36,(anonymous_3)
FN:49,(anonymous_4)
FN:59,(anonymous_5)
FN:68,(anonymous_6)
FN:76,(anonymous_7)
FN:84,(anonymous_8)
FN:134,(anonymous_9)
FN:139,(anonymous_10)
FN:150,(anonymous_11)
FN:166,(anonymous_12)
FN:207,(anonymous_13)
FN:248,(anonymous_14)
FN:278,(anonymous_15)
FNF:16
FNH:14
FNDA:67,(anonymous_0)
FNDA:905,(anonymous_1)
FNDA:73,(anonymous_2)
FNDA:64,(anonymous_3)
FNDA:2519,(anonymous_4)
FNDA:1247,(anonymous_5)
FNDA:3,(anonymous_6)
FNDA:6,(anonymous_7)
FNDA:115,(anonymous_8)
FNDA:976,(anonymous_9)
FNDA:50,(anonymous_10)
FNDA:0,(anonymous_11)
FNDA:67,(anonymous_12)
FNDA:8904,(anonymous_13)
FNDA:619,(anonymous_14)
FNDA:0,(anonymous_15)
DA:1,1
DA:9,1
DA:10,67
DA:11,67
DA:14,1
DA:15,905
DA:16,905
DA:17,166
DA:18,164
DA:19,546
DA:21,903
DA:24,1
DA:25,73
DA:26,73
DA:27,128
DA:36,1
DA:37,64
DA:38,24
DA:39,24
DA:40,21
DA:49,1
DA:50,2519
DA:59,1
DA:60,1247
DA:61,1247
DA:62,1241
DA:63,1226
DA:64,1225
DA:65,1224
DA:68,1
DA:69,3
DA:70,3
DA:71,3
DA:72,3
DA:73,3
DA:76,1
DA:77,6
DA:78,6
DA:79,6
DA:80,6
DA:81,6
DA:84,1
DA:85,115
DA:86,115
DA:87,0
DA:90,115
DA:91,41
DA:92,41
DA:93,41
DA:94,41
DA:95,41
DA:96,31
DA:98,41
DA:99,41
DA:102,43
DA:106,74
DA:107,4
DA:108,4
DA:109,8
DA:111,4
DA:113,70
DA:114,70
DA:115,1
DA:118,69
DA:119,69
DA:120,151
DA:121,110
DA:123,41
DA:124,41
DA:128,69
DA:131,115
DA:134,1
DA:135,976
DA:136,976
DA:139,1
DA:140,50
DA:141,50
DA:150,1
DA:151,0
DA:152,0
DA:153,0
DA:154,0
DA:155,0
DA:156,0
DA:157,0
DA:158,0
DA:166,1
DA:167,67
DA:168,67
DA:171,1
DA:207,1
DA:208,8904
DA:209,8904
DA:210,3677
DA:211,3556
DA:213,121
DA:214,0
DA:215,0
DA:216,0
DA:218,0
DA:219,0
DA:220,0
DA:221,0
DA:222,0
DA:223,0
DA:224,0
DA:225,0
DA:229,121
DA:232,5227
DA:233,933
DA:234,933
DA:235,933
DA:237,4294
DA:238,933
DA:239,933
DA:240,933
DA:241,933
DA:242,3204
DA:243,933
DA:244,3359
DA:245,1213
DA:246,1213
DA:247,249
DA:248,249
DA:249,619
DA:250,619
DA:252,249
DA:254,964
DA:258,3361
DA:259,619
DA:260,619
DA:261,619
DA:262,924
DA:265,2742
DA:266,2742
DA:267,4606
DA:268,2742
DA:272,99
DA:275,8904
DA:278,1
DA:279,0
DA:280,0
DA:281,0
DA:282,0
DA:283,0
DA:286,1
LF:146
LH:121
BRDA:10,0,0,67
BRDA:10,0,1,1
BRDA:16,1,0,1069
BRDA:16,1,1,928
BRDA:17,2,0,2
BRDA:17,2,1,164
BRDA:19,3,0,710
BRDA:19,3,1,570
BRDA:27,4,0,54
BRDA:27,4,1,74
BRDA:37,5,0,40
BRDA:37,5,1,24
BRDA:39,6,0,3
BRDA:39,6,1,21
BRDA:39,7,0,24
BRDA:39,7,1,24
BRDA:39,7,2,24
BRDA:60,8,0,0
BRDA:60,8,1,1247
BRDA:61,9,0,6
BRDA:61,9,1,1241
BRDA:62,10,0,15
BRDA:62,10,1,1226
BRDA:63,11,0,1
BRDA:63,11,1,1225
BRDA:64,12,0,1
BRDA:64,12,1,1224
BRDA:77,13,0,6
BRDA:77,13,1,0
BRDA:78,14,0,6
BRDA:78,14,1,6
BRDA:85,15,0,115
BRDA:85,15,1,23
BRDA:86,16,0,0
BRDA:86,16,1,115
BRDA:90,17,0,41
BRDA:90,17,1,74
BRDA:94,18,0,0
BRDA:94,18,1,41
BRDA:95,19,0,10
BRDA:95,19,1,31
BRDA:96,20,0,7
BRDA:96,20,1,24
BRDA:106,21,0,4
BRDA:106,21,1,70
BRDA:113,22,0,70
BRDA:113,22,1,0
BRDA:113,23,0,70
BRDA:113,23,1,23
BRDA:114,24,0,1
BRDA:114,24,1,69
BRDA:114,25,0,70
BRDA:114,25,1,1
BRDA:120,26,0,110
BRDA:120,26,1,41
BRDA:123,27,0,41
BRDA:123,27,1,0
BRDA:135,28,0,976
BRDA:135,28,1,6
BRDA:140,29,0,50
BRDA:140,29,1,0
BRDA:153,30,0,0
BRDA:153,30,1,0
BRDA:209,31,0,3677
BRDA:209,31,1,5227
BRDA:210,32,0,3556
BRDA:210,32,1,121
BRDA:210,33,0,3677
BRDA:210,33,1,3560
BRDA:213,34,0,0
BRDA:213,34,1,121
BRDA:215,35,0,0
BRDA:215,35,1,0
BRDA:215,36,0,0
BRDA:215,36,1,0
BRDA:215,36,2,0
BRDA:223,37,0,0
BRDA:223,37,1,0
BRDA:223,38,0,0
BRDA:223,38,1,0
BRDA:224,39,0,0
BRDA:224,39,1,0
BRDA:224,40,0,0
BRDA:224,40,1,0
BRDA:232,41,0,933
BRDA:232,41,1,4294
BRDA:233,42,0,2
BRDA:233,42,1,931
BRDA:233,43,0,933
BRDA:233,43,1,905
BRDA:234,44,0,933
BRDA:234,44,1,2
BRDA:235,45,0,933
BRDA:235,45,1,0
BRDA:237,46,0,933
BRDA:237,46,1,3361
BRDA:242,47,0,1213
BRDA:242,47,1,1991
BRDA:242,48,0,3204
BRDA:242,48,1,2240
BRDA:244,49,0,2146
BRDA:244,49,1,1213
BRDA:245,50,0,1213
BRDA:245,50,1,0
BRDA:246,51,0,249
BRDA:246,51,1,964
BRDA:249,52,0,245
BRDA:249,52,1,374
BRDA:258,53,0,619
BRDA:258,53,1,2742
BRDA:265,54,0,2742
BRDA:265,54,1,0
BRDA:265,55,0,2742
BRDA:265,55,1,1224
BRDA:268,56,0,99
BRDA:268,56,1,2643
BRDA:268,57,0,2742
BRDA:268,57,1,2653
BRDA:268,57,2,231
BRDA:280,58,0,0
BRDA:280,58,1,0
BRDA:282,59,0,0
BRDA:282,59,1,0
BRDA:282,60,0,0
BRDA:282,60,1,0
BRF:125
BRH:93
end_of_record
TN:
SF:/home/zoom/suit/guppy/src/guppy_ast.js
FN:3,(anonymous_0)
FN:27,(anonymous_1)
FN:29,(anonymous_2)
FN:33,(anonymous_3)
FN:34,(anonymous_4)
FN:35,(anonymous_5)
FN:36,(anonymous_6)
FN:40,(anonymous_7)
FN:46,(anonymous_8)
FN:48,(anonymous_9)
FN:49,(anonymous_10)
FN:50,(anonymous_11)
FN:51,(anonymous_12)
FN:52,(anonymous_13)
FN:53,(anonymous_14)
FN:54,(anonymous_15)
FN:55,(anonymous_16)
FN:56,(anonymous_17)
FN:57,(anonymous_18)
FN:58,(anonymous_19)
FN:59,(anonymous_20)
FN:60,(anonymous_21)
FN:61,(anonymous_22)
FN:62,(anonymous_23)
FN:63,(anonymous_24)
FN:64,(anonymous_25)
FN:68,(anonymous_26)
FN:69,(anonymous_27)
FN:72,(anonymous_28)
FN:75,(anonymous_29)
FN:83,(anonymous_30)
FN:89,(anonymous_31)
FN:94,(anonymous_32)
FN:103,(anonymous_33)
FN:112,(anonymous_34)
FN:118,(anonymous_35)
FN:134,(anonymous_36)
FN:134,(anonymous_37)
FN:139,(anonymous_38)
FN:142,(anonymous_39)
FN:143,(anonymous_40)
FN:147,(anonymous_41)
FN:148,(anonymous_42)
FN:152,(anonymous_43)
FN:166,(anonymous_44)
FN:178,(anonymous_45)
FN:187,(anonymous_46)
FN:196,(anonymous_47)
FN:199,(anonymous_48)
FN:199,(anonymous_49)
FN:200,(anonymous_50)
FN:200,(anonymous_51)
FN:201,(anonymous_52)
FN:201,(anonymous_53)
FN:202,(anonymous_54)
FN:202,(anonymous_55)
FN:203,(anonymous_56)
FN:203,(anonymous_57)
FN:203,(anonymous_58)
FN:204,(anonymous_59)
FN:204,(anonymous_60)
FN:205,(anonymous_61)
FN:205,(anonymous_62)
FN:206,(anonymous_63)
FN:206,(anonymous_64)
FN:207,(anonymous_65)
FN:207,(anonymous_66)
FN:208,(anonymous_67)
FN:208,(anonymous_68)
FN:209,(anonymous_69)
FN:209,(anonymous_70)
FN:210,(anonymous_71)
FN:210,(anonymous_72)
FN:211,(anonymous_73)
FN:211,(anonymous_74)
FN:216,(anonymous_75)
FN:218,(anonymous_76)
FN:237,(anonymous_77)
FN:241,(anonymous_78)
FN:242,(anonymous_79)
FN:245,(anonymous_80)
FN:247,(anonymous_81)
FN:266,(anonymous_82)
FN:271,(anonymous_83)
FN:275,(anonymous_84)
FN:279,(anonymous_85)
FN:283,(anonymous_86)
FN:288,(anonymous_87)
FN:334,(anonymous_88)
FN:347,(anonymous_89)
FN:349,(anonymous_90)
FN:367,(anonymous_91)
FN:369,(anonymous_92)
FN:388,(anonymous_93)
FN:390,(anonymous_94)
FN:391,(anonymous_95)
FN:392,(anonymous_96)
FN:393,(anonymous_97)
FN:394,(anonymous_98)
FN:395,(anonymous_99)
FN:399,(anonymous_100)
FN:403,(anonymous_101)
FN:404,(anonymous_102)
FN:407,(anonymous_103)
FN:409,(anonymous_104)
FN:428,(anonymous_105)
FN:432,(anonymous_106)
FN:434,(anonymous_107)
FN:452,(anonymous_108)
FN:464,(anonymous_109)
FN:501,(anonymous_110)
FN:518,(anonymous_111)
FN:520,(anonymous_112)
FN:538,(anonymous_113)
FN:542,(anonymous_114)
FN:548,(anonymous_115)
FN:556,(anonymous_116)
FN:558,(anonymous_117)
FNF:118
FNH:72
FNDA:113,(anonymous_0)
FNDA:110,(anonymous_1)
FNDA:27,(anonymous_2)
FNDA:0,(anonymous_3)
FNDA:11,(anonymous_4)
FNDA:36,(anonymous_5)
FNDA:0,(anonymous_6)
FNDA:3,(anonymous_7)
FNDA:15,(anonymous_8)
FNDA:0,(anonymous_9)
FNDA:0,(anonymous_10)
FNDA:1,(anonymous_11)
FNDA:1,(anonymous_12)
FNDA:1,(anonymous_13)
FNDA:0,(anonymous_14)
FNDA:0,(anonymous_15)
FNDA:6,(anonymous_16)
FNDA:4,(anonymous_17)
FNDA:0,(anonymous_18)
FNDA:4,(anonymous_19)
FNDA:1,(anonymous_20)
FNDA:17,(anonymous_21)
FNDA:26,(anonymous_22)
FNDA:2,(anonymous_23)
FNDA:0,(anonymous_24)
FNDA:16,(anonymous_25)
FNDA:6,(anonymous_26)
FNDA:1,(anonymous_27)
FNDA:4,(anonymous_28)
FNDA:6,(anonymous_29)
FNDA:42,(anonymous_30)
FNDA:21,(anonymous_31)
FNDA:21,(anonymous_32)
FNDA:4,(anonymous_33)
FNDA:1,(anonymous_34)
FNDA:21,(anonymous_35)
FNDA:42,(anonymous_36)
FNDA:1,(anonymous_37)
FNDA:3,(anonymous_38)
FNDA:3,(anonymous_39)
FNDA:2,(anonymous_40)
FNDA:15,(anonymous_41)
FNDA:9,(anonymous_42)
FNDA:4,(anonymous_43)
FNDA:14,(anonymous_44)
FNDA:3,(anonymous_45)
FNDA:1,(anonymous_46)
FNDA:1,(anonymous_47)
FNDA:0,(anonymous_48)
FNDA:0,(anonymous_49)
FNDA:1,(anonymous_50)
FNDA:1,(anonymous_51)
FNDA:0,(anonymous_52)
FNDA:0,(anonymous_53)
FNDA:0,(anonymous_54)
FNDA:0,(anonymous_55)
FNDA:0,(anonymous_56)
FNDA:0,(anonymous_57)
FNDA:0,(anonymous_58)
FNDA:0,(anonymous_59)
FNDA:0,(anonymous_60)
FNDA:2,(anonymous_61)
FNDA:2,(anonymous_62)
FNDA:0,(anonymous_63)
FNDA:0,(anonymous_64)
FNDA:0,(anonymous_65)
FNDA:0,(anonymous_66)
FNDA:0,(anonymous_67)
FNDA:0,(anonymous_68)
FNDA:0,(anonymous_69)
FNDA:0,(anonymous_70)
FNDA:0,(anonymous_71)
FNDA:0,(anonymous_72)
FNDA:0,(anonymous_73)
FNDA:0,(anonymous_74)
FNDA:133,(anonymous_75)
FNDA:0,(anonymous_76)
FNDA:69,(anonymous_77)
FNDA:0,(anonymous_78)
FNDA:0,(anonymous_79)
FNDA:5,(anonymous_80)
FNDA:1311,(anonymous_81)
FNDA:0,(anonymous_82)
FNDA:24,(anonymous_83)
FNDA:27,(anonymous_84)
FNDA:0,(anonymous_85)
FNDA:43,(anonymous_86)
FNDA:184,(anonymous_87)
FNDA:90,(anonymous_88)
FNDA:690,(anonymous_89)
FNDA:20,(anonymous_90)
FNDA:207,(anonymous_91)
FNDA:1,(anonymous_92)
FNDA:3,(anonymous_93)
FNDA:6,(anonymous_94)
FNDA:0,(anonymous_95)
FNDA:18,(anonymous_96)
FNDA:5,(anonymous_97)
FNDA:0,(anonymous_98)
FNDA:0,(anonymous_99)
FNDA:3,(anonymous_100)
FNDA:0,(anonymous_101)
FNDA:0,(anonymous_102)
FNDA:0,(anonymous_103)
FNDA:63,(anonymous_104)
FNDA:0,(anonymous_105)
FNDA:6,(anonymous_106)
FNDA:3,(anonymous_107)
FNDA:5,(anonymous_108)
FNDA:31,(anonymous_109)
FNDA:13,(anonymous_110)
FNDA:39,(anonymous_111)
FNDA:7,(anonymous_112)
FNDA:0,(anonymous_113)
FNDA:0,(anonymous_114)
FNDA:2,(anonymous_115)
FNDA:3,(anonymous_116)
FNDA:0,(anonymous_117)
DA:1,1
DA:3,1
DA:4,113
DA:5,113
DA:6,103
DA:7,103
DA:8,284
DA:9,284
DA:10,284
DA:11,284
DA:12,103
DA:13,103
DA:14,103
DA:15,103
DA:16,103
DA:19,103
DA:20,0
DA:21,0
DA:24,113
DA:27,1
DA:28,110
DA:30,27
DA:31,27
DA:33,0
DA:34,11
DA:35,36
DA:36,0
DA:40,1
DA:41,3
DA:42,3
DA:43,2
DA:46,1
DA:47,15
DA:48,15
DA:49,15
DA:50,15
DA:51,15
DA:52,15
DA:53,15
DA:54,15
DA:55,15
DA:56,15
DA:57,15
DA:58,15
DA:59,15
DA:60,17
DA:61,26
DA:62,15
DA:63,15
DA:64,16
DA:65,15
DA:68,1
DA:69,6
DA:70,1
DA:72,6
DA:73,4
DA:75,6
DA:76,6
DA:77,6
DA:78,6
DA:79,6
DA:80,12
DA:83,6
DA:84,42
DA:85,42
DA:86,157
DA:89,6
DA:90,21
DA:91,448
DA:94,6
DA:95,21
DA:96,21
DA:97,26
DA:98,26
DA:99,40
DA:101,21
DA:103,6
DA:104,4
DA:105,4
DA:106,4
DA:107,4
DA:108,0
DA:110,4
DA:112,6
DA:113,1
DA:114,1
DA:115,1
DA:116,1
DA:118,6
DA:119,21
DA:120,21
DA:121,21
DA:122,21
DA:123,21
DA:124,21
DA:125,21
DA:126,21
DA:127,21
DA:128,21
DA:130,6
DA:132,6
DA:133,6
DA:134,42
DA:139,6
DA:140,3
DA:142,6
DA:143,6
DA:144,2
DA:145,1
DA:147,15
DA:148,6
DA:149,9
DA:150,3
DA:152,6
DA:153,4
DA:154,4
DA:155,8
DA:157,4
DA:158,4
DA:166,6
DA:167,14
DA:169,6
DA:170,6
DA:171,6
DA:172,20
DA:174,6
DA:178,1
DA:179,3
DA:180,3
DA:181,3
DA:182,3
DA:183,2
DA:184,1
DA:187,1
DA:188,1
DA:189,1
DA:190,1
DA:191,2
DA:192,2
DA:193,1
DA:196,1
DA:197,1
DA:198,1
DA:199,1
DA:200,1
DA:201,1
DA:202,1
DA:203,1
DA:204,1
DA:205,2
DA:206,1
DA:207,1
DA:208,1
DA:209,1
DA:210,1
DA:211,1
DA:212,13
DA:213,1
DA:216,1
DA:217,133
DA:218,133
DA:220,133
DA:221,133
DA:222,181
DA:223,111
DA:226,70
DA:230,133
DA:231,30
DA:234,133
DA:237,1
DA:238,69
DA:240,69
DA:241,0
DA:242,0
DA:245,69
DA:247,69
DA:248,1311
DA:249,1311
DA:250,1311
DA:251,69
DA:252,0
DA:255,1242
DA:256,1242
DA:257,1242
DA:258,1242
DA:260,1311
DA:263,69
DA:265,69
DA:266,69
DA:268,69
DA:269,69
DA:271,69
DA:273,69
DA:274,69
DA:275,69
DA:277,69
DA:278,69
DA:279,69
DA:281,69
DA:282,69
DA:283,69
DA:286,69
DA:288,69
DA:290,184
DA:291,0
DA:293,184
DA:294,69
DA:295,69
DA:297,115
DA:298,115
DA:299,115
DA:300,115
DA:301,115
DA:302,115
DA:303,115
DA:304,43
DA:305,72
DA:306,21
DA:307,21
DA:308,0
DA:310,51
DA:311,0
DA:312,0
DA:313,0
DA:314,51
DA:315,27
DA:316,27
DA:317,24
DA:318,24
DA:319,24
DA:320,24
DA:321,24
DA:323,0
DA:325,115
DA:326,115
DA:327,115
DA:328,115
DA:329,115
DA:330,115
DA:334,69
DA:336,90
DA:337,90
DA:338,90
DA:339,90
DA:340,25
DA:341,25
DA:342,25
DA:344,90
DA:347,69
DA:348,690
DA:349,690
DA:350,20
DA:352,690
DA:356,69
DA:357,69
DA:358,69
DA:359,69
DA:360,69
DA:361,69
DA:363,69
DA:364,69
DA:365,69
DA:366,69
DA:367,69
DA:368,207
DA:369,207
DA:370,1
DA:372,207
DA:375,69
DA:376,69
DA:377,69
DA:379,69
DA:381,69
DA:383,69
DA:388,1
DA:389,3
DA:390,6
DA:391,0
DA:392,18
DA:393,5
DA:394,0
DA:395,0
DA:399,1
DA:400,3
DA:402,3
DA:403,0
DA:404,0
DA:407,3
DA:409,3
DA:410,63
DA:411,63
DA:412,63
DA:413,6
DA:414,0
DA:417,57
DA:418,57
DA:419,57
DA:420,57
DA:422,63
DA:425,3
DA:427,3
DA:428,3
DA:430,3
DA:431,3
DA:432,6
DA:434,3
DA:435,3
DA:436,3
DA:437,3
DA:438,1
DA:439,1
DA:440,1
DA:441,1
DA:443,0
DA:446,3
DA:447,3
DA:450,3
DA:451,3
DA:452,3
DA:453,5
DA:454,3
DA:457,2
DA:462,3
DA:464,3
DA:466,31
DA:467,0
DA:469,31
DA:470,2
DA:471,2
DA:473,29
DA:474,29
DA:475,29
DA:476,29
DA:477,29
DA:478,29
DA:479,29
DA:480,5
DA:481,24
DA:482,18
DA:483,18
DA:484,0
DA:486,6
DA:487,6
DA:488,6
DA:490,0
DA:492,29
DA:493,29
DA:494,29
DA:495,29
DA:497,29
DA:501,3
DA:503,13
DA:505,13
DA:507,13
DA:508,13
DA:509,7
DA:510,7
DA:512,7
DA:515,13
DA:518,3
DA:519,39
DA:520,39
DA:521,7
DA:523,39
DA:526,3
DA:527,3
DA:528,3
DA:529,3
DA:530,3
DA:531,3
DA:533,3
DA:534,3
DA:535,3
DA:536,3
DA:538,3
DA:539,0
DA:542,3
DA:543,0
DA:546,3
DA:548,3
DA:549,2
DA:550,2
DA:551,2
DA:553,3
DA:554,3
DA:556,3
DA:557,3
DA:558,3
DA:559,0
DA:561,3
DA:564,3
DA:566,3
DA:568,3
DA:570,3
DA:573,1
LF:395
LH:368
BRDA:11,0,0,103
BRDA:11,0,1,181
BRDA:15,1,0,103
BRDA:15,1,1,0
BRDA:19,2,0,0
BRDA:19,2,1,103
BRDA:30,3,0,0
BRDA:30,3,1,27
BRDA:42,4,0,1
BRDA:42,4,1,2
BRDA:42,5,0,3
BRDA:42,5,1,3
BRDA:59,6,0,1
BRDA:59,6,1,0
BRDA:86,7,0,42
BRDA:86,7,1,115
BRDA:91,8,0,21
BRDA:91,8,1,427
BRDA:98,9,0,2
BRDA:98,9,1,24
BRDA:107,10,0,0
BRDA:107,10,1,4
BRDA:107,11,0,4
BRDA:107,11,1,2
BRDA:107,11,2,2
BRDA:107,11,3,0
BRDA:120,12,0,0
BRDA:120,12,1,21
BRDA:144,13,0,1
BRDA:144,13,1,1
BRDA:149,14,0,6
BRDA:149,14,1,3
BRDA:179,15,0,0
BRDA:179,15,1,3
BRDA:181,16,0,2
BRDA:181,16,1,1
BRDA:182,17,0,2
BRDA:182,17,1,1
BRDA:182,18,0,3
BRDA:182,18,1,1
BRDA:197,19,0,1
BRDA:197,19,1,1
BRDA:203,20,0,0
BRDA:203,20,1,0
BRDA:205,21,0,0
BRDA:205,21,1,2
BRDA:205,22,0,0
BRDA:205,22,1,2
BRDA:212,23,0,13
BRDA:212,23,1,0
BRDA:218,24,0,1
BRDA:218,24,1,132
BRDA:222,25,0,111
BRDA:222,25,1,70
BRDA:230,26,0,103
BRDA:230,26,1,30
BRDA:231,27,0,30
BRDA:231,27,1,0
BRDA:249,28,0,1311
BRDA:249,28,1,276
BRDA:250,29,0,69
BRDA:250,29,1,1242
BRDA:251,30,0,0
BRDA:251,30,1,69
BRDA:271,31,0,24
BRDA:271,31,1,0
BRDA:290,32,0,0
BRDA:290,32,1,184
BRDA:290,33,0,184
BRDA:290,33,1,0
BRDA:293,34,0,69
BRDA:293,34,1,115
BRDA:303,35,0,43
BRDA:303,35,1,72
BRDA:305,36,0,21
BRDA:305,36,1,51
BRDA:307,37,0,0
BRDA:307,37,1,21
BRDA:310,38,0,0
BRDA:310,38,1,51
BRDA:314,39,0,27
BRDA:314,39,1,24
BRDA:317,40,0,24
BRDA:317,40,1,0
BRDA:328,41,0,24
BRDA:328,41,1,91
BRDA:329,42,0,24
BRDA:329,42,1,91
BRDA:349,43,0,690
BRDA:349,43,1,690
BRDA:369,44,0,207
BRDA:369,44,1,207
BRDA:379,45,0,0
BRDA:379,45,1,69
BRDA:411,46,0,63
BRDA:411,46,1,15
BRDA:412,47,0,6
BRDA:412,47,1,57
BRDA:413,48,0,0
BRDA:413,48,1,6
BRDA:437,49,0,1
BRDA:437,49,1,2
BRDA:440,50,0,1
BRDA:440,50,1,0
BRDA:453,51,0,3
BRDA:453,51,1,2
BRDA:466,52,0,0
BRDA:466,52,1,31
BRDA:466,53,0,31
BRDA:466,53,1,5
BRDA:469,54,0,2
BRDA:469,54,1,29
BRDA:479,55,0,5
BRDA:479,55,1,24
BRDA:481,56,0,18
BRDA:481,56,1,6
BRDA:483,57,0,0
BRDA:483,57,1,18
BRDA:486,58,0,6
BRDA:486,58,1,0
BRDA:495,59,0,0
BRDA:495,59,1,29
BRDA:520,60,0,39
BRDA:520,60,1,30
BRDA:558,61,0,3
BRDA:558,61,1,3
BRDA:566,62,0,0
BRDA:566,62,1,3
BRF:128
BRH:99
end_of_record
TN:
SF:/home/zoom/suit/guppy/src/guppy_symbols.js
FN:3,(anonymous_0)
FN:8,(anonymous_1)
FN:12,(anonymous_2)
FN:17,(anonymous_3)
FN:34,(anonymous_4)
FN:62,(anonymous_5)
FNF:6
FNH:4
FNDA:0,(anonymous_0)
FNDA:0,(anonymous_1)
FNDA:50,(anonymous_2)
FNDA:430,(anonymous_3)
FNDA:1,(anonymous_4)
FNDA:78,(anonymous_5)
DA:1,1
DA:3,1
DA:4,0
DA:5,0
DA:8,1
DA:9,0
DA:12,1
DA:13,50
DA:14,50
DA:17,1
DA:18,430
DA:19,430
DA:20,256
DA:21,256
DA:22,364
DA:24,256
DA:27,174
DA:28,380
DA:30,174
DA:34,1
DA:35,1
DA:36,1
DA:37,1
DA:38,3
DA:40,1
DA:42,1
DA:43,25
DA:44,3
DA:45,48
DA:46,42
DA:47,42
DA:50,6
DA:51,6
DA:53,48
DA:57,22
DA:62,1
DA:67,78
DA:68,78
DA:69,175
DA:71,78
DA:72,12
DA:73,12
DA:77,78
DA:78,78
DA:79,78
DA:83,78
DA:84,167
DA:85,167
DA:87,167
DA:88,167
DA:89,167
DA:90,167
DA:91,603
DA:92,603
DA:93,218
DA:94,218
DA:95,32
DA:96,32
DA:97,32
DA:98,62
DA:104,167
DA:105,603
DA:106,385
DA:107,385
DA:110,218
DA:111,218
DA:112,312
DA:114,218
DA:115,94
DA:116,94
DA:117,94
DA:119,218
DA:122,167
DA:125,78
DA:126,94
DA:127,94
DA:128,40
DA:129,40
DA:130,60
DA:134,54
DA:135,54
DA:136,54
DA:138,94
DA:139,94
DA:140,78
DA:141,257
DA:144,94
DA:145,16
DA:146,16
DA:147,2
DA:150,14
DA:151,28
DA:152,28
DA:153,28
DA:154,28
DA:155,28
DA:159,78
DA:161,78
DA:165,1
LF:99
LH:96
BRDA:19,0,0,256
BRDA:19,0,1,174
BRDA:36,1,0,1
BRDA:36,1,1,0
BRDA:43,2,0,3
BRDA:43,2,1,22
BRDA:45,3,0,42
BRDA:45,3,1,6
BRDA:71,4,0,12
BRDA:71,4,1,66
BRDA:72,5,0,12
BRDA:72,5,1,0
BRDA:73,6,0,0
BRDA:73,6,1,12
BRDA:88,7,0,167
BRDA:88,7,1,0
BRDA:92,8,0,218
BRDA:92,8,1,385
BRDA:94,9,0,32
BRDA:94,9,1,186
BRDA:105,10,0,385
BRDA:105,10,1,218
BRDA:105,11,0,603
BRDA:105,11,1,218
BRDA:114,12,0,94
BRDA:114,12,1,124
BRDA:115,13,0,59
BRDA:115,13,1,35
BRDA:116,14,0,16
BRDA:116,14,1,78
BRDA:127,15,0,40
BRDA:127,15,1,54
BRDA:138,16,0,59
BRDA:138,16,1,35
BRDA:139,17,0,78
BRDA:139,17,1,16
BRDA:140,18,0,78
BRDA:140,18,1,0
BRDA:144,19,0,16
BRDA:144,19,1,78
BRDA:146,20,0,2
BRDA:146,20,1,14
BRDA:146,21,0,16
BRDA:146,21,1,2
BRDA:155,22,0,14
BRDA:155,22,1,14
BRF:46
BRH:41
end_of_record
TN:
SF:/home/zoom/suit/guppy/src/guppy_settings.js
FN:46,(anonymous_0)
FN:53,(anonymous_1)
FN:57,(anonymous_2)
FN:61,(anonymous_3)
FN:66,(anonymous_4)
FN:82,(anonymous_5)
FN:96,(anonymous_6)
FN:97,(anonymous_7)
FN:119,(anonymous_8)
FNF:9
FNH:3
FNDA:81,(anonymous_0)
FNDA:3,(anonymous_1)
FNDA:0,(anonymous_2)
FNDA:0,(anonymous_3)
FNDA:0,(anonymous_4)
FNDA:0,(anonymous_5)
FNDA:0,(anonymous_6)
FNDA:0,(anonymous_7)
FNDA:1,(anonymous_8)
DA:1,1
DA:4,1
DA:5,1
DA:6,1
DA:7,1
DA:8,1
DA:17,1
DA:22,1
DA:23,1
DA:24,1
DA:25,1
DA:26,1
DA:30,1
DA:31,1
DA:32,1
DA:33,1
DA:37,1
DA:38,1
DA:39,1
DA:40,1
DA:44,1
DA:46,1
DA:47,81
DA:48,81
DA:49,81
DA:50,81
DA:53,1
DA:54,3
DA:55,3
DA:56,3
DA:57,3
DA:58,3
DA:61,1
DA:62,0
DA:63,0
DA:66,1
DA:67,0
DA:68,0
DA:69,0
DA:70,0
DA:71,0
DA:72,0
DA:73,0
DA:74,0
DA:77,0
DA:82,1
DA:83,0
DA:84,0
DA:85,0
DA:86,0
DA:87,0
DA:88,0
DA:90,0
DA:94,0
DA:95,0
DA:96,0
DA:97,0
DA:98,0
DA:99,0
DA:102,0
DA:103,0
DA:104,0
DA:105,0
DA:106,0
DA:108,0
DA:109,0
DA:110,0
DA:111,0
DA:112,0
DA:113,0
DA:119,1
DA:120,1
DA:121,3
DA:122,3
DA:125,1
DA:126,1
DA:127,1
DA:128,1
DA:129,1
DA:130,1
DA:131,1
DA:132,1
DA:133,1
DA:134,1
DA:135,1
DA:139,1
DA:140,70
DA:141,70
DA:142,70
DA:146,1
LF:90
LH:55
BRDA:67,0,0,0
BRDA:67,0,1,0
BRDA:69,1,0,0
BRDA:69,1,1,0
BRDA:83,2,0,0
BRDA:83,2,1,0
BRDA:88,3,0,0
BRDA:88,3,1,0
BRF:8
BRH:0
end_of_record
