TN:
SF:/home/zoom/suit/guppy/src/guppy.js
FN:26,(anonymous_0)
FN:50,(anonymous_1)
FN:54,(anonymous_2)
FN:55,(anonymous_3)
FN:56,(anonymous_4)
FN:76,(anonymous_5)
FN:92,(anonymous_6)
FN:97,(anonymous_7)
FN:175,(anonymous_8)
FN:190,(anonymous_9)
FN:251,(anonymous_10)
FN:252,(anonymous_11)
FN:292,(anonymous_12)
FN:309,outer
FN:310,(anonymous_14)
FN:312,(anonymous_15)
FN:325,(anonymous_16)
FN:336,(anonymous_17)
FN:349,(anonymous_18)
FN:383,(anonymous_19)
FN:452,(anonymous_20)
FN:458,(anonymous_21)
FN:500,(anonymous_22)
FN:522,(anonymous_23)
FN:543,(anonymous_24)
FN:571,(anonymous_25)
FN:591,(anonymous_26)
FN:599,(anonymous_27)
FN:607,(anonymous_28)
FN:616,(anonymous_29)
FN:624,(anonymous_30)
FN:633,(anonymous_31)
FN:641,(anonymous_32)
FN:666,(anonymous_33)
FN:685,(anonymous_34)
FN:699,(anonymous_35)
FN:707,(anonymous_36)
FN:716,(anonymous_37)
FN:727,(anonymous_38)
FN:736,(anonymous_39)
FN:744,(anonymous_40)
FN:759,(anonymous_41)
FN:889,(anonymous_42)
FN:893,(anonymous_43)
FN:893,(anonymous_44)
FN:906,(anonymous_45)
FN:906,(anonymous_46)
FN:925,(anonymous_47)
FN:925,(anonymous_48)
FN:942,(anonymous_49)
FN:942,(anonymous_50)
FNF:51
FNH:48
FNDA:18,(anonymous_0)
FNDA:0,(anonymous_1)
FNDA:3,(anonymous_2)
FNDA:3,(anonymous_3)
FNDA:3,(anonymous_4)
FNDA:5,(anonymous_5)
FNDA:3,(anonymous_6)
FNDA:9,(anonymous_7)
FNDA:2,(anonymous_8)
FNDA:1,(anonymous_9)
FNDA:1,(anonymous_10)
FNDA:1,(anonymous_11)
FNDA:0,(anonymous_12)
FNDA:1,outer
FNDA:1,(anonymous_14)
FNDA:1,(anonymous_15)
FNDA:1,(anonymous_16)
FNDA:1,(anonymous_17)
FNDA:1513,(anonymous_18)
FNDA:9,(anonymous_19)
FNDA:8,(anonymous_20)
FNDA:8,(anonymous_21)
FNDA:2,(anonymous_22)
FNDA:3,(anonymous_23)
FNDA:1880,(anonymous_24)
FNDA:1885,(anonymous_25)
FNDA:1,(anonymous_26)
FNDA:1,(anonymous_27)
FNDA:1,(anonymous_28)
FNDA:1,(anonymous_29)
FNDA:1,(anonymous_30)
FNDA:1,(anonymous_31)
FNDA:0,(anonymous_32)
FNDA:4,(anonymous_33)
FNDA:1,(anonymous_34)
FNDA:1,(anonymous_35)
FNDA:1,(anonymous_36)
FNDA:8,(anonymous_37)
FNDA:107,(anonymous_38)
FNDA:3,(anonymous_39)
FNDA:224,(anonymous_40)
FNDA:104,(anonymous_41)
FNDA:1,(anonymous_42)
FNDA:68,(anonymous_43)
FNDA:444,(anonymous_44)
FNDA:14,(anonymous_45)
FNDA:43,(anonymous_46)
FNDA:37,(anonymous_47)
FNDA:143,(anonymous_48)
FNDA:6,(anonymous_49)
FNDA:3,(anonymous_50)
DA:1,1
DA:2,1
DA:3,1
DA:4,1
DA:5,1
DA:6,1
DA:7,1
DA:26,1
DA:27,18
DA:28,17
DA:29,17
DA:31,0
DA:33,1
DA:34,1
DA:35,1
DA:37,1
DA:38,1
DA:40,1
DA:41,1
DA:42,1
DA:44,1
DA:45,1
DA:46,1
DA:47,1
DA:48,1
DA:49,4
DA:50,0
DA:51,0
DA:52,0
DA:54,4
DA:55,3
DA:56,3
DA:60,1
DA:62,1
DA:63,1
DA:64,1
DA:65,1
DA:67,1
DA:69,1
DA:72,1
DA:73,1
DA:74,1
DA:75,1
DA:76,5
DA:77,1
DA:78,0
DA:79,0
DA:80,0
DA:82,1
DA:83,1
DA:86,1
DA:87,1
DA:88,1
DA:89,1
DA:90,1
DA:92,1
DA:93,3
DA:94,3
DA:95,3
DA:96,3
DA:97,3
DA:98,9
DA:99,9
DA:100,9
DA:101,9
DA:102,9
DA:105,3
DA:175,1
DA:176,2
DA:177,2
DA:179,2
DA:180,2
DA:181,2
DA:190,1
DA:191,1
DA:192,1
DA:193,1
DA:194,1
DA:195,1
DA:251,1
DA:252,1
DA:253,1
DA:254,1
DA:255,1
DA:256,1
DA:257,1
DA:260,1
DA:268,1
DA:269,7
DA:272,1
DA:273,1
DA:274,1
DA:275,1
DA:278,1
DA:279,0
DA:280,0
DA:281,0
DA:284,1
DA:285,1
DA:287,1
DA:288,0
DA:289,0
DA:290,0
DA:291,0
DA:292,0
DA:293,0
DA:294,0
DA:295,0
DA:299,1
DA:300,1
DA:302,1
DA:303,1
DA:304,1
DA:305,1
DA:307,1
DA:308,1
DA:309,1
DA:310,1
DA:311,1
DA:312,1
DA:313,1
DA:314,1
DA:315,1
DA:317,1
DA:318,1
DA:321,1
DA:323,1
DA:324,1
DA:325,1
DA:326,1
DA:327,1
DA:329,1
DA:332,0
DA:336,1
DA:337,1
DA:338,1
DA:339,1
DA:340,1
DA:341,1
DA:342,0
DA:344,1
DA:345,1
DA:346,1
DA:349,1
DA:350,1513
DA:351,1513
DA:352,1513
DA:353,1512
DA:354,1512
DA:359,1512
DA:360,1512
DA:361,11286
DA:362,11286
DA:363,5745
DA:364,5745
DA:365,5745
DA:366,5745
DA:367,22190
DA:368,5745
DA:376,5745
DA:380,1512
DA:383,1
DA:384,9
DA:385,9
DA:386,9
DA:387,9
DA:388,9
DA:389,9
DA:390,9
DA:392,9
DA:393,9
DA:394,9
DA:395,3
DA:396,3
DA:399,9
DA:400,9
DA:401,9
DA:402,3
DA:403,3
DA:404,3
DA:405,21
DA:406,18
DA:407,18
DA:408,18
DA:409,9
DA:412,3
DA:414,9
DA:415,9
DA:416,44
DA:417,44
DA:418,6
DA:419,6
DA:421,38
DA:422,38
DA:423,38
DA:424,38
DA:425,15
DA:426,15
DA:427,15
DA:430,9
DA:431,9
DA:432,9
DA:433,9
DA:434,9
DA:436,9
DA:437,6
DA:439,9
DA:440,9
DA:441,3
DA:442,3
DA:443,2
DA:444,1
DA:445,1
DA:446,3
DA:447,1
DA:449,9
DA:452,1
DA:453,8
DA:454,8
DA:455,8
DA:458,1
DA:459,8
DA:460,8
DA:461,8
DA:462,8
DA:463,8
DA:464,8
DA:465,8
DA:466,8
DA:467,8
DA:468,8
DA:469,8
DA:471,8
DA:472,8
DA:473,8
DA:474,8
DA:475,8
DA:476,3
DA:479,5
DA:480,5
DA:481,5
DA:482,5
DA:483,5
DA:485,8
DA:487,8
DA:489,0
DA:490,0
DA:492,0
DA:494,0
DA:495,0
DA:496,0
DA:500,1
DA:501,2
DA:502,2
DA:503,1
DA:504,1
DA:505,1
DA:506,1
DA:507,0
DA:510,1
DA:511,1
DA:512,1
DA:514,1
DA:517,0
DA:518,0
DA:522,1
DA:523,3
DA:524,3
DA:525,3
DA:526,0
DA:527,0
DA:529,3
DA:530,0
DA:531,0
DA:533,3
DA:534,3
DA:535,3
DA:539,1
DA:540,1
DA:541,1
DA:543,1
DA:545,1880
DA:546,1880
DA:547,1880
DA:548,1880
DA:549,1880
DA:550,1880
DA:551,1880
DA:552,1880
DA:553,1880
DA:554,1880
DA:555,1880
DA:556,1880
DA:559,0
DA:561,0
DA:571,1
DA:572,1885
DA:573,5
DA:574,5
DA:575,5
DA:576,5
DA:578,1880
DA:579,1880
DA:580,1880
DA:581,1880
DA:582,1880
DA:583,1512
DA:591,1
DA:592,1
DA:599,1
DA:600,1
DA:607,1
DA:608,1
DA:616,1
DA:617,1
DA:624,1
DA:625,1
DA:633,1
DA:634,1
DA:641,1
DA:642,0
DA:666,1
DA:667,4
DA:668,4
DA:669,4
DA:670,4
DA:685,1
DA:686,1
DA:699,1
DA:700,1
DA:707,1
DA:708,1
DA:716,1
DA:717,8
DA:727,1
DA:728,107
DA:736,1
DA:737,3
DA:744,1
DA:745,224
DA:746,224
DA:747,224
DA:748,224
DA:749,224
DA:750,224
DA:751,224
DA:759,1
DA:760,104
DA:761,104
DA:762,104
DA:763,104
DA:764,103
DA:766,1
DA:767,1
DA:769,104
DA:770,104
DA:771,104
DA:772,104
DA:773,103
DA:774,103
DA:781,1
DA:783,1
DA:788,1
DA:796,1
DA:812,1
DA:835,1
DA:875,1
DA:879,1
DA:880,26
DA:881,26
DA:886,1
DA:887,10
DA:889,1
DA:890,1
DA:891,1
DA:892,1
DA:893,68
DA:894,444
DA:895,444
DA:896,444
DA:897,0
DA:900,444
DA:902,444
DA:903,444
DA:905,1
DA:906,14
DA:907,43
DA:908,43
DA:913,43
DA:914,1
DA:917,42
DA:919,42
DA:921,43
DA:922,43
DA:924,1
DA:925,37
DA:926,143
DA:928,143
DA:929,1
DA:932,142
DA:933,142
DA:934,142
DA:936,143
DA:938,143
DA:940,1
DA:941,21
DA:942,6
DA:943,3
DA:944,3
DA:945,3
DA:946,3
DA:947,3
DA:949,3
DA:954,1
LF:414
LH:377
BRDA:27,0,0,17
BRDA:27,0,1,1
BRDA:28,1,0,17
BRDA:28,1,1,0
BRDA:34,2,0,1
BRDA:34,2,1,1
BRDA:35,3,0,1
BRDA:35,3,1,1
BRDA:40,4,0,1
BRDA:40,4,1,1
BRDA:44,5,0,1
BRDA:44,5,1,1
BRDA:47,6,0,1
BRDA:47,6,1,0
BRDA:49,7,0,0
BRDA:49,7,1,4
BRDA:49,8,0,4
BRDA:49,8,1,1
BRDA:51,9,0,0
BRDA:51,9,1,0
BRDA:54,10,0,1
BRDA:54,10,1,3
BRDA:55,11,0,1
BRDA:55,11,1,2
BRDA:56,12,0,1
BRDA:56,12,1,1
BRDA:76,13,0,5
BRDA:76,13,1,0
BRDA:77,14,0,0
BRDA:77,14,1,1
BRDA:77,15,0,1
BRDA:77,15,1,0
BRDA:96,16,0,3
BRDA:96,16,1,0
BRDA:99,17,0,9
BRDA:99,17,1,0
BRDA:100,18,0,9
BRDA:100,18,1,0
BRDA:176,19,0,2
BRDA:176,19,1,0
BRDA:191,20,0,1
BRDA:191,20,1,0
BRDA:194,21,0,1
BRDA:194,21,1,0
BRDA:278,22,0,0
BRDA:278,22,1,1
BRDA:284,23,0,1
BRDA:284,23,1,0
BRDA:287,24,0,0
BRDA:287,24,1,1
BRDA:290,25,0,0
BRDA:290,25,1,0
BRDA:293,26,0,0
BRDA:293,26,1,0
BRDA:294,27,0,0
BRDA:294,27,1,0
BRDA:299,28,0,1
BRDA:299,28,1,0
BRDA:302,29,0,1
BRDA:302,29,1,0
BRDA:304,30,0,1
BRDA:304,30,1,0
BRDA:327,31,0,1
BRDA:327,31,1,0
BRDA:329,32,0,1
BRDA:329,32,1,0
BRDA:338,33,0,0
BRDA:338,33,1,1
BRDA:341,34,0,0
BRDA:341,34,1,1
BRDA:342,35,0,0
BRDA:342,35,1,0
BRDA:342,35,2,0
BRDA:342,35,3,0
BRDA:352,36,0,1
BRDA:352,36,1,1512
BRDA:362,37,0,5541
BRDA:362,37,1,5745
BRDA:364,38,0,0
BRDA:364,38,1,5745
BRDA:364,39,0,5745
BRDA:364,39,1,0
BRDA:364,39,2,0
BRDA:364,39,3,0
BRDA:367,40,0,5745
BRDA:367,40,1,16445
BRDA:393,41,0,0
BRDA:393,41,1,9
BRDA:394,42,0,3
BRDA:394,42,1,6
BRDA:400,43,0,0
BRDA:400,43,1,9
BRDA:401,44,0,3
BRDA:401,44,1,6
BRDA:405,45,0,3
BRDA:405,45,1,18
BRDA:408,46,0,9
BRDA:408,46,1,9
BRDA:414,47,0,0
BRDA:414,47,1,9
BRDA:417,48,0,6
BRDA:417,48,1,38
BRDA:418,49,0,6
BRDA:418,49,1,0
BRDA:424,50,0,15
BRDA:424,50,1,23
BRDA:424,51,0,38
BRDA:424,51,1,29
BRDA:436,52,0,6
BRDA:436,52,1,3
BRDA:436,53,0,9
BRDA:436,53,1,6
BRDA:440,54,0,3
BRDA:440,54,1,6
BRDA:440,55,0,9
BRDA:440,55,1,3
BRDA:442,56,0,1
BRDA:442,56,1,2
BRDA:443,57,0,1
BRDA:443,57,1,1
BRDA:444,58,0,0
BRDA:444,58,1,1
BRDA:445,59,0,0
BRDA:445,59,1,1
BRDA:446,60,0,2
BRDA:446,60,1,1
BRDA:455,61,0,8
BRDA:455,61,1,0
BRDA:459,62,0,0
BRDA:459,62,1,8
BRDA:463,63,0,8
BRDA:463,63,1,0
BRDA:467,64,0,0
BRDA:467,64,1,8
BRDA:474,65,0,8
BRDA:474,65,1,0
BRDA:475,66,0,3
BRDA:475,66,1,5
BRDA:480,67,0,0
BRDA:480,67,1,5
BRDA:489,68,0,0
BRDA:489,68,1,0
BRDA:489,69,0,0
BRDA:489,69,1,0
BRDA:502,70,0,1
BRDA:502,70,1,1
BRDA:503,71,0,1
BRDA:503,71,1,0
BRDA:506,72,0,0
BRDA:506,72,1,1
BRDA:506,73,0,1
BRDA:506,73,1,1
BRDA:506,73,2,1
BRDA:506,73,3,1
BRDA:511,74,0,0
BRDA:511,74,1,1
BRDA:525,75,0,0
BRDA:525,75,1,3
BRDA:529,76,0,0
BRDA:529,76,1,3
BRDA:534,77,0,0
BRDA:534,77,1,3
BRDA:546,78,0,1880
BRDA:546,78,1,0
BRDA:552,79,0,6
BRDA:552,79,1,1874
BRDA:572,80,0,5
BRDA:572,80,1,1880
BRDA:572,81,0,1885
BRDA:572,81,1,106
BRDA:582,82,0,1512
BRDA:582,82,1,368
BRDA:749,83,0,224
BRDA:749,83,1,0
BRDA:763,84,0,103
BRDA:763,84,1,1
BRDA:766,85,0,1
BRDA:766,85,1,0
BRDA:772,86,0,103
BRDA:772,86,1,1
BRDA:894,87,0,0
BRDA:894,87,1,444
BRDA:896,88,0,0
BRDA:896,88,1,444
BRDA:896,89,0,444
BRDA:896,89,1,18
BRDA:907,90,0,0
BRDA:907,90,1,43
BRDA:913,91,0,1
BRDA:913,91,1,42
BRDA:914,92,0,1
BRDA:914,92,1,0
BRDA:926,93,0,0
BRDA:926,93,1,143
BRDA:928,94,0,1
BRDA:928,94,1,142
BRDA:928,95,0,143
BRDA:928,95,1,8
BRDA:941,96,0,6
BRDA:941,96,1,15
BRDA:941,97,0,21
BRDA:941,97,1,18
BRDA:941,97,2,10
BRDA:943,98,0,0
BRDA:943,98,1,3
BRDA:945,99,0,3
BRDA:945,99,1,0
BRF:207
BRH:137
end_of_record
TN:
SF:/home/zoom/suit/guppy/lib/mousetrap/mousetrap.min.js
FN:2,(anonymous_0)
FN:2,w
FN:2,A
FN:2,F
FN:2,x
FN:3,B
FN:3,E
FN:3,c
FN:3,b
FN:4,g
FN:4,f
FN:5,d
FN:5,p
FN:5,l
FN:5,(anonymous_14)
FN:5,g
FN:6,q
FN:7,(anonymous_17)
FN:7,(anonymous_18)
FN:9,(anonymous_19)
FN:9,(anonymous_20)
FN:9,(anonymous_21)
FN:9,(anonymous_22)
FN:9,(anonymous_23)
FN:10,(anonymous_24)
FN:10,(anonymous_25)
FN:10,(anonymous_26)
FN:10,(anonymous_27)
FN:10,(anonymous_28)
FN:10,(anonymous_29)
FN:11,(anonymous_30)
FNF:31
FNH:14
FNDA:1,(anonymous_0)
FNDA:3,w
FNDA:0,A
FNDA:0,F
FNDA:182,x
FNDA:125,B
FNDA:0,E
FNDA:2,c
FNDA:0,b
FNDA:125,g
FNDA:0,f
FNDA:0,d
FNDA:0,p
FNDA:0,l
FNDA:0,(anonymous_14)
FNDA:0,g
FNDA:125,q
FNDA:0,(anonymous_17)
FNDA:125,(anonymous_18)
FNDA:125,(anonymous_19)
FNDA:0,(anonymous_20)
FNDA:0,(anonymous_21)
FNDA:633,(anonymous_22)
FNDA:0,(anonymous_23)
FNDA:0,(anonymous_24)
FNDA:0,(anonymous_25)
FNDA:1,(anonymous_26)
FNDA:1,(anonymous_27)
FNDA:7,(anonymous_28)
FNDA:758,(anonymous_29)
FNDA:0,(anonymous_30)
DA:2,182
DA:3,182
DA:4,125
DA:5,0
DA:6,125
DA:7,125
DA:8,1
DA:9,633
DA:10,758
DA:11,1
LF:10
LH:9
BRDA:2,0,0,3
BRDA:2,0,1,0
BRDA:2,1,0,0
BRDA:2,1,1,0
BRDA:2,2,0,0
BRDA:2,2,1,0
BRDA:2,3,0,0
BRDA:2,3,1,0
BRDA:2,4,0,0
BRDA:2,4,1,0
BRDA:2,5,0,0
BRDA:2,5,1,0
BRDA:2,6,0,0
BRDA:2,6,1,0
BRDA:2,7,0,0
BRDA:2,7,1,0
BRDA:2,8,0,0
BRDA:2,8,1,0
BRDA:2,9,0,182
BRDA:2,9,1,145
BRDA:2,9,2,129
BRDA:2,9,3,125
BRDA:3,10,0,1
BRDA:3,10,1,124
BRDA:3,11,0,182
BRDA:3,11,1,16
BRDA:3,12,0,182
BRDA:3,12,1,0
BRDA:3,12,2,0
BRDA:3,12,3,0
BRDA:3,13,0,182
BRDA:3,13,1,57
BRDA:3,14,0,125
BRDA:3,14,1,0
BRDA:3,15,0,1
BRDA:3,15,1,124
BRDA:3,16,0,52
BRDA:3,16,1,31
BRDA:3,16,2,42
BRDA:3,16,3,42
BRDA:3,17,0,26
BRDA:3,17,1,99
BRDA:3,18,0,125
BRDA:3,18,1,99
BRDA:3,18,2,38
BRDA:3,19,0,0
BRDA:3,19,1,0
BRDA:3,20,0,0
BRDA:3,20,1,0
BRDA:3,21,0,0
BRDA:3,21,1,0
BRDA:4,22,0,0
BRDA:4,22,1,0
BRDA:4,23,0,0
BRDA:4,23,1,0
BRDA:4,24,0,0
BRDA:4,24,1,0
BRDA:4,25,0,0
BRDA:4,25,1,125
BRDA:4,26,0,125
BRDA:4,26,1,0
BRDA:4,26,2,0
BRDA:4,27,0,38
BRDA:4,27,1,38
BRDA:4,28,0,76
BRDA:4,28,1,76
BRDA:4,28,2,0
BRDA:4,28,3,76
BRDA:4,29,0,38
BRDA:4,29,1,37
BRDA:4,30,0,38
BRDA:4,30,1,1
BRDA:4,30,2,1
BRDA:4,31,0,38
BRDA:4,31,1,1
BRDA:4,32,0,1
BRDA:4,32,1,0
BRDA:4,32,2,0
BRDA:4,33,0,1
BRDA:4,33,1,1
BRDA:4,33,2,0
BRDA:4,33,3,1
BRDA:4,34,0,0
BRDA:4,34,1,0
BRDA:4,34,2,0
BRDA:5,35,0,0
BRDA:5,35,1,0
BRDA:5,36,0,0
BRDA:5,36,1,0
BRDA:5,37,0,0
BRDA:5,37,1,0
BRDA:5,38,0,0
BRDA:5,38,1,0
BRDA:5,39,0,0
BRDA:5,39,1,0
BRDA:5,40,0,0
BRDA:5,40,1,0
BRDA:5,41,0,0
BRDA:5,41,1,0
BRDA:5,42,0,0
BRDA:5,42,1,0
BRDA:5,43,0,0
BRDA:5,43,1,0
BRDA:5,44,0,0
BRDA:5,44,1,0
BRDA:6,45,0,0
BRDA:6,45,1,125
BRDA:6,46,0,125
BRDA:6,46,1,72
BRDA:6,47,0,0
BRDA:6,47,1,125
BRDA:6,48,0,2
BRDA:6,48,1,0
BRDA:6,49,0,1
BRDA:6,49,1,1
BRDA:7,50,0,0
BRDA:7,50,1,0
BRDA:7,51,0,0
BRDA:7,51,1,0
BRDA:7,52,0,0
BRDA:7,52,1,0
BRDA:7,53,0,0
BRDA:7,53,1,0
BRDA:7,54,0,0
BRDA:7,54,1,0
BRDA:7,55,0,0
BRDA:7,55,1,0
BRDA:7,55,2,0
BRDA:7,55,3,0
BRDA:7,56,0,0
BRDA:7,56,1,0
BRDA:7,57,0,1
BRDA:7,57,1,0
BRDA:9,58,0,0
BRDA:9,58,1,1
BRDA:9,59,0,0
BRDA:9,59,1,125
BRDA:9,60,0,633
BRDA:9,60,1,0
BRDA:10,61,0,0
BRDA:10,61,1,0
BRDA:10,62,0,0
BRDA:10,62,1,0
BRDA:10,63,0,0
BRDA:10,63,1,0
BRDA:10,63,2,0
BRDA:10,63,3,0
BRDA:10,64,0,1
BRDA:10,64,1,1
BRDA:10,65,0,11
BRDA:10,65,1,7
BRDA:11,66,0,1
BRDA:11,66,1,1
BRDA:11,66,2,1
BRDA:11,67,0,1
BRDA:11,67,1,0
BRDA:11,67,2,0
BRDA:11,68,0,1
BRDA:11,68,1,0
BRDA:11,69,0,1
BRDA:11,69,1,0
BRF:161
BRH:63
end_of_record
TN:
SF:/home/zoom/suit/guppy/lib/katex/katex-modified.min.js
FN:1,(anonymous_0)
FN:1,(anonymous_1)
FN:1,e
FN:1,n
FN:1,(anonymous_4)
FN:1,(anonymous_5)
FN:1,h
FN:1,e
FN:1,e
FN:1,e
FN:1,e
FN:1,e
FN:1,(anonymous_12)
FN:1,(anonymous_13)
FN:1,(anonymous_14)
FN:1,(anonymous_15)
FN:1,(anonymous_16)
FN:1,(anonymous_17)
FN:1,(anonymous_18)
FN:1,(anonymous_19)
FN:1,(anonymous_20)
FN:1,i
FN:1,(anonymous_22)
FN:1,e
FN:1,(anonymous_24)
FN:1,(anonymous_25)
FN:1,u
FN:1,(anonymous_27)
FN:1,e
FN:1,(anonymous_29)
FN:1,(anonymous_30)
FN:1,i
FN:1,(anonymous_32)
FN:1,(anonymous_33)
FN:1,(anonymous_34)
FN:1,(anonymous_35)
FN:1,(anonymous_36)
FN:1,e
FN:1,(anonymous_38)
FN:1,e
FN:1,(anonymous_40)
FN:1,(anonymous_41)
FN:1,(anonymous_42)
FN:1,(anonymous_43)
FN:1,(anonymous_44)
FN:1,(anonymous_45)
FN:1,(anonymous_46)
FN:1,(anonymous_47)
FN:1,(anonymous_48)
FN:1,(anonymous_49)
FN:1,(anonymous_50)
FN:1,(anonymous_51)
FN:1,(anonymous_52)
FN:1,(anonymous_53)
FN:1,(anonymous_54)
FN:1,(anonymous_55)
FN:1,(anonymous_56)
FN:1,(anonymous_57)
FN:1,(anonymous_58)
FN:1,(anonymous_59)
FN:1,(anonymous_60)
FN:1,(anonymous_61)
FN:1,(anonymous_62)
FN:1,(anonymous_63)
FN:1,(anonymous_64)
FN:1,(anonymous_65)
FN:1,(anonymous_66)
FN:1,(anonymous_67)
FN:1,(anonymous_68)
FN:1,(anonymous_69)
FN:1,(anonymous_70)
FN:1,(anonymous_71)
FN:1,(anonymous_72)
FN:1,(anonymous_73)
FN:1,(anonymous_74)
FN:1,(anonymous_75)
FN:1,(anonymous_76)
FN:1,(anonymous_77)
FN:1,(anonymous_78)
FN:1,(anonymous_79)
FN:1,(anonymous_80)
FN:1,(anonymous_81)
FN:1,(anonymous_82)
FN:1,(anonymous_83)
FN:1,(anonymous_84)
FN:1,(anonymous_85)
FN:1,(anonymous_86)
FN:1,(anonymous_87)
FN:1,(anonymous_88)
FN:1,(anonymous_89)
FN:1,(anonymous_90)
FN:1,(anonymous_91)
FN:1,(anonymous_92)
FN:1,(anonymous_93)
FN:1,(anonymous_94)
FN:1,(anonymous_95)
FN:1,(anonymous_96)
FN:1,(anonymous_97)
FN:1,(anonymous_98)
FN:1,(anonymous_99)
FN:1,(anonymous_100)
FN:1,(anonymous_101)
FN:1,(anonymous_102)
FN:1,(anonymous_103)
FN:1,t
FN:1,t
FN:1,t
FN:1,e
FN:1,(anonymous_108)
FN:1,(anonymous_109)
FN:1,(anonymous_110)
FN:1,(anonymous_111)
FN:1,(anonymous_112)
FN:1,(anonymous_113)
FN:1,(anonymous_114)
FN:1,(anonymous_115)
FN:1,(anonymous_116)
FN:1,(anonymous_117)
FN:1,(anonymous_118)
FN:1,(anonymous_119)
FN:1,(anonymous_120)
FN:1,(anonymous_121)
FN:1,(anonymous_122)
FN:1,(anonymous_123)
FN:1,(anonymous_124)
FN:1,(anonymous_125)
FN:1,(anonymous_126)
FN:1,(anonymous_127)
FN:1,e
FN:1,(anonymous_129)
FN:1,e
FN:1,(anonymous_131)
FN:1,e
FN:1,(anonymous_133)
FN:1,(anonymous_134)
FN:1,(anonymous_135)
FN:1,(anonymous_136)
FN:1,(anonymous_137)
FN:1,e
FN:1,(anonymous_139)
FN:1,(anonymous_140)
FN:1,(anonymous_141)
FN:1,(anonymous_142)
FN:1,(anonymous_143)
FN:1,(anonymous_144)
FN:1,(anonymous_145)
FN:1,(anonymous_146)
FN:1,(anonymous_147)
FN:1,(anonymous_148)
FN:1,(anonymous_149)
FN:1,(anonymous_150)
FN:1,(anonymous_151)
FN:1,(anonymous_152)
FN:1,(anonymous_153)
FN:1,(anonymous_154)
FN:1,(anonymous_155)
FN:1,(anonymous_156)
FN:1,(anonymous_157)
FN:1,(anonymous_158)
FN:1,(anonymous_159)
FN:1,(anonymous_160)
FN:1,(anonymous_161)
FN:1,(anonymous_162)
FN:1,(anonymous_163)
FN:1,(anonymous_164)
FN:1,(anonymous_165)
FN:1,(anonymous_166)
FN:1,(anonymous_167)
FN:1,(anonymous_168)
FN:1,(anonymous_169)
FN:1,(anonymous_170)
FN:1,(anonymous_171)
FN:1,(anonymous_172)
FN:1,(anonymous_173)
FN:1,(anonymous_174)
FN:1,(anonymous_175)
FN:1,(anonymous_176)
FN:1,(anonymous_177)
FN:1,e
FN:1,(anonymous_179)
FN:1,(anonymous_180)
FN:1,(anonymous_181)
FN:1,(anonymous_182)
FN:1,(anonymous_183)
FN:1,(anonymous_184)
FN:1,t
FN:1,(anonymous_186)
FN:1,(anonymous_187)
FN:1,(anonymous_188)
FN:1,(anonymous_189)
FN:1,(anonymous_190)
FN:1,a
FN:1,n
FN:1,(anonymous_193)
FN:1,l
FN:1,u
FN:1,(anonymous_196)
FN:1,(anonymous_197)
FN:1,(anonymous_198)
FN:1,(anonymous_199)
FN:1,v
FN:1,(anonymous_201)
FN:1,e
FN:1,e
FN:1,(anonymous_204)
FN:1,b
FN:1,(anonymous_206)
FN:1,e
FN:1,e
FN:1,e
FN:1,e
FN:1,e
FN:1,e
FN:1,e
FN:1,e
FN:1,e
FN:1,e
FN:1,e
FN:1,(anonymous_218)
FN:1,s
FN:1,e
FN:1,(anonymous_221)
FN:1,e
FN:1,t
FN:1,e
FN:1,e
FN:1,e
FN:1,t
FN:1,e
FN:1,e
FN:1,e
FN:1,e
FN:1,e
FN:1,e
FN:1,t
FN:1,e
FN:1,t
FN:2,(anonymous_237)
FN:2,o
FN:2,e
FN:2,(anonymous_240)
FN:2,o
FN:2,e
FN:2,(anonymous_243)
FN:2,M
FN:2,_
FN:2,S
FN:2,z
FN:2,T
FN:2,(anonymous_249)
FN:2,e
FN:2,e
FN:2,e
FN:2,e
FN:2,e
FN:2,e
FN:2,t
FN:2,e
FN:2,t
FN:2,e
FN:2,e
FN:2,t
FN:2,e
FN:2,e
FN:2,e
FN:2,e
FN:2,e
FN:2,e
FN:2,e
FN:2,e
FN:2,e
FN:2,e
FN:2,e
FN:2,e
FN:2,e
FN:2,e
FN:2,e
FN:2,(anonymous_277)
FN:2,u
FN:2,e
FN:2,(anonymous_280)
FN:2,s
FN:2,(anonymous_282)
FN:2,e
FN:2,t
FN:2,(anonymous_285)
FN:2,u
FN:2,(anonymous_287)
FN:2,e
FN:2,e
FN:2,e
FN:2,e
FN:2,e
FN:2,e
FN:2,e
FN:2,e
FN:2,(anonymous_296)
FN:2,s
FN:2,(anonymous_298)
FN:2,e
FN:2,t
FN:2,(anonymous_301)
FN:2,p
FN:2,e
FN:2,e
FN:2,e
FN:2,e
FN:2,e
FN:2,e
FN:2,e
FN:2,e
FN:2,e
FN:2,e
FN:2,e
FN:2,e
FN:2,e
FN:2,e
FN:2,e
FN:2,e
FN:2,e
FN:2,e
FN:2,e
FN:2,e
FN:2,(anonymous_323)
FN:2,x
FN:2,e
FN:2,e
FN:2,e
FN:2,e
FN:2,e
FN:2,e
FN:2,e
FN:2,e
FN:2,e
FN:2,e
FN:2,e
FN:2,(anonymous_336)
FN:2,(anonymous_337)
FN:2,(anonymous_338)
FN:2,(anonymous_339)
FN:2,(anonymous_340)
FN:2,(anonymous_341)
FN:2,(anonymous_342)
FN:2,(anonymous_343)
FN:2,(anonymous_344)
FN:2,(anonymous_345)
FN:2,(anonymous_346)
FN:2,(anonymous_347)
FN:2,(anonymous_348)
FN:3,E
FN:3,(anonymous_350)
FN:3,(anonymous_351)
FN:3,(anonymous_352)
FN:3,(anonymous_353)
FN:3,(anonymous_354)
FN:3,(anonymous_355)
FN:3,(anonymous_356)
FN:3,(anonymous_357)
FN:3,(anonymous_358)
FN:3,(anonymous_359)
FN:3,(anonymous_360)
FN:3,(anonymous_361)
FN:3,e
FN:3,P
FN:3,(anonymous_364)
FN:3,y
FN:3,e
FN:3,e
FN:3,(anonymous_368)
FN:3,(anonymous_369)
FN:3,(anonymous_370)
FN:3,(anonymous_371)
FN:3,(anonymous_372)
FN:3,(anonymous_373)
FN:3,(anonymous_374)
FN:3,(anonymous_375)
FN:3,(anonymous_376)
FN:3,(anonymous_377)
FN:3,(anonymous_378)
FN:3,(anonymous_379)
FN:3,(anonymous_380)
FN:3,(anonymous_381)
FN:3,(anonymous_382)
FN:3,(anonymous_383)
FN:3,(anonymous_384)
FN:3,(anonymous_385)
FN:3,(anonymous_386)
FN:3,(anonymous_387)
FN:3,(anonymous_388)
FN:3,(anonymous_389)
FN:3,(anonymous_390)
FN:3,(anonymous_391)
FN:3,(anonymous_392)
FN:3,e
FN:3,e
FN:3,z
FN:3,(anonymous_396)
FN:3,p
FN:3,e
FN:3,(anonymous_399)
FN:3,s
FN:3,d
FN:3,(anonymous_402)
FN:3,l
FN:3,e
FN:3,(anonymous_405)
FN:3,g
FN:3,e
FN:3,e
FN:3,e
FN:3,e
FN:3,e
FN:3,e
FN:3,e
FN:3,e
FN:3,e
FN:3,e
FN:3,e
FN:3,e
FN:3,e
FN:3,e
FN:3,e
FN:3,(anonymous_422)
FN:3,v
FN:3,e
FN:3,(anonymous_425)
FN:3,e
FN:3,e
FN:3,e
FN:3,e
FN:3,e
FN:3,(anonymous_431)
FN:3,e
FN:3,e
FN:3,e
FN:3,e
FN:3,e
FN:3,(anonymous_437)
FN:3,e
FN:3,e
FN:3,e
FN:3,(anonymous_441)
FN:3,e
FN:3,t
FN:3,e
FN:3,e
FN:3,(anonymous_446)
FN:3,e
FN:3,e
FN:3,e
FN:3,(anonymous_450)
FN:3,e
FN:3,e
FN:4,e
FN:4,(anonymous_454)
FN:4,e
FN:4,e
FN:4,e
FN:4,(anonymous_458)
FN:4,e
FN:4,e
FN:4,(anonymous_461)
FN:4,k
FN:4,M
FN:4,_
FN:4,S
FN:4,e
FN:4,e
FN:4,(anonymous_468)
FN:4,(anonymous_469)
FN:4,e
FN:4,(anonymous_471)
FN:4,e
FN:4,(anonymous_473)
FN:4,e
FN:4,e
FN:4,e
FN:4,(anonymous_477)
FN:4,l
FN:4,e
FN:4,e
FN:4,(anonymous_481)
FN:5,(anonymous_482)
FN:5,d
FN:5,e
FN:5,(anonymous_485)
FN:5,(anonymous_486)
FN:5,(anonymous_487)
FN:5,(anonymous_488)
FN:5,(anonymous_489)
FN:5,(anonymous_490)
FN:5,(anonymous_491)
FN:5,(anonymous_492)
FN:5,(anonymous_493)
FN:5,(anonymous_494)
FN:5,(anonymous_495)
FN:5,(anonymous_496)
FN:5,(anonymous_497)
FN:5,(anonymous_498)
FN:5,(anonymous_499)
FN:5,(anonymous_500)
FN:5,(anonymous_501)
FN:5,(anonymous_502)
FN:5,(anonymous_503)
FN:5,(anonymous_504)
FN:5,(anonymous_505)
FN:5,(anonymous_506)
FN:5,(anonymous_507)
FN:5,h
FN:5,v
FN:5,e
FN:5,e
FN:5,e
FN:5,e
FN:5,(anonymous_514)
FN:5,y
FN:5,x
FN:6,M
FN:6,e
FN:6,e
FN:6,e
FN:6,e
FN:6,e
FN:6,e
FN:6,e
FN:6,e
FN:6,e
FN:6,(anonymous_527)
FN:6,g
FN:6,b
FN:6,e
FN:6,e
FN:6,e
FN:6,(anonymous_533)
FN:6,h
FN:6,v
FN:6,e
FN:6,e
FN:6,e
FN:6,(anonymous_539)
FN:6,c
FN:6,e
FN:6,e
FN:6,e
FN:6,(anonymous_544)
FN:6,h
FN:6,v
FN:6,e
FN:6,e
FN:6,e
FN:6,(anonymous_550)
FN:6,p
FN:6,m
FN:6,e
FN:6,e
FN:6,e
FN:6,e
FN:6,(anonymous_557)
FN:6,p
FN:6,m
FN:6,e
FN:6,e
FN:6,e
FN:6,e
FN:6,(anonymous_564)
FN:6,y
FN:6,x
FN:6,e
FN:6,e
FN:6,e
FN:6,e
FN:6,(anonymous_571)
FN:6,p
FN:6,m
FN:6,e
FN:6,e
FN:6,e
FN:6,(anonymous_577)
FN:6,h
FN:6,v
FN:6,e
FN:6,e
FN:6,e
FN:6,(anonymous_583)
FN:6,h
FN:6,v
FN:6,e
FN:6,e
FN:6,e
FN:6,e
FN:6,e
FN:6,e
FN:6,e
FN:6,e
FN:6,e
FN:6,(anonymous_595)
FN:6,f
FN:6,e
FN:6,e
FN:6,e
FN:6,(anonymous_600)
FN:6,h
FN:6,v
FN:6,e
FN:6,e
FN:6,e
FN:6,(anonymous_606)
FN:6,h
FN:6,v
FN:6,e
FN:6,e
FN:6,e
FN:6,(anonymous_612)
FN:6,h
FN:6,v
FN:6,e
FN:6,e
FN:6,e
FN:6,(anonymous_618)
FN:6,f
FN:6,c
FN:6,(anonymous_621)
FN:6,(anonymous_622)
FN:7,(anonymous_623)
FN:7,(anonymous_624)
FN:7,(anonymous_625)
FN:7,(anonymous_626)
FN:7,(anonymous_627)
FN:7,d
FN:7,(anonymous_629)
FN:7,e
FN:7,e
FN:7,e
FN:7,e
FN:7,(anonymous_634)
FN:7,e
FN:7,e
FN:7,e
FN:7,(anonymous_638)
FN:7,i
FN:7,e
FN:7,(anonymous_641)
FN:7,h
FN:7,e
FN:7,e
FN:7,e
FN:7,a
FN:7,e
FN:7,e
FN:7,(anonymous_649)
FN:7,(anonymous_650)
FN:7,n
FN:8,(anonymous_652)
FN:8,(anonymous_653)
FN:8,u
FN:8,e
FN:8,e
FN:8,(anonymous_657)
FN:8,e
FN:8,e
FN:8,e
FN:8,e
FN:8,d
FN:8,(anonymous_663)
FN:8,e
FN:8,e
FN:8,v
FNF:667
FNH:468
FNDA:1,(anonymous_0)
FNDA:1,(anonymous_1)
FNDA:1,e
FNDA:386,n
FNDA:384,(anonymous_4)
FNDA:1,(anonymous_5)
FNDA:5,h
FNDA:1954,e
FNDA:0,e
FNDA:0,e
FNDA:0,e
FNDA:1954,e
FNDA:1,(anonymous_12)
FNDA:1,(anonymous_13)
FNDA:1,(anonymous_14)
FNDA:1,(anonymous_15)
FNDA:1,(anonymous_16)
FNDA:1,(anonymous_17)
FNDA:1,(anonymous_18)
FNDA:1007339,(anonymous_19)
FNDA:1,(anonymous_20)
FNDA:1,i
FNDA:1,(anonymous_22)
FNDA:16,e
FNDA:16,(anonymous_24)
FNDA:1,(anonymous_25)
FNDA:2,u
FNDA:1,(anonymous_27)
FNDA:0,e
FNDA:0,(anonymous_29)
FNDA:1,(anonymous_30)
FNDA:1,i
FNDA:0,(anonymous_32)
FNDA:1,(anonymous_33)
FNDA:1,(anonymous_34)
FNDA:1,(anonymous_35)
FNDA:1,(anonymous_36)
FNDA:1954,e
FNDA:1,(anonymous_38)
FNDA:84,e
FNDA:1,(anonymous_40)
FNDA:1,(anonymous_41)
FNDA:3,(anonymous_42)
FNDA:1,(anonymous_43)
FNDA:3,(anonymous_44)
FNDA:1,(anonymous_45)
FNDA:79907,(anonymous_46)
FNDA:1,(anonymous_47)
FNDA:1,(anonymous_48)
FNDA:0,(anonymous_49)
FNDA:1,(anonymous_50)
FNDA:1,(anonymous_51)
FNDA:0,(anonymous_52)
FNDA:0,(anonymous_53)
FNDA:1,(anonymous_54)
FNDA:1,(anonymous_55)
FNDA:1,(anonymous_56)
FNDA:1,(anonymous_57)
FNDA:0,(anonymous_58)
FNDA:1,(anonymous_59)
FNDA:3,(anonymous_60)
FNDA:0,(anonymous_61)
FNDA:0,(anonymous_62)
FNDA:0,(anonymous_63)
FNDA:0,(anonymous_64)
FNDA:1,(anonymous_65)
FNDA:0,(anonymous_66)
FNDA:1,(anonymous_67)
FNDA:1,(anonymous_68)
FNDA:1,(anonymous_69)
FNDA:0,(anonymous_70)
FNDA:0,(anonymous_71)
FNDA:1,(anonymous_72)
FNDA:1,(anonymous_73)
FNDA:4,(anonymous_74)
FNDA:0,(anonymous_75)
FNDA:0,(anonymous_76)
FNDA:1,(anonymous_77)
FNDA:3,(anonymous_78)
FNDA:1,(anonymous_79)
FNDA:1,(anonymous_80)
FNDA:4,(anonymous_81)
FNDA:1,(anonymous_82)
FNDA:1,(anonymous_83)
FNDA:0,(anonymous_84)
FNDA:0,(anonymous_85)
FNDA:1,(anonymous_86)
FNDA:0,(anonymous_87)
FNDA:0,(anonymous_88)
FNDA:1,(anonymous_89)
FNDA:0,(anonymous_90)
FNDA:1,(anonymous_91)
FNDA:0,(anonymous_92)
FNDA:1,(anonymous_93)
FNDA:79907,(anonymous_94)
FNDA:1,(anonymous_95)
FNDA:0,(anonymous_96)
FNDA:1,(anonymous_97)
FNDA:0,(anonymous_98)
FNDA:2,(anonymous_99)
FNDA:1,(anonymous_100)
FNDA:0,(anonymous_101)
FNDA:2,(anonymous_102)
FNDA:2,(anonymous_103)
FNDA:0,t
FNDA:0,t
FNDA:0,t
FNDA:0,e
FNDA:1,(anonymous_108)
FNDA:1,(anonymous_109)
FNDA:1,(anonymous_110)
FNDA:1,(anonymous_111)
FNDA:1,(anonymous_112)
FNDA:1,(anonymous_113)
FNDA:1,(anonymous_114)
FNDA:0,(anonymous_115)
FNDA:1,(anonymous_116)
FNDA:1,(anonymous_117)
FNDA:1,(anonymous_118)
FNDA:0,(anonymous_119)
FNDA:1,(anonymous_120)
FNDA:0,(anonymous_121)
FNDA:0,(anonymous_122)
FNDA:0,(anonymous_123)
FNDA:0,(anonymous_124)
FNDA:1,(anonymous_125)
FNDA:0,(anonymous_126)
FNDA:0,(anonymous_127)
FNDA:0,e
FNDA:1,(anonymous_129)
FNDA:0,e
FNDA:1,(anonymous_131)
FNDA:0,e
FNDA:1,(anonymous_133)
FNDA:0,(anonymous_134)
FNDA:1,(anonymous_135)
FNDA:0,(anonymous_136)
FNDA:1,(anonymous_137)
FNDA:0,e
FNDA:1,(anonymous_139)
FNDA:1,(anonymous_140)
FNDA:1,(anonymous_141)
FNDA:1,(anonymous_142)
FNDA:3,(anonymous_143)
FNDA:1,(anonymous_144)
FNDA:1,(anonymous_145)
FNDA:4,(anonymous_146)
FNDA:1,(anonymous_147)
FNDA:3,(anonymous_148)
FNDA:1,(anonymous_149)
FNDA:2,(anonymous_150)
FNDA:1,(anonymous_151)
FNDA:1,(anonymous_152)
FNDA:0,(anonymous_153)
FNDA:1,(anonymous_154)
FNDA:0,(anonymous_155)
FNDA:1,(anonymous_156)
FNDA:0,(anonymous_157)
FNDA:1,(anonymous_158)
FNDA:0,(anonymous_159)
FNDA:1,(anonymous_160)
FNDA:0,(anonymous_161)
FNDA:1,(anonymous_162)
FNDA:0,(anonymous_163)
FNDA:1,(anonymous_164)
FNDA:0,(anonymous_165)
FNDA:1,(anonymous_166)
FNDA:2,(anonymous_167)
FNDA:1,(anonymous_168)
FNDA:9,(anonymous_169)
FNDA:1,(anonymous_170)
FNDA:79907,(anonymous_171)
FNDA:1,(anonymous_172)
FNDA:79907,(anonymous_173)
FNDA:1,(anonymous_174)
FNDA:0,(anonymous_175)
FNDA:1,(anonymous_176)
FNDA:1,(anonymous_177)
FNDA:0,e
FNDA:1,(anonymous_179)
FNDA:0,(anonymous_180)
FNDA:0,(anonymous_181)
FNDA:1,(anonymous_182)
FNDA:1,(anonymous_183)
FNDA:1,(anonymous_184)
FNDA:0,t
FNDA:1,(anonymous_186)
FNDA:0,(anonymous_187)
FNDA:0,(anonymous_188)
FNDA:1,(anonymous_189)
FNDA:1,(anonymous_190)
FNDA:380992,a
FNDA:380992,n
FNDA:1,(anonymous_193)
FNDA:0,l
FNDA:1,u
FNDA:10,(anonymous_196)
FNDA:20,(anonymous_197)
FNDA:0,(anonymous_198)
FNDA:1,(anonymous_199)
FNDA:5,v
FNDA:1,(anonymous_201)
FNDA:1954,e
FNDA:382946,e
FNDA:1,(anonymous_204)
FNDA:7,b
FNDA:1,(anonymous_206)
FNDA:1954,e
FNDA:401719,e
FNDA:382940,e
FNDA:765886,e
FNDA:0,e
FNDA:18773,e
FNDA:0,e
FNDA:382940,e
FNDA:0,e
FNDA:382940,e
FNDA:0,e
FNDA:1,(anonymous_218)
FNDA:3,s
FNDA:4887,e
FNDA:1,(anonymous_221)
FNDA:7869,e
FNDA:5915,t
FNDA:2149,e
FNDA:164,e
FNDA:328,e
FNDA:3909,t
FNDA:2020,e
FNDA:1975,e
FNDA:13,e
FNDA:0,e
FNDA:65,e
FNDA:2971,e
FNDA:82,t
FNDA:12542,e
FNDA:18300,t
FNDA:1,(anonymous_237)
FNDA:2,o
FNDA:0,e
FNDA:1,(anonymous_240)
FNDA:2,o
FNDA:51952,e
FNDA:1,(anonymous_243)
FNDA:9,M
FNDA:39403,_
FNDA:18631,S
FNDA:0,z
FNDA:57784,T
FNDA:1,(anonymous_249)
FNDA:1954,e
FNDA:47798,e
FNDA:382940,e
FNDA:17844,e
FNDA:1954,e
FNDA:1954,e
FNDA:17389,t
FNDA:17389,e
FNDA:397,t
FNDA:0,e
FNDA:28854,e
FNDA:28854,t
FNDA:3461,e
FNDA:27533,e
FNDA:18381,e
FNDA:18621,e
FNDA:24694,e
FNDA:92123,e
FNDA:15772,e
FNDA:0,e
FNDA:0,e
FNDA:0,e
FNDA:0,e
FNDA:7408,e
FNDA:18383,e
FNDA:932,e
FNDA:33053,e
FNDA:1,(anonymous_277)
FNDA:2,u
FNDA:1954,e
FNDA:1,(anonymous_280)
FNDA:3,s
FNDA:1,(anonymous_282)
FNDA:426480,e
FNDA:81465,t
FNDA:1,(anonymous_285)
FNDA:2,u
FNDA:1,(anonymous_287)
FNDA:8,e
FNDA:301,e
FNDA:96,e
FNDA:41,e
FNDA:41,e
FNDA:164,e
FNDA:490,e
FNDA:25428,e
FNDA:1,(anonymous_296)
FNDA:3,s
FNDA:1,(anonymous_298)
FNDA:412459,e
FNDA:29513,t
FNDA:1,(anonymous_301)
FNDA:6,p
FNDA:7782,e
FNDA:7737,e
FNDA:2145,e
FNDA:4248,e
FNDA:2597,e
FNDA:0,e
FNDA:4293,e
FNDA:78,e
FNDA:42517,e
FNDA:29343,e
FNDA:41,e
FNDA:0,e
FNDA:0,e
FNDA:13174,e
FNDA:891,e
FNDA:891,e
FNDA:0,e
FNDA:1696,e
FNDA:1696,e
FNDA:1696,e
FNDA:1,(anonymous_323)
FNDA:8,x
FNDA:25628,e
FNDA:25628,e
FNDA:1140,e
FNDA:995,e
FNDA:25628,e
FNDA:17474,e
FNDA:311,e
FNDA:313,e
FNDA:591,e
FNDA:393,e
FNDA:82,e
FNDA:2597,(anonymous_336)
FNDA:1696,(anonymous_337)
FNDA:577,(anonymous_338)
FNDA:229,(anonymous_339)
FNDA:178,(anonymous_340)
FNDA:531,(anonymous_341)
FNDA:0,(anonymous_342)
FNDA:4,(anonymous_343)
FNDA:1669,(anonymous_344)
FNDA:8364,(anonymous_345)
FNDA:313,(anonymous_346)
FNDA:0,(anonymous_347)
FNDA:164,(anonymous_348)
FNDA:815,E
FNDA:164,(anonymous_350)
FNDA:651,(anonymous_351)
FNDA:0,(anonymous_352)
FNDA:0,(anonymous_353)
FNDA:3641,(anonymous_354)
FNDA:0,(anonymous_355)
FNDA:0,(anonymous_356)
FNDA:0,(anonymous_357)
FNDA:0,(anonymous_358)
FNDA:0,(anonymous_359)
FNDA:0,(anonymous_360)
FNDA:0,(anonymous_361)
FNDA:26023,e
FNDA:1954,P
FNDA:1,(anonymous_364)
FNDA:8,y
FNDA:7304,e
FNDA:4870,e
FNDA:2597,(anonymous_368)
FNDA:1696,(anonymous_369)
FNDA:577,(anonymous_370)
FNDA:229,(anonymous_371)
FNDA:178,(anonymous_372)
FNDA:531,(anonymous_373)
FNDA:0,(anonymous_374)
FNDA:4,(anonymous_375)
FNDA:1669,(anonymous_376)
FNDA:8364,(anonymous_377)
FNDA:313,(anonymous_378)
FNDA:164,(anonymous_379)
FNDA:0,(anonymous_380)
FNDA:0,(anonymous_381)
FNDA:3641,(anonymous_382)
FNDA:0,(anonymous_383)
FNDA:651,(anonymous_384)
FNDA:164,(anonymous_385)
FNDA:0,(anonymous_386)
FNDA:0,(anonymous_387)
FNDA:0,(anonymous_388)
FNDA:0,(anonymous_389)
FNDA:0,(anonymous_390)
FNDA:0,(anonymous_391)
FNDA:0,(anonymous_392)
FNDA:17396,e
FNDA:26025,e
FNDA:1954,z
FNDA:1,(anonymous_396)
FNDA:6,p
FNDA:1954,e
FNDA:1,(anonymous_399)
FNDA:2,s
FNDA:6,d
FNDA:1,(anonymous_402)
FNDA:49,l
FNDA:4073,e
FNDA:1,(anonymous_405)
FNDA:7,g
FNDA:2439,e
FNDA:1198,e
FNDA:1190,e
FNDA:694,e
FNDA:496,e
FNDA:496,e
FNDA:24,e
FNDA:8,e
FNDA:164,e
FNDA:164,e
FNDA:0,e
FNDA:2415,e
FNDA:1362,e
FNDA:1198,e
FNDA:1198,e
FNDA:1,(anonymous_422)
FNDA:5,v
FNDA:35793,e
FNDA:1,(anonymous_425)
FNDA:29343,e
FNDA:1954,e
FNDA:0,e
FNDA:29892,e
FNDA:0,e
FNDA:1,(anonymous_431)
FNDA:0,e
FNDA:0,e
FNDA:0,e
FNDA:0,e
FNDA:0,e
FNDA:1,(anonymous_437)
FNDA:13383,e
FNDA:774,e
FNDA:0,e
FNDA:1,(anonymous_441)
FNDA:8410,e
FNDA:4,t
FNDA:8406,e
FNDA:0,e
FNDA:1,(anonymous_446)
FNDA:205,e
FNDA:205,e
FNDA:0,e
FNDA:1,(anonymous_450)
FNDA:205,e
FNDA:205,e
FNDA:0,e
FNDA:1,(anonymous_454)
FNDA:0,e
FNDA:0,e
FNDA:0,e
FNDA:1,(anonymous_458)
FNDA:240,e
FNDA:240,e
FNDA:1,(anonymous_461)
FNDA:2,k
FNDA:7,M
FNDA:240,_
FNDA:240,S
FNDA:240,e
FNDA:240,e
FNDA:366,(anonymous_468)
FNDA:565,(anonymous_469)
FNDA:0,e
FNDA:0,(anonymous_471)
FNDA:0,e
FNDA:0,(anonymous_473)
FNDA:240,e
FNDA:0,e
FNDA:0,e
FNDA:1,(anonymous_477)
FNDA:1,l
FNDA:10221,e
FNDA:4882,e
FNDA:1,(anonymous_481)
FNDA:1,(anonymous_482)
FNDA:4,d
FNDA:26,e
FNDA:164,(anonymous_485)
FNDA:8364,(anonymous_486)
FNDA:0,(anonymous_487)
FNDA:0,(anonymous_488)
FNDA:3641,(anonymous_489)
FNDA:0,(anonymous_490)
FNDA:0,(anonymous_491)
FNDA:209,(anonymous_492)
FNDA:0,(anonymous_493)
FNDA:83,(anonymous_494)
FNDA:0,(anonymous_495)
FNDA:0,(anonymous_496)
FNDA:0,(anonymous_497)
FNDA:0,(anonymous_498)
FNDA:0,(anonymous_499)
FNDA:0,(anonymous_500)
FNDA:0,(anonymous_501)
FNDA:0,(anonymous_502)
FNDA:126,(anonymous_503)
FNDA:480,(anonymous_504)
FNDA:0,(anonymous_505)
FNDA:0,(anonymous_506)
FNDA:1,(anonymous_507)
FNDA:2,h
FNDA:3,v
FNDA:2020,e
FNDA:2020,e
FNDA:0,e
FNDA:2020,e
FNDA:1,(anonymous_514)
FNDA:2,y
FNDA:6,x
FNDA:1198,M
FNDA:0,e
FNDA:0,e
FNDA:0,e
FNDA:1198,e
FNDA:599,e
FNDA:599,e
FNDA:0,e
FNDA:0,e
FNDA:0,e
FNDA:1,(anonymous_527)
FNDA:2,g
FNDA:5,b
FNDA:41,e
FNDA:41,e
FNDA:41,e
FNDA:1,(anonymous_533)
FNDA:2,h
FNDA:3,v
FNDA:0,e
FNDA:0,e
FNDA:0,e
FNDA:1,(anonymous_539)
FNDA:4,c
FNDA:0,e
FNDA:0,e
FNDA:0,e
FNDA:1,(anonymous_544)
FNDA:2,h
FNDA:3,v
FNDA:0,e
FNDA:0,e
FNDA:0,e
FNDA:1,(anonymous_550)
FNDA:2,p
FNDA:4,m
FNDA:0,e
FNDA:0,e
FNDA:0,e
FNDA:0,e
FNDA:1,(anonymous_557)
FNDA:2,p
FNDA:4,m
FNDA:0,e
FNDA:0,e
FNDA:0,e
FNDA:0,e
FNDA:1,(anonymous_564)
FNDA:2,y
FNDA:6,x
FNDA:294,e
FNDA:294,e
FNDA:2,e
FNDA:0,e
FNDA:1,(anonymous_571)
FNDA:2,p
FNDA:4,m
FNDA:0,e
FNDA:0,e
FNDA:0,e
FNDA:1,(anonymous_577)
FNDA:2,h
FNDA:3,v
FNDA:0,e
FNDA:0,e
FNDA:0,e
FNDA:1,(anonymous_583)
FNDA:2,h
FNDA:3,v
FNDA:1975,e
FNDA:1975,e
FNDA:1975,e
FNDA:0,e
FNDA:0,e
FNDA:0,e
FNDA:0,e
FNDA:0,e
FNDA:0,e
FNDA:1,(anonymous_595)
FNDA:3,f
FNDA:0,e
FNDA:0,e
FNDA:0,e
FNDA:1,(anonymous_600)
FNDA:2,h
FNDA:3,v
FNDA:0,e
FNDA:0,e
FNDA:0,e
FNDA:1,(anonymous_606)
FNDA:2,h
FNDA:3,v
FNDA:78,e
FNDA:78,e
FNDA:78,e
FNDA:1,(anonymous_612)
FNDA:2,h
FNDA:3,v
FNDA:0,e
FNDA:0,e
FNDA:0,e
FNDA:1,(anonymous_618)
FNDA:3,f
FNDA:74,c
FNDA:0,(anonymous_621)
FNDA:0,(anonymous_622)
FNDA:0,(anonymous_623)
FNDA:0,(anonymous_624)
FNDA:0,(anonymous_625)
FNDA:0,(anonymous_626)
FNDA:1,(anonymous_627)
FNDA:4,d
FNDA:1,(anonymous_629)
FNDA:36101,e
FNDA:15048,e
FNDA:35608,e
FNDA:0,e
FNDA:1,(anonymous_634)
FNDA:13108,e
FNDA:13108,e
FNDA:0,e
FNDA:1,(anonymous_638)
FNDA:1,i
FNDA:1954,e
FNDA:1,(anonymous_641)
FNDA:5,h
FNDA:0,e
FNDA:0,e
FNDA:0,e
FNDA:0,a
FNDA:0,e
FNDA:41,e
FNDA:1,(anonymous_649)
FNDA:1,(anonymous_650)
FNDA:903,n
FNDA:1,(anonymous_652)
FNDA:1,(anonymous_653)
FNDA:2,u
FNDA:7128,e
FNDA:7128,e
FNDA:1,(anonymous_657)
FNDA:59863,e
FNDA:58365,e
FNDA:10258,e
FNDA:0,e
FNDA:0,d
FNDA:0,(anonymous_663)
FNDA:1954,e
FNDA:0,e
FNDA:1954,v
DA:1,1007339
DA:2,426480
DA:3,56675
DA:4,10221
DA:5,8364
DA:6,1975
DA:7,46553
DA:8,59863
LF:8
LH:8
BRDA:1,0,0,1
BRDA:1,0,1,0
BRDA:1,1,0,1
BRDA:1,1,1,1
BRDA:1,2,0,0
BRDA:1,2,1,0
BRDA:1,3,0,0
BRDA:1,3,1,0
BRDA:1,4,0,0
BRDA:1,4,1,0
BRDA:1,5,0,0
BRDA:1,5,1,0
BRDA:1,6,0,0
BRDA:1,6,1,0
BRDA:1,7,0,126
BRDA:1,7,1,260
BRDA:1,8,0,0
BRDA:1,8,1,126
BRDA:1,9,0,0
BRDA:1,9,1,0
BRDA:1,10,0,0
BRDA:1,10,1,0
BRDA:1,11,0,0
BRDA:1,11,1,0
BRDA:1,12,0,0
BRDA:1,12,1,0
BRDA:1,13,0,384
BRDA:1,13,1,0
BRDA:1,14,0,1
BRDA:1,14,1,1
BRDA:1,15,0,5
BRDA:1,15,1,0
BRDA:1,16,0,5
BRDA:1,16,1,5
BRDA:1,17,0,1
BRDA:1,17,1,0
BRDA:1,18,0,0
BRDA:1,18,1,1
BRDA:1,19,0,0
BRDA:1,19,1,0
BRDA:1,20,0,0
BRDA:1,20,1,1007339
BRDA:1,21,0,1
BRDA:1,21,1,0
BRDA:1,22,0,1
BRDA:1,22,1,1
BRDA:1,23,0,84
BRDA:1,23,1,84
BRDA:1,24,0,84
BRDA:1,24,1,0
BRDA:1,25,0,15
BRDA:1,25,1,1
BRDA:1,26,0,1
BRDA:1,26,1,15
BRDA:1,27,0,2
BRDA:1,27,1,0
BRDA:1,28,0,2
BRDA:1,28,1,2
BRDA:1,29,0,0
BRDA:1,29,1,0
BRDA:1,30,0,0
BRDA:1,30,1,0
BRDA:1,31,0,0
BRDA:1,31,1,0
BRDA:1,32,0,0
BRDA:1,32,1,0
BRDA:1,33,0,0
BRDA:1,33,1,0
BRDA:1,34,0,0
BRDA:1,34,1,0
BRDA:1,35,0,0
BRDA:1,35,1,0
BRDA:1,36,0,1
BRDA:1,36,1,0
BRDA:1,37,0,1
BRDA:1,37,1,1
BRDA:1,38,0,0
BRDA:1,38,1,0
BRDA:1,39,0,1
BRDA:1,39,1,1
BRDA:1,40,0,0
BRDA:1,40,1,3
BRDA:1,41,0,0
BRDA:1,41,1,79907
BRDA:1,42,0,0
BRDA:1,42,1,0
BRDA:1,43,0,0
BRDA:1,43,1,0
BRDA:1,44,0,0
BRDA:1,44,1,0
BRDA:1,45,0,0
BRDA:1,45,1,0
BRDA:1,46,0,0
BRDA:1,46,1,0
BRDA:1,47,0,0
BRDA:1,47,1,0
BRDA:1,48,0,0
BRDA:1,48,1,0
BRDA:1,48,2,0
BRDA:1,49,0,0
BRDA:1,49,1,0
BRDA:1,50,0,0
BRDA:1,50,1,0
BRDA:1,51,0,0
BRDA:1,51,1,0
BRDA:1,52,0,0
BRDA:1,52,1,0
BRDA:1,53,0,0
BRDA:1,53,1,0
BRDA:1,54,0,0
BRDA:1,54,1,0
BRDA:1,55,0,0
BRDA:1,55,1,0
BRDA:1,56,0,0
BRDA:1,56,1,1
BRDA:1,57,0,0
BRDA:1,57,1,0
BRDA:1,58,0,0
BRDA:1,58,1,3
BRDA:1,59,0,0
BRDA:1,59,1,0
BRDA:1,59,2,0
BRDA:1,60,0,0
BRDA:1,60,1,0
BRDA:1,61,0,0
BRDA:1,61,1,0
BRDA:1,62,0,0
BRDA:1,62,1,0
BRDA:1,63,0,0
BRDA:1,63,1,4
BRDA:1,64,0,4
BRDA:1,64,1,2
BRDA:1,65,0,0
BRDA:1,65,1,4
BRDA:1,66,0,3
BRDA:1,66,1,1
BRDA:1,67,0,1
BRDA:1,67,1,0
BRDA:1,68,0,0
BRDA:1,68,1,4
BRDA:1,69,0,6
BRDA:1,69,1,6
BRDA:1,69,2,6
BRDA:1,70,0,0
BRDA:1,70,1,6
BRDA:1,71,0,6
BRDA:1,71,1,5
BRDA:1,72,0,5
BRDA:1,72,1,1
BRDA:1,73,0,0
BRDA:1,73,1,6
BRDA:1,74,0,6
BRDA:1,74,1,0
BRDA:1,75,0,0
BRDA:1,75,1,6
BRDA:1,76,0,6
BRDA:1,76,1,0
BRDA:1,77,0,0
BRDA:1,77,1,6
BRDA:1,78,0,6
BRDA:1,78,1,0
BRDA:1,79,0,0
BRDA:1,79,1,0
BRDA:1,80,0,0
BRDA:1,80,1,0
BRDA:1,80,2,0
BRDA:1,81,0,3
BRDA:1,81,1,3
BRDA:1,82,0,6
BRDA:1,82,1,3
BRDA:1,83,0,3
BRDA:1,83,1,3
BRDA:1,84,0,3
BRDA:1,84,1,1
BRDA:1,85,0,0
BRDA:1,85,1,3
BRDA:1,86,0,3
BRDA:1,86,1,0
BRDA:1,86,2,0
BRDA:1,87,0,1
BRDA:1,87,1,0
BRDA:1,88,0,1
BRDA:1,88,1,1
BRDA:1,89,0,0
BRDA:1,89,1,0
BRDA:1,90,0,0
BRDA:1,90,1,0
BRDA:1,91,0,0
BRDA:1,91,1,1
BRDA:1,92,0,1
BRDA:1,92,1,0
BRDA:1,93,0,0
BRDA:1,93,1,0
BRDA:1,94,0,1
BRDA:1,94,1,0
BRDA:1,95,0,1
BRDA:1,95,1,0
BRDA:1,96,0,0
BRDA:1,96,1,0
BRDA:1,97,0,0
BRDA:1,97,1,0
BRDA:1,97,2,0
BRDA:1,98,0,79907
BRDA:1,98,1,0
BRDA:1,99,0,0
BRDA:1,99,1,0
BRDA:1,100,0,0
BRDA:1,100,1,0
BRDA:1,101,0,1
BRDA:1,101,1,1
BRDA:1,102,0,2
BRDA:1,102,1,0
BRDA:1,103,0,2
BRDA:1,103,1,2
BRDA:1,104,0,0
BRDA:1,104,1,0
BRDA:1,105,0,2
BRDA:1,105,1,0
BRDA:1,105,2,0
BRDA:1,105,3,0
BRDA:1,106,0,2
BRDA:1,106,1,0
BRDA:1,107,0,1
BRDA:1,107,1,1
BRDA:1,108,0,0
BRDA:1,108,1,1
BRDA:1,109,0,1
BRDA:1,109,1,1
BRDA:1,110,0,1
BRDA:1,110,1,0
BRDA:1,111,0,2
BRDA:1,111,1,0
BRDA:1,112,0,2
BRDA:1,112,1,0
BRDA:1,113,0,0
BRDA:1,113,1,2
BRDA:1,114,0,2
BRDA:1,114,1,0
BRDA:1,115,0,0
BRDA:1,115,1,2
BRDA:1,116,0,2
BRDA:1,116,1,1
BRDA:1,116,2,1
BRDA:1,117,0,0
BRDA:1,117,1,2
BRDA:1,118,0,2
BRDA:1,118,1,2
BRDA:1,118,2,0
BRDA:1,118,3,0
BRDA:1,118,4,0
BRDA:1,119,0,1
BRDA:1,119,1,1
BRDA:1,120,0,1
BRDA:1,120,1,0
BRDA:1,121,0,0
BRDA:1,121,1,1
BRDA:1,122,0,0
BRDA:1,122,1,1
BRDA:1,123,0,0
BRDA:1,123,1,0
BRDA:1,124,0,1
BRDA:1,124,1,1
BRDA:1,125,0,0
BRDA:1,125,1,1
BRDA:1,126,0,1
BRDA:1,126,1,1
BRDA:1,127,0,1
BRDA:1,127,1,0
BRDA:1,128,0,0
BRDA:1,128,1,0
BRDA:1,129,0,0
BRDA:1,129,1,0
BRDA:1,130,0,0
BRDA:1,130,1,0
BRDA:1,131,0,0
BRDA:1,131,1,0
BRDA:1,132,0,0
BRDA:1,132,1,0
BRDA:1,133,0,0
BRDA:1,133,1,0
BRDA:1,134,0,0
BRDA:1,134,1,0
BRDA:1,135,0,0
BRDA:1,135,1,0
BRDA:1,136,0,0
BRDA:1,136,1,0
BRDA:1,137,0,0
BRDA:1,137,1,0
BRDA:1,138,0,0
BRDA:1,138,1,0
BRDA:1,138,2,0
BRDA:1,138,3,0
BRDA:1,139,0,1
BRDA:1,139,1,0
BRDA:1,140,0,0
BRDA:1,140,1,0
BRDA:1,141,0,0
BRDA:1,141,1,0
BRDA:1,142,0,1
BRDA:1,142,1,0
BRDA:1,143,0,0
BRDA:1,143,1,0
BRDA:1,144,0,0
BRDA:1,144,1,0
BRDA:1,145,0,0
BRDA:1,145,1,0
BRDA:1,146,0,0
BRDA:1,146,1,0
BRDA:1,147,0,1
BRDA:1,147,1,0
BRDA:1,148,0,1
BRDA:1,148,1,0
BRDA:1,149,0,0
BRDA:1,149,1,0
BRDA:1,150,0,0
BRDA:1,150,1,0
BRDA:1,151,0,0
BRDA:1,151,1,0
BRDA:1,152,0,0
BRDA:1,152,1,0
BRDA:1,153,0,0
BRDA:1,153,1,0
BRDA:1,154,0,0
BRDA:1,154,1,0
BRDA:1,155,0,0
BRDA:1,155,1,0
BRDA:1,156,0,0
BRDA:1,156,1,0
BRDA:1,157,0,1
BRDA:1,157,1,0
BRDA:1,158,0,1
BRDA:1,158,1,1
BRDA:1,159,0,1
BRDA:1,159,1,0
BRDA:1,160,0,2
BRDA:1,160,1,2
BRDA:1,161,0,4
BRDA:1,161,1,4
BRDA:1,162,0,2
BRDA:1,162,1,2
BRDA:1,163,0,3
BRDA:1,163,1,1
BRDA:1,164,0,1
BRDA:1,164,1,1
BRDA:1,165,0,2
BRDA:1,165,1,2
BRDA:1,166,0,0
BRDA:1,166,1,0
BRDA:1,167,0,0
BRDA:1,167,1,0
BRDA:1,168,0,0
BRDA:1,168,1,0
BRDA:1,169,0,0
BRDA:1,169,1,0
BRDA:1,170,0,0
BRDA:1,170,1,0
BRDA:1,170,2,0
BRDA:1,170,3,0
BRDA:1,170,4,0
BRDA:1,171,0,0
BRDA:1,171,1,0
BRDA:1,172,0,0
BRDA:1,172,1,0
BRDA:1,173,0,0
BRDA:1,173,1,0
BRDA:1,174,0,0
BRDA:1,174,1,0
BRDA:1,175,0,0
BRDA:1,175,1,0
BRDA:1,176,0,0
BRDA:1,176,1,0
BRDA:1,177,0,0
BRDA:1,177,1,0
BRDA:1,178,0,0
BRDA:1,178,1,0
BRDA:1,179,0,0
BRDA:1,179,1,0
BRDA:1,179,2,0
BRDA:1,180,0,0
BRDA:1,180,1,0
BRDA:1,181,0,0
BRDA:1,181,1,0
BRDA:1,182,0,0
BRDA:1,182,1,0
BRDA:1,183,0,0
BRDA:1,183,1,0
BRDA:1,183,2,0
BRDA:1,184,0,0
BRDA:1,184,1,2
BRDA:1,185,0,9
BRDA:1,185,1,2
BRDA:1,186,0,2
BRDA:1,186,1,2
BRDA:1,186,2,0
BRDA:1,187,0,0
BRDA:1,187,1,0
BRDA:1,188,0,79907
BRDA:1,188,1,0
BRDA:1,189,0,79907
BRDA:1,189,1,0
BRDA:1,189,2,0
BRDA:1,190,0,0
BRDA:1,190,1,79907
BRDA:1,191,0,0
BRDA:1,191,1,0
BRDA:1,191,2,0
BRDA:1,192,0,0
BRDA:1,192,1,0
BRDA:1,193,0,0
BRDA:1,193,1,0
BRDA:1,194,0,0
BRDA:1,194,1,0
BRDA:1,195,0,0
BRDA:1,195,1,0
BRDA:1,196,0,0
BRDA:1,196,1,0
BRDA:1,197,0,0
BRDA:1,197,1,0
BRDA:1,198,0,0
BRDA:1,198,1,0
BRDA:1,199,0,0
BRDA:1,199,1,0
BRDA:1,200,0,0
BRDA:1,200,1,0
BRDA:1,201,0,0
BRDA:1,201,1,0
BRDA:1,202,0,0
BRDA:1,202,1,0
BRDA:1,203,0,0
BRDA:1,203,1,0
BRDA:1,204,0,0
BRDA:1,204,1,0
BRDA:1,205,0,0
BRDA:1,205,1,0
BRDA:1,206,0,0
BRDA:1,206,1,0
BRDA:1,207,0,0
BRDA:1,207,1,0
BRDA:1,208,0,5
BRDA:1,208,1,5
BRDA:1,209,0,0
BRDA:1,209,1,5
BRDA:1,210,0,5
BRDA:1,210,1,5
BRDA:1,211,0,1
BRDA:1,211,1,380991
BRDA:1,212,0,0
BRDA:1,212,1,1
BRDA:1,213,0,0
BRDA:1,213,1,1
BRDA:1,214,0,0
BRDA:1,214,1,1
BRDA:1,215,0,0
BRDA:1,215,1,380992
BRDA:1,216,0,380992
BRDA:1,216,1,380992
BRDA:1,217,0,380992
BRDA:1,217,1,0
BRDA:1,218,0,0
BRDA:1,218,1,0
BRDA:1,219,0,0
BRDA:1,219,1,0
BRDA:1,220,0,0
BRDA:1,220,1,1
BRDA:1,221,0,0
BRDA:1,221,1,1
BRDA:1,222,0,0
BRDA:1,222,1,1
BRDA:1,223,0,0
BRDA:1,223,1,1
BRDA:1,224,0,1
BRDA:1,224,1,0
BRDA:1,225,0,0
BRDA:1,225,1,0
BRDA:1,226,0,0
BRDA:1,226,1,0
BRDA:1,227,0,0
BRDA:1,227,1,0
BRDA:1,228,0,4
BRDA:1,228,1,1
BRDA:1,229,0,5
BRDA:1,229,1,5
BRDA:1,230,0,1954
BRDA:1,230,1,380992
BRDA:1,231,0,0
BRDA:1,231,1,380992
BRDA:1,232,0,380992
BRDA:1,232,1,11005
BRDA:1,233,0,0
BRDA:1,233,1,380992
BRDA:1,234,0,6
BRDA:1,234,1,1
BRDA:1,235,0,7
BRDA:1,235,1,7
BRDA:1,236,0,382946
BRDA:1,236,1,18773
BRDA:1,237,0,6
BRDA:1,237,1,18773
BRDA:1,238,0,0
BRDA:1,238,1,0
BRDA:1,239,0,0
BRDA:1,239,1,0
BRDA:1,240,0,0
BRDA:1,240,1,0
BRDA:1,241,0,0
BRDA:1,241,1,0
BRDA:1,242,0,0
BRDA:1,242,1,0
BRDA:1,243,0,18773
BRDA:1,243,1,364167
BRDA:1,244,0,382940
BRDA:1,244,1,18972
BRDA:1,245,0,382940
BRDA:1,245,1,0
BRDA:1,246,0,0
BRDA:1,246,1,0
BRDA:1,247,0,0
BRDA:1,247,1,0
BRDA:1,248,0,0
BRDA:1,248,1,0
BRDA:1,249,0,0
BRDA:1,249,1,0
BRDA:1,250,0,0
BRDA:1,250,1,0
BRDA:1,251,0,382940
BRDA:1,251,1,0
BRDA:1,252,0,0
BRDA:1,252,1,382940
BRDA:1,253,0,0
BRDA:1,253,1,0
BRDA:1,254,0,0
BRDA:1,254,1,0
BRDA:1,255,0,0
BRDA:1,255,1,0
BRDA:1,256,0,0
BRDA:1,256,1,0
BRDA:1,257,0,3
BRDA:1,257,1,0
BRDA:1,258,0,3
BRDA:1,258,1,3
BRDA:1,259,0,4489
BRDA:1,259,1,398
BRDA:1,260,0,7869
BRDA:1,260,1,1954
BRDA:1,261,0,7869
BRDA:1,261,1,1954
BRDA:1,262,0,7869
BRDA:1,262,1,7869
BRDA:1,263,0,7869
BRDA:1,263,1,7869
BRDA:1,264,0,8085
BRDA:1,264,1,0
BRDA:1,265,0,1171
BRDA:1,265,1,978
BRDA:1,266,0,0
BRDA:1,266,1,328
BRDA:1,267,0,328
BRDA:1,267,1,0
BRDA:1,268,0,3909
BRDA:1,268,1,0
BRDA:1,269,0,3373
BRDA:1,269,1,536
BRDA:1,270,0,3909
BRDA:1,270,1,3909
BRDA:1,270,2,3909
BRDA:1,271,0,13
BRDA:1,271,1,0
BRDA:1,272,0,562
BRDA:1,272,1,2409
BRDA:1,273,0,0
BRDA:1,273,1,82
BRDA:1,274,0,4882
BRDA:1,274,1,7660
BRDA:1,275,0,2139
BRDA:1,275,1,16161
BRDA:1,276,0,2426
BRDA:1,276,1,13735
BRDA:1,277,0,16161
BRDA:1,277,1,2426
BRDA:2,278,0,2
BRDA:2,278,1,0
BRDA:2,279,0,2
BRDA:2,279,1,2
BRDA:2,280,0,0
BRDA:2,280,1,0
BRDA:2,281,0,0
BRDA:2,281,1,0
BRDA:2,282,0,0
BRDA:2,282,1,0
BRDA:2,283,0,0
BRDA:2,283,1,0
BRDA:2,284,0,0
BRDA:2,284,1,0
BRDA:2,285,0,0
BRDA:2,285,1,0
BRDA:2,286,0,2
BRDA:2,286,1,0
BRDA:2,287,0,2
BRDA:2,287,1,2
BRDA:2,288,0,9
BRDA:2,288,1,0
BRDA:2,289,0,9
BRDA:2,289,1,9
BRDA:2,290,0,0
BRDA:2,290,1,57784
BRDA:2,291,0,0
BRDA:2,291,1,1954
BRDA:2,292,0,0
BRDA:2,292,1,47798
BRDA:2,293,0,45005
BRDA:2,293,1,2793
BRDA:2,294,0,39716
BRDA:2,294,1,4491
BRDA:2,295,0,15352
BRDA:2,295,1,28855
BRDA:2,296,0,1
BRDA:2,296,1,28854
BRDA:2,297,0,28855
BRDA:2,297,1,17989
BRDA:2,298,0,0
BRDA:2,298,1,28854
BRDA:2,299,0,28854
BRDA:2,299,1,621
BRDA:2,299,2,414
BRDA:2,300,0,2036
BRDA:2,300,1,26818
BRDA:2,301,0,0
BRDA:2,301,1,2036
BRDA:2,302,0,2036
BRDA:2,302,1,0
BRDA:2,303,0,0
BRDA:2,303,1,26818
BRDA:2,304,0,0
BRDA:2,304,1,0
BRDA:2,305,0,0
BRDA:2,305,1,17389
BRDA:2,306,0,0
BRDA:2,306,1,0
BRDA:2,307,0,0
BRDA:2,307,1,0
BRDA:2,308,0,0
BRDA:2,308,1,0
BRDA:2,309,0,0
BRDA:2,309,1,0
BRDA:2,310,0,0
BRDA:2,310,1,397
BRDA:2,311,0,0
BRDA:2,311,1,0
BRDA:2,312,0,0
BRDA:2,312,1,0
BRDA:2,313,0,0
BRDA:2,313,1,397
BRDA:2,314,0,0
BRDA:2,314,1,0
BRDA:2,315,0,3559
BRDA:2,315,1,25295
BRDA:2,316,0,0
BRDA:2,316,1,25692
BRDA:2,317,0,25692
BRDA:2,317,1,25692
BRDA:2,318,0,0
BRDA:2,318,1,0
BRDA:2,319,0,0
BRDA:2,319,1,0
BRDA:2,320,0,301
BRDA:2,320,1,25391
BRDA:2,321,0,0
BRDA:2,321,1,301
BRDA:2,322,0,96
BRDA:2,322,1,25295
BRDA:2,323,0,0
BRDA:2,323,1,96
BRDA:2,324,0,0
BRDA:2,324,1,25295
BRDA:2,325,0,0
BRDA:2,325,1,0
BRDA:2,326,0,0
BRDA:2,326,1,0
BRDA:2,327,0,313
BRDA:2,327,1,24982
BRDA:2,328,0,25295
BRDA:2,328,1,24994
BRDA:2,329,0,2496
BRDA:2,329,1,26358
BRDA:2,330,0,599
BRDA:2,330,1,25759
BRDA:2,331,0,240
BRDA:2,331,1,25519
BRDA:2,332,0,0
BRDA:2,332,1,240
BRDA:2,333,0,0
BRDA:2,333,1,240
BRDA:2,334,0,164
BRDA:2,334,1,25355
BRDA:2,335,0,86
BRDA:2,335,1,25269
BRDA:2,336,0,0
BRDA:2,336,1,25269
BRDA:2,337,0,0
BRDA:2,337,1,0
BRDA:2,338,0,0
BRDA:2,338,1,25269
BRDA:2,339,0,0
BRDA:2,339,1,0
BRDA:2,340,0,0
BRDA:2,340,1,25269
BRDA:2,341,0,0
BRDA:2,341,1,0
BRDA:2,342,0,1425
BRDA:2,342,1,2036
BRDA:2,343,0,18381
BRDA:2,343,1,9152
BRDA:2,344,0,0
BRDA:2,344,1,18381
BRDA:2,345,0,18381
BRDA:2,345,1,298
BRDA:2,346,0,0
BRDA:2,346,1,18381
BRDA:2,347,0,18381
BRDA:2,347,1,18083
BRDA:2,348,0,534
BRDA:2,348,1,18087
BRDA:2,349,0,30297
BRDA:2,349,1,24694
BRDA:2,350,0,12210
BRDA:2,350,1,18087
BRDA:2,351,0,30297
BRDA:2,351,1,12210
BRDA:2,352,0,13858
BRDA:2,352,1,16439
BRDA:2,353,0,30297
BRDA:2,353,1,18087
BRDA:2,353,2,14156
BRDA:2,354,0,24694
BRDA:2,354,1,5603
BRDA:2,355,0,443
BRDA:2,355,1,29854
BRDA:2,356,0,443
BRDA:2,356,1,0
BRDA:2,357,0,0
BRDA:2,357,1,0
BRDA:2,358,0,0
BRDA:2,358,1,0
BRDA:2,359,0,0
BRDA:2,359,1,29854
BRDA:2,360,0,0
BRDA:2,360,1,0
BRDA:2,361,0,3488
BRDA:2,361,1,26366
BRDA:2,362,0,8364
BRDA:2,362,1,16330
BRDA:2,363,0,0
BRDA:2,363,1,24694
BRDA:2,364,0,7408
BRDA:2,364,1,17286
BRDA:2,365,0,8364
BRDA:2,365,1,8922
BRDA:2,366,0,0
BRDA:2,366,1,8922
BRDA:2,367,0,280
BRDA:2,367,1,15492
BRDA:2,368,0,15772
BRDA:2,368,1,3767
BRDA:2,369,0,3487
BRDA:2,369,1,12005
BRDA:2,370,0,22598
BRDA:2,370,1,284853
BRDA:2,371,0,0
BRDA:2,371,1,291959
BRDA:2,372,0,3487
BRDA:2,372,1,12005
BRDA:2,373,0,0
BRDA:2,373,1,0
BRDA:2,374,0,0
BRDA:2,374,1,0
BRDA:2,375,0,0
BRDA:2,375,1,0
BRDA:2,376,0,0
BRDA:2,376,1,0
BRDA:2,377,0,0
BRDA:2,377,1,0
BRDA:2,378,0,0
BRDA:2,378,1,0
BRDA:2,379,0,0
BRDA:2,379,1,0
BRDA:2,380,0,0
BRDA:2,380,1,0
BRDA:2,381,0,0
BRDA:2,381,1,0
BRDA:2,382,0,0
BRDA:2,382,1,0
BRDA:2,383,0,0
BRDA:2,383,1,0
BRDA:2,384,0,0
BRDA:2,384,1,0
BRDA:2,385,0,0
BRDA:2,385,1,0
BRDA:2,386,0,0
BRDA:2,386,1,0
BRDA:2,387,0,0
BRDA:2,387,1,0
BRDA:2,388,0,0
BRDA:2,388,1,7408
BRDA:2,389,0,7408
BRDA:2,389,1,3641
BRDA:2,390,0,280
BRDA:2,390,1,7128
BRDA:2,391,0,0
BRDA:2,391,1,7128
BRDA:2,392,0,0
BRDA:2,392,1,7128
BRDA:2,393,0,14021
BRDA:2,393,1,4362
BRDA:2,394,0,164
BRDA:2,394,1,18219
BRDA:2,395,0,1
BRDA:2,395,1,14020
BRDA:2,396,0,1
BRDA:2,396,1,14020
BRDA:2,397,0,932
BRDA:2,397,1,13089
BRDA:2,398,0,163
BRDA:2,398,1,4199
BRDA:2,399,0,0
BRDA:2,399,1,2627
BRDA:2,400,0,2627
BRDA:2,400,1,0
BRDA:2,401,0,0
BRDA:2,401,1,0
BRDA:2,402,0,0
BRDA:2,402,1,0
BRDA:2,403,0,0
BRDA:2,403,1,2627
BRDA:2,404,0,2627
BRDA:2,404,1,2627
BRDA:2,404,2,0
BRDA:2,405,0,18631
BRDA:2,405,1,14422
BRDA:2,406,0,9890
BRDA:2,406,1,4532
BRDA:2,407,0,0
BRDA:2,407,1,4532
BRDA:2,408,0,4532
BRDA:2,408,1,76
BRDA:2,409,0,0
BRDA:2,409,1,4532
BRDA:2,410,0,0
BRDA:2,410,1,4532
BRDA:2,411,0,0
BRDA:2,411,1,0
BRDA:2,412,0,0
BRDA:2,412,1,0
BRDA:2,413,0,0
BRDA:2,413,1,0
BRDA:2,414,0,2
BRDA:2,414,1,0
BRDA:2,415,0,2
BRDA:2,415,1,2
BRDA:2,416,0,1954
BRDA:2,416,1,1954
BRDA:2,417,0,1954
BRDA:2,417,1,1954
BRDA:2,418,0,3
BRDA:2,418,1,0
BRDA:2,419,0,3
BRDA:2,419,1,3
BRDA:2,420,0,37931
BRDA:2,420,1,43534
BRDA:2,421,0,37931
BRDA:2,421,1,9890
BRDA:2,422,0,0
BRDA:2,422,1,43534
BRDA:2,423,0,43534
BRDA:2,423,1,43534
BRDA:2,423,2,43534
BRDA:2,423,3,43534
BRDA:2,424,0,2
BRDA:2,424,1,0
BRDA:2,425,0,2
BRDA:2,425,1,2
BRDA:2,426,0,3
BRDA:2,426,1,0
BRDA:2,427,0,3
BRDA:2,427,1,3
BRDA:2,428,0,6
BRDA:2,428,1,0
BRDA:2,429,0,6
BRDA:2,429,1,6
BRDA:2,430,0,7758
BRDA:2,430,1,24
BRDA:2,431,0,7782
BRDA:2,431,1,7758
BRDA:2,432,0,7737
BRDA:2,432,1,0
BRDA:2,433,0,305
BRDA:2,433,1,7432
BRDA:2,434,0,0
BRDA:2,434,1,0
BRDA:2,435,0,7087
BRDA:2,435,1,650
BRDA:2,436,0,404
BRDA:2,436,1,6683
BRDA:2,437,0,724
BRDA:2,437,1,6363
BRDA:2,438,0,1519
BRDA:2,438,1,626
BRDA:2,439,0,2145
BRDA:2,439,1,1519
BRDA:2,440,0,0
BRDA:2,440,1,2145
BRDA:2,441,0,2145
BRDA:2,441,1,1519
BRDA:2,441,2,0
BRDA:2,441,3,0
BRDA:2,442,0,2145
BRDA:2,442,1,0
BRDA:2,443,0,2145
BRDA:2,443,1,2145
BRDA:2,444,0,2597
BRDA:2,444,1,1651
BRDA:2,445,0,1651
BRDA:2,445,1,0
BRDA:2,446,0,1651
BRDA:2,446,1,1651
BRDA:2,447,0,0
BRDA:2,447,1,1651
BRDA:2,448,0,0
BRDA:2,448,1,2597
BRDA:2,449,0,2597
BRDA:2,449,1,2597
BRDA:2,450,0,0
BRDA:2,450,1,0
BRDA:2,451,0,45
BRDA:2,451,1,4248
BRDA:2,452,0,0
BRDA:2,452,1,45
BRDA:2,453,0,0
BRDA:2,453,1,45
BRDA:2,454,0,45
BRDA:2,454,1,45
BRDA:2,455,0,0
BRDA:2,455,1,45
BRDA:2,456,0,45
BRDA:2,456,1,45
BRDA:2,457,0,45
BRDA:2,457,1,0
BRDA:2,458,0,4
BRDA:2,458,1,0
BRDA:2,459,0,32493
BRDA:2,459,1,20309
BRDA:2,460,0,18160
BRDA:2,460,1,34642
BRDA:2,461,0,20298
BRDA:2,461,1,32504
BRDA:2,462,0,0
BRDA:2,462,1,42517
BRDA:2,463,0,42517
BRDA:2,463,1,0
BRDA:2,464,0,0
BRDA:2,464,1,42517
BRDA:2,465,0,487
BRDA:2,465,1,404
BRDA:2,466,0,0
BRDA:2,466,1,404
BRDA:2,467,0,0
BRDA:2,467,1,0
BRDA:2,468,0,0
BRDA:2,468,1,0
BRDA:2,469,0,0
BRDA:2,469,1,0
BRDA:2,470,0,0
BRDA:2,470,1,0
BRDA:2,471,0,10
BRDA:2,471,1,394
BRDA:2,472,0,0
BRDA:2,472,1,394
BRDA:2,473,0,230
BRDA:2,473,1,164
BRDA:2,474,0,164
BRDA:2,474,1,0
BRDA:2,475,0,1440
BRDA:2,475,1,701
BRDA:2,476,0,0
BRDA:2,476,1,891
BRDA:2,477,0,891
BRDA:2,477,1,0
BRDA:2,478,0,0
BRDA:2,478,1,891
BRDA:2,479,0,701
BRDA:2,479,1,1440
BRDA:2,480,0,86
BRDA:2,480,1,1354
BRDA:2,481,0,393
BRDA:2,481,1,1047
BRDA:2,482,0,0
BRDA:2,482,1,891
BRDA:2,483,0,891
BRDA:2,483,1,0
BRDA:2,484,0,0
BRDA:2,484,1,891
BRDA:2,485,0,673
BRDA:2,485,1,218
BRDA:2,486,0,673
BRDA:2,486,1,218
BRDA:2,487,0,0
BRDA:2,487,1,0
BRDA:2,488,0,0
BRDA:2,488,1,1651
BRDA:2,488,2,0
BRDA:2,488,3,45
BRDA:2,488,4,0
BRDA:2,489,0,0
BRDA:2,489,1,1696
BRDA:2,490,0,0
BRDA:2,490,1,1696
BRDA:2,491,0,1696
BRDA:2,491,1,1696
BRDA:2,492,0,8
BRDA:2,492,1,0
BRDA:2,493,0,8
BRDA:2,493,1,8
BRDA:2,494,0,25628
BRDA:2,494,1,14131
BRDA:2,495,0,25628
BRDA:2,495,1,25628
BRDA:2,496,0,457
BRDA:2,496,1,683
BRDA:2,497,0,412
BRDA:2,497,1,583
BRDA:2,498,0,25628
BRDA:2,498,1,25628
BRDA:2,499,0,25628
BRDA:2,499,1,0
BRDA:2,500,0,12609
BRDA:2,500,1,11894
BRDA:2,501,0,0
BRDA:2,501,1,25628
BRDA:2,502,0,0
BRDA:2,502,1,0
BRDA:2,503,0,0
BRDA:2,503,1,0
BRDA:2,504,0,27088
BRDA:2,504,1,8643
BRDA:2,505,0,28052
BRDA:2,505,1,8643
BRDA:2,506,0,188
BRDA:2,506,1,25440
BRDA:2,507,0,25628
BRDA:2,507,1,1140
BRDA:2,507,2,995
BRDA:2,508,0,0
BRDA:2,508,1,25628
BRDA:2,509,0,25628
BRDA:2,509,1,0
BRDA:2,510,0,0
BRDA:2,510,1,0
BRDA:2,511,0,0
BRDA:2,511,1,311
BRDA:2,512,0,0
BRDA:2,512,1,0
BRDA:2,513,0,311
BRDA:2,513,1,0
BRDA:2,514,0,0
BRDA:2,514,1,313
BRDA:2,515,0,94
BRDA:2,515,1,219
BRDA:2,516,0,94
BRDA:2,516,1,2
BRDA:2,516,2,0
BRDA:2,517,0,0
BRDA:2,517,1,219
BRDA:2,518,0,0
BRDA:2,518,1,219
BRDA:2,519,0,0
BRDA:2,519,1,0
BRDA:2,520,0,0
BRDA:2,520,1,591
BRDA:2,521,0,219
BRDA:2,521,1,372
BRDA:2,522,0,198
BRDA:2,522,1,21
BRDA:2,523,0,2
BRDA:2,523,1,370
BRDA:2,524,0,0
BRDA:2,524,1,2
BRDA:2,525,0,0
BRDA:2,525,1,370
BRDA:2,526,0,393
BRDA:2,526,1,393
BRDA:2,526,2,393
BRDA:2,526,3,393
BRDA:2,526,4,393
BRDA:2,526,5,393
BRDA:2,526,6,393
BRDA:2,526,7,393
BRDA:2,527,0,2
BRDA:2,527,1,311
BRDA:2,528,0,299
BRDA:2,528,1,12
BRDA:2,529,0,299
BRDA:2,529,1,0
BRDA:2,530,0,94
BRDA:2,530,1,217
BRDA:2,531,0,94
BRDA:2,531,1,0
BRDA:2,532,0,123
BRDA:2,532,1,188
BRDA:2,533,0,7
BRDA:2,533,1,181
BRDA:2,534,0,12
BRDA:2,534,1,299
BRDA:2,535,0,0
BRDA:2,535,1,12
BRDA:2,536,0,217
BRDA:2,536,1,82
BRDA:2,537,0,0
BRDA:2,537,1,82
BRDA:2,538,0,0
BRDA:2,538,1,0
BRDA:2,539,0,82
BRDA:2,539,1,0
BRDA:2,540,0,311
BRDA:2,540,1,0
BRDA:2,541,0,0
BRDA:2,541,1,0
BRDA:2,542,0,0
BRDA:2,542,1,0
BRDA:2,542,2,0
BRDA:2,542,3,0
BRDA:2,543,0,0
BRDA:2,543,1,0
BRDA:2,544,0,0
BRDA:2,544,1,164
BRDA:2,545,0,0
BRDA:2,545,1,164
BRDA:2,546,0,4
BRDA:2,546,1,160
BRDA:2,547,0,164
BRDA:2,547,1,0
BRDA:3,548,0,163
BRDA:3,548,1,1
BRDA:3,549,0,1334
BRDA:3,549,1,0
BRDA:3,550,0,0
BRDA:3,550,1,0
BRDA:3,551,0,0
BRDA:3,551,1,0
BRDA:3,552,0,3487
BRDA:3,552,1,154
BRDA:3,553,0,0
BRDA:3,553,1,0
BRDA:3,554,0,0
BRDA:3,554,1,0
BRDA:3,555,0,0
BRDA:3,555,1,0
BRDA:3,556,0,0
BRDA:3,556,1,0
BRDA:3,557,0,0
BRDA:3,557,1,0
BRDA:3,558,0,0
BRDA:3,558,1,0
BRDA:3,559,0,0
BRDA:3,559,1,0
BRDA:3,560,0,0
BRDA:3,560,1,0
BRDA:3,561,0,0
BRDA:3,561,1,0
BRDA:3,562,0,0
BRDA:3,562,1,0
BRDA:3,563,0,0
BRDA:3,563,1,0
BRDA:3,564,0,0
BRDA:3,564,1,0
BRDA:3,565,0,0
BRDA:3,565,1,0
BRDA:3,566,0,0
BRDA:3,566,1,0
BRDA:3,567,0,0
BRDA:3,567,1,0
BRDA:3,568,0,0
BRDA:3,568,1,0
BRDA:3,569,0,0
BRDA:3,569,1,0
BRDA:3,570,0,0
BRDA:3,570,1,0
BRDA:3,571,0,0
BRDA:3,571,1,0
BRDA:3,572,0,0
BRDA:3,572,1,0
BRDA:3,573,0,0
BRDA:3,573,1,0
BRDA:3,574,0,0
BRDA:3,574,1,0
BRDA:3,575,0,0
BRDA:3,575,1,0
BRDA:3,576,0,0
BRDA:3,576,1,0
BRDA:3,577,0,0
BRDA:3,577,1,0
BRDA:3,578,0,0
BRDA:3,578,1,0
BRDA:3,579,0,0
BRDA:3,579,1,0
BRDA:3,580,0,0
BRDA:3,580,1,26023
BRDA:3,581,0,26023
BRDA:3,581,1,0
BRDA:3,582,0,398
BRDA:3,582,1,25625
BRDA:3,583,0,26023
BRDA:3,583,1,480
BRDA:3,584,0,8
BRDA:3,584,1,0
BRDA:3,585,0,8
BRDA:3,585,1,8
BRDA:3,586,0,7095
BRDA:3,586,1,209
BRDA:3,587,0,7304
BRDA:3,587,1,7095
BRDA:3,588,0,4870
BRDA:3,588,1,0
BRDA:3,589,0,0
BRDA:3,589,1,0
BRDA:3,590,0,0
BRDA:3,590,1,0
BRDA:3,591,0,0
BRDA:3,591,1,0
BRDA:3,592,0,0
BRDA:3,592,1,0
BRDA:3,593,0,0
BRDA:3,593,1,0
BRDA:3,594,0,0
BRDA:3,594,1,0
BRDA:3,595,0,2597
BRDA:3,595,1,2597
BRDA:3,596,0,0
BRDA:3,596,1,2597
BRDA:3,597,0,1696
BRDA:3,597,1,1696
BRDA:3,598,0,305
BRDA:3,598,1,1391
BRDA:3,599,0,1349
BRDA:3,599,1,42
BRDA:3,600,0,0
BRDA:3,600,1,42
BRDA:3,601,0,42
BRDA:3,601,1,1654
BRDA:3,602,0,0
BRDA:3,602,1,577
BRDA:3,603,0,313
BRDA:3,603,1,0
BRDA:3,604,0,0
BRDA:3,604,1,313
BRDA:3,605,0,0
BRDA:3,605,1,0
BRDA:3,606,0,0
BRDA:3,606,1,0
BRDA:3,607,0,96
BRDA:3,607,1,217
BRDA:3,608,0,301
BRDA:3,608,1,12
BRDA:3,609,0,0
BRDA:3,609,1,313
BRDA:3,610,0,0
BRDA:3,610,1,0
BRDA:3,611,0,217
BRDA:3,611,1,96
BRDA:3,612,0,12
BRDA:3,612,1,84
BRDA:3,613,0,2
BRDA:3,613,1,82
BRDA:3,614,0,84
BRDA:3,614,1,84
BRDA:3,614,2,2
BRDA:3,615,0,1
BRDA:3,615,1,163
BRDA:3,616,0,0
BRDA:3,616,1,0
BRDA:3,617,0,0
BRDA:3,617,1,0
BRDA:3,618,0,0
BRDA:3,618,1,0
BRDA:3,618,2,0
BRDA:3,618,3,0
BRDA:3,619,0,0
BRDA:3,619,1,0
BRDA:3,619,2,0
BRDA:3,619,3,0
BRDA:3,619,4,0
BRDA:3,619,5,0
BRDA:3,619,6,0
BRDA:3,620,0,0
BRDA:3,620,1,0
BRDA:3,621,0,0
BRDA:3,621,1,0
BRDA:3,622,0,0
BRDA:3,622,1,0
BRDA:3,623,0,0
BRDA:3,623,1,0
BRDA:3,624,0,710
BRDA:3,624,1,25315
BRDA:3,625,0,26025
BRDA:3,625,1,710
BRDA:3,626,0,0
BRDA:3,626,1,26025
BRDA:3,627,0,26025
BRDA:3,627,1,0
BRDA:3,628,0,710
BRDA:3,628,1,25315
BRDA:3,629,0,493
BRDA:3,629,1,217
BRDA:3,630,0,710
BRDA:3,630,1,616
BRDA:3,631,0,6
BRDA:3,631,1,0
BRDA:3,632,0,6
BRDA:3,632,1,6
BRDA:3,633,0,1954
BRDA:3,633,1,0
BRDA:3,634,0,0
BRDA:3,634,1,1954
BRDA:3,635,0,0
BRDA:3,635,1,1954
BRDA:3,636,0,2
BRDA:3,636,1,0
BRDA:3,637,0,2
BRDA:3,637,1,2
BRDA:3,638,0,6
BRDA:3,638,1,4
BRDA:3,639,0,6
BRDA:3,639,1,0
BRDA:3,640,0,6
BRDA:3,640,1,0
BRDA:3,641,0,40
BRDA:3,641,1,9
BRDA:3,642,0,48
BRDA:3,642,1,1
BRDA:3,643,0,49
BRDA:3,643,1,43
BRDA:3,644,0,23
BRDA:3,644,1,26
BRDA:3,645,0,23
BRDA:3,645,1,0
BRDA:3,646,0,23
BRDA:3,646,1,0
BRDA:3,647,0,4073
BRDA:3,647,1,0
BRDA:3,648,0,7
BRDA:3,648,1,0
BRDA:3,649,0,7
BRDA:3,649,1,7
BRDA:3,650,0,2415
BRDA:3,650,1,24
BRDA:3,651,0,2439
BRDA:3,651,1,2415
BRDA:3,652,0,1198
BRDA:3,652,1,0
BRDA:3,653,0,694
BRDA:3,653,1,0
BRDA:3,654,0,496
BRDA:3,654,1,0
BRDA:3,655,0,0
BRDA:3,655,1,24
BRDA:3,656,0,24
BRDA:3,656,1,0
BRDA:3,657,0,0
BRDA:3,657,1,8
BRDA:3,658,0,0
BRDA:3,658,1,8
BRDA:3,659,0,0
BRDA:3,659,1,8
BRDA:3,660,0,0
BRDA:3,660,1,8
BRDA:3,661,0,0
BRDA:3,661,1,8
BRDA:3,662,0,0
BRDA:3,662,1,8
BRDA:3,663,0,0
BRDA:3,663,1,8
BRDA:3,664,0,8
BRDA:3,664,1,8
BRDA:3,665,0,0
BRDA:3,665,1,8
BRDA:3,666,0,8
BRDA:3,666,1,8
BRDA:3,667,0,0
BRDA:3,667,1,8
BRDA:3,668,0,0
BRDA:3,668,1,8
BRDA:3,669,0,0
BRDA:3,669,1,8
BRDA:3,670,0,0
BRDA:3,670,1,8
BRDA:3,671,0,4
BRDA:3,671,1,4
BRDA:3,672,0,4
BRDA:3,672,1,0
BRDA:3,673,0,0
BRDA:3,673,1,0
BRDA:3,674,0,0
BRDA:3,674,1,0
BRDA:3,675,0,0
BRDA:3,675,1,0
BRDA:3,676,0,0
BRDA:3,676,1,0
BRDA:3,677,0,0
BRDA:3,677,1,0
BRDA:3,678,0,0
BRDA:3,678,1,0
BRDA:3,679,0,0
BRDA:3,679,1,0
BRDA:3,680,0,0
BRDA:3,680,1,0
BRDA:3,681,0,0
BRDA:3,681,1,8
BRDA:3,682,0,8
BRDA:3,682,1,0
BRDA:3,683,0,8
BRDA:3,683,1,0
BRDA:3,684,0,0
BRDA:3,684,1,164
BRDA:3,685,0,151
BRDA:3,685,1,13
BRDA:3,686,0,13
BRDA:3,686,1,0
BRDA:3,687,0,0
BRDA:3,687,1,0
BRDA:3,688,0,0
BRDA:3,688,1,0
BRDA:3,689,0,0
BRDA:3,689,1,0
BRDA:3,690,0,0
BRDA:3,690,1,0
BRDA:3,691,0,0
BRDA:3,691,1,0
BRDA:3,692,0,0
BRDA:3,692,1,0
BRDA:3,693,0,0
BRDA:3,693,1,0
BRDA:3,694,0,1362
BRDA:3,694,1,1053
BRDA:3,695,0,1053
BRDA:3,695,1,0
BRDA:3,696,0,0
BRDA:3,696,1,0
BRDA:3,697,0,8
BRDA:3,697,1,2415
BRDA:3,698,0,1362
BRDA:3,698,1,1053
BRDA:3,699,0,1354
BRDA:3,699,1,1061
BRDA:3,700,0,0
BRDA:3,700,1,1198
BRDA:3,701,0,1198
BRDA:3,701,1,1198
BRDA:3,702,0,0
BRDA:3,702,1,1198
BRDA:3,703,0,1198
BRDA:3,703,1,1198
BRDA:3,704,0,10
BRDA:3,704,1,1188
BRDA:3,705,0,1186
BRDA:3,705,1,2
BRDA:3,706,0,694
BRDA:3,706,1,504
BRDA:3,707,0,496
BRDA:3,707,1,8
BRDA:3,708,0,5
BRDA:3,708,1,0
BRDA:3,709,0,5
BRDA:3,709,1,5
BRDA:3,710,0,3400
BRDA:3,710,1,53275
BRDA:3,711,0,29343
BRDA:3,711,1,0
BRDA:3,712,0,29343
BRDA:3,712,1,3990
BRDA:3,713,0,11213
BRDA:3,713,1,18130
BRDA:3,714,0,954
BRDA:3,714,1,10259
BRDA:3,715,0,3841
BRDA:3,715,1,7372
BRDA:3,716,0,31161
BRDA:3,716,1,0
BRDA:3,717,0,1954
BRDA:3,717,1,0
BRDA:3,718,0,0
BRDA:3,718,1,0
BRDA:3,719,0,0
BRDA:3,719,1,0
BRDA:3,720,0,0
BRDA:3,720,1,0
BRDA:3,721,0,0
BRDA:3,721,1,0
BRDA:3,722,0,0
BRDA:3,722,1,0
BRDA:3,723,0,0
BRDA:3,723,1,0
BRDA:3,724,0,0
BRDA:3,724,1,0
BRDA:3,725,0,0
BRDA:3,725,1,0
BRDA:3,726,0,0
BRDA:3,726,1,0
BRDA:3,727,0,0
BRDA:3,727,1,0
BRDA:3,728,0,0
BRDA:3,728,1,0
BRDA:3,729,0,0
BRDA:3,729,1,0
BRDA:3,730,0,0
BRDA:3,730,1,0
BRDA:3,731,0,0
BRDA:3,731,1,0
BRDA:3,732,0,0
BRDA:3,732,1,0
BRDA:3,733,0,0
BRDA:3,733,1,0
BRDA:3,734,0,0
BRDA:3,734,1,0
BRDA:3,735,0,13383
BRDA:3,735,1,0
BRDA:3,736,0,13383
BRDA:3,736,1,5019
BRDA:3,737,0,8364
BRDA:3,737,1,5019
BRDA:3,738,0,8410
BRDA:3,738,1,685
BRDA:3,739,0,8410
BRDA:3,739,1,5420
BRDA:3,740,0,8410
BRDA:3,740,1,7654
BRDA:3,741,0,8410
BRDA:3,741,1,6169
BRDA:3,742,0,8410
BRDA:3,742,1,1887
BRDA:3,743,0,8410
BRDA:3,743,1,8410
BRDA:3,744,0,0
BRDA:3,744,1,8410
BRDA:3,745,0,0
BRDA:3,745,1,0
BRDA:3,746,0,0
BRDA:3,746,1,8410
BRDA:3,747,0,0
BRDA:3,747,1,4
BRDA:3,748,0,4
BRDA:3,748,1,4
BRDA:3,748,2,4
BRDA:3,748,3,4
BRDA:3,748,4,4
BRDA:3,748,5,4
BRDA:3,749,0,0
BRDA:3,749,1,4
BRDA:3,750,0,4
BRDA:3,750,1,4
BRDA:3,751,0,0
BRDA:3,751,1,4
BRDA:3,752,0,4
BRDA:3,752,1,4
BRDA:3,753,0,756
BRDA:3,753,1,7650
BRDA:3,754,0,5893
BRDA:3,754,1,2513
BRDA:3,755,0,5893
BRDA:3,755,1,5138
BRDA:3,756,0,886
BRDA:3,756,1,0
BRDA:3,757,0,886
BRDA:3,757,1,14
BRDA:3,758,0,5908
BRDA:3,758,1,2498
BRDA:3,759,0,0
BRDA:3,759,1,0
BRDA:3,760,0,0
BRDA:3,760,1,0
BRDA:3,761,0,0
BRDA:3,761,1,0
BRDA:3,762,0,0
BRDA:3,762,1,0
BRDA:3,763,0,0
BRDA:3,763,1,0
BRDA:3,764,0,205
BRDA:3,764,1,0
BRDA:3,765,0,205
BRDA:3,765,1,205
BRDA:3,766,0,205
BRDA:3,766,1,0
BRDA:3,767,0,820
BRDA:3,767,1,0
BRDA:3,768,0,0
BRDA:3,768,1,0
BRDA:3,769,0,0
BRDA:3,769,1,205
BRDA:4,770,0,0
BRDA:4,770,1,0
BRDA:4,771,0,0
BRDA:4,771,1,0
BRDA:4,772,0,0
BRDA:4,772,1,0
BRDA:4,773,0,0
BRDA:4,773,1,0
BRDA:4,774,0,2
BRDA:4,774,1,0
BRDA:4,775,0,2
BRDA:4,775,1,2
BRDA:4,776,0,0
BRDA:4,776,1,0
BRDA:4,777,0,0
BRDA:4,777,1,0
BRDA:4,778,0,7
BRDA:4,778,1,0
BRDA:4,779,0,7
BRDA:4,779,1,7
BRDA:4,780,0,565
BRDA:4,780,1,0
BRDA:4,781,0,199
BRDA:4,781,1,366
BRDA:4,782,0,240
BRDA:4,782,1,126
BRDA:4,783,0,0
BRDA:4,783,1,240
BRDA:4,784,0,240
BRDA:4,784,1,126
BRDA:4,784,2,51
BRDA:4,785,0,126
BRDA:4,785,1,0
BRDA:4,786,0,126
BRDA:4,786,1,0
BRDA:4,787,0,0
BRDA:4,787,1,240
BRDA:4,788,0,240
BRDA:4,788,1,126
BRDA:4,789,0,8
BRDA:4,789,1,557
BRDA:4,790,0,8
BRDA:4,790,1,557
BRDA:4,791,0,0
BRDA:4,791,1,366
BRDA:4,792,0,0
BRDA:4,792,1,0
BRDA:4,793,0,0
BRDA:4,793,1,0
BRDA:4,794,0,0
BRDA:4,794,1,366
BRDA:4,795,0,240
BRDA:4,795,1,240
BRDA:4,796,0,604
BRDA:4,796,1,240
BRDA:4,797,0,364
BRDA:4,797,1,364
BRDA:4,798,0,0
BRDA:4,798,1,0
BRDA:4,799,0,0
BRDA:4,799,1,0
BRDA:4,800,0,0
BRDA:4,800,1,0
BRDA:4,801,0,0
BRDA:4,801,1,364
BRDA:4,802,0,124
BRDA:4,802,1,240
BRDA:4,803,0,364
BRDA:4,803,1,240
BRDA:4,804,0,124
BRDA:4,804,1,0
BRDA:4,805,0,0
BRDA:4,805,1,565
BRDA:4,806,0,364
BRDA:4,806,1,364
BRDA:4,807,0,124
BRDA:4,807,1,240
BRDA:4,808,0,364
BRDA:4,808,1,240
BRDA:4,809,0,124
BRDA:4,809,1,0
BRDA:4,810,0,0
BRDA:4,810,1,0
BRDA:4,811,0,0
BRDA:4,811,1,0
BRDA:4,812,0,0
BRDA:4,812,1,0
BRDA:4,813,0,0
BRDA:4,813,1,0
BRDA:4,814,0,0
BRDA:4,814,1,0
BRDA:4,815,0,0
BRDA:4,815,1,0
BRDA:4,816,0,0
BRDA:4,816,1,0
BRDA:4,817,0,0
BRDA:4,817,1,0
BRDA:4,818,0,0
BRDA:4,818,1,0
BRDA:4,819,0,0
BRDA:4,819,1,0
BRDA:4,820,0,0
BRDA:4,820,1,0
BRDA:4,821,0,0
BRDA:4,821,1,240
BRDA:4,822,0,0
BRDA:4,822,1,1
BRDA:4,823,0,1
BRDA:4,823,1,1
BRDA:4,824,0,0
BRDA:4,824,1,10221
BRDA:4,825,0,0
BRDA:4,825,1,10221
BRDA:4,826,0,0
BRDA:4,826,1,10221
BRDA:4,827,0,10221
BRDA:4,827,1,0
BRDA:4,828,0,4489
BRDA:4,828,1,393
BRDA:4,829,0,393
BRDA:4,829,1,0
BRDA:4,830,0,2
BRDA:4,830,1,4880
BRDA:4,831,0,62
BRDA:4,831,1,0
BRDA:5,832,0,4
BRDA:5,832,1,0
BRDA:5,833,0,4
BRDA:5,833,1,4
BRDA:5,834,0,8364
BRDA:5,834,1,0
BRDA:5,835,0,3641
BRDA:5,835,1,3487
BRDA:5,836,0,0
BRDA:5,836,1,83
BRDA:5,837,0,0
BRDA:5,837,1,0
BRDA:5,838,0,0
BRDA:5,838,1,0
BRDA:5,839,0,0
BRDA:5,839,1,0
BRDA:5,839,2,0
BRDA:5,839,3,0
BRDA:5,840,0,0
BRDA:5,840,1,480
BRDA:5,841,0,2
BRDA:5,841,1,0
BRDA:5,842,0,2
BRDA:5,842,1,2
BRDA:5,843,0,0
BRDA:5,843,1,0
BRDA:5,844,0,0
BRDA:5,844,1,0
BRDA:5,845,0,3
BRDA:5,845,1,0
BRDA:5,846,0,3
BRDA:5,846,1,3
BRDA:5,847,0,2
BRDA:5,847,1,0
BRDA:5,848,0,2
BRDA:5,848,1,2
BRDA:5,849,0,0
BRDA:5,849,1,0
BRDA:5,850,0,0
BRDA:5,850,1,0
BRDA:5,851,0,6
BRDA:5,851,1,0
BRDA:5,852,0,6
BRDA:5,852,1,6
BRDA:6,853,0,1198
BRDA:6,853,1,0
BRDA:6,854,0,0
BRDA:6,854,1,0
BRDA:6,855,0,0
BRDA:6,855,1,0
BRDA:6,856,0,0
BRDA:6,856,1,0
BRDA:6,857,0,0
BRDA:6,857,1,0
BRDA:6,858,0,0
BRDA:6,858,1,983
BRDA:6,859,0,0
BRDA:6,859,1,599
BRDA:6,860,0,0
BRDA:6,860,1,599
BRDA:6,861,0,0
BRDA:6,861,1,0
BRDA:6,862,0,0
BRDA:6,862,1,0
BRDA:6,863,0,0
BRDA:6,863,1,599
BRDA:6,864,0,599
BRDA:6,864,1,0
BRDA:6,865,0,599
BRDA:6,865,1,0
BRDA:6,866,0,0
BRDA:6,866,1,0
BRDA:6,867,0,0
BRDA:6,867,1,0
BRDA:6,868,0,2
BRDA:6,868,1,0
BRDA:6,869,0,2
BRDA:6,869,1,2
BRDA:6,870,0,0
BRDA:6,870,1,0
BRDA:6,871,0,0
BRDA:6,871,1,0
BRDA:6,872,0,5
BRDA:6,872,1,0
BRDA:6,873,0,5
BRDA:6,873,1,5
BRDA:6,874,0,40
BRDA:6,874,1,41
BRDA:6,874,2,41
BRDA:6,874,3,0
BRDA:6,874,4,0
BRDA:6,874,5,0
BRDA:6,874,6,0
BRDA:6,874,7,0
BRDA:6,875,0,40
BRDA:6,875,1,40
BRDA:6,875,2,0
BRDA:6,875,3,0
BRDA:6,876,0,40
BRDA:6,876,1,1
BRDA:6,877,0,0
BRDA:6,877,1,1
BRDA:6,878,0,41
BRDA:6,878,1,0
BRDA:6,879,0,41
BRDA:6,879,1,0
BRDA:6,880,0,41
BRDA:6,880,1,0
BRDA:6,881,0,0
BRDA:6,881,1,0
BRDA:6,882,0,0
BRDA:6,882,1,41
BRDA:6,883,0,0
BRDA:6,883,1,0
BRDA:6,884,0,0
BRDA:6,884,1,41
BRDA:6,885,0,8
BRDA:6,885,1,33
BRDA:6,886,0,41
BRDA:6,886,1,0
BRDA:6,887,0,41
BRDA:6,887,1,0
BRDA:6,888,0,41
BRDA:6,888,1,0
BRDA:6,889,0,0
BRDA:6,889,1,41
BRDA:6,890,0,0
BRDA:6,890,1,41
BRDA:6,891,0,41
BRDA:6,891,1,41
BRDA:6,892,0,0
BRDA:6,892,1,0
BRDA:6,893,0,0
BRDA:6,893,1,0
BRDA:6,894,0,2
BRDA:6,894,1,0
BRDA:6,895,0,2
BRDA:6,895,1,2
BRDA:6,896,0,0
BRDA:6,896,1,0
BRDA:6,897,0,0
BRDA:6,897,1,0
BRDA:6,898,0,3
BRDA:6,898,1,0
BRDA:6,899,0,3
BRDA:6,899,1,3
BRDA:6,900,0,0
BRDA:6,900,1,0
BRDA:6,901,0,0
BRDA:6,901,1,0
BRDA:6,902,0,0
BRDA:6,902,1,0
BRDA:6,903,0,0
BRDA:6,903,1,0
BRDA:6,904,0,0
BRDA:6,904,1,0
BRDA:6,905,0,4
BRDA:6,905,1,0
BRDA:6,906,0,4
BRDA:6,906,1,4
BRDA:6,907,0,0
BRDA:6,907,1,0
BRDA:6,908,0,0
BRDA:6,908,1,0
BRDA:6,909,0,0
BRDA:6,909,1,0
BRDA:6,910,0,0
BRDA:6,910,1,0
BRDA:6,911,0,0
BRDA:6,911,1,0
BRDA:6,912,0,0
BRDA:6,912,1,0
BRDA:6,913,0,0
BRDA:6,913,1,0
BRDA:6,914,0,0
BRDA:6,914,1,0
BRDA:6,915,0,2
BRDA:6,915,1,0
BRDA:6,916,0,2
BRDA:6,916,1,2
BRDA:6,917,0,0
BRDA:6,917,1,0
BRDA:6,918,0,0
BRDA:6,918,1,0
BRDA:6,919,0,3
BRDA:6,919,1,0
BRDA:6,920,0,3
BRDA:6,920,1,3
BRDA:6,921,0,0
BRDA:6,921,1,0
BRDA:6,922,0,0
BRDA:6,922,1,0
BRDA:6,923,0,0
BRDA:6,923,1,0
BRDA:6,924,0,2
BRDA:6,924,1,0
BRDA:6,925,0,2
BRDA:6,925,1,2
BRDA:6,926,0,0
BRDA:6,926,1,0
BRDA:6,927,0,0
BRDA:6,927,1,0
BRDA:6,928,0,4
BRDA:6,928,1,0
BRDA:6,929,0,4
BRDA:6,929,1,4
BRDA:6,930,0,0
BRDA:6,930,1,0
BRDA:6,931,0,0
BRDA:6,931,1,0
BRDA:6,932,0,0
BRDA:6,932,1,0
BRDA:6,933,0,0
BRDA:6,933,1,0
BRDA:6,934,0,2
BRDA:6,934,1,0
BRDA:6,935,0,2
BRDA:6,935,1,2
BRDA:6,936,0,0
BRDA:6,936,1,0
BRDA:6,937,0,0
BRDA:6,937,1,0
BRDA:6,938,0,4
BRDA:6,938,1,0
BRDA:6,939,0,4
BRDA:6,939,1,4
BRDA:6,940,0,0
BRDA:6,940,1,0
BRDA:6,941,0,0
BRDA:6,941,1,0
BRDA:6,942,0,0
BRDA:6,942,1,0
BRDA:6,943,0,0
BRDA:6,943,1,0
BRDA:6,944,0,0
BRDA:6,944,1,0
BRDA:6,945,0,0
BRDA:6,945,1,0
BRDA:6,946,0,0
BRDA:6,946,1,0
BRDA:6,947,0,0
BRDA:6,947,1,0
BRDA:6,948,0,0
BRDA:6,948,1,0
BRDA:6,949,0,0
BRDA:6,949,1,0
BRDA:6,950,0,0
BRDA:6,950,1,0
BRDA:6,951,0,0
BRDA:6,951,1,0
BRDA:6,952,0,0
BRDA:6,952,1,0
BRDA:6,953,0,0
BRDA:6,953,1,0
BRDA:6,954,0,0
BRDA:6,954,1,0
BRDA:6,955,0,0
BRDA:6,955,1,0
BRDA:6,956,0,0
BRDA:6,956,1,0
BRDA:6,957,0,0
BRDA:6,957,1,0
BRDA:6,958,0,2
BRDA:6,958,1,0
BRDA:6,959,0,2
BRDA:6,959,1,2
BRDA:6,960,0,0
BRDA:6,960,1,0
BRDA:6,961,0,0
BRDA:6,961,1,0
BRDA:6,962,0,6
BRDA:6,962,1,0
BRDA:6,963,0,6
BRDA:6,963,1,6
BRDA:6,964,0,2
BRDA:6,964,1,292
BRDA:6,965,0,85
BRDA:6,965,1,209
BRDA:6,966,0,294
BRDA:6,966,1,85
BRDA:6,966,2,85
BRDA:6,967,0,85
BRDA:6,967,1,209
BRDA:6,968,0,85
BRDA:6,968,1,0
BRDA:6,969,0,85
BRDA:6,969,1,0
BRDA:6,970,0,0
BRDA:6,970,1,209
BRDA:6,971,0,0
BRDA:6,971,1,0
BRDA:6,972,0,0
BRDA:6,972,1,0
BRDA:6,973,0,85
BRDA:6,973,1,209
BRDA:6,974,0,2
BRDA:6,974,1,292
BRDA:6,975,0,2
BRDA:6,975,1,0
BRDA:6,976,0,2
BRDA:6,976,1,0
BRDA:6,977,0,2
BRDA:6,977,1,0
BRDA:6,978,0,2
BRDA:6,978,1,2
BRDA:6,979,0,0
BRDA:6,979,1,0
BRDA:6,980,0,0
BRDA:6,980,1,0
BRDA:6,981,0,83
BRDA:6,981,1,209
BRDA:6,982,0,85
BRDA:6,982,1,209
BRDA:6,983,0,0
BRDA:6,983,1,209
BRDA:6,984,0,0
BRDA:6,984,1,2
BRDA:6,985,0,2
BRDA:6,985,1,0
BRDA:6,986,0,2
BRDA:6,986,1,2
BRDA:6,987,0,0
BRDA:6,987,1,0
BRDA:6,988,0,0
BRDA:6,988,1,0
BRDA:6,989,0,4
BRDA:6,989,1,0
BRDA:6,990,0,4
BRDA:6,990,1,4
BRDA:6,991,0,0
BRDA:6,991,1,0
BRDA:6,992,0,0
BRDA:6,992,1,0
BRDA:6,993,0,0
BRDA:6,993,1,0
BRDA:6,994,0,2
BRDA:6,994,1,0
BRDA:6,995,0,2
BRDA:6,995,1,2
BRDA:6,996,0,0
BRDA:6,996,1,0
BRDA:6,997,0,0
BRDA:6,997,1,0
BRDA:6,998,0,3
BRDA:6,998,1,0
BRDA:6,999,0,3
BRDA:6,999,1,3
BRDA:6,1000,0,2
BRDA:6,1000,1,0
BRDA:6,1001,0,2
BRDA:6,1001,1,2
BRDA:6,1002,0,0
BRDA:6,1002,1,0
BRDA:6,1003,0,0
BRDA:6,1003,1,0
BRDA:6,1004,0,3
BRDA:6,1004,1,0
BRDA:6,1005,0,3
BRDA:6,1005,1,3
BRDA:6,1006,0,0
BRDA:6,1006,1,0
BRDA:6,1007,0,3
BRDA:6,1007,1,0
BRDA:6,1008,0,3
BRDA:6,1008,1,3
BRDA:6,1009,0,0
BRDA:6,1009,1,0
BRDA:6,1010,0,0
BRDA:6,1010,1,0
BRDA:6,1011,0,2
BRDA:6,1011,1,0
BRDA:6,1012,0,2
BRDA:6,1012,1,2
BRDA:6,1013,0,0
BRDA:6,1013,1,0
BRDA:6,1014,0,0
BRDA:6,1014,1,0
BRDA:6,1015,0,3
BRDA:6,1015,1,0
BRDA:6,1016,0,3
BRDA:6,1016,1,3
BRDA:6,1017,0,0
BRDA:6,1017,1,0
BRDA:6,1018,0,0
BRDA:6,1018,1,0
BRDA:6,1019,0,0
BRDA:6,1019,1,0
BRDA:6,1020,0,0
BRDA:6,1020,1,0
BRDA:6,1021,0,0
BRDA:6,1021,1,0
BRDA:6,1022,0,0
BRDA:6,1022,1,0
BRDA:6,1023,0,0
BRDA:6,1023,1,0
BRDA:6,1024,0,0
BRDA:6,1024,1,0
BRDA:6,1025,0,0
BRDA:6,1025,1,0
BRDA:6,1026,0,0
BRDA:6,1026,1,0
BRDA:6,1027,0,0
BRDA:6,1027,1,0
BRDA:6,1028,0,2
BRDA:6,1028,1,0
BRDA:6,1029,0,2
BRDA:6,1029,1,2
BRDA:6,1030,0,0
BRDA:6,1030,1,0
BRDA:6,1031,0,0
BRDA:6,1031,1,0
BRDA:6,1032,0,3
BRDA:6,1032,1,0
BRDA:6,1033,0,3
BRDA:6,1033,1,3
BRDA:6,1034,0,13
BRDA:6,1034,1,65
BRDA:6,1035,0,0
BRDA:6,1035,1,65
BRDA:6,1036,0,0
BRDA:6,1036,1,78
BRDA:6,1037,0,78
BRDA:6,1037,1,0
BRDA:6,1038,0,0
BRDA:6,1038,1,78
BRDA:6,1039,0,78
BRDA:6,1039,1,0
BRDA:6,1040,0,2
BRDA:6,1040,1,0
BRDA:6,1041,0,2
BRDA:6,1041,1,2
BRDA:6,1042,0,0
BRDA:6,1042,1,0
BRDA:6,1043,0,0
BRDA:6,1043,1,0
BRDA:6,1044,0,3
BRDA:6,1044,1,0
BRDA:6,1045,0,3
BRDA:6,1045,1,3
BRDA:6,1046,0,2
BRDA:6,1046,1,1
BRDA:6,1047,0,3
BRDA:6,1047,1,3
BRDA:6,1048,0,0
BRDA:6,1048,1,0
BRDA:6,1049,0,0
BRDA:6,1049,1,0
BRDA:7,1050,0,0
BRDA:7,1050,1,0
BRDA:7,1051,0,0
BRDA:7,1051,1,0
BRDA:7,1052,0,0
BRDA:7,1052,1,0
BRDA:7,1053,0,0
BRDA:7,1053,1,0
BRDA:7,1054,0,0
BRDA:7,1054,1,0
BRDA:7,1055,0,0
BRDA:7,1055,1,0
BRDA:7,1056,0,0
BRDA:7,1056,1,0
BRDA:7,1057,0,0
BRDA:7,1057,1,0
BRDA:7,1058,0,4
BRDA:7,1058,1,0
BRDA:7,1059,0,4
BRDA:7,1059,1,4
BRDA:7,1060,0,36101
BRDA:7,1060,1,0
BRDA:7,1061,0,15048
BRDA:7,1061,1,0
BRDA:7,1062,0,0
BRDA:7,1062,1,35608
BRDA:7,1063,0,35608
BRDA:7,1063,1,0
BRDA:7,1064,0,0
BRDA:7,1064,1,35608
BRDA:7,1065,0,0
BRDA:7,1065,1,0
BRDA:7,1066,0,1
BRDA:7,1066,1,0
BRDA:7,1067,0,1
BRDA:7,1067,1,1
BRDA:7,1068,0,0
BRDA:7,1068,1,1954
BRDA:7,1069,0,1954
BRDA:7,1069,1,0
BRDA:7,1070,0,5
BRDA:7,1070,1,0
BRDA:7,1071,0,5
BRDA:7,1071,1,5
BRDA:7,1072,0,0
BRDA:7,1072,1,0
BRDA:7,1073,0,0
BRDA:7,1073,1,0
BRDA:7,1074,0,0
BRDA:7,1074,1,0
BRDA:7,1075,0,0
BRDA:7,1075,1,0
BRDA:7,1076,0,0
BRDA:7,1076,1,0
BRDA:7,1077,0,0
BRDA:7,1077,1,0
BRDA:7,1078,0,0
BRDA:7,1078,1,0
BRDA:7,1079,0,0
BRDA:7,1079,1,0
BRDA:7,1080,0,0
BRDA:7,1080,1,0
BRDA:7,1081,0,0
BRDA:7,1081,1,0
BRDA:7,1082,0,0
BRDA:7,1082,1,0
BRDA:7,1083,0,0
BRDA:7,1083,1,0
BRDA:7,1084,0,0
BRDA:7,1084,1,0
BRDA:7,1085,0,0
BRDA:7,1085,1,0
BRDA:7,1086,0,0
BRDA:7,1086,1,0
BRDA:7,1087,0,0
BRDA:7,1087,1,0
BRDA:7,1088,0,0
BRDA:7,1088,1,0
BRDA:7,1089,0,0
BRDA:7,1089,1,0
BRDA:7,1090,0,0
BRDA:7,1090,1,0
BRDA:7,1091,0,294
BRDA:7,1091,1,609
BRDA:7,1092,0,903
BRDA:7,1092,1,294
BRDA:8,1093,0,2
BRDA:8,1093,1,0
BRDA:8,1094,0,2
BRDA:8,1094,1,2
BRDA:8,1095,0,7128
BRDA:8,1095,1,0
BRDA:8,1096,0,7128
BRDA:8,1096,1,7128
BRDA:8,1096,2,0
BRDA:8,1097,0,0
BRDA:8,1097,1,7128
BRDA:8,1098,0,0
BRDA:8,1098,1,7128
BRDA:8,1099,0,162
BRDA:8,1099,1,6966
BRDA:8,1100,0,5452
BRDA:8,1100,1,1676
BRDA:8,1101,0,1676
BRDA:8,1101,1,0
BRDA:8,1102,0,162
BRDA:8,1102,1,6966
BRDA:8,1103,0,0
BRDA:8,1103,1,59863
BRDA:8,1104,0,59863
BRDA:8,1104,1,0
BRDA:8,1105,0,59863
BRDA:8,1105,1,59863
BRDA:8,1106,0,0
BRDA:8,1106,1,0
BRDA:8,1107,0,10258
BRDA:8,1107,1,0
BRDA:8,1108,0,1
BRDA:8,1108,1,0
BRDA:8,1109,0,1
BRDA:8,1109,1,0
BRF:2288
BRH:1039
end_of_record
TN:
SF:/home/zoom/suit/guppy/src/engine.js
FN:6,(anonymous_0)
FN:7,(anonymous_1)
FN:8,(anonymous_2)
FN:19,(anonymous_3)
FN:69,(anonymous_4)
FN:73,(anonymous_5)
FN:82,(anonymous_6)
FN:91,(anonymous_7)
FN:100,(anonymous_8)
FN:112,(anonymous_9)
FN:117,(anonymous_10)
FN:122,(anonymous_11)
FN:135,(anonymous_12)
FN:149,(anonymous_13)
FN:153,(anonymous_14)
FN:173,(anonymous_15)
FN:177,(anonymous_16)
FN:181,(anonymous_17)
FN:196,(anonymous_18)
FN:297,(anonymous_19)
FN:311,(anonymous_20)
FN:320,(anonymous_21)
FN:338,(anonymous_22)
FN:353,(anonymous_23)
FN:363,(anonymous_24)
FN:459,(anonymous_25)
FN:490,(anonymous_26)
FN:502,(anonymous_27)
FN:515,(anonymous_28)
FN:524,(anonymous_29)
FN:533,(anonymous_30)
FN:555,(anonymous_31)
FN:575,(anonymous_32)
FN:591,(anonymous_33)
FN:621,(anonymous_34)
FN:635,(anonymous_35)
FN:645,(anonymous_36)
FN:675,(anonymous_37)
FN:689,(anonymous_38)
FN:714,(anonymous_39)
FN:727,(anonymous_40)
FN:752,(anonymous_41)
FN:753,(anonymous_42)
FN:754,(anonymous_43)
FN:755,(anonymous_44)
FN:756,(anonymous_45)
FN:757,(anonymous_46)
FN:758,(anonymous_47)
FN:759,(anonymous_48)
FN:767,(anonymous_49)
FN:801,(anonymous_50)
FN:872,(anonymous_51)
FN:915,(anonymous_52)
FN:941,(anonymous_53)
FN:969,(anonymous_54)
FN:990,(anonymous_55)
FN:999,(anonymous_56)
FN:1016,(anonymous_57)
FN:1034,(anonymous_58)
FN:1084,(anonymous_59)
FN:1108,(anonymous_60)
FN:1123,(anonymous_61)
FN:1134,(anonymous_62)
FN:1143,(anonymous_63)
FN:1162,(anonymous_64)
FN:1171,(anonymous_65)
FN:1191,(anonymous_66)
FN:1211,(anonymous_67)
FN:1220,(anonymous_68)
FN:1225,(anonymous_69)
FN:1240,(anonymous_70)
FN:1247,(anonymous_71)
FN:1256,(anonymous_72)
FN:1270,(anonymous_73)
FN:1284,(anonymous_74)
FN:1289,(anonymous_75)
FN:1297,(anonymous_76)
FN:1301,(anonymous_77)
FN:1308,(anonymous_78)
FNF:79
FNH:77
FNDA:449,(anonymous_0)
FNDA:5,(anonymous_1)
FNDA:0,(anonymous_2)
FNDA:1,(anonymous_3)
FNDA:1899,(anonymous_4)
FNDA:1042,(anonymous_5)
FNDA:1979,(anonymous_6)
FNDA:107,(anonymous_7)
FNDA:118,(anonymous_8)
FNDA:8,(anonymous_9)
FNDA:3,(anonymous_10)
FNDA:1042,(anonymous_11)
FNDA:1,(anonymous_12)
FNDA:1,(anonymous_13)
FNDA:3,(anonymous_14)
FNDA:14,(anonymous_15)
FNDA:16,(anonymous_16)
FNDA:11086,(anonymous_17)
FNDA:11086,(anonymous_18)
FNDA:17668,(anonymous_19)
FNDA:15,(anonymous_20)
FNDA:70,(anonymous_21)
FNDA:5,(anonymous_22)
FNDA:98,(anonymous_23)
FNDA:98,(anonymous_24)
FNDA:16,(anonymous_25)
FNDA:269,(anonymous_26)
FNDA:449,(anonymous_27)
FNDA:0,(anonymous_28)
FNDA:3,(anonymous_29)
FNDA:2,(anonymous_30)
FNDA:4,(anonymous_31)
FNDA:2,(anonymous_32)
FNDA:9,(anonymous_33)
FNDA:4,(anonymous_34)
FNDA:209,(anonymous_35)
FNDA:13,(anonymous_36)
FNDA:1,(anonymous_37)
FNDA:10,(anonymous_38)
FNDA:19,(anonymous_39)
FNDA:7,(anonymous_40)
FNDA:1,(anonymous_41)
FNDA:2,(anonymous_42)
FNDA:5,(anonymous_43)
FNDA:1,(anonymous_44)
FNDA:1,(anonymous_45)
FNDA:5,(anonymous_46)
FNDA:3,(anonymous_47)
FNDA:1,(anonymous_48)
FNDA:2,(anonymous_49)
FNDA:19,(anonymous_50)
FNDA:1,(anonymous_51)
FNDA:1,(anonymous_52)
FNDA:1,(anonymous_53)
FNDA:49,(anonymous_54)
FNDA:2,(anonymous_55)
FNDA:17,(anonymous_56)
FNDA:2,(anonymous_57)
FNDA:6,(anonymous_58)
FNDA:3,(anonymous_59)
FNDA:8,(anonymous_60)
FNDA:3,(anonymous_61)
FNDA:1,(anonymous_62)
FNDA:1,(anonymous_63)
FNDA:4,(anonymous_64)
FNDA:1,(anonymous_65)
FNDA:3,(anonymous_66)
FNDA:3,(anonymous_67)
FNDA:1,(anonymous_68)
FNDA:704,(anonymous_69)
FNDA:6,(anonymous_70)
FNDA:6,(anonymous_71)
FNDA:7,(anonymous_72)
FNDA:2,(anonymous_73)
FNDA:2,(anonymous_74)
FNDA:1,(anonymous_75)
FNDA:1,(anonymous_76)
FNDA:98,(anonymous_77)
FNDA:446,(anonymous_78)
DA:1,1
DA:2,1
DA:3,1
DA:4,1
DA:6,449
DA:7,5
DA:8,1
DA:19,1
DA:20,1
DA:21,1
DA:22,1
DA:23,1
DA:24,1
DA:26,1
DA:27,1
DA:28,1
DA:30,1
DA:32,1
DA:33,9
DA:34,9
DA:37,1
DA:39,1
DA:40,5
DA:41,5
DA:44,1
DA:45,1
DA:47,1
DA:48,1
DA:49,1
DA:50,1
DA:51,1
DA:52,1
DA:53,1
DA:54,1
DA:55,1
DA:56,1
DA:57,0
DA:58,0
DA:59,0
DA:63,1
DA:64,1
DA:65,1
DA:66,1
DA:67,1
DA:69,1
DA:70,1899
DA:73,1
DA:74,1042
DA:82,1
DA:83,1979
DA:91,1
DA:92,107
DA:100,1
DA:101,118
DA:102,118
DA:103,118
DA:104,118
DA:105,118
DA:106,118
DA:107,118
DA:108,118
DA:109,118
DA:112,1
DA:113,8
DA:114,8
DA:117,1
DA:118,3
DA:119,3
DA:122,1
DA:123,1042
DA:124,1042
DA:125,1042
DA:126,1042
DA:127,1042
DA:135,1
DA:136,1
DA:149,1
DA:150,1
DA:153,1
DA:154,3
DA:155,1
DA:156,1
DA:157,1
DA:159,2
DA:160,1
DA:161,1
DA:162,1
DA:163,1
DA:165,1
DA:166,1
DA:167,1
DA:168,1
DA:169,1
DA:173,1
DA:174,14
DA:177,1
DA:178,16
DA:181,1
DA:182,11086
DA:183,5239
DA:186,5847
DA:187,5847
DA:188,12166
DA:189,10227
DA:190,8807
DA:191,8199
DA:196,1
DA:197,11086
DA:198,5239
DA:199,5239
DA:201,5239
DA:202,5239
DA:203,5239
DA:204,5239
DA:205,76
DA:206,76
DA:207,19
DA:210,57
DA:212,76
DA:213,76
DA:215,5239
DA:216,5239
DA:217,5239
DA:218,2511
DA:219,2501
DA:220,558
DA:221,434
DA:222,434
DA:224,124
DA:225,0
DA:227,124
DA:229,1943
DA:236,1811
DA:239,5239
DA:240,9787
DA:241,1436
DA:242,66
DA:243,3
DA:244,63
DA:245,0
DA:247,63
DA:250,1370
DA:251,1370
DA:252,131
DA:254,1239
DA:256,1370
DA:257,7
DA:258,1363
DA:259,14
DA:261,1436
DA:263,8351
DA:264,10
DA:266,8341
DA:267,24
DA:269,8317
DA:270,5
DA:271,0
DA:273,5
DA:274,5
DA:275,0
DA:278,5
DA:280,5
DA:282,9787
DA:284,5239
DA:285,76
DA:287,5239
DA:288,5239
DA:291,5847
DA:292,12166
DA:297,1
DA:298,17668
DA:299,5239
DA:300,5239
DA:301,5239
DA:302,5239
DA:305,12429
DA:306,22077
DA:311,1
DA:312,15
DA:313,30
DA:314,15
DA:315,30
DA:316,15
DA:320,1
DA:321,70
DA:322,70
DA:323,181
DA:325,70
DA:328,55
DA:329,55
DA:330,0
DA:331,0
DA:333,55
DA:335,15
DA:338,1
DA:339,5
DA:340,5
DA:341,5
DA:342,5
DA:343,5
DA:344,5
DA:345,5
DA:346,5
DA:347,5
DA:348,5
DA:349,5
DA:350,5
DA:353,1
DA:354,98
DA:363,1
DA:364,98
DA:365,98
DA:366,0
DA:368,98
DA:370,98
DA:371,98
DA:372,98
DA:373,98
DA:375,98
DA:376,23
DA:377,23
DA:378,1
DA:379,1
DA:380,1
DA:381,1
DA:382,1
DA:384,22
DA:386,22
DA:387,4
DA:388,4
DA:389,4
DA:393,18
DA:394,18
DA:395,18
DA:396,18
DA:397,18
DA:398,18
DA:399,18
DA:404,98
DA:405,75
DA:406,75
DA:407,75
DA:422,98
DA:424,98
DA:425,98
DA:427,98
DA:429,98
DA:430,4
DA:433,94
DA:435,94
DA:436,76
DA:437,76
DA:439,94
DA:440,94
DA:441,94
DA:444,98
DA:445,98
DA:446,98
DA:447,28
DA:450,70
DA:451,70
DA:454,98
DA:455,98
DA:456,98
DA:459,1
DA:460,16
DA:461,4
DA:463,12
DA:464,12
DA:465,12
DA:467,12
DA:468,8
DA:473,4
DA:474,4
DA:475,4
DA:476,4
DA:477,4
DA:478,4
DA:479,4
DA:480,4
DA:481,4
DA:483,4
DA:484,4
DA:490,1
DA:491,269
DA:492,269
DA:493,269
DA:494,269
DA:502,1
DA:503,449
DA:504,449
DA:505,5
DA:506,5
DA:508,449
DA:509,449
DA:510,449
DA:511,449
DA:512,449
DA:513,449
DA:514,4
DA:515,4
DA:524,1
DA:525,3
DA:533,1
DA:534,2
DA:535,2
DA:536,2
DA:537,2
DA:538,2
DA:539,2
DA:540,2
DA:541,2
DA:542,2
DA:544,2
DA:545,2
DA:546,2
DA:549,0
DA:552,2
DA:555,1
DA:556,4
DA:557,0
DA:558,4
DA:559,4
DA:560,4
DA:561,4
DA:562,4
DA:563,4
DA:564,4
DA:565,4
DA:566,0
DA:567,4
DA:575,1
DA:576,2
DA:577,2
DA:578,2
DA:579,2
DA:580,2
DA:581,2
DA:582,4
DA:583,4
DA:584,4
DA:586,2
DA:587,2
DA:588,2
DA:591,1
DA:592,9
DA:593,9
DA:594,15
DA:597,9
DA:598,6
DA:599,6
DA:602,3
DA:603,3
DA:604,3
DA:605,3
DA:607,0
DA:608,3
DA:609,3
DA:610,3
DA:611,3
DA:612,3
DA:621,1
DA:622,4
DA:623,4
DA:624,4
DA:625,4
DA:626,4
DA:627,4
DA:635,1
DA:636,209
DA:637,209
DA:638,209
DA:645,1
DA:646,13
DA:647,13
DA:648,9
DA:649,9
DA:650,9
DA:651,17
DA:652,17
DA:654,9
DA:655,8
DA:656,6
DA:658,2
DA:660,1
DA:661,1
DA:662,0
DA:664,1
DA:666,9
DA:667,9
DA:668,9
DA:675,1
DA:676,1
DA:677,1
DA:678,1
DA:679,1
DA:680,1
DA:681,1
DA:689,1
DA:690,10
DA:691,5
DA:692,5
DA:694,10
DA:695,1
DA:696,1
DA:697,1
DA:698,1
DA:699,1
DA:702,0
DA:706,9
DA:707,9
DA:709,10
DA:710,0
DA:714,1
DA:715,19
DA:716,19
DA:717,8
DA:718,11
DA:719,11
DA:727,1
DA:728,7
DA:729,4
DA:730,4
DA:732,7
DA:733,0
DA:734,0
DA:735,0
DA:736,0
DA:737,0
DA:740,0
DA:744,7
DA:745,7
DA:747,7
DA:748,0
DA:752,1
DA:753,2
DA:754,5
DA:755,1
DA:756,1
DA:757,5
DA:758,3
DA:759,1
DA:767,1
DA:768,2
DA:769,2
DA:770,2
DA:772,2
DA:773,2
DA:774,2
DA:775,2
DA:776,0
DA:777,0
DA:779,2
DA:780,2
DA:781,2
DA:782,2
DA:783,2
DA:784,0
DA:785,0
DA:787,2
DA:788,2
DA:801,1
DA:802,19
DA:803,19
DA:804,19
DA:805,19
DA:806,19
DA:807,19
DA:808,29
DA:810,19
DA:814,19
DA:815,9
DA:816,9
DA:817,9
DA:818,9
DA:819,9
DA:820,0
DA:821,0
DA:823,9
DA:824,9
DA:825,9
DA:826,9
DA:827,0
DA:828,9
DA:829,9
DA:830,9
DA:831,6
DA:832,9
DA:834,9
DA:835,9
DA:836,9
DA:837,9
DA:838,9
DA:841,10
DA:842,4
DA:845,6
DA:846,6
DA:847,6
DA:848,6
DA:849,10
DA:850,10
DA:851,10
DA:855,0
DA:856,0
DA:859,10
DA:860,10
DA:861,10
DA:862,10
DA:863,0
DA:864,10
DA:865,10
DA:872,1
DA:873,1
DA:874,1
DA:875,3
DA:877,1
DA:880,1
DA:881,0
DA:882,0
DA:884,1
DA:885,1
DA:886,1
DA:888,0
DA:890,1
DA:891,1
DA:894,1
DA:895,0
DA:896,0
DA:898,1
DA:899,1
DA:900,1
DA:901,2
DA:902,0
DA:903,1
DA:904,2
DA:905,2
DA:906,2
DA:908,1
DA:915,1
DA:916,1
DA:917,1
DA:918,4
DA:920,1
DA:922,1
DA:923,1
DA:924,1
DA:926,0
DA:927,0
DA:928,0
DA:930,0
DA:932,1
DA:933,1
DA:934,1
DA:941,1
DA:942,1
DA:943,1
DA:944,3
DA:946,1
DA:947,1
DA:948,1
DA:949,1
DA:951,0
DA:952,0
DA:953,0
DA:955,0
DA:956,0
DA:957,0
DA:959,0
DA:960,0
DA:961,0
DA:962,0
DA:969,1
DA:970,49
DA:971,49
DA:972,37
DA:973,37
DA:974,36
DA:975,36
DA:978,1
DA:982,12
DA:990,1
DA:991,2
DA:992,2
DA:999,1
DA:1000,17
DA:1001,17
DA:1002,9
DA:1003,9
DA:1004,8
DA:1005,8
DA:1008,1
DA:1012,8
DA:1016,1
DA:1017,2
DA:1018,2
DA:1019,2
DA:1020,3
DA:1021,3
DA:1023,2
DA:1024,2
DA:1025,2
DA:1026,2
DA:1027,2
DA:1029,2
DA:1030,2
DA:1031,2
DA:1034,1
DA:1036,6
DA:1037,3
DA:1038,3
DA:1042,3
DA:1044,1
DA:1045,1
DA:1047,2
DA:1049,0
DA:1050,0
DA:1052,2
DA:1054,1
DA:1055,1
DA:1058,0
DA:1059,0
DA:1062,1
DA:1064,1
DA:1065,1
DA:1066,0
DA:1068,1
DA:1069,1
DA:1072,0
DA:1073,0
DA:1078,0
DA:1081,6
DA:1084,1
DA:1086,3
DA:1087,2
DA:1091,1
DA:1093,1
DA:1094,1
DA:1096,0
DA:1098,0
DA:1101,3
DA:1108,1
DA:1109,8
DA:1110,2
DA:1111,2
DA:1112,2
DA:1114,6
DA:1115,6
DA:1123,1
DA:1124,3
DA:1125,0
DA:1126,0
DA:1127,0
DA:1129,3
DA:1130,3
DA:1134,1
DA:1135,1
DA:1136,1
DA:1143,1
DA:1144,1
DA:1145,1
DA:1146,1
DA:1148,0
DA:1149,0
DA:1150,0
DA:1151,0
DA:1153,0
DA:1154,0
DA:1155,0
DA:1158,0
DA:1162,1
DA:1163,4
DA:1164,4
DA:1171,1
DA:1172,1
DA:1173,1
DA:1174,1
DA:1175,1
DA:1176,1
DA:1177,1
DA:1178,5
DA:1179,5
DA:1181,1
DA:1182,1
DA:1184,0
DA:1191,1
DA:1192,3
DA:1193,3
DA:1194,1
DA:1195,1
DA:1196,1
DA:1197,1
DA:1198,4
DA:1199,4
DA:1201,1
DA:1202,1
DA:1204,2
DA:1211,1
DA:1212,3
DA:1213,3
DA:1220,1
DA:1221,1
DA:1222,1
DA:1225,1
DA:1226,704
DA:1227,704
DA:1228,704
DA:1229,704
DA:1230,704
DA:1231,704
DA:1232,704
DA:1233,704
DA:1234,704
DA:1235,704
DA:1236,704
DA:1237,704
DA:1240,1
DA:1241,6
DA:1242,6
DA:1243,6
DA:1244,6
DA:1247,1
DA:1248,6
DA:1249,6
DA:1256,1
DA:1257,7
DA:1258,7
DA:1259,5
DA:1260,5
DA:1261,5
DA:1262,5
DA:1263,5
DA:1270,1
DA:1271,2
DA:1272,2
DA:1273,1
DA:1274,1
DA:1275,1
DA:1276,1
DA:1277,1
DA:1284,1
DA:1285,2
DA:1286,1
DA:1289,1
DA:1290,1
DA:1291,1
DA:1292,1
[...]
FNDA:14,(anonymous_8)
FNDA:212,(anonymous_9)
FNDA:1525,(anonymous_10)
FNDA:85,(anonymous_11)
FNDA:1,(anonymous_12)
FNDA:0,(anonymous_13)
FNDA:110,(anonymous_14)
FNDA:315,(anonymous_15)
FNDA:12889,(anonymous_16)
FNDA:641,(anonymous_17)
FNDA:0,(anonymous_18)
FNDA:0,(anonymous_19)
DA:1,1
DA:2,1
DA:3,1
DA:13,1
DA:14,113
DA:15,113
DA:16,3
DA:17,0
DA:20,1
DA:21,1423
DA:22,1423
DA:23,208
DA:24,206
DA:25,656
DA:27,1421
DA:30,1
DA:31,124
DA:32,124
DA:33,199
DA:42,1
DA:43,106
DA:44,37
DA:45,37
DA:46,32
DA:55,1
DA:56,4004
DA:65,1
DA:66,1981
DA:67,1979
DA:68,1963
DA:69,1941
DA:70,1936
DA:71,1933
DA:74,1
DA:75,1
DA:78,1
DA:79,11
DA:80,11
DA:81,11
DA:84,1
DA:85,14
DA:86,14
DA:87,14
DA:88,14
DA:89,14
DA:90,14
DA:93,1
DA:94,212
DA:95,212
DA:96,74
DA:97,74
DA:98,74
DA:99,74
DA:100,74
DA:101,51
DA:103,74
DA:104,74
DA:107,71
DA:111,138
DA:112,10
DA:113,10
DA:114,20
DA:116,10
DA:118,128
DA:119,128
DA:120,2
DA:123,126
DA:124,126
DA:125,274
DA:126,200
DA:128,74
DA:129,74
DA:133,126
DA:136,212
DA:139,1
DA:140,1525
DA:141,1525
DA:144,1
DA:145,85
DA:146,85
DA:155,1
DA:156,1
DA:157,1
DA:158,1
DA:159,1
DA:160,1
DA:161,1
DA:162,3
DA:163,1
DA:164,3
DA:165,1
DA:173,1
DA:174,110
DA:175,110
DA:178,1
DA:179,315
DA:180,315
DA:181,315
DA:182,38
DA:183,38
DA:184,38
DA:185,11
DA:187,277
DA:188,277
DA:189,277
DA:190,208
DA:191,193
DA:193,4
DA:196,1
DA:197,12889
DA:198,12889
DA:199,12889
DA:200,12889
DA:201,5395
DA:202,5239
DA:205,156
DA:208,7494
DA:209,1460
DA:210,1460
DA:211,1460
DA:213,6034
DA:214,1460
DA:215,1460
DA:216,1460
DA:217,1460
DA:218,4698
DA:219,1460
DA:220,4675
DA:221,1657
DA:222,1657
DA:223,256
DA:224,256
DA:225,641
DA:226,641
DA:228,256
DA:230,1401
DA:234,4574
DA:235,641
DA:236,641
DA:237,641
DA:238,984
DA:241,3933
DA:242,3933
DA:243,6851
DA:244,3933
DA:245,88
DA:248,12889
DA:255,1
DA:256,0
DA:257,0
DA:258,0
DA:259,0
DA:260,0
DA:261,0
DA:262,0
DA:263,0
DA:264,0
DA:265,0
DA:266,0
DA:269,0
DA:278,1
DA:279,0
DA:280,0
DA:281,0
DA:282,0
DA:286,1
LF:166
LH:149
BRDA:14,0,0,113
BRDA:14,0,1,110
BRDA:15,1,0,110
BRDA:15,1,1,3
BRDA:15,2,0,110
BRDA:15,2,1,1
BRDA:16,3,0,3
BRDA:16,3,1,0
BRDA:17,4,0,0
BRDA:17,4,1,0
BRDA:22,5,0,1629
BRDA:22,5,1,1453
BRDA:23,6,0,2
BRDA:23,6,1,206
BRDA:25,7,0,862
BRDA:25,7,1,687
BRDA:33,8,0,89
BRDA:33,8,1,110
BRDA:43,9,0,69
BRDA:43,9,1,37
BRDA:45,10,0,5
BRDA:45,10,1,32
BRDA:45,11,0,37
BRDA:45,11,1,37
BRDA:45,11,2,37
BRDA:66,12,0,2
BRDA:66,12,1,1979
BRDA:67,13,0,16
BRDA:67,13,1,1963
BRDA:68,14,0,22
BRDA:68,14,1,1941
BRDA:69,15,0,5
BRDA:69,15,1,1936
BRDA:70,16,0,3
BRDA:70,16,1,1933
BRDA:85,17,0,14
BRDA:85,17,1,3
BRDA:86,18,0,14
BRDA:86,18,1,14
BRDA:94,19,0,212
BRDA:94,19,1,47
BRDA:95,20,0,74
BRDA:95,20,1,138
BRDA:99,21,0,0
BRDA:99,21,1,74
BRDA:100,22,0,23
BRDA:100,22,1,51
BRDA:101,23,0,8
BRDA:101,23,1,43
BRDA:111,24,0,10
BRDA:111,24,1,128
BRDA:118,25,0,128
BRDA:118,25,1,0
BRDA:118,26,0,128
BRDA:118,26,1,47
BRDA:119,27,0,2
BRDA:119,27,1,126
BRDA:119,28,0,128
BRDA:119,28,1,2
BRDA:125,29,0,200
BRDA:125,29,1,74
BRDA:128,30,0,74
BRDA:128,30,1,0
BRDA:140,31,0,1525
BRDA:140,31,1,6
BRDA:145,32,0,85
BRDA:145,32,1,1
BRDA:159,33,0,0
BRDA:159,33,1,1
BRDA:181,34,0,38
BRDA:181,34,1,277
BRDA:181,35,0,315
BRDA:181,35,1,38
BRDA:181,35,2,38
BRDA:184,36,0,27
BRDA:184,36,1,11
BRDA:184,37,0,38
BRDA:184,37,1,27
BRDA:185,38,0,7
BRDA:185,38,1,4
BRDA:185,39,0,11
BRDA:185,39,1,7
BRDA:185,39,2,7
BRDA:185,39,3,7
BRDA:185,39,4,7
BRDA:187,40,0,277
BRDA:187,40,1,0
BRDA:189,41,0,69
BRDA:189,41,1,208
BRDA:189,42,0,277
BRDA:189,42,1,69
BRDA:190,43,0,15
BRDA:190,43,1,193
BRDA:190,44,0,208
BRDA:190,44,1,193
BRDA:200,45,0,5395
BRDA:200,45,1,7494
BRDA:201,46,0,5239
BRDA:201,46,1,156
BRDA:201,47,0,5395
BRDA:201,47,1,5248
BRDA:208,48,0,1460
BRDA:208,48,1,6034
BRDA:209,49,0,2
BRDA:209,49,1,1458
BRDA:209,50,0,1460
BRDA:209,50,1,1423
BRDA:210,51,0,1460
BRDA:210,51,1,2
BRDA:211,52,0,1460
BRDA:211,52,1,0
BRDA:213,53,0,1460
BRDA:213,53,1,4574
BRDA:218,54,0,1657
BRDA:218,54,1,3041
BRDA:218,55,0,4698
BRDA:218,55,1,3297
BRDA:220,56,0,3018
BRDA:220,56,1,1657
BRDA:221,57,0,1657
BRDA:221,57,1,0
BRDA:222,58,0,256
BRDA:222,58,1,1401
BRDA:225,59,0,252
BRDA:225,59,1,389
BRDA:234,60,0,641
BRDA:234,60,1,3933
BRDA:241,61,0,3933
BRDA:241,61,1,0
BRDA:241,62,0,3933
BRDA:241,62,1,1933
BRDA:244,63,0,88
BRDA:244,63,1,3845
BRDA:244,64,0,3933
BRDA:244,64,1,3823
BRDA:244,64,2,315
BRDA:259,65,0,0
BRDA:259,65,1,0
BRF:138
BRH:125
end_of_record
TN:
SF:/home/zoom/suit/guppy/src/ast.js
FN:3,(anonymous_0)
FN:26,(anonymous_1)
FN:28,(anonymous_2)
FN:32,(anonymous_3)
FN:33,(anonymous_4)
FN:34,(anonymous_5)
FN:35,(anonymous_6)
FN:39,(anonymous_7)
FN:45,(anonymous_8)
FN:47,(anonymous_9)
FN:48,(anonymous_10)
FN:49,(anonymous_11)
FN:50,(anonymous_12)
FN:51,(anonymous_13)
FN:52,(anonymous_14)
FN:53,(anonymous_15)
FN:54,(anonymous_16)
FN:55,(anonymous_17)
FN:56,(anonymous_18)
FN:57,(anonymous_19)
FN:58,(anonymous_20)
FN:59,(anonymous_21)
FN:60,(anonymous_22)
FN:61,(anonymous_23)
FN:62,(anonymous_24)
FN:63,(anonymous_25)
FN:64,(anonymous_26)
FN:68,(anonymous_27)
FN:69,(anonymous_28)
FN:72,(anonymous_29)
FN:75,(anonymous_30)
FN:83,(anonymous_31)
FN:89,(anonymous_32)
FN:94,(anonymous_33)
FN:103,(anonymous_34)
FN:112,(anonymous_35)
FN:118,(anonymous_36)
FN:135,(anonymous_37)
FN:135,(anonymous_38)
FN:137,(anonymous_39)
FN:140,(anonymous_40)
FN:141,(anonymous_41)
FN:151,(anonymous_42)
FN:152,(anonymous_43)
FN:156,(anonymous_44)
FN:170,(anonymous_45)
FN:182,(anonymous_46)
FN:191,(anonymous_47)
FN:200,(anonymous_48)
FN:203,(anonymous_49)
FN:203,(anonymous_50)
FN:204,(anonymous_51)
FN:204,(anonymous_52)
FN:205,(anonymous_53)
FN:205,(anonymous_54)
FN:206,(anonymous_55)
FN:206,(anonymous_56)
FN:207,(anonymous_57)
FN:207,(anonymous_58)
FN:207,(anonymous_59)
FN:208,(anonymous_60)
FN:208,(anonymous_61)
FN:209,(anonymous_62)
FN:209,(anonymous_63)
FN:210,(anonymous_64)
FN:210,(anonymous_65)
FN:211,(anonymous_66)
FN:211,(anonymous_67)
FN:212,(anonymous_68)
FN:212,(anonymous_69)
FN:213,(anonymous_70)
FN:213,(anonymous_71)
FN:214,(anonymous_72)
FN:214,(anonymous_73)
FN:215,(anonymous_74)
FN:215,(anonymous_75)
FN:220,(anonymous_76)
FN:222,(anonymous_77)
FN:242,(anonymous_78)
FN:246,(anonymous_79)
FN:247,(anonymous_80)
FN:250,(anonymous_81)
FN:252,(anonymous_82)
FN:272,(anonymous_83)
FN:277,(anonymous_84)
FN:281,(anonymous_85)
FN:285,(anonymous_86)
FN:289,(anonymous_87)
FN:294,(anonymous_88)
FN:340,(anonymous_89)
FN:353,(anonymous_90)
FN:355,(anonymous_91)
FN:373,(anonymous_92)
FN:375,(anonymous_93)
FN:394,(anonymous_94)
FN:396,(anonymous_95)
FN:397,(anonymous_96)
FN:398,(anonymous_97)
FN:399,(anonymous_98)
FN:400,(anonymous_99)
FN:401,(anonymous_100)
FN:405,(anonymous_101)
FN:409,(anonymous_102)
FN:410,(anonymous_103)
FN:413,(anonymous_104)
FN:415,(anonymous_105)
FN:435,(anonymous_106)
FN:439,(anonymous_107)
FN:441,(anonymous_108)
FN:459,(anonymous_109)
FN:471,(anonymous_110)
FN:507,(anonymous_111)
FN:524,(anonymous_112)
FN:526,(anonymous_113)
FN:544,(anonymous_114)
FN:548,(anonymous_115)
FN:552,(anonymous_116)
FN:558,(anonymous_117)
FN:566,(anonymous_118)
FN:568,(anonymous_119)
FNF:120
FNH:99
FNDA:211,(anonymous_0)
FNDA:200,(anonymous_1)
FNDA:57,(anonymous_2)
FNDA:0,(anonymous_3)
FNDA:30,(anonymous_4)
FNDA:75,(anonymous_5)
FNDA:0,(anonymous_6)
FNDA:6,(anonymous_7)
FNDA:22,(anonymous_8)
FNDA:0,(anonymous_9)
FNDA:2,(anonymous_10)
FNDA:1,(anonymous_11)
FNDA:1,(anonymous_12)
FNDA:1,(anonymous_13)
FNDA:1,(anonymous_14)
FNDA:1,(anonymous_15)
FNDA:10,(anonymous_16)
FNDA:6,(anonymous_17)
FNDA:1,(anonymous_18)
FNDA:4,(anonymous_19)
FNDA:2,(anonymous_20)
FNDA:23,(anonymous_21)
FNDA:38,(anonymous_22)
FNDA:1,(anonymous_23)
FNDA:2,(anonymous_24)
FNDA:1,(anonymous_25)
FNDA:18,(anonymous_26)
FNDA:14,(anonymous_27)
FNDA:3,(anonymous_28)
FNDA:6,(anonymous_29)
FNDA:12,(anonymous_30)
FNDA:60,(anonymous_31)
FNDA:30,(anonymous_32)
FNDA:30,(anonymous_33)
FNDA:6,(anonymous_34)
FNDA:3,(anonymous_35)
FNDA:30,(anonymous_36)
FNDA:98,(anonymous_37)
FNDA:3,(anonymous_38)
FNDA:3,(anonymous_39)
FNDA:5,(anonymous_40)
FNDA:4,(anonymous_41)
FNDA:28,(anonymous_42)
FNDA:13,(anonymous_43)
FNDA:7,(anonymous_44)
FNDA:20,(anonymous_45)
FNDA:30,(anonymous_46)
FNDA:5,(anonymous_47)
FNDA:5,(anonymous_48)
FNDA:1,(anonymous_49)
FNDA:1,(anonymous_50)
FNDA:5,(anonymous_51)
FNDA:4,(anonymous_52)
FNDA:1,(anonymous_53)
FNDA:1,(anonymous_54)
FNDA:0,(anonymous_55)
FNDA:0,(anonymous_56)
FNDA:2,(anonymous_57)
FNDA:1,(anonymous_58)
FNDA:1,(anonymous_59)
FNDA:3,(anonymous_60)
FNDA:3,(anonymous_61)
FNDA:13,(anonymous_62)
FNDA:10,(anonymous_63)
FNDA:3,(anonymous_64)
FNDA:2,(anonymous_65)
FNDA:1,(anonymous_66)
FNDA:1,(anonymous_67)
FNDA:0,(anonymous_68)
FNDA:0,(anonymous_69)
FNDA:1,(anonymous_70)
FNDA:1,(anonymous_71)
FNDA:0,(anonymous_72)
FNDA:0,(anonymous_73)
FNDA:0,(anonymous_74)
FNDA:0,(anonymous_75)
FNDA:229,(anonymous_76)
FNDA:0,(anonymous_77)
FNDA:126,(anonymous_78)
FNDA:0,(anonymous_79)
FNDA:0,(anonymous_80)
FNDA:14,(anonymous_81)
FNDA:2394,(anonymous_82)
FNDA:0,(anonymous_83)
FNDA:43,(anonymous_84)
FNDA:57,(anonymous_85)
FNDA:2,(anonymous_86)
FNDA:83,(anonymous_87)
FNDA:362,(anonymous_88)
FNDA:177,(anonymous_89)
FNDA:1260,(anonymous_90)
FNDA:45,(anonymous_91)
FNDA:378,(anonymous_92)
FNDA:6,(anonymous_93)
FNDA:11,(anonymous_94)
FNDA:19,(anonymous_95)
FNDA:0,(anonymous_96)
FNDA:43,(anonymous_97)
FNDA:15,(anonymous_98)
FNDA:0,(anonymous_99)
FNDA:0,(anonymous_100)
FNDA:11,(anonymous_101)
FNDA:0,(anonymous_102)
FNDA:0,(anonymous_103)
FNDA:1,(anonymous_104)
FNDA:242,(anonymous_105)
FNDA:0,(anonymous_106)
FNDA:19,(anonymous_107)
FNDA:9,(anonymous_108)
FNDA:15,(anonymous_109)
FNDA:87,(anonymous_110)
FNDA:38,(anonymous_111)
FNDA:154,(anonymous_112)
FNDA:10,(anonymous_113)
FNDA:1,(anonymous_114)
FNDA:1,(anonymous_115)
FNDA:1,(anonymous_116)
FNDA:3,(anonymous_117)
FNDA:11,(anonymous_118)
FNDA:2,(anonymous_119)
DA:1,1
DA:3,1
DA:4,211
DA:5,211
DA:6,239
DA:7,239
DA:8,655
DA:9,655
DA:10,655
DA:11,655
DA:12,239
DA:13,239
DA:14,239
DA:15,239
DA:16,239
DA:19,239
DA:20,0
DA:23,211
DA:26,1
DA:27,200
DA:29,57
DA:30,57
DA:32,0
DA:33,30
DA:34,75
DA:35,0
DA:39,1
DA:40,6
DA:41,6
DA:42,3
DA:45,1
DA:46,22
DA:47,22
DA:48,22
DA:49,22
DA:50,22
DA:51,22
DA:52,22
DA:53,22
DA:54,22
DA:55,22
DA:56,22
DA:57,22
DA:58,22
DA:59,23
DA:60,38
DA:61,22
DA:62,22
DA:63,22
DA:64,22
DA:65,22
DA:68,1
DA:69,14
DA:70,3
DA:72,14
DA:73,6
DA:75,14
DA:76,12
DA:77,12
DA:78,12
DA:79,12
DA:80,20
DA:83,14
DA:84,60
DA:85,60
DA:86,208
DA:89,14
DA:90,30
DA:91,567
DA:94,14
DA:95,30
DA:96,30
DA:97,35
DA:98,35
DA:99,50
DA:101,30
DA:103,14
DA:104,6
DA:105,6
DA:106,6
DA:107,6
DA:108,1
DA:110,5
DA:112,14
DA:113,3
DA:114,3
DA:115,3
DA:116,3
DA:118,14
DA:119,30
DA:120,30
DA:121,30
DA:122,30
DA:123,30
DA:124,30
DA:125,30
DA:126,30
DA:127,30
DA:128,30
DA:129,30
DA:131,14
DA:133,14
DA:134,14
DA:135,98
DA:137,14
DA:138,3
DA:140,14
DA:141,14
DA:142,4
DA:143,3
DA:144,3
DA:145,3
DA:148,1
DA:151,28
DA:152,14
DA:153,13
DA:154,3
DA:156,14
DA:157,7
DA:158,7
DA:159,14
DA:161,7
DA:162,7
DA:170,14
DA:171,20
DA:173,14
DA:174,14
DA:175,14
DA:176,44
DA:178,14
DA:182,1
DA:183,30
DA:184,30
DA:185,30
DA:186,30
DA:187,25
DA:188,14
DA:191,1
DA:192,5
DA:193,5
DA:194,5
DA:195,13
DA:196,11
DA:197,5
DA:200,1
DA:201,5
DA:202,5
DA:203,5
DA:204,5
DA:205,5
DA:206,5
DA:207,5
DA:208,5
DA:209,13
DA:210,5
DA:211,5
DA:212,5
DA:213,5
DA:214,5
DA:215,5
DA:216,65
DA:217,5
DA:220,1
DA:221,229
DA:222,229
DA:224,229
DA:225,229
DA:226,309
DA:227,187
DA:230,122
DA:234,229
DA:235,229
DA:236,38
DA:239,229
DA:242,1
DA:243,126
DA:245,126
DA:246,0
DA:247,0
DA:250,126
DA:252,126
DA:253,2394
DA:254,2394
DA:255,2394
DA:256,126
DA:257,0
DA:260,2268
DA:261,2268
DA:262,2268
DA:263,2268
DA:265,2394
DA:268,126
DA:269,126
DA:271,126
DA:272,126
DA:274,126
DA:275,126
DA:277,126
DA:279,126
DA:280,126
DA:281,126
DA:283,126
DA:284,126
DA:285,126
DA:287,126
DA:288,126
DA:289,126
DA:292,126
DA:294,126
DA:296,362
DA:297,0
DA:299,362
DA:300,126
DA:301,126
DA:303,236
DA:304,236
DA:305,236
DA:306,236
DA:307,236
DA:308,236
DA:309,236
DA:310,83
DA:311,153
DA:312,51
DA:313,51
DA:314,0
DA:316,102
DA:317,2
DA:318,2
DA:319,2
DA:320,100
DA:321,57
DA:322,57
DA:323,43
DA:324,43
DA:325,43
DA:326,43
DA:327,43
DA:329,0
DA:331,236
DA:332,236
DA:333,236
DA:334,236
DA:335,236
DA:336,236
DA:340,126
DA:342,177
DA:343,177
DA:344,177
DA:345,177
DA:346,59
DA:347,59
DA:348,59
DA:350,177
DA:353,126
DA:354,1260
DA:355,1260
DA:356,45
DA:358,1260
DA:362,126
DA:363,126
DA:364,126
DA:365,126
DA:366,126
DA:367,126
DA:369,126
DA:370,126
DA:371,126
DA:372,126
DA:373,126
DA:374,378
DA:375,378
DA:376,6
DA:378,378
DA:381,126
DA:382,126
DA:383,126
DA:385,126
DA:387,126
DA:389,126
DA:394,1
DA:395,11
DA:396,19
DA:397,0
DA:398,43
DA:399,15
DA:400,0
DA:401,0
DA:405,1
DA:406,11
DA:408,11
DA:409,0
DA:410,0
DA:413,11
DA:415,11
DA:416,242
DA:417,242
DA:418,242
DA:419,22
DA:420,0
DA:423,220
DA:424,220
DA:425,220
DA:426,220
DA:428,242
DA:431,11
DA:432,11
DA:434,11
DA:435,11
DA:437,11
DA:438,11
DA:439,19
DA:441,11
DA:442,9
DA:443,9
DA:444,9
DA:445,7
DA:446,10
DA:447,10
DA:448,7
DA:450,3
DA:453,9
DA:454,9
DA:457,11
DA:458,11
DA:459,11
DA:460,15
DA:461,9
DA:464,6
DA:469,11
DA:471,11
DA:473,87
DA:474,0
DA:476,87
DA:477,10
DA:478,10
DA:480,77
DA:481,77
DA:482,77
DA:483,77
DA:484,77
DA:485,77
DA:486,15
DA:487,62
DA:488,43
DA:489,43
DA:490,0
DA:492,19
DA:493,19
DA:494,19
DA:496,0
DA:498,77
DA:499,77
DA:500,77
DA:501,77
DA:503,77
DA:507,11
DA:509,38
DA:511,38
DA:513,38
DA:514,38
DA:515,14
DA:516,14
DA:518,14
DA:521,38
DA:524,11
DA:525,154
DA:526,154
DA:527,10
DA:529,154
DA:532,11
DA:533,11
DA:534,11
DA:535,11
DA:536,11
DA:537,11
DA:539,11
DA:540,11
DA:541,11
DA:542,11
DA:544,11
DA:545,1
DA:548,11
DA:549,1
DA:552,11
DA:553,1
DA:556,11
DA:558,11
DA:559,3
DA:560,3
DA:561,3
DA:563,11
DA:564,11
DA:566,11
DA:567,11
DA:568,11
DA:569,2
DA:571,11
DA:574,11
DA:576,11
DA:578,11
DA:580,11
DA:583,1
LF:403
LH:385
BRDA:11,0,0,239
BRDA:11,0,1,416
BRDA:15,1,0,239
BRDA:15,1,1,0
BRDA:19,2,0,0
BRDA:19,2,1,239
BRDA:29,3,0,0
BRDA:29,3,1,57
BRDA:41,4,0,3
BRDA:41,4,1,3
BRDA:41,5,0,6
BRDA:41,5,1,6
BRDA:58,6,0,2
BRDA:58,6,1,0
BRDA:86,7,0,60
BRDA:86,7,1,148
BRDA:91,8,0,30
BRDA:91,8,1,537
BRDA:98,9,0,3
BRDA:98,9,1,32
BRDA:107,10,0,1
BRDA:107,10,1,5
BRDA:107,11,0,6
BRDA:107,11,1,3
BRDA:107,11,2,2
BRDA:107,11,3,0
BRDA:120,12,0,0
BRDA:120,12,1,30
BRDA:142,13,0,3
BRDA:142,13,1,1
BRDA:153,14,0,10
BRDA:153,14,1,3
BRDA:183,15,0,0
BRDA:183,15,1,30
BRDA:185,16,0,13
BRDA:185,16,1,17
BRDA:186,17,0,16
BRDA:186,17,1,14
BRDA:186,18,0,30
BRDA:186,18,1,17
BRDA:201,19,0,5
BRDA:201,19,1,5
BRDA:207,20,0,1
BRDA:207,20,1,1
BRDA:209,21,0,0
BRDA:209,21,1,10
BRDA:209,22,0,0
BRDA:209,22,1,10
BRDA:216,23,0,65
BRDA:216,23,1,0
BRDA:222,24,0,6
BRDA:222,24,1,223
BRDA:226,25,0,187
BRDA:226,25,1,122
BRDA:235,26,0,191
BRDA:235,26,1,38
BRDA:236,27,0,38
BRDA:236,27,1,0
BRDA:254,28,0,2394
BRDA:254,28,1,504
BRDA:255,29,0,126
BRDA:255,29,1,2268
BRDA:256,30,0,0
BRDA:256,30,1,126
BRDA:277,31,0,43
BRDA:277,31,1,0
BRDA:296,32,0,0
BRDA:296,32,1,362
BRDA:296,33,0,362
BRDA:296,33,1,0
BRDA:299,34,0,126
BRDA:299,34,1,236
BRDA:309,35,0,83
BRDA:309,35,1,153
BRDA:311,36,0,51
BRDA:311,36,1,102
BRDA:313,37,0,0
BRDA:313,37,1,51
BRDA:316,38,0,2
BRDA:316,38,1,100
BRDA:320,39,0,57
BRDA:320,39,1,43
BRDA:323,40,0,43
BRDA:323,40,1,0
BRDA:334,41,0,45
BRDA:334,41,1,191
BRDA:335,42,0,43
BRDA:335,42,1,193
BRDA:355,43,0,1260
BRDA:355,43,1,1260
BRDA:375,44,0,378
BRDA:375,44,1,378
BRDA:385,45,0,0
BRDA:385,45,1,126
BRDA:417,46,0,242
BRDA:417,46,1,55
BRDA:418,47,0,22
BRDA:418,47,1,220
BRDA:419,48,0,0
BRDA:419,48,1,22
BRDA:444,49,0,7
BRDA:444,49,1,2
BRDA:447,50,0,7
BRDA:447,50,1,3
BRDA:460,51,0,9
BRDA:460,51,1,6
BRDA:473,52,0,0
BRDA:473,52,1,87
BRDA:473,53,0,87
BRDA:473,53,1,15
BRDA:476,54,0,10
BRDA:476,54,1,77
BRDA:485,55,0,15
BRDA:485,55,1,62
BRDA:487,56,0,43
BRDA:487,56,1,19
BRDA:489,57,0,0
BRDA:489,57,1,43
BRDA:492,58,0,19
BRDA:492,58,1,0
BRDA:501,59,0,0
BRDA:501,59,1,77
BRDA:526,60,0,154
BRDA:526,60,1,110
BRDA:568,61,0,11
BRDA:568,61,1,11
BRDA:576,62,0,0
BRDA:576,62,1,11
BRF:128
BRH:104
end_of_record
TN:
SF:/home/zoom/suit/guppy/src/symbols.js
FN:3,(anonymous_0)
FN:8,(anonymous_1)
FN:25,(anonymous_2)
FN:31,(anonymous_3)
FN:66,(anonymous_4)
FN:78,(anonymous_5)
FN:106,(anonymous_6)
FN:118,(anonymous_7)
FNF:8
FNH:7
FNDA:50,(anonymous_0)
FNDA:430,(anonymous_1)
FNDA:42,(anonymous_2)
FNDA:1,(anonymous_3)
FNDA:0,(anonymous_4)
FNDA:337,(anonymous_5)
FNDA:69,(anonymous_6)
FNDA:128,(anonymous_7)
DA:1,1
DA:3,1
DA:4,50
DA:5,50
DA:8,1
DA:9,430
DA:10,430
DA:11,256
DA:12,256
DA:13,364
DA:15,256
DA:18,174
DA:19,380
DA:21,174
DA:25,1
DA:26,42
DA:27,1167
DA:31,1
DA:32,1
DA:33,1
DA:34,1
DA:35,1
DA:36,1
DA:37,1
DA:38,1
DA:39,1
DA:40,4
DA:42,1
DA:44,1
DA:45,24
DA:46,3
DA:47,48
DA:48,48
DA:49,48
DA:50,42
DA:51,42
DA:54,6
DA:55,6
DA:57,48
DA:61,21
DA:66,1
DA:67,0
DA:68,0
DA:69,0
DA:70,0
DA:78,1
DA:79,337
DA:80,337
DA:81,337
DA:82,348
DA:83,348
DA:85,337
DA:86,337
DA:87,348
DA:88,348
DA:89,348
DA:90,348
DA:91,348
DA:92,1317
DA:93,421
DA:94,421
DA:95,1317
DA:96,1317
DA:97,1317
DA:99,348
DA:100,348
DA:101,348
DA:103,337
DA:106,1
DA:107,69
DA:108,69
DA:109,69
DA:110,149
DA:111,109
DA:113,40
DA:115,69
DA:118,1
DA:123,128
DA:124,128
DA:125,291
DA:127,128
DA:128,29
DA:129,29
DA:133,128
DA:137,128
DA:138,268
DA:139,268
DA:141,268
DA:142,268
DA:143,268
DA:144,884
DA:145,576
DA:148,308
DA:149,308
DA:150,308
DA:151,308
DA:152,308
DA:153,308
DA:154,308
DA:157,268
DA:160,128
DA:161,138
DA:163,138
DA:164,3
DA:165,3
DA:166,3
DA:167,5
DA:169,135
DA:170,55
DA:171,55
DA:172,55
DA:173,81
DA:174,55
DA:177,80
DA:178,80
DA:179,80
DA:180,80
DA:181,80
DA:182,80
DA:183,30
DA:184,30
DA:185,30
DA:186,30
DA:188,80
DA:190,138
DA:191,138
DA:192,120
DA:193,362
DA:196,138
DA:198,128
DA:199,128
DA:203,1
LF:132
LH:128
BRDA:10,0,0,256
BRDA:10,0,1,174
BRDA:27,1,0,42
BRDA:27,1,1,1125
BRDA:36,2,0,0
BRDA:36,2,1,1
BRDA:36,3,0,1
BRDA:36,3,1,1
BRDA:38,4,0,1
BRDA:38,4,1,0
BRDA:45,5,0,3
BRDA:45,5,1,21
BRDA:49,6,0,42
BRDA:49,6,1,6
BRDA:68,7,0,0
BRDA:68,7,1,0
BRDA:69,8,0,0
BRDA:69,8,1,0
BRDA:70,9,0,0
BRDA:70,9,1,0
BRDA:85,10,0,225
BRDA:85,10,1,112
BRDA:91,11,0,1665
BRDA:91,11,1,1317
BRDA:92,12,0,421
BRDA:92,12,1,896
BRDA:93,13,0,73
BRDA:93,13,1,348
BRDA:95,14,0,127
BRDA:95,14,1,1190
BRDA:96,15,0,73
BRDA:96,15,1,1244
BRDA:100,16,0,225
BRDA:100,16,1,123
BRDA:110,17,0,109
BRDA:110,17,1,40
BRDA:127,18,0,29
BRDA:127,18,1,99
BRDA:128,19,0,29
BRDA:128,19,1,0
BRDA:129,20,0,0
BRDA:129,20,1,29
BRDA:144,21,0,576
BRDA:144,21,1,308
BRDA:145,22,0,556
BRDA:145,22,1,20
BRDA:148,23,0,138
BRDA:148,23,1,170
BRDA:151,24,0,36
BRDA:151,24,1,272
BRDA:153,25,0,93
BRDA:153,25,1,215
BRDA:153,26,0,308
BRDA:153,26,1,138
BRDA:163,27,0,3
BRDA:163,27,1,135
BRDA:163,28,0,138
BRDA:163,28,1,58
BRDA:169,29,0,55
BRDA:169,29,1,80
BRDA:190,30,0,93
BRDA:190,30,1,45
BRDA:191,31,0,120
BRDA:191,31,1,18
BRDA:191,32,0,138
BRDA:191,32,1,120
BRF:66
BRH:56
end_of_record
TN:
SF:/home/zoom/suit/guppy/src/settings.js
FN:45,(anonymous_0)
FN:52,(anonymous_1)
FN:57,(anonymous_2)
FN:61,(anonymous_3)
FN:66,(anonymous_4)
FN:82,(anonymous_5)
FN:91,(anonymous_6)
FN:92,(anonymous_7)
FN:112,(anonymous_8)
FNF:9
FNH:8
FNDA:80,(anonymous_0)
FNDA:3,(anonymous_1)
FNDA:9,(anonymous_2)
FNDA:9,(anonymous_3)
FNDA:9,(anonymous_4)
FNDA:9,(anonymous_5)
FNDA:6,(anonymous_6)
FNDA:0,(anonymous_7)
FNDA:1,(anonymous_8)
DA:1,1
DA:2,1
DA:3,1
DA:4,1
DA:5,1
DA:6,1
DA:7,1
DA:16,1
DA:21,1
DA:22,1
DA:23,1
DA:24,1
DA:25,1
DA:29,1
DA:30,1
DA:31,1
DA:32,1
DA:36,1
DA:37,1
DA:38,1
DA:39,1
DA:43,1
DA:45,1
DA:46,80
DA:47,80
DA:48,80
DA:49,80
DA:52,1
DA:53,3
DA:54,3
DA:55,3
DA:56,3
DA:57,9
DA:58,3
DA:61,1
DA:62,9
DA:63,27
DA:66,1
DA:67,9
DA:68,9
DA:69,9
DA:70,6
DA:71,6
DA:72,6
DA:73,6
DA:74,6
DA:77,3
DA:82,1
DA:83,9
DA:84,3
DA:85,3
DA:86,6
DA:87,6
DA:88,6
DA:89,6
DA:90,6
DA:91,6
DA:92,6
DA:93,0
DA:96,6
DA:97,27
DA:98,27
DA:99,27
DA:100,27
DA:102,6
DA:103,6
DA:104,6
DA:105,6
DA:106,6
DA:107,6
DA:112,1
DA:113,1
DA:114,3
DA:115,3
DA:118,1
DA:119,1
DA:120,1
DA:121,1
DA:122,1
DA:123,1
DA:124,1
DA:125,1
DA:126,1
DA:127,1
DA:128,1
DA:132,1
DA:133,69
DA:134,69
DA:135,69
DA:136,69
DA:140,1
LF:91
LH:90
BRDA:67,0,0,9
BRDA:67,0,1,0
BRDA:69,1,0,6
BRDA:69,1,1,3
BRDA:83,2,0,3
BRDA:83,2,1,6
BRF:6
BRH:5
end_of_record
