TN:
SF:/home/zoom/suit/guppy/src/guppy.js
FN:24,(anonymous_0)
FN:48,(anonymous_1)
FN:52,(anonymous_2)
FN:53,(anonymous_3)
FN:54,(anonymous_4)
FN:74,(anonymous_5)
FN:89,(anonymous_6)
FN:94,(anonymous_7)
FN:168,(anonymous_8)
FN:183,(anonymous_9)
FN:243,(anonymous_10)
FN:244,(anonymous_11)
FN:283,(anonymous_12)
FN:300,outer
FN:301,(anonymous_14)
FN:303,(anonymous_15)
FN:316,(anonymous_16)
FN:327,(anonymous_17)
FN:340,(anonymous_18)
FN:374,(anonymous_19)
FN:443,(anonymous_20)
FN:449,(anonymous_21)
FN:491,(anonymous_22)
FN:513,(anonymous_23)
FN:534,(anonymous_24)
FN:562,(anonymous_25)
FN:580,(anonymous_26)
FN:588,(anonymous_27)
FN:596,(anonymous_28)
FN:605,(anonymous_29)
FN:613,(anonymous_30)
FN:622,(anonymous_31)
FN:647,(anonymous_32)
FN:666,(anonymous_33)
FN:680,(anonymous_34)
FN:688,(anonymous_35)
FN:697,(anonymous_36)
FN:708,(anonymous_37)
FN:717,(anonymous_38)
FN:725,(anonymous_39)
FN:740,(anonymous_40)
FN:870,(anonymous_41)
FN:874,(anonymous_42)
FN:874,(anonymous_43)
FN:887,(anonymous_44)
FN:887,(anonymous_45)
FN:905,(anonymous_46)
FN:905,(anonymous_47)
FN:922,(anonymous_48)
FN:922,(anonymous_49)
FNF:50
FNH:48
FNDA:12,(anonymous_0)
FNDA:0,(anonymous_1)
FNDA:3,(anonymous_2)
FNDA:3,(anonymous_3)
FNDA:3,(anonymous_4)
FNDA:5,(anonymous_5)
FNDA:3,(anonymous_6)
FNDA:9,(anonymous_7)
FNDA:2,(anonymous_8)
FNDA:1,(anonymous_9)
FNDA:1,(anonymous_10)
FNDA:1,(anonymous_11)
FNDA:0,(anonymous_12)
FNDA:1,outer
FNDA:1,(anonymous_14)
FNDA:1,(anonymous_15)
FNDA:1,(anonymous_16)
FNDA:1,(anonymous_17)
FNDA:1507,(anonymous_18)
FNDA:9,(anonymous_19)
FNDA:8,(anonymous_20)
FNDA:8,(anonymous_21)
FNDA:1,(anonymous_22)
FNDA:3,(anonymous_23)
FNDA:1865,(anonymous_24)
FNDA:1870,(anonymous_25)
FNDA:1,(anonymous_26)
FNDA:1,(anonymous_27)
FNDA:1,(anonymous_28)
FNDA:1,(anonymous_29)
FNDA:1,(anonymous_30)
FNDA:1,(anonymous_31)
FNDA:4,(anonymous_32)
FNDA:1,(anonymous_33)
FNDA:1,(anonymous_34)
FNDA:1,(anonymous_35)
FNDA:8,(anonymous_36)
FNDA:104,(anonymous_37)
FNDA:3,(anonymous_38)
FNDA:221,(anonymous_39)
FNDA:101,(anonymous_40)
FNDA:1,(anonymous_41)
FNDA:68,(anonymous_42)
FNDA:444,(anonymous_43)
FNDA:14,(anonymous_44)
FNDA:43,(anonymous_45)
FNDA:37,(anonymous_46)
FNDA:143,(anonymous_47)
FNDA:6,(anonymous_48)
FNDA:3,(anonymous_49)
DA:1,1
DA:2,1
DA:3,1
DA:4,1
DA:5,1
DA:6,1
DA:24,1
DA:25,12
DA:26,11
DA:27,11
DA:29,0
DA:31,1
DA:32,1
DA:33,1
DA:35,1
DA:36,1
DA:38,1
DA:39,1
DA:40,1
DA:42,1
DA:43,1
DA:44,1
DA:45,1
DA:46,1
DA:47,4
DA:48,0
DA:49,0
DA:50,0
DA:52,4
DA:53,3
DA:54,3
DA:58,1
DA:60,1
DA:61,1
DA:62,1
DA:63,1
DA:65,1
DA:67,1
DA:70,1
DA:71,1
DA:72,1
DA:73,1
DA:74,5
DA:75,1
DA:76,0
DA:77,0
DA:78,0
DA:80,1
DA:81,1
DA:84,1
DA:85,1
DA:87,1
DA:89,1
DA:90,3
DA:91,3
DA:92,3
DA:93,3
DA:94,3
DA:95,9
DA:96,9
DA:97,9
DA:98,9
DA:99,9
DA:102,3
DA:168,1
DA:169,2
DA:170,2
DA:172,2
DA:173,2
DA:174,2
DA:183,1
DA:184,1
DA:185,1
DA:186,1
DA:187,1
DA:188,1
DA:243,1
DA:244,1
DA:245,1
DA:246,1
DA:247,1
DA:248,1
DA:249,1
DA:252,1
DA:260,1
DA:261,7
DA:264,1
DA:265,1
DA:266,1
DA:267,1
DA:270,1
DA:271,0
DA:272,0
DA:273,0
DA:276,1
DA:277,1
DA:279,1
DA:280,0
DA:281,0
DA:282,0
DA:283,0
DA:284,0
DA:285,0
DA:286,0
DA:290,1
DA:291,1
DA:293,1
DA:294,1
DA:295,1
DA:296,1
DA:298,1
DA:299,1
DA:300,1
DA:301,1
DA:302,1
DA:303,1
DA:304,1
DA:305,1
DA:306,1
DA:308,1
DA:309,1
DA:312,1
DA:314,1
DA:315,1
DA:316,1
DA:317,1
DA:318,1
DA:320,1
DA:323,0
DA:327,1
DA:328,1
DA:329,1
DA:330,1
DA:331,1
DA:332,1
DA:333,0
DA:335,1
DA:336,1
DA:337,1
DA:340,1
DA:341,1507
DA:342,1507
DA:343,1507
DA:344,1506
DA:345,1506
DA:350,1506
DA:351,1506
DA:352,11914
DA:353,11914
DA:354,6385
DA:355,6385
DA:356,6385
DA:357,6385
DA:358,25512
DA:359,6385
DA:367,6385
DA:371,1506
DA:374,1
DA:375,9
DA:376,9
DA:377,9
DA:378,9
DA:379,9
DA:380,9
DA:381,9
DA:383,9
DA:384,9
DA:385,9
DA:386,3
DA:387,3
DA:390,9
DA:391,9
DA:392,9
DA:393,3
DA:394,3
DA:395,3
DA:396,21
DA:397,18
DA:398,18
DA:399,18
DA:400,9
DA:403,3
DA:405,9
DA:406,9
DA:407,44
DA:408,44
DA:409,6
DA:410,6
DA:412,38
DA:413,38
DA:414,38
DA:415,38
DA:416,15
DA:417,15
DA:418,15
DA:421,9
DA:422,9
DA:423,9
DA:424,9
DA:425,9
DA:427,9
DA:428,6
DA:430,9
DA:431,9
DA:432,3
DA:433,3
DA:434,2
DA:435,1
DA:436,1
DA:437,3
DA:438,1
DA:440,9
DA:443,1
DA:444,8
DA:445,8
DA:446,8
DA:449,1
DA:450,8
DA:451,8
DA:452,8
DA:453,8
DA:454,8
DA:455,8
DA:456,8
DA:457,8
DA:458,8
DA:459,8
DA:460,8
DA:462,8
DA:463,8
DA:464,8
DA:465,8
DA:466,8
DA:467,3
DA:470,5
DA:471,5
DA:472,5
DA:473,5
DA:474,5
DA:476,8
DA:478,8
DA:480,0
DA:481,0
DA:483,0
DA:485,0
DA:486,0
DA:487,0
DA:491,1
DA:492,1
DA:493,1
DA:494,1
DA:495,1
DA:496,1
DA:497,1
DA:498,0
DA:501,1
DA:502,1
DA:503,1
DA:505,1
DA:508,0
DA:509,0
DA:513,1
DA:514,3
DA:515,3
DA:516,3
DA:517,0
DA:518,0
DA:520,3
DA:521,0
DA:522,0
DA:524,3
DA:525,3
DA:526,3
DA:530,1
DA:531,1
DA:532,1
DA:534,1
DA:536,1865
DA:537,1865
DA:538,1865
DA:539,1865
DA:540,1865
DA:541,1865
DA:542,1865
DA:543,1865
DA:544,1865
DA:545,1865
DA:546,1865
DA:547,1865
DA:550,0
DA:552,0
DA:562,1
DA:563,1870
DA:564,5
DA:565,5
DA:566,5
DA:568,1865
DA:569,1865
DA:570,1865
DA:571,1865
DA:572,1506
DA:580,1
DA:581,1
DA:588,1
DA:589,1
DA:596,1
DA:597,1
DA:605,1
DA:606,1
DA:613,1
DA:614,1
DA:622,1
DA:623,1
DA:647,1
DA:648,4
DA:649,4
DA:650,4
DA:651,4
DA:666,1
DA:667,1
DA:680,1
DA:681,1
DA:688,1
DA:689,1
DA:697,1
DA:698,8
DA:708,1
DA:709,104
DA:717,1
DA:718,3
DA:725,1
DA:726,221
DA:727,221
DA:728,221
DA:729,221
DA:730,221
DA:731,221
DA:732,221
DA:740,1
DA:741,101
DA:742,101
DA:743,101
DA:744,101
DA:745,100
DA:747,1
DA:748,1
DA:750,101
DA:751,101
DA:752,101
DA:753,101
DA:754,100
DA:755,100
DA:762,1
DA:764,1
DA:769,1
DA:777,1
DA:793,1
DA:816,1
DA:856,1
DA:860,1
DA:861,26
DA:862,26
DA:867,1
DA:868,10
DA:870,1
DA:871,1
DA:872,1
DA:873,1
DA:874,68
DA:875,444
DA:876,444
DA:877,444
DA:878,0
DA:881,444
DA:883,444
DA:884,444
DA:886,1
DA:887,14
DA:888,43
DA:889,43
DA:894,43
DA:895,1
DA:898,42
DA:899,42
DA:901,43
DA:902,43
DA:904,1
DA:905,37
DA:906,143
DA:908,143
DA:909,1
DA:912,142
DA:913,142
DA:914,142
DA:916,143
DA:918,143
DA:920,1
DA:921,21
DA:922,6
DA:923,3
DA:924,3
DA:925,3
DA:926,3
DA:927,3
DA:929,3
DA:934,1
LF:406
LH:371
BRDA:25,0,0,11
BRDA:25,0,1,1
BRDA:26,1,0,11
BRDA:26,1,1,0
BRDA:32,2,0,1
BRDA:32,2,1,1
BRDA:33,3,0,1
BRDA:33,3,1,1
BRDA:38,4,0,1
BRDA:38,4,1,1
BRDA:42,5,0,1
BRDA:42,5,1,1
BRDA:45,6,0,1
BRDA:45,6,1,0
BRDA:47,7,0,0
BRDA:47,7,1,4
BRDA:47,8,0,4
BRDA:47,8,1,1
BRDA:49,9,0,0
BRDA:49,9,1,0
BRDA:52,10,0,1
BRDA:52,10,1,3
BRDA:53,11,0,1
BRDA:53,11,1,2
BRDA:54,12,0,1
BRDA:54,12,1,1
BRDA:74,13,0,5
BRDA:74,13,1,0
BRDA:75,14,0,0
BRDA:75,14,1,1
BRDA:75,15,0,1
BRDA:75,15,1,0
BRDA:93,16,0,3
BRDA:93,16,1,0
BRDA:96,17,0,9
BRDA:96,17,1,0
BRDA:97,18,0,9
BRDA:97,18,1,0
BRDA:169,19,0,2
BRDA:169,19,1,0
BRDA:184,20,0,1
BRDA:184,20,1,0
BRDA:187,21,0,1
BRDA:187,21,1,0
BRDA:270,22,0,0
BRDA:270,22,1,1
BRDA:276,23,0,1
BRDA:276,23,1,0
BRDA:279,24,0,0
BRDA:279,24,1,1
BRDA:281,25,0,0
BRDA:281,25,1,0
BRDA:284,26,0,0
BRDA:284,26,1,0
BRDA:285,27,0,0
BRDA:285,27,1,0
BRDA:290,28,0,1
BRDA:290,28,1,0
BRDA:293,29,0,1
BRDA:293,29,1,0
BRDA:295,30,0,1
BRDA:295,30,1,0
BRDA:318,31,0,1
BRDA:318,31,1,0
BRDA:320,32,0,1
BRDA:320,32,1,0
BRDA:329,33,0,0
BRDA:329,33,1,1
BRDA:332,34,0,0
BRDA:332,34,1,1
BRDA:333,35,0,0
BRDA:333,35,1,0
BRDA:333,35,2,0
BRDA:333,35,3,0
BRDA:343,36,0,1
BRDA:343,36,1,1506
BRDA:353,37,0,5529
BRDA:353,37,1,6385
BRDA:355,38,0,0
BRDA:355,38,1,6385
BRDA:355,39,0,6385
BRDA:355,39,1,0
BRDA:355,39,2,0
BRDA:355,39,3,0
BRDA:358,40,0,6385
BRDA:358,40,1,19127
BRDA:384,41,0,0
BRDA:384,41,1,9
BRDA:385,42,0,3
BRDA:385,42,1,6
BRDA:391,43,0,0
BRDA:391,43,1,9
BRDA:392,44,0,3
BRDA:392,44,1,6
BRDA:396,45,0,3
BRDA:396,45,1,18
BRDA:399,46,0,9
BRDA:399,46,1,9
BRDA:405,47,0,0
BRDA:405,47,1,9
BRDA:408,48,0,6
BRDA:408,48,1,38
BRDA:409,49,0,6
BRDA:409,49,1,0
BRDA:415,50,0,15
BRDA:415,50,1,23
BRDA:415,51,0,38
BRDA:415,51,1,29
BRDA:427,52,0,6
BRDA:427,52,1,3
BRDA:427,53,0,9
BRDA:427,53,1,6
BRDA:431,54,0,3
BRDA:431,54,1,6
BRDA:431,55,0,9
BRDA:431,55,1,3
BRDA:433,56,0,1
BRDA:433,56,1,2
BRDA:434,57,0,1
BRDA:434,57,1,1
BRDA:435,58,0,0
BRDA:435,58,1,1
BRDA:436,59,0,0
BRDA:436,59,1,1
BRDA:437,60,0,2
BRDA:437,60,1,1
BRDA:446,61,0,8
BRDA:446,61,1,0
BRDA:450,62,0,0
BRDA:450,62,1,8
BRDA:454,63,0,8
BRDA:454,63,1,0
BRDA:458,64,0,0
BRDA:458,64,1,8
BRDA:465,65,0,8
BRDA:465,65,1,0
BRDA:466,66,0,3
BRDA:466,66,1,5
BRDA:471,67,0,0
BRDA:471,67,1,5
BRDA:480,68,0,0
BRDA:480,68,1,0
BRDA:480,69,0,0
BRDA:480,69,1,0
BRDA:493,70,0,0
BRDA:493,70,1,1
BRDA:494,71,0,1
BRDA:494,71,1,0
BRDA:497,72,0,0
BRDA:497,72,1,1
BRDA:497,73,0,1
BRDA:497,73,1,1
BRDA:497,73,2,1
BRDA:497,73,3,1
BRDA:502,74,0,0
BRDA:502,74,1,1
BRDA:516,75,0,0
BRDA:516,75,1,3
BRDA:520,76,0,0
BRDA:520,76,1,3
BRDA:525,77,0,0
BRDA:525,77,1,3
BRDA:537,78,0,1865
BRDA:537,78,1,0
BRDA:543,79,0,6
BRDA:543,79,1,1859
BRDA:563,80,0,5
BRDA:563,80,1,1865
BRDA:563,81,0,1870
BRDA:563,81,1,103
BRDA:571,82,0,1506
BRDA:571,82,1,359
BRDA:730,83,0,221
BRDA:730,83,1,0
BRDA:744,84,0,100
BRDA:744,84,1,1
BRDA:747,85,0,1
BRDA:747,85,1,0
BRDA:753,86,0,100
BRDA:753,86,1,1
BRDA:875,87,0,0
BRDA:875,87,1,444
BRDA:877,88,0,0
BRDA:877,88,1,444
BRDA:877,89,0,444
BRDA:877,89,1,18
BRDA:888,90,0,0
BRDA:888,90,1,43
BRDA:894,91,0,1
BRDA:894,91,1,42
BRDA:895,92,0,1
BRDA:895,92,1,0
BRDA:906,93,0,0
BRDA:906,93,1,143
BRDA:908,94,0,1
BRDA:908,94,1,142
BRDA:908,95,0,143
BRDA:908,95,1,8
BRDA:921,96,0,6
BRDA:921,96,1,15
BRDA:921,97,0,21
BRDA:921,97,1,18
BRDA:921,97,2,10
BRDA:923,98,0,0
BRDA:923,98,1,3
BRDA:925,99,0,3
BRDA:925,99,1,0
BRF:207
BRH:136
end_of_record
TN:
SF:/home/zoom/suit/guppy/lib/mousetrap/mousetrap.min.js
FN:2,(anonymous_0)
FN:2,w
FN:2,A
FN:2,F
FN:2,x
FN:3,B
FN:3,E
FN:3,c
FN:3,b
FN:4,g
FN:4,f
FN:5,d
FN:5,p
FN:5,l
FN:5,(anonymous_14)
FN:5,g
FN:6,q
FN:7,(anonymous_17)
FN:7,(anonymous_18)
FN:9,(anonymous_19)
FN:9,(anonymous_20)
FN:9,(anonymous_21)
FN:9,(anonymous_22)
FN:9,(anonymous_23)
FN:10,(anonymous_24)
FN:10,(anonymous_25)
FN:10,(anonymous_26)
FN:10,(anonymous_27)
FN:10,(anonymous_28)
FN:10,(anonymous_29)
FN:11,(anonymous_30)
FNF:31
FNH:14
FNDA:1,(anonymous_0)
FNDA:3,w
FNDA:0,A
FNDA:0,F
FNDA:182,x
FNDA:125,B
FNDA:0,E
FNDA:2,c
FNDA:0,b
FNDA:125,g
FNDA:0,f
FNDA:0,d
FNDA:0,p
FNDA:0,l
FNDA:0,(anonymous_14)
FNDA:0,g
FNDA:125,q
FNDA:0,(anonymous_17)
FNDA:125,(anonymous_18)
FNDA:125,(anonymous_19)
FNDA:0,(anonymous_20)
FNDA:0,(anonymous_21)
FNDA:633,(anonymous_22)
FNDA:0,(anonymous_23)
FNDA:0,(anonymous_24)
FNDA:0,(anonymous_25)
FNDA:1,(anonymous_26)
FNDA:1,(anonymous_27)
FNDA:7,(anonymous_28)
FNDA:758,(anonymous_29)
FNDA:0,(anonymous_30)
DA:2,182
DA:3,182
DA:4,125
DA:5,0
DA:6,125
DA:7,125
DA:8,1
DA:9,633
DA:10,758
DA:11,1
LF:10
LH:9
BRDA:2,0,0,3
BRDA:2,0,1,0
BRDA:2,1,0,0
BRDA:2,1,1,0
BRDA:2,2,0,0
BRDA:2,2,1,0
BRDA:2,3,0,0
BRDA:2,3,1,0
BRDA:2,4,0,0
BRDA:2,4,1,0
BRDA:2,5,0,0
BRDA:2,5,1,0
BRDA:2,6,0,0
BRDA:2,6,1,0
BRDA:2,7,0,0
BRDA:2,7,1,0
BRDA:2,8,0,0
BRDA:2,8,1,0
BRDA:2,9,0,182
BRDA:2,9,1,145
BRDA:2,9,2,129
BRDA:2,9,3,125
BRDA:3,10,0,1
BRDA:3,10,1,124
BRDA:3,11,0,182
BRDA:3,11,1,16
BRDA:3,12,0,182
BRDA:3,12,1,0
BRDA:3,12,2,0
BRDA:3,12,3,0
BRDA:3,13,0,182
BRDA:3,13,1,57
BRDA:3,14,0,125
BRDA:3,14,1,0
BRDA:3,15,0,1
BRDA:3,15,1,124
BRDA:3,16,0,52
BRDA:3,16,1,31
BRDA:3,16,2,42
BRDA:3,16,3,42
BRDA:3,17,0,26
BRDA:3,17,1,99
BRDA:3,18,0,125
BRDA:3,18,1,99
BRDA:3,18,2,38
BRDA:3,19,0,0
BRDA:3,19,1,0
BRDA:3,20,0,0
BRDA:3,20,1,0
BRDA:3,21,0,0
BRDA:3,21,1,0
BRDA:4,22,0,0
BRDA:4,22,1,0
BRDA:4,23,0,0
BRDA:4,23,1,0
BRDA:4,24,0,0
BRDA:4,24,1,0
BRDA:4,25,0,0
BRDA:4,25,1,125
BRDA:4,26,0,125
BRDA:4,26,1,0
BRDA:4,26,2,0
BRDA:4,27,0,38
BRDA:4,27,1,38
BRDA:4,28,0,76
BRDA:4,28,1,76
BRDA:4,28,2,0
BRDA:4,28,3,76
BRDA:4,29,0,38
BRDA:4,29,1,37
BRDA:4,30,0,38
BRDA:4,30,1,1
BRDA:4,30,2,1
BRDA:4,31,0,38
BRDA:4,31,1,1
BRDA:4,32,0,1
BRDA:4,32,1,0
BRDA:4,32,2,0
BRDA:4,33,0,1
BRDA:4,33,1,1
BRDA:4,33,2,0
BRDA:4,33,3,1
BRDA:4,34,0,0
BRDA:4,34,1,0
BRDA:4,34,2,0
BRDA:5,35,0,0
BRDA:5,35,1,0
BRDA:5,36,0,0
BRDA:5,36,1,0
BRDA:5,37,0,0
BRDA:5,37,1,0
BRDA:5,38,0,0
BRDA:5,38,1,0
BRDA:5,39,0,0
BRDA:5,39,1,0
BRDA:5,40,0,0
BRDA:5,40,1,0
BRDA:5,41,0,0
BRDA:5,41,1,0
BRDA:5,42,0,0
BRDA:5,42,1,0
BRDA:5,43,0,0
BRDA:5,43,1,0
BRDA:5,44,0,0
BRDA:5,44,1,0
BRDA:6,45,0,0
BRDA:6,45,1,125
BRDA:6,46,0,125
BRDA:6,46,1,72
BRDA:6,47,0,0
BRDA:6,47,1,125
BRDA:6,48,0,2
BRDA:6,48,1,0
BRDA:6,49,0,1
BRDA:6,49,1,1
BRDA:7,50,0,0
BRDA:7,50,1,0
BRDA:7,51,0,0
BRDA:7,51,1,0
BRDA:7,52,0,0
BRDA:7,52,1,0
BRDA:7,53,0,0
BRDA:7,53,1,0
BRDA:7,54,0,0
BRDA:7,54,1,0
BRDA:7,55,0,0
BRDA:7,55,1,0
BRDA:7,55,2,0
BRDA:7,55,3,0
BRDA:7,56,0,0
BRDA:7,56,1,0
BRDA:7,57,0,1
BRDA:7,57,1,0
BRDA:9,58,0,0
BRDA:9,58,1,1
BRDA:9,59,0,0
BRDA:9,59,1,125
BRDA:9,60,0,633
BRDA:9,60,1,0
BRDA:10,61,0,0
BRDA:10,61,1,0
BRDA:10,62,0,0
BRDA:10,62,1,0
BRDA:10,63,0,0
BRDA:10,63,1,0
BRDA:10,63,2,0
BRDA:10,63,3,0
BRDA:10,64,0,1
BRDA:10,64,1,1
BRDA:10,65,0,11
BRDA:10,65,1,7
BRDA:11,66,0,1
BRDA:11,66,1,1
BRDA:11,66,2,1
BRDA:11,67,0,1
BRDA:11,67,1,0
BRDA:11,67,2,0
BRDA:11,68,0,1
BRDA:11,68,1,0
BRDA:11,69,0,1
BRDA:11,69,1,0
BRF:161
BRH:63
end_of_record
TN:
SF:/home/zoom/suit/guppy/lib/katex/katex-modified.min.js
FN:1,(anonymous_0)
FN:1,(anonymous_1)
FN:1,e
FN:1,n
FN:1,(anonymous_4)
FN:1,(anonymous_5)
FN:1,h
FN:1,e
FN:1,e
FN:1,e
FN:1,e
FN:1,e
FN:1,(anonymous_12)
FN:1,(anonymous_13)
FN:1,(anonymous_14)
FN:1,(anonymous_15)
FN:1,(anonymous_16)
FN:1,(anonymous_17)
FN:1,(anonymous_18)
FN:1,(anonymous_19)
FN:1,(anonymous_20)
FN:1,i
FN:1,(anonymous_22)
FN:1,e
FN:1,(anonymous_24)
FN:1,(anonymous_25)
FN:1,u
FN:1,(anonymous_27)
FN:1,e
FN:1,(anonymous_29)
FN:1,(anonymous_30)
FN:1,i
FN:1,(anonymous_32)
FN:1,(anonymous_33)
FN:1,(anonymous_34)
FN:1,(anonymous_35)
FN:1,(anonymous_36)
FN:1,e
FN:1,(anonymous_38)
FN:1,e
FN:1,(anonymous_40)
FN:1,(anonymous_41)
FN:1,(anonymous_42)
FN:1,(anonymous_43)
FN:1,(anonymous_44)
FN:1,(anonymous_45)
FN:1,(anonymous_46)
FN:1,(anonymous_47)
FN:1,(anonymous_48)
FN:1,(anonymous_49)
FN:1,(anonymous_50)
FN:1,(anonymous_51)
FN:1,(anonymous_52)
FN:1,(anonymous_53)
FN:1,(anonymous_54)
FN:1,(anonymous_55)
FN:1,(anonymous_56)
FN:1,(anonymous_57)
FN:1,(anonymous_58)
FN:1,(anonymous_59)
FN:1,(anonymous_60)
FN:1,(anonymous_61)
FN:1,(anonymous_62)
FN:1,(anonymous_63)
FN:1,(anonymous_64)
FN:1,(anonymous_65)
FN:1,(anonymous_66)
FN:1,(anonymous_67)
FN:1,(anonymous_68)
FN:1,(anonymous_69)
FN:1,(anonymous_70)
FN:1,(anonymous_71)
FN:1,(anonymous_72)
FN:1,(anonymous_73)
FN:1,(anonymous_74)
FN:1,(anonymous_75)
FN:1,(anonymous_76)
FN:1,(anonymous_77)
FN:1,(anonymous_78)
FN:1,(anonymous_79)
FN:1,(anonymous_80)
FN:1,(anonymous_81)
FN:1,(anonymous_82)
FN:1,(anonymous_83)
FN:1,(anonymous_84)
FN:1,(anonymous_85)
FN:1,(anonymous_86)
FN:1,(anonymous_87)
FN:1,(anonymous_88)
FN:1,(anonymous_89)
FN:1,(anonymous_90)
FN:1,(anonymous_91)
FN:1,(anonymous_92)
FN:1,(anonymous_93)
FN:1,(anonymous_94)
FN:1,(anonymous_95)
FN:1,(anonymous_96)
FN:1,(anonymous_97)
FN:1,(anonymous_98)
FN:1,(anonymous_99)
FN:1,(anonymous_100)
FN:1,(anonymous_101)
FN:1,(anonymous_102)
FN:1,(anonymous_103)
FN:1,t
FN:1,t
FN:1,t
FN:1,e
FN:1,(anonymous_108)
FN:1,(anonymous_109)
FN:1,(anonymous_110)
FN:1,(anonymous_111)
FN:1,(anonymous_112)
FN:1,(anonymous_113)
FN:1,(anonymous_114)
FN:1,(anonymous_115)
FN:1,(anonymous_116)
FN:1,(anonymous_117)
FN:1,(anonymous_118)
FN:1,(anonymous_119)
FN:1,(anonymous_120)
FN:1,(anonymous_121)
FN:1,(anonymous_122)
FN:1,(anonymous_123)
FN:1,(anonymous_124)
FN:1,(anonymous_125)
FN:1,(anonymous_126)
FN:1,(anonymous_127)
FN:1,e
FN:1,(anonymous_129)
FN:1,e
FN:1,(anonymous_131)
FN:1,e
FN:1,(anonymous_133)
FN:1,(anonymous_134)
FN:1,(anonymous_135)
FN:1,(anonymous_136)
FN:1,(anonymous_137)
FN:1,e
FN:1,(anonymous_139)
FN:1,(anonymous_140)
FN:1,(anonymous_141)
FN:1,(anonymous_142)
FN:1,(anonymous_143)
FN:1,(anonymous_144)
FN:1,(anonymous_145)
FN:1,(anonymous_146)
FN:1,(anonymous_147)
FN:1,(anonymous_148)
FN:1,(anonymous_149)
FN:1,(anonymous_150)
FN:1,(anonymous_151)
FN:1,(anonymous_152)
FN:1,(anonymous_153)
FN:1,(anonymous_154)
FN:1,(anonymous_155)
FN:1,(anonymous_156)
FN:1,(anonymous_157)
FN:1,(anonymous_158)
FN:1,(anonymous_159)
FN:1,(anonymous_160)
FN:1,(anonymous_161)
FN:1,(anonymous_162)
FN:1,(anonymous_163)
FN:1,(anonymous_164)
FN:1,(anonymous_165)
FN:1,(anonymous_166)
FN:1,(anonymous_167)
FN:1,(anonymous_168)
FN:1,(anonymous_169)
FN:1,(anonymous_170)
FN:1,(anonymous_171)
FN:1,(anonymous_172)
FN:1,(anonymous_173)
FN:1,(anonymous_174)
FN:1,(anonymous_175)
FN:1,(anonymous_176)
FN:1,(anonymous_177)
FN:1,e
FN:1,(anonymous_179)
FN:1,(anonymous_180)
FN:1,(anonymous_181)
FN:1,(anonymous_182)
FN:1,(anonymous_183)
FN:1,(anonymous_184)
FN:1,t
FN:1,(anonymous_186)
FN:1,(anonymous_187)
FN:1,(anonymous_188)
FN:1,(anonymous_189)
FN:1,(anonymous_190)
FN:1,a
FN:1,n
FN:1,(anonymous_193)
FN:1,l
FN:1,u
FN:1,(anonymous_196)
FN:1,(anonymous_197)
FN:1,(anonymous_198)
FN:1,(anonymous_199)
FN:1,v
FN:1,(anonymous_201)
FN:1,e
FN:1,e
FN:1,(anonymous_204)
FN:1,b
FN:1,(anonymous_206)
FN:1,e
FN:1,e
FN:1,e
FN:1,e
FN:1,e
FN:1,e
FN:1,e
FN:1,e
FN:1,e
FN:1,e
FN:1,e
FN:1,(anonymous_218)
FN:1,s
FN:1,e
FN:1,(anonymous_221)
FN:1,e
FN:1,t
FN:1,e
FN:1,e
FN:1,e
FN:1,t
FN:1,e
FN:1,e
FN:1,e
FN:1,e
FN:1,e
FN:1,e
FN:1,t
FN:1,e
FN:1,t
FN:2,(anonymous_237)
FN:2,o
FN:2,e
FN:2,(anonymous_240)
FN:2,o
FN:2,e
FN:2,(anonymous_243)
FN:2,M
FN:2,_
FN:2,S
FN:2,z
FN:2,T
FN:2,(anonymous_249)
FN:2,e
FN:2,e
FN:2,e
FN:2,e
FN:2,e
FN:2,e
FN:2,t
FN:2,e
FN:2,t
FN:2,e
FN:2,e
FN:2,t
FN:2,e
FN:2,e
FN:2,e
FN:2,e
FN:2,e
FN:2,e
FN:2,e
FN:2,e
FN:2,e
FN:2,e
FN:2,e
FN:2,e
FN:2,e
FN:2,e
FN:2,e
FN:2,(anonymous_277)
FN:2,u
FN:2,e
FN:2,(anonymous_280)
FN:2,s
FN:2,(anonymous_282)
FN:2,e
FN:2,t
FN:2,(anonymous_285)
FN:2,u
FN:2,(anonymous_287)
FN:2,e
FN:2,e
FN:2,e
FN:2,e
FN:2,e
FN:2,e
FN:2,e
FN:2,e
FN:2,(anonymous_296)
FN:2,s
FN:2,(anonymous_298)
FN:2,e
FN:2,t
FN:2,(anonymous_301)
FN:2,p
FN:2,e
FN:2,e
FN:2,e
FN:2,e
FN:2,e
FN:2,e
FN:2,e
FN:2,e
FN:2,e
FN:2,e
FN:2,e
FN:2,e
FN:2,e
FN:2,e
FN:2,e
FN:2,e
FN:2,e
FN:2,e
FN:2,e
FN:2,e
FN:2,(anonymous_323)
FN:2,x
FN:2,e
FN:2,e
FN:2,e
FN:2,e
FN:2,e
FN:2,e
FN:2,e
FN:2,e
FN:2,e
FN:2,e
FN:2,e
FN:2,(anonymous_336)
FN:2,(anonymous_337)
FN:2,(anonymous_338)
FN:2,(anonymous_339)
FN:2,(anonymous_340)
FN:2,(anonymous_341)
FN:2,(anonymous_342)
FN:2,(anonymous_343)
FN:2,(anonymous_344)
FN:2,(anonymous_345)
FN:2,(anonymous_346)
FN:2,(anonymous_347)
FN:2,(anonymous_348)
FN:3,E
FN:3,(anonymous_350)
FN:3,(anonymous_351)
FN:3,(anonymous_352)
FN:3,(anonymous_353)
FN:3,(anonymous_354)
FN:3,(anonymous_355)
FN:3,(anonymous_356)
FN:3,(anonymous_357)
FN:3,(anonymous_358)
FN:3,(anonymous_359)
FN:3,(anonymous_360)
FN:3,(anonymous_361)
FN:3,e
FN:3,P
FN:3,(anonymous_364)
FN:3,y
FN:3,e
FN:3,e
FN:3,(anonymous_368)
FN:3,(anonymous_369)
FN:3,(anonymous_370)
FN:3,(anonymous_371)
FN:3,(anonymous_372)
FN:3,(anonymous_373)
FN:3,(anonymous_374)
FN:3,(anonymous_375)
FN:3,(anonymous_376)
FN:3,(anonymous_377)
FN:3,(anonymous_378)
FN:3,(anonymous_379)
FN:3,(anonymous_380)
FN:3,(anonymous_381)
FN:3,(anonymous_382)
FN:3,(anonymous_383)
FN:3,(anonymous_384)
FN:3,(anonymous_385)
FN:3,(anonymous_386)
FN:3,(anonymous_387)
FN:3,(anonymous_388)
FN:3,(anonymous_389)
FN:3,(anonymous_390)
FN:3,(anonymous_391)
FN:3,(anonymous_392)
FN:3,e
FN:3,e
FN:3,z
FN:3,(anonymous_396)
FN:3,p
FN:3,e
FN:3,(anonymous_399)
FN:3,s
FN:3,d
FN:3,(anonymous_402)
FN:3,l
FN:3,e
FN:3,(anonymous_405)
FN:3,g
FN:3,e
FN:3,e
FN:3,e
FN:3,e
FN:3,e
FN:3,e
FN:3,e
FN:3,e
FN:3,e
FN:3,e
FN:3,e
FN:3,e
FN:3,e
FN:3,e
FN:3,e
FN:3,(anonymous_422)
FN:3,v
FN:3,e
FN:3,(anonymous_425)
FN:3,e
FN:3,e
FN:3,e
FN:3,e
FN:3,e
FN:3,(anonymous_431)
FN:3,e
FN:3,e
FN:3,e
FN:3,e
FN:3,e
FN:3,(anonymous_437)
FN:3,e
FN:3,e
FN:3,e
FN:3,(anonymous_441)
FN:3,e
FN:3,t
FN:3,e
FN:3,e
FN:3,(anonymous_446)
FN:3,e
FN:3,e
FN:3,e
FN:3,(anonymous_450)
FN:3,e
FN:3,e
FN:4,e
FN:4,(anonymous_454)
FN:4,e
FN:4,e
FN:4,e
FN:4,(anonymous_458)
FN:4,e
FN:4,e
FN:4,(anonymous_461)
FN:4,k
FN:4,M
FN:4,_
FN:4,S
FN:4,e
FN:4,e
FN:4,(anonymous_468)
FN:4,(anonymous_469)
FN:4,e
FN:4,(anonymous_471)
FN:4,e
FN:4,(anonymous_473)
FN:4,e
FN:4,e
FN:4,e
FN:4,(anonymous_477)
FN:4,l
FN:4,e
FN:4,e
FN:4,(anonymous_481)
FN:5,(anonymous_482)
FN:5,d
FN:5,e
FN:5,(anonymous_485)
FN:5,(anonymous_486)
FN:5,(anonymous_487)
FN:5,(anonymous_488)
FN:5,(anonymous_489)
FN:5,(anonymous_490)
FN:5,(anonymous_491)
FN:5,(anonymous_492)
FN:5,(anonymous_493)
FN:5,(anonymous_494)
FN:5,(anonymous_495)
FN:5,(anonymous_496)
FN:5,(anonymous_497)
FN:5,(anonymous_498)
FN:5,(anonymous_499)
FN:5,(anonymous_500)
FN:5,(anonymous_501)
FN:5,(anonymous_502)
FN:5,(anonymous_503)
FN:5,(anonymous_504)
FN:5,(anonymous_505)
FN:5,(anonymous_506)
FN:5,(anonymous_507)
FN:5,h
FN:5,v
FN:5,e
FN:5,e
FN:5,e
FN:5,e
FN:5,(anonymous_514)
FN:5,y
FN:5,x
FN:6,M
FN:6,e
FN:6,e
FN:6,e
FN:6,e
FN:6,e
FN:6,e
FN:6,e
FN:6,e
FN:6,e
FN:6,(anonymous_527)
FN:6,g
FN:6,b
FN:6,e
FN:6,e
FN:6,e
FN:6,(anonymous_533)
FN:6,h
FN:6,v
FN:6,e
FN:6,e
FN:6,e
FN:6,(anonymous_539)
FN:6,c
FN:6,e
FN:6,e
FN:6,e
FN:6,(anonymous_544)
FN:6,h
FN:6,v
FN:6,e
FN:6,e
FN:6,e
FN:6,(anonymous_550)
FN:6,p
FN:6,m
FN:6,e
FN:6,e
FN:6,e
FN:6,e
FN:6,(anonymous_557)
FN:6,p
FN:6,m
FN:6,e
FN:6,e
FN:6,e
FN:6,e
FN:6,(anonymous_564)
FN:6,y
FN:6,x
FN:6,e
FN:6,e
FN:6,e
FN:6,e
FN:6,(anonymous_571)
FN:6,p
FN:6,m
FN:6,e
FN:6,e
FN:6,e
FN:6,(anonymous_577)
FN:6,h
FN:6,v
FN:6,e
FN:6,e
FN:6,e
FN:6,(anonymous_583)
FN:6,h
FN:6,v
FN:6,e
FN:6,e
FN:6,e
FN:6,e
FN:6,e
FN:6,e
FN:6,e
FN:6,e
FN:6,e
FN:6,(anonymous_595)
FN:6,f
FN:6,e
FN:6,e
FN:6,e
FN:6,(anonymous_600)
FN:6,h
FN:6,v
FN:6,e
FN:6,e
FN:6,e
FN:6,(anonymous_606)
FN:6,h
FN:6,v
FN:6,e
FN:6,e
FN:6,e
FN:6,(anonymous_612)
FN:6,h
FN:6,v
FN:6,e
FN:6,e
FN:6,e
FN:6,(anonymous_618)
FN:6,f
FN:6,c
FN:6,(anonymous_621)
FN:6,(anonymous_622)
FN:7,(anonymous_623)
FN:7,(anonymous_624)
FN:7,(anonymous_625)
FN:7,(anonymous_626)
FN:7,(anonymous_627)
FN:7,d
FN:7,(anonymous_629)
FN:7,e
FN:7,e
FN:7,e
FN:7,e
FN:7,(anonymous_634)
FN:7,e
FN:7,e
FN:7,e
FN:7,(anonymous_638)
FN:7,i
FN:7,e
FN:7,(anonymous_641)
FN:7,h
FN:7,e
FN:7,e
FN:7,e
FN:7,a
FN:7,e
FN:7,e
FN:7,(anonymous_649)
FN:7,(anonymous_650)
FN:7,n
FN:8,(anonymous_652)
FN:8,(anonymous_653)
FN:8,u
FN:8,e
FN:8,e
FN:8,(anonymous_657)
FN:8,e
FN:8,e
FN:8,e
FN:8,e
FN:8,d
FN:8,(anonymous_663)
FN:8,e
FN:8,e
FN:8,v
FNF:667
FNH:468
FNDA:1,(anonymous_0)
FNDA:1,(anonymous_1)
FNDA:1,e
FNDA:386,n
FNDA:384,(anonymous_4)
FNDA:1,(anonymous_5)
FNDA:5,h
FNDA:1940,e
FNDA:0,e
FNDA:0,e
FNDA:0,e
FNDA:1940,e
FNDA:1,(anonymous_12)
FNDA:1,(anonymous_13)
FNDA:1,(anonymous_14)
FNDA:1,(anonymous_15)
FNDA:1,(anonymous_16)
FNDA:1,(anonymous_17)
FNDA:1,(anonymous_18)
FNDA:999561,(anonymous_19)
FNDA:1,(anonymous_20)
FNDA:1,i
FNDA:1,(anonymous_22)
FNDA:16,e
FNDA:16,(anonymous_24)
FNDA:1,(anonymous_25)
FNDA:2,u
FNDA:1,(anonymous_27)
FNDA:0,e
FNDA:0,(anonymous_29)
FNDA:1,(anonymous_30)
FNDA:1,i
FNDA:0,(anonymous_32)
FNDA:1,(anonymous_33)
FNDA:1,(anonymous_34)
FNDA:1,(anonymous_35)
FNDA:1,(anonymous_36)
FNDA:1940,e
FNDA:1,(anonymous_38)
FNDA:84,e
FNDA:1,(anonymous_40)
FNDA:1,(anonymous_41)
FNDA:3,(anonymous_42)
FNDA:1,(anonymous_43)
FNDA:3,(anonymous_44)
FNDA:1,(anonymous_45)
FNDA:80880,(anonymous_46)
FNDA:1,(anonymous_47)
FNDA:1,(anonymous_48)
FNDA:0,(anonymous_49)
FNDA:1,(anonymous_50)
FNDA:1,(anonymous_51)
FNDA:0,(anonymous_52)
FNDA:0,(anonymous_53)
FNDA:1,(anonymous_54)
FNDA:1,(anonymous_55)
FNDA:1,(anonymous_56)
FNDA:1,(anonymous_57)
FNDA:0,(anonymous_58)
FNDA:1,(anonymous_59)
FNDA:3,(anonymous_60)
FNDA:0,(anonymous_61)
FNDA:0,(anonymous_62)
FNDA:0,(anonymous_63)
FNDA:0,(anonymous_64)
FNDA:1,(anonymous_65)
FNDA:0,(anonymous_66)
FNDA:1,(anonymous_67)
FNDA:1,(anonymous_68)
FNDA:1,(anonymous_69)
FNDA:0,(anonymous_70)
FNDA:0,(anonymous_71)
FNDA:1,(anonymous_72)
FNDA:1,(anonymous_73)
FNDA:4,(anonymous_74)
FNDA:0,(anonymous_75)
FNDA:0,(anonymous_76)
FNDA:1,(anonymous_77)
FNDA:3,(anonymous_78)
FNDA:1,(anonymous_79)
FNDA:1,(anonymous_80)
FNDA:4,(anonymous_81)
FNDA:1,(anonymous_82)
FNDA:1,(anonymous_83)
FNDA:0,(anonymous_84)
FNDA:0,(anonymous_85)
FNDA:1,(anonymous_86)
FNDA:0,(anonymous_87)
FNDA:0,(anonymous_88)
FNDA:1,(anonymous_89)
FNDA:0,(anonymous_90)
FNDA:1,(anonymous_91)
FNDA:0,(anonymous_92)
FNDA:1,(anonymous_93)
FNDA:80880,(anonymous_94)
FNDA:1,(anonymous_95)
FNDA:0,(anonymous_96)
FNDA:1,(anonymous_97)
FNDA:0,(anonymous_98)
FNDA:2,(anonymous_99)
FNDA:1,(anonymous_100)
FNDA:0,(anonymous_101)
FNDA:2,(anonymous_102)
FNDA:2,(anonymous_103)
FNDA:0,t
FNDA:0,t
FNDA:0,t
FNDA:0,e
FNDA:1,(anonymous_108)
FNDA:1,(anonymous_109)
FNDA:1,(anonymous_110)
FNDA:1,(anonymous_111)
FNDA:1,(anonymous_112)
FNDA:1,(anonymous_113)
FNDA:1,(anonymous_114)
FNDA:0,(anonymous_115)
FNDA:1,(anonymous_116)
FNDA:1,(anonymous_117)
FNDA:1,(anonymous_118)
FNDA:0,(anonymous_119)
FNDA:1,(anonymous_120)
FNDA:0,(anonymous_121)
FNDA:0,(anonymous_122)
FNDA:0,(anonymous_123)
FNDA:0,(anonymous_124)
FNDA:1,(anonymous_125)
FNDA:0,(anonymous_126)
FNDA:0,(anonymous_127)
FNDA:0,e
FNDA:1,(anonymous_129)
FNDA:0,e
FNDA:1,(anonymous_131)
FNDA:0,e
FNDA:1,(anonymous_133)
FNDA:0,(anonymous_134)
FNDA:1,(anonymous_135)
FNDA:0,(anonymous_136)
FNDA:1,(anonymous_137)
FNDA:0,e
FNDA:1,(anonymous_139)
FNDA:1,(anonymous_140)
FNDA:1,(anonymous_141)
FNDA:1,(anonymous_142)
FNDA:3,(anonymous_143)
FNDA:1,(anonymous_144)
FNDA:1,(anonymous_145)
FNDA:4,(anonymous_146)
FNDA:1,(anonymous_147)
FNDA:3,(anonymous_148)
FNDA:1,(anonymous_149)
FNDA:2,(anonymous_150)
FNDA:1,(anonymous_151)
FNDA:1,(anonymous_152)
FNDA:0,(anonymous_153)
FNDA:1,(anonymous_154)
FNDA:0,(anonymous_155)
FNDA:1,(anonymous_156)
FNDA:0,(anonymous_157)
FNDA:1,(anonymous_158)
FNDA:0,(anonymous_159)
FNDA:1,(anonymous_160)
FNDA:0,(anonymous_161)
FNDA:1,(anonymous_162)
FNDA:0,(anonymous_163)
FNDA:1,(anonymous_164)
FNDA:0,(anonymous_165)
FNDA:1,(anonymous_166)
FNDA:2,(anonymous_167)
FNDA:1,(anonymous_168)
FNDA:9,(anonymous_169)
FNDA:1,(anonymous_170)
FNDA:80880,(anonymous_171)
FNDA:1,(anonymous_172)
FNDA:80880,(anonymous_173)
FNDA:1,(anonymous_174)
FNDA:0,(anonymous_175)
FNDA:1,(anonymous_176)
FNDA:1,(anonymous_177)
FNDA:0,e
FNDA:1,(anonymous_179)
FNDA:0,(anonymous_180)
FNDA:0,(anonymous_181)
FNDA:1,(anonymous_182)
FNDA:1,(anonymous_183)
FNDA:1,(anonymous_184)
FNDA:0,t
FNDA:1,(anonymous_186)
FNDA:0,(anonymous_187)
FNDA:0,(anonymous_188)
FNDA:1,(anonymous_189)
FNDA:1,(anonymous_190)
FNDA:375420,a
FNDA:375420,n
FNDA:1,(anonymous_193)
FNDA:0,l
FNDA:1,u
FNDA:10,(anonymous_196)
FNDA:20,(anonymous_197)
FNDA:0,(anonymous_198)
FNDA:1,(anonymous_199)
FNDA:5,v
FNDA:1,(anonymous_201)
FNDA:1940,e
FNDA:377360,e
FNDA:1,(anonymous_204)
FNDA:7,b
FNDA:1,(anonymous_206)
FNDA:1940,e
FNDA:396046,e
FNDA:377354,e
FNDA:754714,e
FNDA:0,e
FNDA:18686,e
FNDA:0,e
FNDA:377354,e
FNDA:0,e
FNDA:377354,e
FNDA:0,e
FNDA:1,(anonymous_218)
FNDA:3,s
FNDA:4778,e
FNDA:1,(anonymous_221)
FNDA:8219,e
FNDA:6279,t
FNDA:2093,e
FNDA:164,e
FNDA:328,e
FNDA:3857,t
FNDA:2441,e
FNDA:1975,e
FNDA:13,e
FNDA:0,e
FNDA:65,e
FNDA:2966,e
FNDA:84,t
FNDA:11668,e
FNDA:19090,t
FNDA:1,(anonymous_237)
FNDA:2,o
FNDA:0,e
FNDA:1,(anonymous_240)
FNDA:2,o
FNDA:52666,e
FNDA:1,(anonymous_243)
FNDA:9,M
FNDA:40168,_
FNDA:18544,S
FNDA:0,z
FNDA:58462,T
FNDA:1,(anonymous_249)
FNDA:1940,e
FNDA:46389,e
FNDA:377354,e
FNDA:17760,e
FNDA:1940,e
FNDA:1940,e
FNDA:17750,t
FNDA:17750,e
FNDA:397,t
FNDA:0,e
FNDA:30040,e
FNDA:30040,t
FNDA:3441,e
FNDA:28727,e
FNDA:18294,e
FNDA:18534,e
FNDA:23712,e
FNDA:94748,e
FNDA:14832,e
FNDA:0,e
FNDA:0,e
FNDA:0,e
FNDA:0,e
FNDA:6510,e
FNDA:18732,e
FNDA:932,e
FNDA:34207,e
FNDA:1,(anonymous_277)
FNDA:2,u
FNDA:1940,e
FNDA:1,(anonymous_280)
FNDA:3,s
FNDA:1,(anonymous_282)
FNDA:420771,e
FNDA:81675,t
FNDA:1,(anonymous_285)
FNDA:2,u
FNDA:1,(anonymous_287)
FNDA:8,e
FNDA:301,e
FNDA:96,e
FNDA:42,e
FNDA:42,e
FNDA:164,e
FNDA:431,e
FNDA:25375,e
FNDA:1,(anonymous_296)
FNDA:3,s
FNDA:1,(anonymous_298)
FNDA:406369,e
FNDA:29009,t
FNDA:1,(anonymous_301)
FNDA:6,p
FNDA:9033,e
FNDA:8988,e
FNDA:3432,e
FNDA:4224,e
FNDA:2581,e
FNDA:0,e
FNDA:4269,e
FNDA:78,e
FNDA:42360,e
FNDA:28807,e
FNDA:42,e
FNDA:0,e
FNDA:0,e
FNDA:13553,e
FNDA:892,e
FNDA:892,e
FNDA:0,e
FNDA:1688,e
FNDA:1688,e
FNDA:1688,e
FNDA:1,(anonymous_323)
FNDA:8,x
FNDA:29442,e
FNDA:29442,e
FNDA:1134,e
FNDA:989,e
FNDA:29442,e
FNDA:17835,e
FNDA:311,e
FNDA:313,e
FNDA:591,e
FNDA:393,e
FNDA:84,e
FNDA:2581,(anonymous_336)
FNDA:1688,(anonymous_337)
FNDA:574,(anonymous_338)
FNDA:229,(anonymous_339)
FNDA:614,(anonymous_340)
FNDA:1403,(anonymous_341)
FNDA:0,(anonymous_342)
FNDA:4,(anonymous_343)
FNDA:1671,(anonymous_344)
FNDA:8322,(anonymous_345)
FNDA:313,(anonymous_346)
FNDA:0,(anonymous_347)
FNDA:164,(anonymous_348)
FNDA:815,E
FNDA:164,(anonymous_350)
FNDA:651,(anonymous_351)
FNDA:0,(anonymous_352)
FNDA:0,(anonymous_353)
FNDA:3192,(anonymous_354)
FNDA:0,(anonymous_355)
FNDA:0,(anonymous_356)
FNDA:0,(anonymous_357)
FNDA:0,(anonymous_358)
FNDA:0,(anonymous_359)
FNDA:0,(anonymous_360)
FNDA:0,(anonymous_361)
FNDA:27225,e
FNDA:1940,P
FNDA:1,(anonymous_364)
FNDA:8,y
FNDA:8567,e
FNDA:4843,e
FNDA:2581,(anonymous_368)
FNDA:1688,(anonymous_369)
FNDA:574,(anonymous_370)
FNDA:229,(anonymous_371)
FNDA:614,(anonymous_372)
FNDA:1403,(anonymous_373)
FNDA:0,(anonymous_374)
FNDA:4,(anonymous_375)
FNDA:1671,(anonymous_376)
FNDA:8322,(anonymous_377)
FNDA:313,(anonymous_378)
FNDA:164,(anonymous_379)
FNDA:0,(anonymous_380)
FNDA:0,(anonymous_381)
FNDA:3192,(anonymous_382)
FNDA:0,(anonymous_383)
FNDA:651,(anonymous_384)
FNDA:164,(anonymous_385)
FNDA:0,(anonymous_386)
FNDA:0,(anonymous_387)
FNDA:0,(anonymous_388)
FNDA:0,(anonymous_389)
FNDA:0,(anonymous_390)
FNDA:0,(anonymous_391)
FNDA:0,(anonymous_392)
FNDA:17757,e
FNDA:27227,e
FNDA:1940,z
FNDA:1,(anonymous_396)
FNDA:6,p
FNDA:1940,e
FNDA:1,(anonymous_399)
FNDA:2,s
FNDA:6,d
FNDA:1,(anonymous_402)
FNDA:49,l
FNDA:4494,e
FNDA:1,(anonymous_405)
FNDA:7,g
FNDA:2449,e
FNDA:1186,e
FNDA:1178,e
FNDA:678,e
FNDA:500,e
FNDA:500,e
FNDA:24,e
FNDA:8,e
FNDA:164,e
FNDA:164,e
FNDA:0,e
FNDA:2425,e
FNDA:1350,e
FNDA:1186,e
FNDA:1186,e
FNDA:1,(anonymous_422)
FNDA:5,v
FNDA:36540,e
FNDA:1,(anonymous_425)
FNDA:28807,e
FNDA:1940,e
FNDA:0,e
FNDA:29358,e
FNDA:0,e
FNDA:1,(anonymous_431)
FNDA:0,e
FNDA:0,e
FNDA:0,e
FNDA:0,e
FNDA:0,e
FNDA:1,(anonymous_437)
FNDA:13756,e
FNDA:768,e
FNDA:0,e
FNDA:1,(anonymous_441)
FNDA:9662,e
FNDA:4,t
FNDA:9658,e
FNDA:0,e
FNDA:1,(anonymous_446)
FNDA:206,e
FNDA:206,e
FNDA:0,e
FNDA:1,(anonymous_450)
FNDA:206,e
FNDA:206,e
FNDA:0,e
FNDA:1,(anonymous_454)
FNDA:0,e
FNDA:0,e
FNDA:0,e
FNDA:1,(anonymous_458)
FNDA:240,e
FNDA:240,e
FNDA:1,(anonymous_461)
FNDA:2,k
FNDA:7,M
FNDA:240,_
FNDA:240,S
FNDA:240,e
FNDA:240,e
FNDA:366,(anonymous_468)
FNDA:565,(anonymous_469)
FNDA:0,e
FNDA:0,(anonymous_471)
FNDA:0,e
FNDA:0,(anonymous_473)
FNDA:240,e
FNDA:0,e
FNDA:0,e
FNDA:1,(anonymous_477)
FNDA:1,l
FNDA:11482,e
FNDA:4426,e
FNDA:1,(anonymous_481)
FNDA:1,(anonymous_482)
FNDA:4,d
FNDA:26,e
FNDA:164,(anonymous_485)
FNDA:8322,(anonymous_486)
FNDA:0,(anonymous_487)
FNDA:0,(anonymous_488)
FNDA:3192,(anonymous_489)
FNDA:0,(anonymous_490)
FNDA:0,(anonymous_491)
FNDA:203,(anonymous_492)
FNDA:0,(anonymous_493)
FNDA:83,(anonymous_494)
FNDA:0,(anonymous_495)
FNDA:0,(anonymous_496)
FNDA:0,(anonymous_497)
FNDA:0,(anonymous_498)
FNDA:0,(anonymous_499)
FNDA:0,(anonymous_500)
FNDA:0,(anonymous_501)
FNDA:0,(anonymous_502)
FNDA:126,(anonymous_503)
FNDA:480,(anonymous_504)
FNDA:0,(anonymous_505)
FNDA:0,(anonymous_506)
FNDA:1,(anonymous_507)
FNDA:2,h
FNDA:3,v
FNDA:2441,e
FNDA:2441,e
FNDA:0,e
FNDA:2441,e
FNDA:1,(anonymous_514)
FNDA:2,y
FNDA:6,x
FNDA:1186,M
FNDA:0,e
FNDA:0,e
FNDA:0,e
FNDA:1186,e
FNDA:593,e
FNDA:593,e
FNDA:0,e
FNDA:0,e
FNDA:0,e
FNDA:1,(anonymous_527)
FNDA:2,g
FNDA:5,b
FNDA:42,e
FNDA:42,e
FNDA:42,e
FNDA:1,(anonymous_533)
FNDA:2,h
FNDA:3,v
FNDA:0,e
FNDA:0,e
FNDA:0,e
FNDA:1,(anonymous_539)
FNDA:4,c
FNDA:0,e
FNDA:0,e
FNDA:0,e
FNDA:1,(anonymous_544)
FNDA:2,h
FNDA:3,v
FNDA:0,e
FNDA:0,e
FNDA:0,e
FNDA:1,(anonymous_550)
FNDA:2,p
FNDA:4,m
FNDA:0,e
FNDA:0,e
FNDA:0,e
FNDA:0,e
FNDA:1,(anonymous_557)
FNDA:2,p
FNDA:4,m
FNDA:0,e
FNDA:0,e
FNDA:0,e
FNDA:0,e
FNDA:1,(anonymous_564)
FNDA:2,y
FNDA:6,x
FNDA:288,e
FNDA:288,e
FNDA:2,e
FNDA:0,e
FNDA:1,(anonymous_571)
FNDA:2,p
FNDA:4,m
FNDA:0,e
FNDA:0,e
FNDA:0,e
FNDA:1,(anonymous_577)
FNDA:2,h
FNDA:3,v
FNDA:0,e
FNDA:0,e
FNDA:0,e
FNDA:1,(anonymous_583)
FNDA:2,h
FNDA:3,v
FNDA:1975,e
FNDA:1975,e
FNDA:1975,e
FNDA:0,e
FNDA:0,e
FNDA:0,e
FNDA:0,e
FNDA:0,e
FNDA:0,e
FNDA:1,(anonymous_595)
FNDA:3,f
FNDA:0,e
FNDA:0,e
FNDA:0,e
FNDA:1,(anonymous_600)
FNDA:2,h
FNDA:3,v
FNDA:0,e
FNDA:0,e
FNDA:0,e
FNDA:1,(anonymous_606)
FNDA:2,h
FNDA:3,v
FNDA:78,e
FNDA:78,e
FNDA:78,e
FNDA:1,(anonymous_612)
FNDA:2,h
FNDA:3,v
FNDA:0,e
FNDA:0,e
FNDA:0,e
FNDA:1,(anonymous_618)
FNDA:3,f
FNDA:74,c
FNDA:0,(anonymous_621)
FNDA:0,(anonymous_622)
FNDA:0,(anonymous_623)
FNDA:0,(anonymous_624)
FNDA:0,(anonymous_625)
FNDA:0,(anonymous_626)
FNDA:1,(anonymous_627)
FNDA:4,d
FNDA:1,(anonymous_629)
FNDA:37229,e
FNDA:15401,e
FNDA:36736,e
FNDA:0,e
FNDA:1,(anonymous_634)
FNDA:13902,e
FNDA:13902,e
FNDA:0,e
FNDA:1,(anonymous_638)
FNDA:1,i
FNDA:1940,e
FNDA:1,(anonymous_641)
FNDA:5,h
FNDA:0,e
FNDA:0,e
FNDA:0,e
FNDA:0,a
FNDA:0,e
FNDA:42,e
FNDA:1,(anonymous_649)
FNDA:1,(anonymous_650)
FNDA:903,n
FNDA:1,(anonymous_652)
FNDA:1,(anonymous_653)
FNDA:2,u
FNDA:6285,e
FNDA:6285,e
FNDA:1,(anonymous_657)
FNDA:62223,e
FNDA:60719,e
FNDA:10188,e
FNDA:0,e
FNDA:0,d
FNDA:0,(anonymous_663)
FNDA:1940,e
FNDA:0,e
FNDA:1940,v
DA:1,999561
DA:2,420771
DA:3,58309
DA:4,11482
DA:5,8322
DA:6,1975
DA:7,48495
DA:8,62223
LF:8
LH:8
BRDA:1,0,0,1
BRDA:1,0,1,0
BRDA:1,1,0,1
BRDA:1,1,1,1
BRDA:1,2,0,0
BRDA:1,2,1,0
BRDA:1,3,0,0
BRDA:1,3,1,0
BRDA:1,4,0,0
BRDA:1,4,1,0
BRDA:1,5,0,0
BRDA:1,5,1,0
BRDA:1,6,0,0
BRDA:1,6,1,0
BRDA:1,7,0,126
BRDA:1,7,1,260
BRDA:1,8,0,0
BRDA:1,8,1,126
BRDA:1,9,0,0
BRDA:1,9,1,0
BRDA:1,10,0,0
BRDA:1,10,1,0
BRDA:1,11,0,0
BRDA:1,11,1,0
BRDA:1,12,0,0
BRDA:1,12,1,0
BRDA:1,13,0,384
BRDA:1,13,1,0
BRDA:1,14,0,1
BRDA:1,14,1,1
BRDA:1,15,0,5
BRDA:1,15,1,0
BRDA:1,16,0,5
BRDA:1,16,1,5
BRDA:1,17,0,1
BRDA:1,17,1,0
BRDA:1,18,0,0
BRDA:1,18,1,1
BRDA:1,19,0,0
BRDA:1,19,1,0
BRDA:1,20,0,0
BRDA:1,20,1,999561
BRDA:1,21,0,1
BRDA:1,21,1,0
BRDA:1,22,0,1
BRDA:1,22,1,1
BRDA:1,23,0,84
BRDA:1,23,1,84
BRDA:1,24,0,84
BRDA:1,24,1,0
BRDA:1,25,0,15
BRDA:1,25,1,1
BRDA:1,26,0,1
BRDA:1,26,1,15
BRDA:1,27,0,2
BRDA:1,27,1,0
BRDA:1,28,0,2
BRDA:1,28,1,2
BRDA:1,29,0,0
BRDA:1,29,1,0
BRDA:1,30,0,0
BRDA:1,30,1,0
BRDA:1,31,0,0
BRDA:1,31,1,0
BRDA:1,32,0,0
BRDA:1,32,1,0
BRDA:1,33,0,0
BRDA:1,33,1,0
BRDA:1,34,0,0
BRDA:1,34,1,0
BRDA:1,35,0,0
BRDA:1,35,1,0
BRDA:1,36,0,1
BRDA:1,36,1,0
BRDA:1,37,0,1
BRDA:1,37,1,1
BRDA:1,38,0,0
BRDA:1,38,1,0
BRDA:1,39,0,1
BRDA:1,39,1,1
BRDA:1,40,0,0
BRDA:1,40,1,3
BRDA:1,41,0,0
BRDA:1,41,1,80880
BRDA:1,42,0,0
BRDA:1,42,1,0
BRDA:1,43,0,0
BRDA:1,43,1,0
BRDA:1,44,0,0
BRDA:1,44,1,0
BRDA:1,45,0,0
BRDA:1,45,1,0
BRDA:1,46,0,0
BRDA:1,46,1,0
BRDA:1,47,0,0
BRDA:1,47,1,0
BRDA:1,48,0,0
BRDA:1,48,1,0
BRDA:1,48,2,0
BRDA:1,49,0,0
BRDA:1,49,1,0
BRDA:1,50,0,0
BRDA:1,50,1,0
BRDA:1,51,0,0
BRDA:1,51,1,0
BRDA:1,52,0,0
BRDA:1,52,1,0
BRDA:1,53,0,0
BRDA:1,53,1,0
BRDA:1,54,0,0
BRDA:1,54,1,0
BRDA:1,55,0,0
BRDA:1,55,1,0
BRDA:1,56,0,0
BRDA:1,56,1,1
BRDA:1,57,0,0
BRDA:1,57,1,0
BRDA:1,58,0,0
BRDA:1,58,1,3
BRDA:1,59,0,0
BRDA:1,59,1,0
BRDA:1,59,2,0
BRDA:1,60,0,0
BRDA:1,60,1,0
BRDA:1,61,0,0
BRDA:1,61,1,0
BRDA:1,62,0,0
BRDA:1,62,1,0
BRDA:1,63,0,0
BRDA:1,63,1,4
BRDA:1,64,0,4
BRDA:1,64,1,2
BRDA:1,65,0,0
BRDA:1,65,1,4
BRDA:1,66,0,3
BRDA:1,66,1,1
BRDA:1,67,0,1
BRDA:1,67,1,0
BRDA:1,68,0,0
BRDA:1,68,1,4
BRDA:1,69,0,6
BRDA:1,69,1,6
BRDA:1,69,2,6
BRDA:1,70,0,0
BRDA:1,70,1,6
BRDA:1,71,0,6
BRDA:1,71,1,5
BRDA:1,72,0,5
BRDA:1,72,1,1
BRDA:1,73,0,0
BRDA:1,73,1,6
BRDA:1,74,0,6
BRDA:1,74,1,0
BRDA:1,75,0,0
BRDA:1,75,1,6
BRDA:1,76,0,6
BRDA:1,76,1,0
BRDA:1,77,0,0
BRDA:1,77,1,6
BRDA:1,78,0,6
BRDA:1,78,1,0
BRDA:1,79,0,0
BRDA:1,79,1,0
BRDA:1,80,0,0
BRDA:1,80,1,0
BRDA:1,80,2,0
BRDA:1,81,0,3
BRDA:1,81,1,3
BRDA:1,82,0,6
BRDA:1,82,1,3
BRDA:1,83,0,3
BRDA:1,83,1,3
BRDA:1,84,0,3
BRDA:1,84,1,1
BRDA:1,85,0,0
BRDA:1,85,1,3
BRDA:1,86,0,3
BRDA:1,86,1,0
BRDA:1,86,2,0
BRDA:1,87,0,1
BRDA:1,87,1,0
BRDA:1,88,0,1
BRDA:1,88,1,1
BRDA:1,89,0,0
BRDA:1,89,1,0
BRDA:1,90,0,0
BRDA:1,90,1,0
BRDA:1,91,0,0
BRDA:1,91,1,1
BRDA:1,92,0,1
BRDA:1,92,1,0
BRDA:1,93,0,0
BRDA:1,93,1,0
BRDA:1,94,0,1
BRDA:1,94,1,0
BRDA:1,95,0,1
BRDA:1,95,1,0
BRDA:1,96,0,0
BRDA:1,96,1,0
BRDA:1,97,0,0
BRDA:1,97,1,0
BRDA:1,97,2,0
BRDA:1,98,0,80880
BRDA:1,98,1,0
BRDA:1,99,0,0
BRDA:1,99,1,0
BRDA:1,100,0,0
BRDA:1,100,1,0
BRDA:1,101,0,1
BRDA:1,101,1,1
BRDA:1,102,0,2
BRDA:1,102,1,0
BRDA:1,103,0,2
BRDA:1,103,1,2
BRDA:1,104,0,0
BRDA:1,104,1,0
BRDA:1,105,0,2
BRDA:1,105,1,0
BRDA:1,105,2,0
BRDA:1,105,3,0
BRDA:1,106,0,2
BRDA:1,106,1,0
BRDA:1,107,0,1
BRDA:1,107,1,1
BRDA:1,108,0,0
BRDA:1,108,1,1
BRDA:1,109,0,1
BRDA:1,109,1,1
BRDA:1,110,0,1
BRDA:1,110,1,0
BRDA:1,111,0,2
BRDA:1,111,1,0
BRDA:1,112,0,2
BRDA:1,112,1,0
BRDA:1,113,0,0
BRDA:1,113,1,2
BRDA:1,114,0,2
BRDA:1,114,1,0
BRDA:1,115,0,0
BRDA:1,115,1,2
BRDA:1,116,0,2
BRDA:1,116,1,1
BRDA:1,116,2,1
BRDA:1,117,0,0
BRDA:1,117,1,2
BRDA:1,118,0,2
BRDA:1,118,1,2
BRDA:1,118,2,0
BRDA:1,118,3,0
BRDA:1,118,4,0
BRDA:1,119,0,1
BRDA:1,119,1,1
BRDA:1,120,0,1
BRDA:1,120,1,0
BRDA:1,121,0,0
BRDA:1,121,1,1
BRDA:1,122,0,0
BRDA:1,122,1,1
BRDA:1,123,0,0
BRDA:1,123,1,0
BRDA:1,124,0,1
BRDA:1,124,1,1
BRDA:1,125,0,0
BRDA:1,125,1,1
BRDA:1,126,0,1
BRDA:1,126,1,1
BRDA:1,127,0,1
BRDA:1,127,1,0
BRDA:1,128,0,0
BRDA:1,128,1,0
BRDA:1,129,0,0
BRDA:1,129,1,0
BRDA:1,130,0,0
BRDA:1,130,1,0
BRDA:1,131,0,0
BRDA:1,131,1,0
BRDA:1,132,0,0
BRDA:1,132,1,0
BRDA:1,133,0,0
BRDA:1,133,1,0
BRDA:1,134,0,0
BRDA:1,134,1,0
BRDA:1,135,0,0
BRDA:1,135,1,0
BRDA:1,136,0,0
BRDA:1,136,1,0
BRDA:1,137,0,0
BRDA:1,137,1,0
BRDA:1,138,0,0
BRDA:1,138,1,0
BRDA:1,138,2,0
BRDA:1,138,3,0
BRDA:1,139,0,1
BRDA:1,139,1,0
BRDA:1,140,0,0
BRDA:1,140,1,0
BRDA:1,141,0,0
BRDA:1,141,1,0
BRDA:1,142,0,1
BRDA:1,142,1,0
BRDA:1,143,0,0
BRDA:1,143,1,0
BRDA:1,144,0,0
BRDA:1,144,1,0
BRDA:1,145,0,0
BRDA:1,145,1,0
BRDA:1,146,0,0
BRDA:1,146,1,0
BRDA:1,147,0,1
BRDA:1,147,1,0
BRDA:1,148,0,1
BRDA:1,148,1,0
BRDA:1,149,0,0
BRDA:1,149,1,0
BRDA:1,150,0,0
BRDA:1,150,1,0
BRDA:1,151,0,0
BRDA:1,151,1,0
BRDA:1,152,0,0
BRDA:1,152,1,0
BRDA:1,153,0,0
BRDA:1,153,1,0
BRDA:1,154,0,0
BRDA:1,154,1,0
BRDA:1,155,0,0
BRDA:1,155,1,0
BRDA:1,156,0,0
BRDA:1,156,1,0
BRDA:1,157,0,1
BRDA:1,157,1,0
BRDA:1,158,0,1
BRDA:1,158,1,1
BRDA:1,159,0,1
BRDA:1,159,1,0
BRDA:1,160,0,2
BRDA:1,160,1,2
BRDA:1,161,0,4
BRDA:1,161,1,4
BRDA:1,162,0,2
BRDA:1,162,1,2
BRDA:1,163,0,3
BRDA:1,163,1,1
BRDA:1,164,0,1
BRDA:1,164,1,1
BRDA:1,165,0,2
BRDA:1,165,1,2
BRDA:1,166,0,0
BRDA:1,166,1,0
BRDA:1,167,0,0
BRDA:1,167,1,0
BRDA:1,168,0,0
BRDA:1,168,1,0
BRDA:1,169,0,0
BRDA:1,169,1,0
BRDA:1,170,0,0
BRDA:1,170,1,0
BRDA:1,170,2,0
BRDA:1,170,3,0
BRDA:1,170,4,0
BRDA:1,171,0,0
BRDA:1,171,1,0
BRDA:1,172,0,0
BRDA:1,172,1,0
BRDA:1,173,0,0
BRDA:1,173,1,0
BRDA:1,174,0,0
BRDA:1,174,1,0
BRDA:1,175,0,0
BRDA:1,175,1,0
BRDA:1,176,0,0
BRDA:1,176,1,0
BRDA:1,177,0,0
BRDA:1,177,1,0
BRDA:1,178,0,0
BRDA:1,178,1,0
BRDA:1,179,0,0
BRDA:1,179,1,0
BRDA:1,179,2,0
BRDA:1,180,0,0
BRDA:1,180,1,0
BRDA:1,181,0,0
BRDA:1,181,1,0
BRDA:1,182,0,0
BRDA:1,182,1,0
BRDA:1,183,0,0
BRDA:1,183,1,0
BRDA:1,183,2,0
BRDA:1,184,0,0
BRDA:1,184,1,2
BRDA:1,185,0,9
BRDA:1,185,1,2
BRDA:1,186,0,2
BRDA:1,186,1,2
BRDA:1,186,2,0
BRDA:1,187,0,0
BRDA:1,187,1,0
BRDA:1,188,0,80880
BRDA:1,188,1,0
BRDA:1,189,0,80880
BRDA:1,189,1,0
BRDA:1,189,2,0
BRDA:1,190,0,0
BRDA:1,190,1,80880
BRDA:1,191,0,0
BRDA:1,191,1,0
BRDA:1,191,2,0
BRDA:1,192,0,0
BRDA:1,192,1,0
BRDA:1,193,0,0
BRDA:1,193,1,0
BRDA:1,194,0,0
BRDA:1,194,1,0
BRDA:1,195,0,0
BRDA:1,195,1,0
BRDA:1,196,0,0
BRDA:1,196,1,0
BRDA:1,197,0,0
BRDA:1,197,1,0
BRDA:1,198,0,0
BRDA:1,198,1,0
BRDA:1,199,0,0
BRDA:1,199,1,0
BRDA:1,200,0,0
BRDA:1,200,1,0
BRDA:1,201,0,0
BRDA:1,201,1,0
BRDA:1,202,0,0
BRDA:1,202,1,0
BRDA:1,203,0,0
BRDA:1,203,1,0
BRDA:1,204,0,0
BRDA:1,204,1,0
BRDA:1,205,0,0
BRDA:1,205,1,0
BRDA:1,206,0,0
BRDA:1,206,1,0
BRDA:1,207,0,0
BRDA:1,207,1,0
BRDA:1,208,0,5
BRDA:1,208,1,5
BRDA:1,209,0,0
BRDA:1,209,1,5
BRDA:1,210,0,5
BRDA:1,210,1,5
BRDA:1,211,0,1
BRDA:1,211,1,375419
BRDA:1,212,0,0
BRDA:1,212,1,1
BRDA:1,213,0,0
BRDA:1,213,1,1
BRDA:1,214,0,0
BRDA:1,214,1,1
BRDA:1,215,0,0
BRDA:1,215,1,375420
BRDA:1,216,0,375420
BRDA:1,216,1,375420
BRDA:1,217,0,375420
BRDA:1,217,1,0
BRDA:1,218,0,0
BRDA:1,218,1,0
BRDA:1,219,0,0
BRDA:1,219,1,0
BRDA:1,220,0,0
BRDA:1,220,1,1
BRDA:1,221,0,0
BRDA:1,221,1,1
BRDA:1,222,0,0
BRDA:1,222,1,1
BRDA:1,223,0,0
BRDA:1,223,1,1
BRDA:1,224,0,1
BRDA:1,224,1,0
BRDA:1,225,0,0
BRDA:1,225,1,0
BRDA:1,226,0,0
BRDA:1,226,1,0
BRDA:1,227,0,0
BRDA:1,227,1,0
BRDA:1,228,0,4
BRDA:1,228,1,1
BRDA:1,229,0,5
BRDA:1,229,1,5
BRDA:1,230,0,1940
BRDA:1,230,1,375420
BRDA:1,231,0,0
BRDA:1,231,1,375420
BRDA:1,232,0,375420
BRDA:1,232,1,10960
BRDA:1,233,0,0
BRDA:1,233,1,375420
BRDA:1,234,0,6
BRDA:1,234,1,1
BRDA:1,235,0,7
BRDA:1,235,1,7
BRDA:1,236,0,377360
BRDA:1,236,1,18686
BRDA:1,237,0,6
BRDA:1,237,1,18686
BRDA:1,238,0,0
BRDA:1,238,1,0
BRDA:1,239,0,0
BRDA:1,239,1,0
BRDA:1,240,0,0
BRDA:1,240,1,0
BRDA:1,241,0,0
BRDA:1,241,1,0
BRDA:1,242,0,0
BRDA:1,242,1,0
BRDA:1,243,0,18686
BRDA:1,243,1,358668
BRDA:1,244,0,377354
BRDA:1,244,1,18885
BRDA:1,245,0,377354
BRDA:1,245,1,0
BRDA:1,246,0,0
BRDA:1,246,1,0
BRDA:1,247,0,0
BRDA:1,247,1,0
BRDA:1,248,0,0
BRDA:1,248,1,0
BRDA:1,249,0,0
BRDA:1,249,1,0
BRDA:1,250,0,0
BRDA:1,250,1,0
BRDA:1,251,0,377354
BRDA:1,251,1,0
BRDA:1,252,0,0
BRDA:1,252,1,377354
BRDA:1,253,0,0
BRDA:1,253,1,0
BRDA:1,254,0,0
BRDA:1,254,1,0
BRDA:1,255,0,0
BRDA:1,255,1,0
BRDA:1,256,0,0
BRDA:1,256,1,0
BRDA:1,257,0,3
BRDA:1,257,1,0
BRDA:1,258,0,3
BRDA:1,258,1,3
BRDA:1,259,0,4380
BRDA:1,259,1,398
BRDA:1,260,0,8219
BRDA:1,260,1,1940
BRDA:1,261,0,8219
BRDA:1,261,1,1940
BRDA:1,262,0,8219
BRDA:1,262,1,8219
BRDA:1,263,0,8219
BRDA:1,263,1,8219
BRDA:1,264,0,8392
BRDA:1,264,1,0
BRDA:1,265,0,1172
BRDA:1,265,1,921
BRDA:1,266,0,0
BRDA:1,266,1,328
BRDA:1,267,0,328
BRDA:1,267,1,0
BRDA:1,268,0,3857
BRDA:1,268,1,0
BRDA:1,269,0,3321
BRDA:1,269,1,536
BRDA:1,270,0,3857
BRDA:1,270,1,3857
BRDA:1,270,2,3857
BRDA:1,271,0,13
BRDA:1,271,1,0
BRDA:1,272,0,562
BRDA:1,272,1,2404
BRDA:1,273,0,0
BRDA:1,273,1,84
BRDA:1,274,0,4426
BRDA:1,274,1,7242
BRDA:1,275,0,2139
BRDA:1,275,1,16951
BRDA:1,276,0,3285
BRDA:1,276,1,13666
BRDA:1,277,0,16951
BRDA:1,277,1,3285
BRDA:2,278,0,2
BRDA:2,278,1,0
BRDA:2,279,0,2
BRDA:2,279,1,2
BRDA:2,280,0,0
BRDA:2,280,1,0
BRDA:2,281,0,0
BRDA:2,281,1,0
BRDA:2,282,0,0
BRDA:2,282,1,0
BRDA:2,283,0,0
BRDA:2,283,1,0
BRDA:2,284,0,0
BRDA:2,284,1,0
BRDA:2,285,0,0
BRDA:2,285,1,0
BRDA:2,286,0,2
BRDA:2,286,1,0
BRDA:2,287,0,2
BRDA:2,287,1,2
BRDA:2,288,0,9
BRDA:2,288,1,0
BRDA:2,289,0,9
BRDA:2,289,1,9
BRDA:2,290,0,0
BRDA:2,290,1,58462
BRDA:2,291,0,0
BRDA:2,291,1,1940
BRDA:2,292,0,0
BRDA:2,292,1,46389
BRDA:2,293,0,43616
BRDA:2,293,1,2773
BRDA:2,294,0,41277
BRDA:2,294,1,4491
BRDA:2,295,0,15727
BRDA:2,295,1,30041
BRDA:2,296,0,1
BRDA:2,296,1,30040
BRDA:2,297,0,30041
BRDA:2,297,1,19242
BRDA:2,298,0,0
BRDA:2,298,1,30040
BRDA:2,299,0,30040
BRDA:2,299,1,621
BRDA:2,299,2,414
BRDA:2,300,0,2022
BRDA:2,300,1,28018
BRDA:2,301,0,0
BRDA:2,301,1,2022
BRDA:2,302,0,2022
BRDA:2,302,1,0
BRDA:2,303,0,0
BRDA:2,303,1,28018
BRDA:2,304,0,0
BRDA:2,304,1,0
BRDA:2,305,0,0
BRDA:2,305,1,17750
BRDA:2,306,0,0
BRDA:2,306,1,0
BRDA:2,307,0,0
BRDA:2,307,1,0
BRDA:2,308,0,0
BRDA:2,308,1,0
BRDA:2,309,0,0
BRDA:2,309,1,0
BRDA:2,310,0,0
BRDA:2,310,1,397
BRDA:2,311,0,0
BRDA:2,311,1,0
BRDA:2,312,0,0
BRDA:2,312,1,0
BRDA:2,313,0,0
BRDA:2,313,1,397
BRDA:2,314,0,0
BRDA:2,314,1,0
BRDA:2,315,0,3559
BRDA:2,315,1,26481
BRDA:2,316,0,0
BRDA:2,316,1,26878
BRDA:2,317,0,26878
BRDA:2,317,1,26878
BRDA:2,318,0,0
BRDA:2,318,1,0
BRDA:2,319,0,0
BRDA:2,319,1,0
BRDA:2,320,0,301
BRDA:2,320,1,26577
BRDA:2,321,0,0
BRDA:2,321,1,301
BRDA:2,322,0,96
BRDA:2,322,1,26481
BRDA:2,323,0,0
BRDA:2,323,1,96
BRDA:2,324,0,0
BRDA:2,324,1,26481
BRDA:2,325,0,0
BRDA:2,325,1,0
BRDA:2,326,0,0
BRDA:2,326,1,0
BRDA:2,327,0,313
BRDA:2,327,1,26168
BRDA:2,328,0,26481
BRDA:2,328,1,26180
BRDA:2,329,0,2482
BRDA:2,329,1,27558
BRDA:2,330,0,593
BRDA:2,330,1,26965
BRDA:2,331,0,240
BRDA:2,331,1,26725
BRDA:2,332,0,0
BRDA:2,332,1,240
BRDA:2,333,0,0
BRDA:2,333,1,240
BRDA:2,334,0,164
BRDA:2,334,1,26561
BRDA:2,335,0,86
BRDA:2,335,1,26475
BRDA:2,336,0,0
BRDA:2,336,1,26475
BRDA:2,337,0,0
BRDA:2,337,1,0
BRDA:2,338,0,0
BRDA:2,338,1,26475
BRDA:2,339,0,0
BRDA:2,339,1,0
BRDA:2,340,0,0
BRDA:2,340,1,26475
BRDA:2,341,0,0
BRDA:2,341,1,0
BRDA:2,342,0,1419
BRDA:2,342,1,2022
BRDA:2,343,0,18294
BRDA:2,343,1,10433
BRDA:2,344,0,0
BRDA:2,344,1,18294
BRDA:2,345,0,18294
BRDA:2,345,1,298
BRDA:2,346,0,0
BRDA:2,346,1,18294
BRDA:2,347,0,18294
BRDA:2,347,1,17996
BRDA:2,348,0,528
BRDA:2,348,1,18006
BRDA:2,349,0,29726
BRDA:2,349,1,23712
BRDA:2,350,0,11720
BRDA:2,350,1,18006
BRDA:2,351,0,29726
BRDA:2,351,1,11720
BRDA:2,352,0,14226
BRDA:2,352,1,15500
BRDA:2,353,0,29726
BRDA:2,353,1,18006
BRDA:2,353,2,14524
BRDA:2,354,0,23712
BRDA:2,354,1,6014
BRDA:2,355,0,388
BRDA:2,355,1,29338
BRDA:2,356,0,388
BRDA:2,356,1,0
BRDA:2,357,0,0
BRDA:2,357,1,0
BRDA:2,358,0,0
BRDA:2,358,1,0
BRDA:2,359,0,0
BRDA:2,359,1,29338
BRDA:2,360,0,0
BRDA:2,360,1,0
BRDA:2,361,0,3094
BRDA:2,361,1,26244
BRDA:2,362,0,8322
BRDA:2,362,1,15390
BRDA:2,363,0,0
BRDA:2,363,1,23712
BRDA:2,364,0,6510
BRDA:2,364,1,17202
BRDA:2,365,0,8322
BRDA:2,365,1,8880
BRDA:2,366,0,0
BRDA:2,366,1,8880
BRDA:2,367,0,225
BRDA:2,367,1,14607
BRDA:2,368,0,14832
BRDA:2,368,1,3318
BRDA:2,369,0,3093
BRDA:2,369,1,11514
BRDA:2,370,0,19840
BRDA:2,370,1,280980
BRDA:2,371,0,0
BRDA:2,371,1,286213
BRDA:2,372,0,3093
BRDA:2,372,1,11514
BRDA:2,373,0,0
BRDA:2,373,1,0
BRDA:2,374,0,0
BRDA:2,374,1,0
BRDA:2,375,0,0
BRDA:2,375,1,0
BRDA:2,376,0,0
BRDA:2,376,1,0
BRDA:2,377,0,0
BRDA:2,377,1,0
BRDA:2,378,0,0
BRDA:2,378,1,0
BRDA:2,379,0,0
BRDA:2,379,1,0
BRDA:2,380,0,0
BRDA:2,380,1,0
BRDA:2,381,0,0
BRDA:2,381,1,0
BRDA:2,382,0,0
BRDA:2,382,1,0
BRDA:2,383,0,0
BRDA:2,383,1,0
BRDA:2,384,0,0
BRDA:2,384,1,0
BRDA:2,385,0,0
BRDA:2,385,1,0
BRDA:2,386,0,0
BRDA:2,386,1,0
BRDA:2,387,0,0
BRDA:2,387,1,0
BRDA:2,388,0,0
BRDA:2,388,1,6510
BRDA:2,389,0,6510
BRDA:2,389,1,3192
BRDA:2,390,0,225
BRDA:2,390,1,6285
BRDA:2,391,0,0
BRDA:2,391,1,6285
BRDA:2,392,0,0
BRDA:2,392,1,6285
BRDA:2,393,0,14402
BRDA:2,393,1,4330
BRDA:2,394,0,164
BRDA:2,394,1,18568
BRDA:2,395,0,1
BRDA:2,395,1,14401
BRDA:2,396,0,1
BRDA:2,396,1,14401
BRDA:2,397,0,932
BRDA:2,397,1,13470
BRDA:2,398,0,163
BRDA:2,398,1,4167
BRDA:2,399,0,0
BRDA:2,399,1,2627
BRDA:2,400,0,2627
BRDA:2,400,1,0
BRDA:2,401,0,0
BRDA:2,401,1,0
BRDA:2,402,0,0
BRDA:2,402,1,0
BRDA:2,403,0,0
BRDA:2,403,1,2627
BRDA:2,404,0,2627
BRDA:2,404,1,2627
BRDA:2,404,2,0
BRDA:2,405,0,18544
BRDA:2,405,1,15663
BRDA:2,406,0,11159
BRDA:2,406,1,4504
BRDA:2,407,0,0
BRDA:2,407,1,4504
BRDA:2,408,0,4504
BRDA:2,408,1,76
BRDA:2,409,0,0
BRDA:2,409,1,4504
BRDA:2,410,0,0
BRDA:2,410,1,4504
BRDA:2,411,0,0
BRDA:2,411,1,0
BRDA:2,412,0,0
BRDA:2,412,1,0
BRDA:2,413,0,0
BRDA:2,413,1,0
BRDA:2,414,0,2
BRDA:2,414,1,0
BRDA:2,415,0,2
BRDA:2,415,1,2
BRDA:2,416,0,1940
BRDA:2,416,1,1940
BRDA:2,417,0,1940
BRDA:2,417,1,1940
BRDA:2,418,0,3
BRDA:2,418,1,0
BRDA:2,419,0,3
BRDA:2,419,1,3
BRDA:2,420,0,38264
BRDA:2,420,1,43411
BRDA:2,421,0,38264
BRDA:2,421,1,11159
BRDA:2,422,0,0
BRDA:2,422,1,43411
BRDA:2,423,0,43411
BRDA:2,423,1,43411
BRDA:2,423,2,43411
BRDA:2,423,3,43411
BRDA:2,424,0,2
BRDA:2,424,1,0
BRDA:2,425,0,2
BRDA:2,425,1,2
BRDA:2,426,0,3
BRDA:2,426,1,0
BRDA:2,427,0,3
BRDA:2,427,1,3
BRDA:2,428,0,6
BRDA:2,428,1,0
BRDA:2,429,0,6
BRDA:2,429,1,6
BRDA:2,430,0,9009
BRDA:2,430,1,24
BRDA:2,431,0,9033
BRDA:2,431,1,9009
BRDA:2,432,0,8988
BRDA:2,432,1,0
BRDA:2,433,0,305
BRDA:2,433,1,8683
BRDA:2,434,0,0
BRDA:2,434,1,0
BRDA:2,435,0,8356
BRDA:2,435,1,632
BRDA:2,436,0,575
BRDA:2,436,1,7781
BRDA:2,437,0,2032
BRDA:2,437,1,6324
BRDA:2,438,0,2824
BRDA:2,438,1,608
BRDA:2,439,0,3432
BRDA:2,439,1,2824
BRDA:2,440,0,0
BRDA:2,440,1,3432
BRDA:2,441,0,3432
BRDA:2,441,1,2824
BRDA:2,441,2,0
BRDA:2,441,3,0
BRDA:2,442,0,3432
BRDA:2,442,1,0
BRDA:2,443,0,3432
BRDA:2,443,1,3432
BRDA:2,444,0,2581
BRDA:2,444,1,1643
BRDA:2,445,0,1643
BRDA:2,445,1,0
BRDA:2,446,0,1643
BRDA:2,446,1,1643
BRDA:2,447,0,0
BRDA:2,447,1,1643
BRDA:2,448,0,0
BRDA:2,448,1,2581
BRDA:2,449,0,2581
BRDA:2,449,1,2581
BRDA:2,450,0,0
BRDA:2,450,1,0
BRDA:2,451,0,45
BRDA:2,451,1,4224
BRDA:2,452,0,0
BRDA:2,452,1,45
BRDA:2,453,0,0
BRDA:2,453,1,45
BRDA:2,454,0,45
BRDA:2,454,1,45
BRDA:2,455,0,0
BRDA:2,455,1,45
BRDA:2,456,0,45
BRDA:2,456,1,45
BRDA:2,457,0,45
BRDA:2,457,1,0
BRDA:2,458,0,4
BRDA:2,458,1,0
BRDA:2,459,0,32814
BRDA:2,459,1,23700
BRDA:2,460,0,18938
BRDA:2,460,1,37576
BRDA:2,461,0,23071
BRDA:2,461,1,33443
BRDA:2,462,0,0
BRDA:2,462,1,42360
BRDA:2,463,0,42360
BRDA:2,463,1,0
BRDA:2,464,0,0
BRDA:2,464,1,42360
BRDA:2,465,0,488
BRDA:2,465,1,404
BRDA:2,466,0,0
BRDA:2,466,1,404
BRDA:2,467,0,0
BRDA:2,467,1,0
BRDA:2,468,0,0
BRDA:2,468,1,0
BRDA:2,469,0,0
BRDA:2,469,1,0
BRDA:2,470,0,0
BRDA:2,470,1,0
BRDA:2,471,0,10
BRDA:2,471,1,394
BRDA:2,472,0,0
BRDA:2,472,1,394
BRDA:2,473,0,230
BRDA:2,473,1,164
BRDA:2,474,0,164
BRDA:2,474,1,0
BRDA:2,475,0,1443
BRDA:2,475,1,703
BRDA:2,476,0,0
BRDA:2,476,1,892
BRDA:2,477,0,892
BRDA:2,477,1,0
BRDA:2,478,0,0
BRDA:2,478,1,892
BRDA:2,479,0,703
BRDA:2,479,1,1443
BRDA:2,480,0,86
BRDA:2,480,1,1357
BRDA:2,481,0,393
BRDA:2,481,1,1050
BRDA:2,482,0,0
BRDA:2,482,1,892
BRDA:2,483,0,892
BRDA:2,483,1,0
BRDA:2,484,0,0
BRDA:2,484,1,892
BRDA:2,485,0,674
BRDA:2,485,1,218
BRDA:2,486,0,674
BRDA:2,486,1,218
BRDA:2,487,0,0
BRDA:2,487,1,0
BRDA:2,488,0,0
BRDA:2,488,1,1643
BRDA:2,488,2,0
BRDA:2,488,3,45
BRDA:2,488,4,0
BRDA:2,489,0,0
BRDA:2,489,1,1688
BRDA:2,490,0,0
BRDA:2,490,1,1688
BRDA:2,491,0,1688
BRDA:2,491,1,1688
BRDA:2,492,0,8
BRDA:2,492,1,0
BRDA:2,493,0,8
BRDA:2,493,1,8
BRDA:2,494,0,29442
BRDA:2,494,1,12770
BRDA:2,495,0,29442
BRDA:2,495,1,29442
BRDA:2,496,0,454
BRDA:2,496,1,680
BRDA:2,497,0,409
BRDA:2,497,1,580
BRDA:2,498,0,29442
BRDA:2,498,1,29442
BRDA:2,499,0,29442
BRDA:2,499,1,0
BRDA:2,500,0,12988
BRDA:2,500,1,12715
BRDA:2,501,0,0
BRDA:2,501,1,29442
BRDA:2,502,0,0
BRDA:2,502,1,0
BRDA:2,503,0,0
BRDA:2,503,1,0
BRDA:2,504,0,30873
BRDA:2,504,1,12089
BRDA:2,505,0,31850
BRDA:2,505,1,12089
BRDA:2,506,0,188
BRDA:2,506,1,29254
BRDA:2,507,0,29442
BRDA:2,507,1,1134
BRDA:2,507,2,989
BRDA:2,508,0,0
BRDA:2,508,1,29442
BRDA:2,509,0,29442
BRDA:2,509,1,0
BRDA:2,510,0,0
BRDA:2,510,1,0
BRDA:2,511,0,0
BRDA:2,511,1,311
BRDA:2,512,0,0
BRDA:2,512,1,0
BRDA:2,513,0,311
BRDA:2,513,1,0
BRDA:2,514,0,0
BRDA:2,514,1,313
BRDA:2,515,0,94
BRDA:2,515,1,219
BRDA:2,516,0,94
BRDA:2,516,1,2
BRDA:2,516,2,0
BRDA:2,517,0,0
BRDA:2,517,1,219
BRDA:2,518,0,0
BRDA:2,518,1,219
BRDA:2,519,0,0
BRDA:2,519,1,0
BRDA:2,520,0,0
BRDA:2,520,1,591
BRDA:2,521,0,219
BRDA:2,521,1,372
BRDA:2,522,0,198
BRDA:2,522,1,21
BRDA:2,523,0,2
BRDA:2,523,1,370
BRDA:2,524,0,0
BRDA:2,524,1,2
BRDA:2,525,0,0
BRDA:2,525,1,370
BRDA:2,526,0,393
BRDA:2,526,1,393
BRDA:2,526,2,393
BRDA:2,526,3,393
BRDA:2,526,4,393
BRDA:2,526,5,393
BRDA:2,526,6,393
BRDA:2,526,7,393
BRDA:2,527,0,2
BRDA:2,527,1,311
BRDA:2,528,0,299
BRDA:2,528,1,12
BRDA:2,529,0,299
BRDA:2,529,1,0
BRDA:2,530,0,94
BRDA:2,530,1,217
BRDA:2,531,0,94
BRDA:2,531,1,0
BRDA:2,532,0,123
BRDA:2,532,1,188
BRDA:2,533,0,7
BRDA:2,533,1,181
BRDA:2,534,0,12
BRDA:2,534,1,299
BRDA:2,535,0,0
BRDA:2,535,1,12
BRDA:2,536,0,217
BRDA:2,536,1,82
BRDA:2,537,0,0
BRDA:2,537,1,82
BRDA:2,538,0,0
BRDA:2,538,1,0
BRDA:2,539,0,82
BRDA:2,539,1,0
BRDA:2,540,0,311
BRDA:2,540,1,0
BRDA:2,541,0,0
BRDA:2,541,1,0
BRDA:2,542,0,0
BRDA:2,542,1,0
BRDA:2,542,2,0
BRDA:2,542,3,0
BRDA:2,543,0,0
BRDA:2,543,1,0
BRDA:2,544,0,0
BRDA:2,544,1,164
BRDA:2,545,0,0
BRDA:2,545,1,164
BRDA:2,546,0,4
BRDA:2,546,1,160
BRDA:2,547,0,164
BRDA:2,547,1,0
BRDA:3,548,0,163
BRDA:3,548,1,1
BRDA:3,549,0,1340
BRDA:3,549,1,0
BRDA:3,550,0,0
BRDA:3,550,1,0
BRDA:3,551,0,0
BRDA:3,551,1,0
BRDA:3,552,0,3093
BRDA:3,552,1,99
BRDA:3,553,0,0
BRDA:3,553,1,0
BRDA:3,554,0,0
BRDA:3,554,1,0
BRDA:3,555,0,0
BRDA:3,555,1,0
BRDA:3,556,0,0
BRDA:3,556,1,0
BRDA:3,557,0,0
BRDA:3,557,1,0
BRDA:3,558,0,0
BRDA:3,558,1,0
BRDA:3,559,0,0
BRDA:3,559,1,0
BRDA:3,560,0,0
BRDA:3,560,1,0
BRDA:3,561,0,0
BRDA:3,561,1,0
BRDA:3,562,0,0
BRDA:3,562,1,0
BRDA:3,563,0,0
BRDA:3,563,1,0
BRDA:3,564,0,0
BRDA:3,564,1,0
BRDA:3,565,0,0
BRDA:3,565,1,0
BRDA:3,566,0,0
BRDA:3,566,1,0
BRDA:3,567,0,0
BRDA:3,567,1,0
BRDA:3,568,0,0
BRDA:3,568,1,0
BRDA:3,569,0,0
BRDA:3,569,1,0
BRDA:3,570,0,0
BRDA:3,570,1,0
BRDA:3,571,0,0
BRDA:3,571,1,0
BRDA:3,572,0,0
BRDA:3,572,1,0
BRDA:3,573,0,0
BRDA:3,573,1,0
BRDA:3,574,0,0
BRDA:3,574,1,0
BRDA:3,575,0,0
BRDA:3,575,1,0
BRDA:3,576,0,0
BRDA:3,576,1,0
BRDA:3,577,0,0
BRDA:3,577,1,0
BRDA:3,578,0,0
BRDA:3,578,1,0
BRDA:3,579,0,0
BRDA:3,579,1,0
BRDA:3,580,0,0
BRDA:3,580,1,27225
BRDA:3,581,0,27225
BRDA:3,581,1,0
BRDA:3,582,0,398
BRDA:3,582,1,26827
BRDA:3,583,0,27225
BRDA:3,583,1,482
BRDA:3,584,0,8
BRDA:3,584,1,0
BRDA:3,585,0,8
BRDA:3,585,1,8
BRDA:3,586,0,8364
BRDA:3,586,1,203
BRDA:3,587,0,8567
BRDA:3,587,1,8364
BRDA:3,588,0,4843
BRDA:3,588,1,0
BRDA:3,589,0,0
BRDA:3,589,1,0
BRDA:3,590,0,0
BRDA:3,590,1,0
BRDA:3,591,0,0
BRDA:3,591,1,0
BRDA:3,592,0,0
BRDA:3,592,1,0
BRDA:3,593,0,0
BRDA:3,593,1,0
BRDA:3,594,0,0
BRDA:3,594,1,0
BRDA:3,595,0,2581
BRDA:3,595,1,2581
BRDA:3,596,0,0
BRDA:3,596,1,2581
BRDA:3,597,0,1688
BRDA:3,597,1,1688
BRDA:3,598,0,305
BRDA:3,598,1,1383
BRDA:3,599,0,1341
BRDA:3,599,1,42
BRDA:3,600,0,0
BRDA:3,600,1,42
BRDA:3,601,0,42
BRDA:3,601,1,1646
BRDA:3,602,0,0
BRDA:3,602,1,574
BRDA:3,603,0,313
BRDA:3,603,1,0
BRDA:3,604,0,0
BRDA:3,604,1,313
BRDA:3,605,0,0
BRDA:3,605,1,0
BRDA:3,606,0,0
BRDA:3,606,1,0
BRDA:3,607,0,96
BRDA:3,607,1,217
BRDA:3,608,0,301
BRDA:3,608,1,12
BRDA:3,609,0,0
BRDA:3,609,1,313
BRDA:3,610,0,0
BRDA:3,610,1,0
BRDA:3,611,0,217
BRDA:3,611,1,96
BRDA:3,612,0,12
BRDA:3,612,1,84
BRDA:3,613,0,2
BRDA:3,613,1,82
BRDA:3,614,0,84
BRDA:3,614,1,84
BRDA:3,614,2,2
BRDA:3,615,0,1
BRDA:3,615,1,163
BRDA:3,616,0,0
BRDA:3,616,1,0
BRDA:3,617,0,0
BRDA:3,617,1,0
BRDA:3,618,0,0
BRDA:3,618,1,0
BRDA:3,618,2,0
BRDA:3,618,3,0
BRDA:3,619,0,0
BRDA:3,619,1,0
BRDA:3,619,2,0
BRDA:3,619,3,0
BRDA:3,619,4,0
BRDA:3,619,5,0
BRDA:3,619,6,0
BRDA:3,620,0,0
BRDA:3,620,1,0
BRDA:3,621,0,0
BRDA:3,621,1,0
BRDA:3,622,0,0
BRDA:3,622,1,0
BRDA:3,623,0,0
BRDA:3,623,1,0
BRDA:3,624,0,710
BRDA:3,624,1,26517
BRDA:3,625,0,27227
BRDA:3,625,1,710
BRDA:3,626,0,0
BRDA:3,626,1,27227
BRDA:3,627,0,27227
BRDA:3,627,1,0
BRDA:3,628,0,710
BRDA:3,628,1,26517
BRDA:3,629,0,493
BRDA:3,629,1,217
BRDA:3,630,0,710
BRDA:3,630,1,616
BRDA:3,631,0,6
BRDA:3,631,1,0
BRDA:3,632,0,6
BRDA:3,632,1,6
BRDA:3,633,0,1940
BRDA:3,633,1,0
BRDA:3,634,0,0
BRDA:3,634,1,1940
BRDA:3,635,0,0
BRDA:3,635,1,1940
BRDA:3,636,0,2
BRDA:3,636,1,0
BRDA:3,637,0,2
BRDA:3,637,1,2
BRDA:3,638,0,6
BRDA:3,638,1,4
BRDA:3,639,0,6
BRDA:3,639,1,0
BRDA:3,640,0,6
BRDA:3,640,1,0
BRDA:3,641,0,40
BRDA:3,641,1,9
BRDA:3,642,0,48
BRDA:3,642,1,1
BRDA:3,643,0,49
BRDA:3,643,1,43
BRDA:3,644,0,23
BRDA:3,644,1,26
BRDA:3,645,0,23
BRDA:3,645,1,0
BRDA:3,646,0,23
BRDA:3,646,1,0
BRDA:3,647,0,4494
BRDA:3,647,1,0
BRDA:3,648,0,7
BRDA:3,648,1,0
BRDA:3,649,0,7
BRDA:3,649,1,7
BRDA:3,650,0,2425
BRDA:3,650,1,24
BRDA:3,651,0,2449
BRDA:3,651,1,2425
BRDA:3,652,0,1186
BRDA:3,652,1,0
BRDA:3,653,0,678
BRDA:3,653,1,0
BRDA:3,654,0,500
BRDA:3,654,1,0
BRDA:3,655,0,0
BRDA:3,655,1,24
BRDA:3,656,0,24
BRDA:3,656,1,0
BRDA:3,657,0,0
BRDA:3,657,1,8
BRDA:3,658,0,0
BRDA:3,658,1,8
BRDA:3,659,0,0
BRDA:3,659,1,8
BRDA:3,660,0,0
BRDA:3,660,1,8
BRDA:3,661,0,0
BRDA:3,661,1,8
BRDA:3,662,0,0
BRDA:3,662,1,8
BRDA:3,663,0,0
BRDA:3,663,1,8
BRDA:3,664,0,8
BRDA:3,664,1,8
BRDA:3,665,0,0
BRDA:3,665,1,8
BRDA:3,666,0,8
BRDA:3,666,1,8
BRDA:3,667,0,0
BRDA:3,667,1,8
BRDA:3,668,0,0
BRDA:3,668,1,8
BRDA:3,669,0,0
BRDA:3,669,1,8
BRDA:3,670,0,0
BRDA:3,670,1,8
BRDA:3,671,0,4
BRDA:3,671,1,4
BRDA:3,672,0,4
BRDA:3,672,1,0
BRDA:3,673,0,0
BRDA:3,673,1,0
BRDA:3,674,0,0
BRDA:3,674,1,0
BRDA:3,675,0,0
BRDA:3,675,1,0
BRDA:3,676,0,0
BRDA:3,676,1,0
BRDA:3,677,0,0
BRDA:3,677,1,0
BRDA:3,678,0,0
BRDA:3,678,1,0
BRDA:3,679,0,0
BRDA:3,679,1,0
BRDA:3,680,0,0
BRDA:3,680,1,0
BRDA:3,681,0,0
BRDA:3,681,1,8
BRDA:3,682,0,8
BRDA:3,682,1,0
BRDA:3,683,0,8
BRDA:3,683,1,0
BRDA:3,684,0,0
BRDA:3,684,1,164
BRDA:3,685,0,135
BRDA:3,685,1,29
BRDA:3,686,0,29
BRDA:3,686,1,0
BRDA:3,687,0,0
BRDA:3,687,1,0
BRDA:3,688,0,0
BRDA:3,688,1,0
BRDA:3,689,0,0
BRDA:3,689,1,0
BRDA:3,690,0,0
BRDA:3,690,1,0
BRDA:3,691,0,0
BRDA:3,691,1,0
BRDA:3,692,0,0
BRDA:3,692,1,0
BRDA:3,693,0,0
BRDA:3,693,1,0
BRDA:3,694,0,1350
BRDA:3,694,1,1075
BRDA:3,695,0,1075
BRDA:3,695,1,0
BRDA:3,696,0,0
BRDA:3,696,1,0
BRDA:3,697,0,8
BRDA:3,697,1,2425
BRDA:3,698,0,1350
BRDA:3,698,1,1075
BRDA:3,699,0,1342
BRDA:3,699,1,1083
BRDA:3,700,0,0
BRDA:3,700,1,1186
BRDA:3,701,0,1186
BRDA:3,701,1,1186
BRDA:3,702,0,0
BRDA:3,702,1,1186
BRDA:3,703,0,1186
BRDA:3,703,1,1186
BRDA:3,704,0,10
BRDA:3,704,1,1176
BRDA:3,705,0,1174
BRDA:3,705,1,2
BRDA:3,706,0,678
BRDA:3,706,1,508
BRDA:3,707,0,500
BRDA:3,707,1,8
BRDA:3,708,0,5
BRDA:3,708,1,0
BRDA:3,709,0,5
BRDA:3,709,1,5
BRDA:3,710,0,3384
BRDA:3,710,1,54925
BRDA:3,711,0,28807
BRDA:3,711,1,0
BRDA:3,712,0,28807
BRDA:3,712,1,3964
BRDA:3,713,0,10734
BRDA:3,713,1,18073
BRDA:3,714,0,897
BRDA:3,714,1,9837
BRDA:3,715,0,3392
BRDA:3,715,1,7342
BRDA:3,716,0,28871
BRDA:3,716,1,0
BRDA:3,717,0,1940
BRDA:3,717,1,0
BRDA:3,718,0,0
BRDA:3,718,1,0
BRDA:3,719,0,0
BRDA:3,719,1,0
BRDA:3,720,0,0
BRDA:3,720,1,0
BRDA:3,721,0,0
BRDA:3,721,1,0
BRDA:3,722,0,0
BRDA:3,722,1,0
BRDA:3,723,0,0
BRDA:3,723,1,0
BRDA:3,724,0,0
BRDA:3,724,1,0
BRDA:3,725,0,0
BRDA:3,725,1,0
BRDA:3,726,0,0
BRDA:3,726,1,0
BRDA:3,727,0,0
BRDA:3,727,1,0
BRDA:3,728,0,0
BRDA:3,728,1,0
BRDA:3,729,0,0
BRDA:3,729,1,0
BRDA:3,730,0,0
BRDA:3,730,1,0
BRDA:3,731,0,0
BRDA:3,731,1,0
BRDA:3,732,0,0
BRDA:3,732,1,0
BRDA:3,733,0,0
BRDA:3,733,1,0
BRDA:3,734,0,0
BRDA:3,734,1,0
BRDA:3,735,0,13756
BRDA:3,735,1,0
BRDA:3,736,0,13756
BRDA:3,736,1,5434
BRDA:3,737,0,8322
BRDA:3,737,1,5434
BRDA:3,738,0,9662
BRDA:3,738,1,686
BRDA:3,739,0,9662
BRDA:3,739,1,5818
BRDA:3,740,0,9662
BRDA:3,740,1,8909
BRDA:3,741,0,9662
BRDA:3,741,1,7437
BRDA:3,742,0,9662
BRDA:3,742,1,1876
BRDA:3,743,0,9662
BRDA:3,743,1,9662
BRDA:3,744,0,0
BRDA:3,744,1,9662
BRDA:3,745,0,0
BRDA:3,745,1,0
BRDA:3,746,0,0
BRDA:3,746,1,9662
BRDA:3,747,0,0
BRDA:3,747,1,4
BRDA:3,748,0,4
BRDA:3,748,1,4
BRDA:3,748,2,4
BRDA:3,748,3,4
BRDA:3,748,4,4
BRDA:3,748,5,4
BRDA:3,749,0,0
BRDA:3,749,1,4
BRDA:3,750,0,4
BRDA:3,750,1,4
BRDA:3,751,0,0
BRDA:3,751,1,4
BRDA:3,752,0,4
BRDA:3,752,1,4
BRDA:3,753,0,753
BRDA:3,753,1,8905
BRDA:3,754,0,7174
BRDA:3,754,1,2484
BRDA:3,755,0,7174
BRDA:3,755,1,6422
BRDA:3,756,0,2194
BRDA:3,756,1,0
BRDA:3,757,0,2194
BRDA:3,757,1,14
BRDA:3,758,0,7189
BRDA:3,758,1,2469
BRDA:3,759,0,0
BRDA:3,759,1,0
BRDA:3,760,0,0
BRDA:3,760,1,0
BRDA:3,761,0,0
BRDA:3,761,1,0
BRDA:3,762,0,0
BRDA:3,762,1,0
BRDA:3,763,0,0
BRDA:3,763,1,0
BRDA:3,764,0,206
BRDA:3,764,1,0
BRDA:3,765,0,206
BRDA:3,765,1,206
BRDA:3,766,0,206
BRDA:3,766,1,0
BRDA:3,767,0,824
BRDA:3,767,1,0
BRDA:3,768,0,0
BRDA:3,768,1,0
BRDA:3,769,0,0
BRDA:3,769,1,206
BRDA:4,770,0,0
BRDA:4,770,1,0
BRDA:4,771,0,0
BRDA:4,771,1,0
BRDA:4,772,0,0
BRDA:4,772,1,0
BRDA:4,773,0,0
BRDA:4,773,1,0
BRDA:4,774,0,2
BRDA:4,774,1,0
BRDA:4,775,0,2
BRDA:4,775,1,2
BRDA:4,776,0,0
BRDA:4,776,1,0
BRDA:4,777,0,0
BRDA:4,777,1,0
BRDA:4,778,0,7
BRDA:4,778,1,0
BRDA:4,779,0,7
BRDA:4,779,1,7
BRDA:4,780,0,565
BRDA:4,780,1,0
BRDA:4,781,0,199
BRDA:4,781,1,366
BRDA:4,782,0,240
BRDA:4,782,1,126
BRDA:4,783,0,0
BRDA:4,783,1,240
BRDA:4,784,0,240
BRDA:4,784,1,126
BRDA:4,784,2,51
BRDA:4,785,0,126
BRDA:4,785,1,0
BRDA:4,786,0,126
BRDA:4,786,1,0
BRDA:4,787,0,0
BRDA:4,787,1,240
BRDA:4,788,0,240
BRDA:4,788,1,126
BRDA:4,789,0,8
BRDA:4,789,1,557
BRDA:4,790,0,16
BRDA:4,790,1,549
BRDA:4,791,0,0
BRDA:4,791,1,366
BRDA:4,792,0,0
BRDA:4,792,1,0
BRDA:4,793,0,0
BRDA:4,793,1,0
BRDA:4,794,0,0
BRDA:4,794,1,366
BRDA:4,795,0,240
BRDA:4,795,1,240
BRDA:4,796,0,604
BRDA:4,796,1,240
BRDA:4,797,0,364
BRDA:4,797,1,364
BRDA:4,798,0,0
BRDA:4,798,1,0
BRDA:4,799,0,0
BRDA:4,799,1,0
BRDA:4,800,0,0
BRDA:4,800,1,0
BRDA:4,801,0,0
BRDA:4,801,1,364
BRDA:4,802,0,124
BRDA:4,802,1,240
BRDA:4,803,0,364
BRDA:4,803,1,240
BRDA:4,804,0,124
BRDA:4,804,1,0
BRDA:4,805,0,0
BRDA:4,805,1,565
BRDA:4,806,0,364
BRDA:4,806,1,364
BRDA:4,807,0,124
BRDA:4,807,1,240
BRDA:4,808,0,364
BRDA:4,808,1,240
BRDA:4,809,0,124
BRDA:4,809,1,0
BRDA:4,810,0,0
BRDA:4,810,1,0
BRDA:4,811,0,0
BRDA:4,811,1,0
BRDA:4,812,0,0
BRDA:4,812,1,0
BRDA:4,813,0,0
BRDA:4,813,1,0
BRDA:4,814,0,0
BRDA:4,814,1,0
BRDA:4,815,0,0
BRDA:4,815,1,0
BRDA:4,816,0,0
BRDA:4,816,1,0
BRDA:4,817,0,0
BRDA:4,817,1,0
BRDA:4,818,0,0
BRDA:4,818,1,0
BRDA:4,819,0,0
BRDA:4,819,1,0
BRDA:4,820,0,0
BRDA:4,820,1,0
BRDA:4,821,0,0
BRDA:4,821,1,240
BRDA:4,822,0,0
BRDA:4,822,1,1
BRDA:4,823,0,1
BRDA:4,823,1,1
BRDA:4,824,0,0
BRDA:4,824,1,11482
BRDA:4,825,0,0
BRDA:4,825,1,11482
BRDA:4,826,0,0
BRDA:4,826,1,11482
BRDA:4,827,0,11482
BRDA:4,827,1,0
BRDA:4,828,0,4033
BRDA:4,828,1,393
BRDA:4,829,0,393
BRDA:4,829,1,0
BRDA:4,830,0,2
BRDA:4,830,1,4424
BRDA:4,831,0,62
BRDA:4,831,1,0
BRDA:5,832,0,4
BRDA:5,832,1,0
BRDA:5,833,0,4
BRDA:5,833,1,4
BRDA:5,834,0,8322
BRDA:5,834,1,0
BRDA:5,835,0,3192
BRDA:5,835,1,3093
BRDA:5,836,0,0
BRDA:5,836,1,83
BRDA:5,837,0,0
BRDA:5,837,1,0
BRDA:5,838,0,0
BRDA:5,838,1,0
BRDA:5,839,0,0
BRDA:5,839,1,0
BRDA:5,839,2,0
BRDA:5,839,3,0
BRDA:5,840,0,0
BRDA:5,840,1,480
BRDA:5,841,0,2
BRDA:5,841,1,0
BRDA:5,842,0,2
BRDA:5,842,1,2
BRDA:5,843,0,0
BRDA:5,843,1,0
BRDA:5,844,0,0
BRDA:5,844,1,0
BRDA:5,845,0,3
BRDA:5,845,1,0
BRDA:5,846,0,3
BRDA:5,846,1,3
BRDA:5,847,0,2
BRDA:5,847,1,0
BRDA:5,848,0,2
BRDA:5,848,1,2
BRDA:5,849,0,0
BRDA:5,849,1,0
BRDA:5,850,0,0
BRDA:5,850,1,0
BRDA:5,851,0,6
BRDA:5,851,1,0
BRDA:5,852,0,6
BRDA:5,852,1,6
BRDA:6,853,0,1186
BRDA:6,853,1,0
BRDA:6,854,0,0
BRDA:6,854,1,0
BRDA:6,855,0,0
BRDA:6,855,1,0
BRDA:6,856,0,0
BRDA:6,856,1,0
BRDA:6,857,0,0
BRDA:6,857,1,0
BRDA:6,858,0,0
BRDA:6,858,1,1053
BRDA:6,859,0,0
BRDA:6,859,1,593
BRDA:6,860,0,0
BRDA:6,860,1,593
BRDA:6,861,0,0
BRDA:6,861,1,0
BRDA:6,862,0,0
BRDA:6,862,1,0
BRDA:6,863,0,0
BRDA:6,863,1,593
BRDA:6,864,0,593
BRDA:6,864,1,0
BRDA:6,865,0,593
BRDA:6,865,1,0
BRDA:6,866,0,0
BRDA:6,866,1,0
BRDA:6,867,0,0
BRDA:6,867,1,0
BRDA:6,868,0,2
BRDA:6,868,1,0
BRDA:6,869,0,2
BRDA:6,869,1,2
BRDA:6,870,0,0
BRDA:6,870,1,0
BRDA:6,871,0,0
BRDA:6,871,1,0
BRDA:6,872,0,5
BRDA:6,872,1,0
BRDA:6,873,0,5
BRDA:6,873,1,5
BRDA:6,874,0,41
BRDA:6,874,1,42
BRDA:6,874,2,42
BRDA:6,874,3,0
BRDA:6,874,4,0
BRDA:6,874,5,0
BRDA:6,874,6,0
BRDA:6,874,7,0
BRDA:6,875,0,41
BRDA:6,875,1,41
BRDA:6,875,2,0
BRDA:6,875,3,0
BRDA:6,876,0,41
BRDA:6,876,1,1
BRDA:6,877,0,0
BRDA:6,877,1,1
BRDA:6,878,0,42
BRDA:6,878,1,0
BRDA:6,879,0,42
BRDA:6,879,1,0
BRDA:6,880,0,42
BRDA:6,880,1,0
BRDA:6,881,0,0
BRDA:6,881,1,0
BRDA:6,882,0,0
BRDA:6,882,1,42
BRDA:6,883,0,0
BRDA:6,883,1,0
BRDA:6,884,0,0
BRDA:6,884,1,42
BRDA:6,885,0,8
BRDA:6,885,1,34
BRDA:6,886,0,42
BRDA:6,886,1,0
BRDA:6,887,0,42
BRDA:6,887,1,0
BRDA:6,888,0,42
BRDA:6,888,1,0
BRDA:6,889,0,0
BRDA:6,889,1,42
BRDA:6,890,0,0
BRDA:6,890,1,42
BRDA:6,891,0,42
BRDA:6,891,1,42
BRDA:6,892,0,0
BRDA:6,892,1,0
BRDA:6,893,0,0
BRDA:6,893,1,0
BRDA:6,894,0,2
BRDA:6,894,1,0
BRDA:6,895,0,2
BRDA:6,895,1,2
BRDA:6,896,0,0
BRDA:6,896,1,0
BRDA:6,897,0,0
BRDA:6,897,1,0
BRDA:6,898,0,3
BRDA:6,898,1,0
BRDA:6,899,0,3
BRDA:6,899,1,3
BRDA:6,900,0,0
BRDA:6,900,1,0
BRDA:6,901,0,0
BRDA:6,901,1,0
BRDA:6,902,0,0
BRDA:6,902,1,0
BRDA:6,903,0,0
BRDA:6,903,1,0
BRDA:6,904,0,0
BRDA:6,904,1,0
BRDA:6,905,0,4
BRDA:6,905,1,0
BRDA:6,906,0,4
BRDA:6,906,1,4
BRDA:6,907,0,0
BRDA:6,907,1,0
BRDA:6,908,0,0
BRDA:6,908,1,0
BRDA:6,909,0,0
BRDA:6,909,1,0
BRDA:6,910,0,0
BRDA:6,910,1,0
BRDA:6,911,0,0
BRDA:6,911,1,0
BRDA:6,912,0,0
BRDA:6,912,1,0
BRDA:6,913,0,0
BRDA:6,913,1,0
BRDA:6,914,0,0
BRDA:6,914,1,0
BRDA:6,915,0,2
BRDA:6,915,1,0
BRDA:6,916,0,2
BRDA:6,916,1,2
BRDA:6,917,0,0
BRDA:6,917,1,0
BRDA:6,918,0,0
BRDA:6,918,1,0
BRDA:6,919,0,3
BRDA:6,919,1,0
BRDA:6,920,0,3
BRDA:6,920,1,3
BRDA:6,921,0,0
BRDA:6,921,1,0
BRDA:6,922,0,0
BRDA:6,922,1,0
BRDA:6,923,0,0
BRDA:6,923,1,0
BRDA:6,924,0,2
BRDA:6,924,1,0
BRDA:6,925,0,2
BRDA:6,925,1,2
BRDA:6,926,0,0
BRDA:6,926,1,0
BRDA:6,927,0,0
BRDA:6,927,1,0
BRDA:6,928,0,4
BRDA:6,928,1,0
BRDA:6,929,0,4
BRDA:6,929,1,4
BRDA:6,930,0,0
BRDA:6,930,1,0
BRDA:6,931,0,0
BRDA:6,931,1,0
BRDA:6,932,0,0
BRDA:6,932,1,0
BRDA:6,933,0,0
BRDA:6,933,1,0
BRDA:6,934,0,2
BRDA:6,934,1,0
BRDA:6,935,0,2
BRDA:6,935,1,2
BRDA:6,936,0,0
BRDA:6,936,1,0
BRDA:6,937,0,0
BRDA:6,937,1,0
BRDA:6,938,0,4
BRDA:6,938,1,0
BRDA:6,939,0,4
BRDA:6,939,1,4
BRDA:6,940,0,0
BRDA:6,940,1,0
BRDA:6,941,0,0
BRDA:6,941,1,0
BRDA:6,942,0,0
BRDA:6,942,1,0
BRDA:6,943,0,0
BRDA:6,943,1,0
BRDA:6,944,0,0
BRDA:6,944,1,0
BRDA:6,945,0,0
BRDA:6,945,1,0
BRDA:6,946,0,0
BRDA:6,946,1,0
BRDA:6,947,0,0
BRDA:6,947,1,0
BRDA:6,948,0,0
BRDA:6,948,1,0
BRDA:6,949,0,0
BRDA:6,949,1,0
BRDA:6,950,0,0
BRDA:6,950,1,0
BRDA:6,951,0,0
BRDA:6,951,1,0
BRDA:6,952,0,0
BRDA:6,952,1,0
BRDA:6,953,0,0
BRDA:6,953,1,0
BRDA:6,954,0,0
BRDA:6,954,1,0
BRDA:6,955,0,0
BRDA:6,955,1,0
BRDA:6,956,0,0
BRDA:6,956,1,0
BRDA:6,957,0,0
BRDA:6,957,1,0
BRDA:6,958,0,2
BRDA:6,958,1,0
BRDA:6,959,0,2
BRDA:6,959,1,2
BRDA:6,960,0,0
BRDA:6,960,1,0
BRDA:6,961,0,0
BRDA:6,961,1,0
BRDA:6,962,0,6
BRDA:6,962,1,0
BRDA:6,963,0,6
BRDA:6,963,1,6
BRDA:6,964,0,2
BRDA:6,964,1,286
BRDA:6,965,0,85
BRDA:6,965,1,203
BRDA:6,966,0,288
BRDA:6,966,1,85
BRDA:6,966,2,85
BRDA:6,967,0,85
BRDA:6,967,1,203
BRDA:6,968,0,85
BRDA:6,968,1,0
BRDA:6,969,0,85
BRDA:6,969,1,0
BRDA:6,970,0,0
BRDA:6,970,1,203
BRDA:6,971,0,0
BRDA:6,971,1,0
BRDA:6,972,0,0
BRDA:6,972,1,0
BRDA:6,973,0,85
BRDA:6,973,1,203
BRDA:6,974,0,2
BRDA:6,974,1,286
BRDA:6,975,0,2
BRDA:6,975,1,0
BRDA:6,976,0,2
BRDA:6,976,1,0
BRDA:6,977,0,2
BRDA:6,977,1,0
BRDA:6,978,0,2
BRDA:6,978,1,2
BRDA:6,979,0,0
BRDA:6,979,1,0
BRDA:6,980,0,0
BRDA:6,980,1,0
BRDA:6,981,0,83
BRDA:6,981,1,203
BRDA:6,982,0,85
BRDA:6,982,1,203
BRDA:6,983,0,0
BRDA:6,983,1,203
BRDA:6,984,0,0
BRDA:6,984,1,2
BRDA:6,985,0,2
BRDA:6,985,1,0
BRDA:6,986,0,2
BRDA:6,986,1,2
BRDA:6,987,0,0
BRDA:6,987,1,0
BRDA:6,988,0,0
BRDA:6,988,1,0
BRDA:6,989,0,4
BRDA:6,989,1,0
BRDA:6,990,0,4
BRDA:6,990,1,4
BRDA:6,991,0,0
BRDA:6,991,1,0
BRDA:6,992,0,0
BRDA:6,992,1,0
BRDA:6,993,0,0
BRDA:6,993,1,0
BRDA:6,994,0,2
BRDA:6,994,1,0
BRDA:6,995,0,2
BRDA:6,995,1,2
BRDA:6,996,0,0
BRDA:6,996,1,0
BRDA:6,997,0,0
BRDA:6,997,1,0
BRDA:6,998,0,3
BRDA:6,998,1,0
BRDA:6,999,0,3
BRDA:6,999,1,3
BRDA:6,1000,0,2
BRDA:6,1000,1,0
BRDA:6,1001,0,2
BRDA:6,1001,1,2
BRDA:6,1002,0,0
BRDA:6,1002,1,0
BRDA:6,1003,0,0
BRDA:6,1003,1,0
BRDA:6,1004,0,3
BRDA:6,1004,1,0
BRDA:6,1005,0,3
BRDA:6,1005,1,3
BRDA:6,1006,0,0
BRDA:6,1006,1,0
BRDA:6,1007,0,3
BRDA:6,1007,1,0
BRDA:6,1008,0,3
BRDA:6,1008,1,3
BRDA:6,1009,0,0
BRDA:6,1009,1,0
BRDA:6,1010,0,0
BRDA:6,1010,1,0
BRDA:6,1011,0,2
BRDA:6,1011,1,0
BRDA:6,1012,0,2
BRDA:6,1012,1,2
BRDA:6,1013,0,0
BRDA:6,1013,1,0
BRDA:6,1014,0,0
BRDA:6,1014,1,0
BRDA:6,1015,0,3
BRDA:6,1015,1,0
BRDA:6,1016,0,3
BRDA:6,1016,1,3
BRDA:6,1017,0,0
BRDA:6,1017,1,0
BRDA:6,1018,0,0
BRDA:6,1018,1,0
BRDA:6,1019,0,0
BRDA:6,1019,1,0
BRDA:6,1020,0,0
BRDA:6,1020,1,0
BRDA:6,1021,0,0
BRDA:6,1021,1,0
BRDA:6,1022,0,0
BRDA:6,1022,1,0
BRDA:6,1023,0,0
BRDA:6,1023,1,0
BRDA:6,1024,0,0
BRDA:6,1024,1,0
BRDA:6,1025,0,0
BRDA:6,1025,1,0
BRDA:6,1026,0,0
BRDA:6,1026,1,0
BRDA:6,1027,0,0
BRDA:6,1027,1,0
BRDA:6,1028,0,2
BRDA:6,1028,1,0
BRDA:6,1029,0,2
BRDA:6,1029,1,2
BRDA:6,1030,0,0
BRDA:6,1030,1,0
BRDA:6,1031,0,0
BRDA:6,1031,1,0
BRDA:6,1032,0,3
BRDA:6,1032,1,0
BRDA:6,1033,0,3
BRDA:6,1033,1,3
BRDA:6,1034,0,13
BRDA:6,1034,1,65
BRDA:6,1035,0,0
BRDA:6,1035,1,65
BRDA:6,1036,0,0
BRDA:6,1036,1,78
BRDA:6,1037,0,78
BRDA:6,1037,1,0
BRDA:6,1038,0,0
BRDA:6,1038,1,78
BRDA:6,1039,0,78
BRDA:6,1039,1,0
BRDA:6,1040,0,2
BRDA:6,1040,1,0
BRDA:6,1041,0,2
BRDA:6,1041,1,2
BRDA:6,1042,0,0
BRDA:6,1042,1,0
BRDA:6,1043,0,0
BRDA:6,1043,1,0
BRDA:6,1044,0,3
BRDA:6,1044,1,0
BRDA:6,1045,0,3
BRDA:6,1045,1,3
BRDA:6,1046,0,2
BRDA:6,1046,1,1
BRDA:6,1047,0,3
BRDA:6,1047,1,3
BRDA:6,1048,0,0
BRDA:6,1048,1,0
BRDA:6,1049,0,0
BRDA:6,1049,1,0
BRDA:7,1050,0,0
BRDA:7,1050,1,0
BRDA:7,1051,0,0
BRDA:7,1051,1,0
BRDA:7,1052,0,0
BRDA:7,1052,1,0
BRDA:7,1053,0,0
BRDA:7,1053,1,0
BRDA:7,1054,0,0
BRDA:7,1054,1,0
BRDA:7,1055,0,0
BRDA:7,1055,1,0
BRDA:7,1056,0,0
BRDA:7,1056,1,0
BRDA:7,1057,0,0
BRDA:7,1057,1,0
BRDA:7,1058,0,4
BRDA:7,1058,1,0
BRDA:7,1059,0,4
BRDA:7,1059,1,4
BRDA:7,1060,0,37229
BRDA:7,1060,1,0
BRDA:7,1061,0,15401
BRDA:7,1061,1,0
BRDA:7,1062,0,0
BRDA:7,1062,1,36736
BRDA:7,1063,0,36736
BRDA:7,1063,1,0
BRDA:7,1064,0,0
BRDA:7,1064,1,36736
BRDA:7,1065,0,0
BRDA:7,1065,1,0
BRDA:7,1066,0,1
BRDA:7,1066,1,0
BRDA:7,1067,0,1
BRDA:7,1067,1,1
BRDA:7,1068,0,0
BRDA:7,1068,1,1940
BRDA:7,1069,0,1940
BRDA:7,1069,1,0
BRDA:7,1070,0,5
BRDA:7,1070,1,0
BRDA:7,1071,0,5
BRDA:7,1071,1,5
BRDA:7,1072,0,0
BRDA:7,1072,1,0
BRDA:7,1073,0,0
BRDA:7,1073,1,0
BRDA:7,1074,0,0
BRDA:7,1074,1,0
BRDA:7,1075,0,0
BRDA:7,1075,1,0
BRDA:7,1076,0,0
BRDA:7,1076,1,0
BRDA:7,1077,0,0
BRDA:7,1077,1,0
BRDA:7,1078,0,0
BRDA:7,1078,1,0
BRDA:7,1079,0,0
BRDA:7,1079,1,0
BRDA:7,1080,0,0
BRDA:7,1080,1,0
BRDA:7,1081,0,0
BRDA:7,1081,1,0
BRDA:7,1082,0,0
BRDA:7,1082,1,0
BRDA:7,1083,0,0
BRDA:7,1083,1,0
BRDA:7,1084,0,0
BRDA:7,1084,1,0
BRDA:7,1085,0,0
BRDA:7,1085,1,0
BRDA:7,1086,0,0
BRDA:7,1086,1,0
BRDA:7,1087,0,0
BRDA:7,1087,1,0
BRDA:7,1088,0,0
BRDA:7,1088,1,0
BRDA:7,1089,0,0
BRDA:7,1089,1,0
BRDA:7,1090,0,0
BRDA:7,1090,1,0
BRDA:7,1091,0,294
BRDA:7,1091,1,609
BRDA:7,1092,0,903
BRDA:7,1092,1,294
BRDA:8,1093,0,2
BRDA:8,1093,1,0
BRDA:8,1094,0,2
BRDA:8,1094,1,2
BRDA:8,1095,0,6285
BRDA:8,1095,1,0
BRDA:8,1096,0,6285
BRDA:8,1096,1,6285
BRDA:8,1096,2,0
BRDA:8,1097,0,0
BRDA:8,1097,1,6285
BRDA:8,1098,0,0
BRDA:8,1098,1,6285
BRDA:8,1099,0,103
BRDA:8,1099,1,6182
BRDA:8,1100,0,5003
BRDA:8,1100,1,1282
BRDA:8,1101,0,1282
BRDA:8,1101,1,0
BRDA:8,1102,0,103
BRDA:8,1102,1,6182
BRDA:8,1103,0,0
BRDA:8,1103,1,62223
BRDA:8,1104,0,62223
BRDA:8,1104,1,0
BRDA:8,1105,0,62223
BRDA:8,1105,1,62223
BRDA:8,1106,0,0
BRDA:8,1106,1,0
BRDA:8,1107,0,10188
BRDA:8,1107,1,0
BRDA:8,1108,0,1
BRDA:8,1108,1,0
BRDA:8,1109,0,1
BRDA:8,1109,1,0
BRF:2288
BRH:1039
end_of_record
TN:
SF:/home/zoom/suit/guppy/src/guppy_backend.js
FN:6,(anonymous_0)
FN:7,(anonymous_1)
FN:8,(anonymous_2)
FN:15,(anonymous_3)
FN:65,(anonymous_4)
FN:69,(anonymous_5)
FN:78,(anonymous_6)
FN:87,(anonymous_7)
FN:96,(anonymous_8)
FN:108,(anonymous_9)
FN:113,(anonymous_10)
FN:118,(anonymous_11)
FN:131,(anonymous_12)
FN:145,(anonymous_13)
FN:149,(anonymous_14)
FN:169,(anonymous_15)
FN:173,(anonymous_16)
FN:177,(anonymous_17)
FN:192,(anonymous_18)
FN:293,(anonymous_19)
FN:307,(anonymous_20)
FN:316,(anonymous_21)
FN:334,(anonymous_22)
FN:349,(anonymous_23)
FN:359,(anonymous_24)
FN:455,(anonymous_25)
FN:486,(anonymous_26)
FN:498,(anonymous_27)
FN:511,(anonymous_28)
FN:520,(anonymous_29)
FN:542,(anonymous_30)
FN:562,(anonymous_31)
FN:578,(anonymous_32)
FN:608,(anonymous_33)
FN:622,(anonymous_34)
FN:632,(anonymous_35)
FN:662,(anonymous_36)
FN:676,(anonymous_37)
FN:701,(anonymous_38)
FN:714,(anonymous_39)
FN:739,(anonymous_40)
FN:740,(anonymous_41)
FN:741,(anonymous_42)
FN:742,(anonymous_43)
FN:743,(anonymous_44)
FN:744,(anonymous_45)
FN:745,(anonymous_46)
FN:746,(anonymous_47)
FN:754,(anonymous_48)
FN:788,(anonymous_49)
FN:859,(anonymous_50)
FN:902,(anonymous_51)
FN:928,(anonymous_52)
FN:956,(anonymous_53)
FN:977,(anonymous_54)
FN:986,(anonymous_55)
FN:1003,(anonymous_56)
FN:1021,(anonymous_57)
FN:1071,(anonymous_58)
FN:1095,(anonymous_59)
FN:1110,(anonymous_60)
FN:1121,(anonymous_61)
FN:1130,(anonymous_62)
FN:1149,(anonymous_63)
FN:1158,(anonymous_64)
FN:1178,(anonymous_65)
FN:1198,(anonymous_66)
FN:1207,(anonymous_67)
FN:1212,(anonymous_68)
FN:1227,(anonymous_69)
FN:1234,(anonymous_70)
FN:1243,(anonymous_71)
FN:1257,(anonymous_72)
FN:1271,(anonymous_73)
FN:1276,(anonymous_74)
FN:1284,(anonymous_75)
FN:1288,(anonymous_76)
FN:1295,(anonymous_77)
FNF:78
FNH:76
FNDA:449,(anonymous_0)
FNDA:5,(anonymous_1)
FNDA:0,(anonymous_2)
FNDA:1,(anonymous_3)
FNDA:1894,(anonymous_4)
FNDA:1033,(anonymous_5)
FNDA:1961,(anonymous_6)
FNDA:104,(anonymous_7)
FNDA:115,(anonymous_8)
FNDA:8,(anonymous_9)
FNDA:3,(anonymous_10)
FNDA:1033,(anonymous_11)
FNDA:1,(anonymous_12)
FNDA:1,(anonymous_13)
FNDA:3,(anonymous_14)
FNDA:14,(anonymous_15)
FNDA:16,(anonymous_16)
FNDA:11032,(anonymous_17)
FNDA:11032,(anonymous_18)
FNDA:17590,(anonymous_19)
FNDA:15,(anonymous_20)
FNDA:70,(anonymous_21)
FNDA:5,(anonymous_22)
FNDA:98,(anonymous_23)
FNDA:98,(anonymous_24)
FNDA:16,(anonymous_25)
FNDA:267,(anonymous_26)
FNDA:449,(anonymous_27)
FNDA:0,(anonymous_28)
FNDA:2,(anonymous_29)
FNDA:4,(anonymous_30)
FNDA:2,(anonymous_31)
FNDA:6,(anonymous_32)
FNDA:4,(anonymous_33)
FNDA:206,(anonymous_34)
FNDA:13,(anonymous_35)
FNDA:1,(anonymous_36)
FNDA:10,(anonymous_37)
FNDA:19,(anonymous_38)
FNDA:7,(anonymous_39)
FNDA:1,(anonymous_40)
FNDA:2,(anonymous_41)
FNDA:5,(anonymous_42)
FNDA:1,(anonymous_43)
FNDA:1,(anonymous_44)
FNDA:5,(anonymous_45)
FNDA:3,(anonymous_46)
FNDA:1,(anonymous_47)
FNDA:2,(anonymous_48)
FNDA:19,(anonymous_49)
FNDA:1,(anonymous_50)
FNDA:1,(anonymous_51)
FNDA:1,(anonymous_52)
FNDA:46,(anonymous_53)
FNDA:2,(anonymous_54)
FNDA:17,(anonymous_55)
FNDA:2,(anonymous_56)
FNDA:6,(anonymous_57)
FNDA:3,(anonymous_58)
FNDA:8,(anonymous_59)
FNDA:3,(anonymous_60)
FNDA:1,(anonymous_61)
FNDA:1,(anonymous_62)
FNDA:4,(anonymous_63)
FNDA:1,(anonymous_64)
FNDA:3,(anonymous_65)
FNDA:3,(anonymous_66)
FNDA:1,(anonymous_67)
FNDA:701,(anonymous_68)
FNDA:6,(anonymous_69)
FNDA:6,(anonymous_70)
FNDA:7,(anonymous_71)
FNDA:2,(anonymous_72)
FNDA:2,(anonymous_73)
FNDA:1,(anonymous_74)
FNDA:1,(anonymous_75)
FNDA:98,(anonymous_76)
FNDA:446,(anonymous_77)
DA:1,1
DA:2,1
DA:3,1
DA:4,1
DA:6,449
DA:7,5
DA:8,1
DA:15,1
DA:16,1
DA:17,1
DA:18,1
DA:19,1
DA:20,1
DA:22,1
DA:23,1
DA:24,1
DA:26,1
DA:28,1
DA:29,9
DA:30,9
DA:33,1
DA:35,1
DA:36,5
DA:37,5
DA:40,1
DA:41,1
DA:43,1
DA:44,1
DA:45,1
DA:46,1
DA:47,1
DA:48,1
DA:49,1
DA:50,1
DA:51,1
DA:52,1
DA:53,0
DA:54,0
DA:55,0
DA:59,1
DA:60,1
DA:61,1
DA:62,1
DA:63,1
DA:65,1
DA:66,1894
DA:69,1
DA:70,1033
DA:78,1
DA:79,1961
DA:87,1
DA:88,104
DA:96,1
DA:97,115
DA:98,115
DA:99,115
DA:100,115
DA:101,115
DA:102,115
DA:103,115
DA:104,115
DA:105,115
DA:108,1
DA:109,8
DA:110,8
DA:113,1
DA:114,3
DA:115,3
DA:118,1
DA:119,1033
DA:120,1033
DA:121,1033
DA:122,1033
DA:123,1033
DA:131,1
DA:132,1
DA:145,1
DA:146,1
DA:149,1
DA:150,3
DA:151,1
DA:152,1
DA:153,1
DA:155,2
DA:156,1
DA:157,1
DA:158,1
DA:159,1
DA:161,1
DA:162,1
DA:163,1
DA:164,1
DA:165,1
DA:169,1
DA:170,14
DA:173,1
DA:174,16
DA:177,1
DA:178,11032
DA:179,5212
DA:182,5820
DA:183,5820
DA:184,12115
DA:185,10182
DA:186,8768
DA:187,8160
DA:192,1
DA:193,11032
DA:194,5212
DA:195,5212
DA:197,5212
DA:198,5212
DA:199,5212
DA:200,5212
DA:201,76
DA:202,76
DA:203,19
DA:206,57
DA:208,76
DA:209,76
DA:211,5212
DA:212,5212
DA:213,5212
DA:214,2505
DA:215,2495
DA:216,558
DA:217,434
DA:218,434
DA:220,124
DA:221,0
DA:223,124
DA:225,1937
DA:232,1811
DA:235,5212
DA:236,9733
DA:237,1421
DA:238,66
DA:239,3
DA:240,63
DA:241,0
DA:243,63
DA:246,1355
DA:247,1355
DA:248,125
DA:250,1230
DA:252,1355
DA:253,7
DA:254,1348
DA:255,14
DA:257,1421
DA:259,8312
DA:260,10
DA:262,8302
DA:263,24
DA:265,8278
DA:266,5
DA:267,0
DA:269,5
DA:270,5
DA:271,0
DA:274,5
DA:276,5
DA:278,9733
DA:280,5212
DA:281,76
DA:283,5212
DA:284,5212
DA:287,5820
DA:288,12115
DA:293,1
DA:294,17590
DA:295,5212
DA:296,5212
DA:297,5212
DA:298,5212
DA:301,12378
DA:302,22283
DA:307,1
DA:308,15
DA:309,30
DA:310,15
DA:311,30
DA:312,15
DA:316,1
DA:317,70
DA:318,70
DA:319,181
DA:321,70
DA:324,55
DA:325,55
DA:326,0
DA:327,0
DA:329,55
DA:331,15
DA:334,1
DA:335,5
DA:336,5
DA:337,5
DA:338,5
DA:339,5
DA:340,5
DA:341,5
DA:342,5
DA:343,5
DA:344,5
DA:345,5
DA:346,5
DA:349,1
DA:350,98
DA:359,1
DA:360,98
DA:361,98
DA:362,0
DA:364,98
DA:366,98
DA:367,98
DA:368,98
DA:369,98
DA:371,98
DA:372,23
DA:373,23
DA:374,1
DA:375,1
DA:376,1
DA:377,1
DA:378,1
DA:380,22
DA:382,22
DA:383,4
DA:384,4
DA:385,4
DA:389,18
DA:390,18
DA:391,18
DA:392,18
DA:393,18
DA:394,18
DA:395,18
DA:400,98
DA:401,75
DA:402,75
DA:403,75
DA:418,98
DA:420,98
DA:421,98
DA:423,98
DA:425,98
DA:426,4
DA:429,94
DA:431,94
DA:432,76
DA:433,76
DA:435,94
DA:436,94
DA:437,94
DA:440,98
DA:441,98
DA:442,98
DA:443,28
DA:446,70
DA:447,70
DA:450,98
DA:451,98
DA:452,98
DA:455,1
DA:456,16
DA:457,4
DA:459,12
DA:460,12
DA:461,12
DA:463,12
DA:464,8
DA:469,4
DA:470,4
DA:471,4
DA:472,4
DA:473,4
DA:474,4
DA:475,4
DA:476,4
DA:477,4
DA:479,4
DA:480,4
DA:486,1
DA:487,267
DA:488,267
DA:489,267
DA:490,267
DA:498,1
DA:499,449
DA:500,449
DA:501,5
DA:502,5
DA:504,449
DA:505,449
DA:506,449
DA:507,449
DA:508,449
DA:509,449
DA:510,4
DA:511,4
DA:520,1
DA:521,2
DA:522,2
DA:523,2
DA:524,2
DA:525,2
DA:526,2
DA:527,2
DA:528,2
DA:529,2
DA:531,2
DA:532,2
DA:533,2
DA:536,0
DA:539,2
DA:542,1
DA:543,4
DA:544,0
DA:545,4
DA:546,4
DA:547,4
DA:548,4
DA:549,4
DA:550,4
DA:551,4
DA:552,4
DA:553,0
DA:554,4
DA:562,1
DA:563,2
DA:564,2
DA:565,2
DA:566,2
DA:567,2
DA:568,2
DA:569,4
DA:570,4
DA:571,4
DA:573,2
DA:574,2
DA:575,2
DA:578,1
DA:579,6
DA:580,6
DA:581,8
DA:584,6
DA:585,5
DA:586,5
DA:589,1
DA:590,1
DA:591,1
DA:592,1
DA:594,0
DA:595,1
DA:596,1
DA:597,1
DA:598,1
DA:599,1
DA:608,1
DA:609,4
DA:610,4
DA:611,4
DA:612,4
DA:613,4
DA:614,4
DA:622,1
DA:623,206
DA:624,206
DA:625,206
DA:632,1
DA:633,13
DA:634,13
DA:635,9
DA:636,9
DA:637,9
DA:638,17
DA:639,17
DA:641,9
DA:642,8
DA:643,6
DA:645,2
DA:647,1
DA:648,1
DA:649,0
DA:651,1
DA:653,9
DA:654,9
DA:655,9
DA:662,1
DA:663,1
DA:664,1
DA:665,1
DA:666,1
DA:667,1
DA:668,1
DA:676,1
DA:677,10
DA:678,5
DA:679,5
DA:681,10
DA:682,1
DA:683,1
DA:684,1
DA:685,1
DA:686,1
DA:689,0
DA:693,9
DA:694,9
DA:696,10
DA:697,0
DA:701,1
DA:702,19
DA:703,19
DA:704,8
DA:705,11
DA:706,11
DA:714,1
DA:715,7
DA:716,4
DA:717,4
DA:719,7
DA:720,0
DA:721,0
DA:722,0
DA:723,0
DA:724,0
DA:727,0
DA:731,7
DA:732,7
DA:734,7
DA:735,0
DA:739,1
DA:740,2
DA:741,5
DA:742,1
DA:743,1
DA:744,5
DA:745,3
DA:746,1
DA:754,1
DA:755,2
DA:756,2
DA:757,2
DA:759,2
DA:760,2
DA:761,2
DA:762,2
DA:763,0
DA:764,0
DA:766,2
DA:767,2
DA:768,2
DA:769,2
DA:770,2
DA:771,0
DA:772,0
DA:774,2
DA:775,2
DA:788,1
DA:789,19
DA:790,19
DA:791,19
DA:792,19
DA:793,19
DA:794,19
DA:795,29
DA:797,19
DA:801,19
DA:802,9
DA:803,9
DA:804,9
DA:805,9
DA:806,9
DA:807,0
DA:808,0
DA:810,9
DA:811,9
DA:812,9
DA:813,9
DA:814,0
DA:815,9
DA:816,9
DA:817,9
DA:818,6
DA:819,9
DA:821,9
DA:822,9
DA:823,9
DA:824,9
DA:825,9
DA:828,10
DA:829,4
DA:832,6
DA:833,6
DA:834,6
DA:835,6
DA:836,10
DA:837,10
DA:838,10
DA:842,0
DA:843,0
DA:846,10
DA:847,10
DA:848,10
DA:849,10
DA:850,0
DA:851,10
DA:852,10
DA:859,1
DA:860,1
DA:861,1
DA:862,3
DA:864,1
DA:867,1
DA:868,0
DA:869,0
DA:871,1
DA:872,1
DA:873,1
DA:875,0
DA:877,1
DA:878,1
DA:881,1
DA:882,0
DA:883,0
DA:885,1
DA:886,1
DA:887,1
DA:888,2
DA:889,0
DA:890,1
DA:891,2
DA:892,2
DA:893,2
DA:895,1
DA:902,1
DA:903,1
DA:904,1
DA:905,4
DA:907,1
DA:909,1
DA:910,1
DA:911,1
DA:913,0
DA:914,0
DA:915,0
DA:917,0
DA:919,1
DA:920,1
DA:921,1
DA:928,1
DA:929,1
DA:930,1
DA:931,3
DA:933,1
DA:934,1
DA:935,1
DA:936,1
DA:938,0
DA:939,0
DA:940,0
DA:942,0
DA:943,0
DA:944,0
DA:946,0
DA:947,0
DA:948,0
DA:949,0
DA:956,1
DA:957,46
DA:958,46
DA:959,37
DA:960,37
DA:961,36
DA:962,36
DA:965,1
DA:969,9
DA:977,1
DA:978,2
DA:979,2
DA:986,1
DA:987,17
DA:988,17
DA:989,9
DA:990,9
DA:991,8
DA:992,8
DA:995,1
DA:999,8
DA:1003,1
DA:1004,2
DA:1005,2
DA:1006,2
DA:1007,3
DA:1008,3
DA:1010,2
DA:1011,2
DA:1012,2
DA:1013,2
DA:1014,2
DA:1016,2
DA:1017,2
DA:1018,2
DA:1021,1
DA:1023,6
DA:1024,3
DA:1025,3
DA:1029,3
DA:1031,1
DA:1032,1
DA:1034,2
DA:1036,0
DA:1037,0
DA:1039,2
DA:1041,1
DA:1042,1
DA:1045,0
DA:1046,0
DA:1049,1
DA:1051,1
DA:1052,1
DA:1053,0
DA:1055,1
DA:1056,1
DA:1059,0
DA:1060,0
DA:1065,0
DA:1068,6
DA:1071,1
DA:1073,3
DA:1074,2
DA:1078,1
DA:1080,1
DA:1081,1
DA:1083,0
DA:1085,0
DA:1088,3
DA:1095,1
DA:1096,8
DA:1097,2
DA:1098,2
DA:1099,2
DA:1101,6
DA:1102,6
DA:1110,1
DA:1111,3
DA:1112,0
DA:1113,0
DA:1114,0
DA:1116,3
DA:1117,3
DA:1121,1
DA:1122,1
DA:1123,1
DA:1130,1
DA:1131,1
DA:1132,1
DA:1133,1
DA:1135,0
DA:1136,0
DA:1137,0
DA:1138,0
DA:1140,0
DA:1141,0
DA:1142,0
DA:1145,0
DA:1149,1
DA:1150,4
DA:1151,4
DA:1158,1
DA:1159,1
DA:1160,1
DA:1161,1
DA:1162,1
DA:1163,1
DA:1164,1
DA:1165,5
DA:1166,5
DA:1168,1
DA:1169,1
DA:1171,0
DA:1178,1
DA:1179,3
DA:1180,3
DA:1181,1
DA:1182,1
DA:1183,1
DA:1184,1
DA:1185,4
DA:1186,4
DA:1188,1
DA:1189,1
DA:1191,2
DA:1198,1
DA:1199,3
DA:1200,3
DA:1207,1
DA:1208,1
DA:1209,1
DA:1212,1
DA:1213,701
DA:1214,701
DA:1215,701
DA:1216,701
DA:1217,701
DA:1218,701
DA:1219,701
DA:1220,701
DA:1221,701
DA:1222,701
DA:1223,701
DA:1224,701
DA:1227,1
DA:1228,6
DA:1229,6
DA:1230,6
DA:1231,6
DA:1234,1
DA:1235,6
DA:1236,6
DA:1243,1
DA:1244,7
DA:1245,7
DA:1246,5
DA:1247,5
DA:1248,5
DA:1249,5
DA:1250,5
DA:1257,1
DA:1258,2
DA:1259,2
DA:1260,1
DA:1261,1
DA:1262,1
DA:1263,1
DA:1264,1
DA:1271,1
DA:1272,2
DA:1273,1
DA:1276,1
DA:1277,1
DA:1278,1
DA:1279,1
DA:1280,1
DA:1281,1
DA:1284,1
DA:1285,1
DA:1288,1
DA:1289,98
DA:1290,98
DA:1291,0
DA:1292,98
DA:1295,1
DA:1296,446
DA:1297,446
DA:1298,423
DA:1299,423
DA:1300,423
DA:1301,8
DA:1302,8
[...]
DA:43,339
DA:44,1289
DA:46,1337
DA:49,1
LF:33
LH:33
BRDA:12,0,0,56
BRDA:12,0,1,56
BRDA:16,1,0,5
BRDA:16,1,1,51
BRDA:16,2,0,56
BRDA:16,2,1,51
BRDA:22,3,0,3
BRDA:22,3,1,3
BRDA:24,4,0,4
BRDA:24,4,1,1
BRDA:24,5,0,5
BRDA:24,5,1,5
BRDA:29,6,0,6294
BRDA:29,6,1,129
BRDA:29,6,2,23
BRDA:33,7,0,3
BRDA:33,7,1,1
BRDA:38,8,0,1775
BRDA:38,8,1,1438
BRDA:39,9,0,99
BRDA:39,9,1,339
BRDA:43,10,0,1628
BRDA:43,10,1,1291
BRF:23
BRH:23
end_of_record
TN:
SF:/home/zoom/suit/guppy/src/guppy_doc.js
FN:11,(anonymous_0)
FN:16,(anonymous_1)
FN:26,(anonymous_2)
FN:38,(anonymous_3)
FN:51,(anonymous_4)
FN:61,(anonymous_5)
FN:70,(anonymous_6)
FN:74,(anonymous_7)
FN:80,(anonymous_8)
FN:88,(anonymous_9)
FN:134,(anonymous_10)
FN:139,(anonymous_11)
FN:150,(anonymous_12)
FN:154,(anonymous_13)
FN:168,(anonymous_14)
FN:173,(anonymous_15)
FN:191,(anonymous_16)
FN:219,(anonymous_17)
FN:250,(anonymous_18)
FN:273,(anonymous_19)
FNF:20
FNH:17
FNDA:107,(anonymous_0)
FNDA:1417,(anonymous_1)
FNDA:118,(anonymous_2)
FNDA:103,(anonymous_3)
FNDA:3965,(anonymous_4)
FNDA:1963,(anonymous_5)
FNDA:1,(anonymous_6)
FNDA:8,(anonymous_7)
FNDA:11,(anonymous_8)
FNDA:205,(anonymous_9)
FNDA:1519,(anonymous_10)
FNDA:83,(anonymous_11)
FNDA:1,(anonymous_12)
FNDA:0,(anonymous_13)
FNDA:107,(anonymous_14)
FNDA:315,(anonymous_15)
FNDA:12829,(anonymous_16)
FNDA:641,(anonymous_17)
FNDA:0,(anonymous_18)
FNDA:0,(anonymous_19)
DA:1,1
DA:2,1
DA:3,1
DA:11,1
DA:12,107
DA:13,107
DA:16,1
DA:17,1417
DA:18,1417
DA:19,208
DA:20,206
DA:21,656
DA:23,1415
DA:26,1
DA:27,118
DA:28,118
DA:29,189
DA:38,1
DA:39,103
DA:40,36
DA:41,36
DA:42,31
DA:51,1
DA:52,3965
DA:61,1
DA:62,1963
DA:63,1961
DA:64,1948
DA:65,1926
DA:66,1921
DA:67,1918
DA:70,1
DA:71,1
DA:74,1
DA:75,8
DA:76,8
DA:77,8
DA:80,1
DA:81,11
DA:82,11
DA:83,11
DA:84,11
DA:85,11
DA:88,1
DA:89,205
DA:90,205
DA:91,72
DA:92,72
DA:93,72
DA:94,72
DA:95,72
DA:96,49
DA:98,72
DA:99,72
DA:102,69
DA:106,133
DA:107,10
DA:108,10
DA:109,20
DA:111,10
DA:113,123
DA:114,123
DA:115,2
DA:118,121
DA:119,121
DA:120,265
DA:121,193
DA:123,72
DA:124,72
DA:128,121
DA:131,205
DA:134,1
DA:135,1519
DA:136,1519
DA:139,1
DA:140,83
DA:141,83
DA:150,1
DA:151,1
DA:152,1
DA:153,1
DA:154,1
DA:155,1
DA:156,1
DA:157,3
DA:158,1
DA:159,3
DA:160,1
DA:168,1
DA:169,107
DA:170,107
DA:173,1
DA:174,315
DA:175,315
DA:176,315
DA:177,38
DA:178,38
DA:179,38
DA:180,11
DA:182,277
DA:183,277
DA:184,277
DA:185,208
DA:186,193
DA:188,4
DA:191,1
DA:192,12829
DA:193,12829
DA:194,12829
DA:195,12829
DA:196,5368
DA:197,5212
DA:200,156
DA:203,7461
DA:204,1454
DA:205,1454
DA:206,1454
DA:208,6007
DA:209,1454
DA:210,1454
DA:211,1454
DA:212,1454
DA:213,4680
DA:214,1454
DA:215,4756
DA:216,1651
DA:217,1651
DA:218,256
DA:219,256
DA:220,641
DA:221,641
DA:223,256
DA:225,1395
DA:229,4553
DA:230,641
DA:231,641
DA:232,641
DA:233,984
DA:236,3912
DA:237,3912
DA:238,6818
DA:239,3912
DA:240,88
DA:243,12829
DA:250,1
DA:251,0
DA:252,0
DA:253,0
DA:254,0
DA:255,0
DA:256,0
DA:257,0
DA:258,0
DA:259,0
DA:260,0
DA:261,0
DA:264,0
DA:273,1
DA:274,0
DA:275,0
DA:276,0
DA:277,0
DA:281,1
LF:163
LH:147
BRDA:12,0,0,107
BRDA:12,0,1,1
BRDA:18,1,0,1623
BRDA:18,1,1,1447
BRDA:19,2,0,2
BRDA:19,2,1,206
BRDA:21,3,0,862
BRDA:21,3,1,687
BRDA:29,4,0,89
BRDA:29,4,1,100
BRDA:39,5,0,67
BRDA:39,5,1,36
BRDA:41,6,0,5
BRDA:41,6,1,31
BRDA:41,7,0,36
BRDA:41,7,1,36
BRDA:41,7,2,36
BRDA:62,8,0,2
BRDA:62,8,1,1961
BRDA:63,9,0,13
BRDA:63,9,1,1948
BRDA:64,10,0,22
BRDA:64,10,1,1926
BRDA:65,11,0,5
BRDA:65,11,1,1921
BRDA:66,12,0,3
BRDA:66,12,1,1918
BRDA:81,13,0,11
BRDA:81,13,1,0
BRDA:82,14,0,11
BRDA:82,14,1,11
BRDA:89,15,0,205
BRDA:89,15,1,44
BRDA:90,16,0,72
BRDA:90,16,1,133
BRDA:94,17,0,0
BRDA:94,17,1,72
BRDA:95,18,0,23
BRDA:95,18,1,49
BRDA:96,19,0,8
BRDA:96,19,1,41
BRDA:106,20,0,10
BRDA:106,20,1,123
BRDA:113,21,0,123
BRDA:113,21,1,0
BRDA:113,22,0,123
BRDA:113,22,1,44
BRDA:114,23,0,2
BRDA:114,23,1,121
BRDA:114,24,0,123
BRDA:114,24,1,2
BRDA:120,25,0,193
BRDA:120,25,1,72
BRDA:123,26,0,72
BRDA:123,26,1,0
BRDA:135,27,0,1519
BRDA:135,27,1,6
BRDA:140,28,0,83
BRDA:140,28,1,1
BRDA:154,29,0,0
BRDA:154,29,1,1
BRDA:176,30,0,38
BRDA:176,30,1,277
BRDA:176,31,0,315
BRDA:176,31,1,38
BRDA:176,31,2,38
BRDA:179,32,0,27
BRDA:179,32,1,11
BRDA:179,33,0,38
BRDA:179,33,1,27
BRDA:180,34,0,7
BRDA:180,34,1,4
BRDA:180,35,0,11
BRDA:180,35,1,7
BRDA:180,35,2,7
BRDA:180,35,3,7
BRDA:180,35,4,7
BRDA:182,36,0,277
BRDA:182,36,1,0
BRDA:184,37,0,69
BRDA:184,37,1,208
BRDA:184,38,0,277
BRDA:184,38,1,69
BRDA:185,39,0,15
BRDA:185,39,1,193
BRDA:185,40,0,208
BRDA:185,40,1,193
BRDA:195,41,0,5368
BRDA:195,41,1,7461
BRDA:196,42,0,5212
BRDA:196,42,1,156
BRDA:196,43,0,5368
BRDA:196,43,1,5221
BRDA:203,44,0,1454
BRDA:203,44,1,6007
BRDA:204,45,0,2
BRDA:204,45,1,1452
BRDA:204,46,0,1454
BRDA:204,46,1,1417
BRDA:205,47,0,1454
BRDA:205,47,1,2
BRDA:206,48,0,1454
BRDA:206,48,1,0
BRDA:208,49,0,1454
BRDA:208,49,1,4553
BRDA:213,50,0,1651
BRDA:213,50,1,3029
BRDA:213,51,0,4680
BRDA:213,51,1,3285
BRDA:215,52,0,3105
BRDA:215,52,1,1651
BRDA:216,53,0,1651
BRDA:216,53,1,0
BRDA:217,54,0,256
BRDA:217,54,1,1395
BRDA:220,55,0,252
BRDA:220,55,1,389
BRDA:229,56,0,641
BRDA:229,56,1,3912
BRDA:236,57,0,3912
BRDA:236,57,1,0
BRDA:236,58,0,3912
BRDA:236,58,1,1918
BRDA:239,59,0,88
BRDA:239,59,1,3824
BRDA:239,60,0,3912
BRDA:239,60,1,3802
BRDA:239,60,2,315
BRDA:254,61,0,0
BRDA:254,61,1,0
BRF:130
BRH:119
end_of_record
TN:
SF:/home/zoom/suit/guppy/src/guppy_ast.js
FN:3,(anonymous_0)
FN:26,(anonymous_1)
FN:28,(anonymous_2)
FN:32,(anonymous_3)
FN:33,(anonymous_4)
FN:34,(anonymous_5)
FN:35,(anonymous_6)
FN:39,(anonymous_7)
FN:45,(anonymous_8)
FN:47,(anonymous_9)
FN:48,(anonymous_10)
FN:49,(anonymous_11)
FN:50,(anonymous_12)
FN:51,(anonymous_13)
FN:52,(anonymous_14)
FN:53,(anonymous_15)
FN:54,(anonymous_16)
FN:55,(anonymous_17)
FN:56,(anonymous_18)
FN:57,(anonymous_19)
FN:58,(anonymous_20)
FN:59,(anonymous_21)
FN:60,(anonymous_22)
FN:61,(anonymous_23)
FN:62,(anonymous_24)
FN:63,(anonymous_25)
FN:64,(anonymous_26)
FN:68,(anonymous_27)
FN:69,(anonymous_28)
FN:72,(anonymous_29)
FN:75,(anonymous_30)
FN:83,(anonymous_31)
FN:89,(anonymous_32)
FN:94,(anonymous_33)
FN:103,(anonymous_34)
FN:112,(anonymous_35)
FN:118,(anonymous_36)
FN:134,(anonymous_37)
FN:134,(anonymous_38)
FN:136,(anonymous_39)
FN:139,(anonymous_40)
FN:140,(anonymous_41)
FN:150,(anonymous_42)
FN:151,(anonymous_43)
FN:155,(anonymous_44)
FN:169,(anonymous_45)
FN:181,(anonymous_46)
FN:190,(anonymous_47)
FN:199,(anonymous_48)
FN:202,(anonymous_49)
FN:202,(anonymous_50)
FN:203,(anonymous_51)
FN:203,(anonymous_52)
FN:204,(anonymous_53)
FN:204,(anonymous_54)
FN:205,(anonymous_55)
FN:205,(anonymous_56)
FN:206,(anonymous_57)
FN:206,(anonymous_58)
FN:206,(anonymous_59)
FN:207,(anonymous_60)
FN:207,(anonymous_61)
FN:208,(anonymous_62)
FN:208,(anonymous_63)
FN:209,(anonymous_64)
FN:209,(anonymous_65)
FN:210,(anonymous_66)
FN:210,(anonymous_67)
FN:211,(anonymous_68)
FN:211,(anonymous_69)
FN:212,(anonymous_70)
FN:212,(anonymous_71)
FN:213,(anonymous_72)
FN:213,(anonymous_73)
FN:214,(anonymous_74)
FN:214,(anonymous_75)
FN:219,(anonymous_76)
FN:221,(anonymous_77)
FN:241,(anonymous_78)
FN:245,(anonymous_79)
FN:246,(anonymous_80)
FN:249,(anonymous_81)
FN:251,(anonymous_82)
FN:271,(anonymous_83)
FN:276,(anonymous_84)
FN:280,(anonymous_85)
FN:284,(anonymous_86)
FN:288,(anonymous_87)
FN:293,(anonymous_88)
FN:339,(anonymous_89)
FN:352,(anonymous_90)
FN:354,(anonymous_91)
FN:372,(anonymous_92)
FN:374,(anonymous_93)
FN:393,(anonymous_94)
FN:395,(anonymous_95)
FN:396,(anonymous_96)
FN:397,(anonymous_97)
FN:398,(anonymous_98)
FN:399,(anonymous_99)
FN:400,(anonymous_100)
FN:404,(anonymous_101)
FN:408,(anonymous_102)
FN:409,(anonymous_103)
FN:412,(anonymous_104)
FN:414,(anonymous_105)
FN:434,(anonymous_106)
FN:438,(anonymous_107)
FN:440,(anonymous_108)
FN:458,(anonymous_109)
FN:470,(anonymous_110)
FN:506,(anonymous_111)
FN:523,(anonymous_112)
FN:525,(anonymous_113)
FN:543,(anonymous_114)
FN:547,(anonymous_115)
FN:551,(anonymous_116)
FN:557,(anonymous_117)
FN:565,(anonymous_118)
FN:567,(anonymous_119)
FNF:120
FNH:99
FNDA:201,(anonymous_0)
FNDA:193,(anonymous_1)
FNDA:56,(anonymous_2)
FNDA:0,(anonymous_3)
FNDA:29,(anonymous_4)
FNDA:71,(anonymous_5)
FNDA:0,(anonymous_6)
FNDA:6,(anonymous_7)
FNDA:22,(anonymous_8)
FNDA:0,(anonymous_9)
FNDA:2,(anonymous_10)
FNDA:1,(anonymous_11)
FNDA:1,(anonymous_12)
FNDA:1,(anonymous_13)
FNDA:1,(anonymous_14)
FNDA:1,(anonymous_15)
FNDA:10,(anonymous_16)
FNDA:6,(anonymous_17)
FNDA:1,(anonymous_18)
FNDA:4,(anonymous_19)
FNDA:2,(anonymous_20)
FNDA:23,(anonymous_21)
FNDA:38,(anonymous_22)
FNDA:1,(anonymous_23)
FNDA:2,(anonymous_24)
FNDA:1,(anonymous_25)
FNDA:18,(anonymous_26)
FNDA:11,(anonymous_27)
FNDA:2,(anonymous_28)
FNDA:6,(anonymous_29)
FNDA:12,(anonymous_30)
FNDA:56,(anonymous_31)
FNDA:28,(anonymous_32)
FNDA:28,(anonymous_33)
FNDA:6,(anonymous_34)
FNDA:3,(anonymous_35)
FNDA:28,(anonymous_36)
FNDA:77,(anonymous_37)
FNDA:3,(anonymous_38)
FNDA:3,(anonymous_39)
FNDA:5,(anonymous_40)
FNDA:3,(anonymous_41)
FNDA:27,(anonymous_42)
FNDA:11,(anonymous_43)
FNDA:7,(anonymous_44)
FNDA:18,(anonymous_45)
FNDA:30,(anonymous_46)
FNDA:5,(anonymous_47)
FNDA:5,(anonymous_48)
FNDA:1,(anonymous_49)
FNDA:1,(anonymous_50)
FNDA:5,(anonymous_51)
FNDA:4,(anonymous_52)
FNDA:1,(anonymous_53)
FNDA:1,(anonymous_54)
FNDA:0,(anonymous_55)
FNDA:0,(anonymous_56)
FNDA:2,(anonymous_57)
FNDA:1,(anonymous_58)
FNDA:1,(anonymous_59)
FNDA:3,(anonymous_60)
FNDA:3,(anonymous_61)
FNDA:13,(anonymous_62)
FNDA:10,(anonymous_63)
FNDA:3,(anonymous_64)
FNDA:2,(anonymous_65)
FNDA:1,(anonymous_66)
FNDA:1,(anonymous_67)
FNDA:0,(anonymous_68)
FNDA:0,(anonymous_69)
FNDA:1,(anonymous_70)
FNDA:1,(anonymous_71)
FNDA:0,(anonymous_72)
FNDA:0,(anonymous_73)
FNDA:0,(anonymous_74)
FNDA:0,(anonymous_75)
FNDA:223,(anonymous_76)
FNDA:0,(anonymous_77)
FNDA:121,(anonymous_78)
FNDA:0,(anonymous_79)
FNDA:0,(anonymous_80)
FNDA:13,(anonymous_81)
FNDA:2299,(anonymous_82)
FNDA:0,(anonymous_83)
FNDA:41,(anonymous_84)
FNDA:56,(anonymous_85)
FNDA:2,(anonymous_86)
FNDA:79,(anonymous_87)
FNDA:349,(anonymous_88)
FNDA:171,(anonymous_89)
FNDA:1210,(anonymous_90)
FNDA:44,(anonymous_91)
FNDA:363,(anonymous_92)
FNDA:6,(anonymous_93)
FNDA:8,(anonymous_94)
FNDA:18,(anonymous_95)
FNDA:0,(anonymous_96)
FNDA:38,(anonymous_97)
FNDA:11,(anonymous_98)
FNDA:0,(anonymous_99)
FNDA:0,(anonymous_100)
FNDA:8,(anonymous_101)
FNDA:0,(anonymous_102)
FNDA:0,(anonymous_103)
FNDA:1,(anonymous_104)
FNDA:176,(anonymous_105)
FNDA:0,(anonymous_106)
FNDA:18,(anonymous_107)
FNDA:7,(anonymous_108)
FNDA:11,(anonymous_109)
FNDA:74,(anonymous_110)
FNDA:32,(anonymous_111)
FNDA:112,(anonymous_112)
FNDA:10,(anonymous_113)
FNDA:1,(anonymous_114)
FNDA:1,(anonymous_115)
FNDA:1,(anonymous_116)
FNDA:3,(anonymous_117)
FNDA:8,(anonymous_118)
FNDA:1,(anonymous_119)
DA:1,1
DA:3,1
DA:4,201
DA:5,201
DA:6,223
DA:7,223
DA:8,603
DA:9,603
DA:10,603
DA:11,603
DA:12,223
DA:13,223
DA:14,223
DA:15,223
DA:16,223
DA:19,223
DA:20,0
DA:23,201
DA:26,1
DA:27,193
DA:29,56
DA:30,56
DA:32,0
DA:33,29
DA:34,71
DA:35,0
DA:39,1
DA:40,6
DA:41,6
DA:42,3
DA:45,1
DA:46,22
DA:47,22
DA:48,22
DA:49,22
DA:50,22
DA:51,22
DA:52,22
DA:53,22
DA:54,22
DA:55,22
DA:56,22
DA:57,22
DA:58,22
DA:59,23
DA:60,38
DA:61,22
DA:62,22
DA:63,22
DA:64,22
DA:65,22
DA:68,1
DA:69,11
DA:70,2
DA:72,11
DA:73,6
DA:75,11
DA:76,12
DA:77,12
DA:78,12
DA:79,12
DA:80,20
DA:83,11
DA:84,56
DA:85,56
DA:86,198
DA:89,11
DA:90,28
DA:91,538
DA:94,11
DA:95,28
DA:96,28
DA:97,33
DA:98,33
DA:99,48
DA:101,28
DA:103,11
DA:104,6
DA:105,6
DA:106,6
DA:107,6
DA:108,1
DA:110,5
DA:112,11
DA:113,3
DA:114,3
DA:115,3
DA:116,3
DA:118,11
DA:119,28
DA:120,28
DA:121,28
DA:122,28
DA:123,28
DA:124,28
DA:125,28
DA:126,28
DA:127,28
DA:128,28
DA:130,11
DA:132,11
DA:133,11
DA:134,77
DA:136,11
DA:137,3
DA:139,11
DA:140,11
DA:141,3
DA:142,2
DA:143,2
DA:144,2
DA:147,1
DA:150,27
DA:151,11
DA:152,11
DA:153,3
DA:155,11
DA:156,7
DA:157,7
DA:158,14
DA:160,7
DA:161,7
DA:169,11
DA:170,18
DA:172,11
DA:173,11
DA:174,11
DA:175,37
DA:177,11
DA:181,1
DA:182,30
DA:183,30
DA:184,30
DA:185,30
DA:186,25
DA:187,14
DA:190,1
DA:191,5
DA:192,5
DA:193,5
DA:194,13
DA:195,11
DA:196,5
DA:199,1
DA:200,5
DA:201,5
DA:202,5
DA:203,5
DA:204,5
DA:205,5
DA:206,5
DA:207,5
DA:208,13
DA:209,5
DA:210,5
DA:211,5
DA:212,5
DA:213,5
DA:214,5
DA:215,65
DA:216,5
DA:219,1
DA:220,223
DA:221,223
DA:223,223
DA:224,223
DA:225,303
DA:226,184
DA:229,119
DA:233,223
DA:234,223
DA:235,36
DA:238,223
DA:241,1
DA:242,121
DA:244,121
DA:245,0
DA:246,0
DA:249,121
DA:251,121
DA:252,2299
DA:253,2299
DA:254,2299
DA:255,121
DA:256,0
DA:259,2178
DA:260,2178
DA:261,2178
DA:262,2178
DA:264,2299
DA:267,121
DA:268,121
DA:270,121
DA:271,121
DA:273,121
DA:274,121
DA:276,121
DA:278,121
DA:279,121
DA:280,121
DA:282,121
DA:283,121
DA:284,121
DA:286,121
DA:287,121
DA:288,121
DA:291,121
DA:293,121
DA:295,349
DA:296,0
DA:298,349
DA:299,121
DA:300,121
DA:302,228
DA:303,228
DA:304,228
DA:305,228
DA:306,228
DA:307,228
DA:308,228
DA:309,79
DA:310,149
DA:311,50
DA:312,50
DA:313,0
DA:315,99
DA:316,2
DA:317,2
DA:318,2
DA:319,97
DA:320,56
DA:321,56
DA:322,41
DA:323,41
DA:324,41
DA:325,41
DA:326,41
DA:328,0
DA:330,228
DA:331,228
DA:332,228
DA:333,228
DA:334,228
DA:335,228
DA:339,121
DA:341,171
DA:342,171
DA:343,171
DA:344,171
DA:345,57
DA:346,57
DA:347,57
DA:349,171
DA:352,121
DA:353,1210
DA:354,1210
DA:355,44
DA:357,1210
DA:361,121
DA:362,121
DA:363,121
DA:364,121
DA:365,121
DA:366,121
DA:368,121
DA:369,121
DA:370,121
DA:371,121
DA:372,121
DA:373,363
DA:374,363
DA:375,6
DA:377,363
DA:380,121
DA:381,121
DA:382,121
DA:384,121
DA:386,121
DA:388,121
DA:393,1
DA:394,8
DA:395,18
DA:396,0
DA:397,38
DA:398,11
DA:399,0
DA:400,0
DA:404,1
DA:405,8
DA:407,8
DA:408,0
DA:409,0
DA:412,8
DA:414,8
DA:415,176
DA:416,176
DA:417,176
DA:418,16
DA:419,0
DA:422,160
DA:423,160
DA:424,160
DA:425,160
DA:427,176
DA:430,8
DA:431,8
DA:433,8
DA:434,8
DA:436,8
DA:437,8
DA:438,18
DA:440,8
DA:441,7
DA:442,7
DA:443,7
DA:444,5
DA:445,8
DA:446,8
DA:447,5
DA:449,3
DA:452,7
DA:453,7
DA:456,8
DA:457,8
DA:458,8
DA:459,11
DA:460,7
DA:463,4
DA:468,8
DA:470,8
DA:472,74
DA:473,0
DA:475,74
DA:476,7
DA:477,7
DA:479,67
DA:480,67
DA:481,67
DA:482,67
DA:483,67
DA:484,67
DA:485,11
DA:486,56
DA:487,38
DA:488,38
DA:489,0
DA:491,18
DA:492,18
DA:493,18
DA:495,0
DA:497,67
DA:498,67
DA:499,67
DA:500,67
DA:502,67
DA:506,8
DA:508,32
DA:510,32
DA:512,32
DA:513,32
DA:514,14
DA:515,14
DA:517,14
DA:520,32
DA:523,8
DA:524,112
DA:525,112
DA:526,10
DA:528,112
DA:531,8
DA:532,8
DA:533,8
DA:534,8
DA:535,8
DA:536,8
DA:538,8
DA:539,8
DA:540,8
DA:541,8
DA:543,8
DA:544,1
DA:547,8
DA:548,1
DA:551,8
DA:552,1
DA:555,8
DA:557,8
DA:558,3
DA:559,3
DA:560,3
DA:562,8
DA:563,8
DA:565,8
DA:566,8
DA:567,8
DA:568,1
DA:570,8
DA:573,8
DA:575,8
DA:577,8
DA:579,8
DA:582,1
LF:402
LH:384
BRDA:11,0,0,223
BRDA:11,0,1,380
BRDA:15,1,0,223
BRDA:15,1,1,0
BRDA:19,2,0,0
BRDA:19,2,1,223
BRDA:29,3,0,0
BRDA:29,3,1,56
BRDA:41,4,0,3
BRDA:41,4,1,3
BRDA:41,5,0,6
BRDA:41,5,1,6
BRDA:58,6,0,2
BRDA:58,6,1,0
BRDA:86,7,0,56
BRDA:86,7,1,142
BRDA:91,8,0,28
BRDA:91,8,1,510
BRDA:98,9,0,3
BRDA:98,9,1,30
BRDA:107,10,0,1
BRDA:107,10,1,5
BRDA:107,11,0,6
BRDA:107,11,1,3
BRDA:107,11,2,2
BRDA:107,11,3,0
BRDA:120,12,0,0
BRDA:120,12,1,28
BRDA:141,13,0,2
BRDA:141,13,1,1
BRDA:152,14,0,8
BRDA:152,14,1,3
BRDA:182,15,0,0
BRDA:182,15,1,30
BRDA:184,16,0,13
BRDA:184,16,1,17
BRDA:185,17,0,16
BRDA:185,17,1,14
BRDA:185,18,0,30
BRDA:185,18,1,17
BRDA:200,19,0,5
BRDA:200,19,1,5
BRDA:206,20,0,1
BRDA:206,20,1,1
BRDA:208,21,0,0
BRDA:208,21,1,10
BRDA:208,22,0,0
BRDA:208,22,1,10
BRDA:215,23,0,65
BRDA:215,23,1,0
BRDA:221,24,0,6
BRDA:221,24,1,217
BRDA:225,25,0,184
BRDA:225,25,1,119
BRDA:234,26,0,187
BRDA:234,26,1,36
BRDA:235,27,0,36
BRDA:235,27,1,0
BRDA:253,28,0,2299
BRDA:253,28,1,484
BRDA:254,29,0,121
BRDA:254,29,1,2178
BRDA:255,30,0,0
BRDA:255,30,1,121
BRDA:276,31,0,41
BRDA:276,31,1,0
BRDA:295,32,0,0
BRDA:295,32,1,349
BRDA:295,33,0,349
BRDA:295,33,1,0
BRDA:298,34,0,121
BRDA:298,34,1,228
BRDA:308,35,0,79
BRDA:308,35,1,149
BRDA:310,36,0,50
BRDA:310,36,1,99
BRDA:312,37,0,0
BRDA:312,37,1,50
BRDA:315,38,0,2
BRDA:315,38,1,97
BRDA:319,39,0,56
BRDA:319,39,1,41
BRDA:322,40,0,41
BRDA:322,40,1,0
BRDA:333,41,0,43
BRDA:333,41,1,185
BRDA:334,42,0,41
BRDA:334,42,1,187
BRDA:354,43,0,1210
BRDA:354,43,1,1210
BRDA:374,44,0,363
BRDA:374,44,1,363
BRDA:384,45,0,0
BRDA:384,45,1,121
BRDA:416,46,0,176
BRDA:416,46,1,40
BRDA:417,47,0,16
BRDA:417,47,1,160
BRDA:418,48,0,0
BRDA:418,48,1,16
BRDA:443,49,0,5
BRDA:443,49,1,2
BRDA:446,50,0,5
BRDA:446,50,1,3
BRDA:459,51,0,7
BRDA:459,51,1,4
BRDA:472,52,0,0
BRDA:472,52,1,74
BRDA:472,53,0,74
BRDA:472,53,1,13
BRDA:475,54,0,7
BRDA:475,54,1,67
BRDA:484,55,0,11
BRDA:484,55,1,56
BRDA:486,56,0,38
BRDA:486,56,1,18
BRDA:488,57,0,0
BRDA:488,57,1,38
BRDA:491,58,0,18
BRDA:491,58,1,0
BRDA:500,59,0,0
BRDA:500,59,1,67
BRDA:525,60,0,112
BRDA:525,60,1,80
BRDA:567,61,0,8
BRDA:567,61,1,8
BRDA:575,62,0,0
BRDA:575,62,1,8
BRF:128
BRH:104
end_of_record
TN:
SF:/home/zoom/suit/guppy/src/guppy_symbols.js
FN:3,(anonymous_0)
FN:8,(anonymous_1)
FN:25,(anonymous_2)
FN:55,(anonymous_3)
FNF:4
FNH:4
FNDA:50,(anonymous_0)
FNDA:430,(anonymous_1)
FNDA:1,(anonymous_2)
FNDA:126,(anonymous_3)
DA:1,1
DA:3,1
DA:4,50
DA:5,50
DA:8,1
DA:9,430
DA:10,430
DA:11,256
DA:12,256
DA:13,364
DA:15,256
DA:18,174
DA:19,380
DA:21,174
DA:25,1
DA:26,1
DA:27,1
DA:28,1
DA:29,3
DA:31,1
DA:33,1
DA:34,25
DA:35,3
DA:36,48
DA:37,48
DA:38,48
DA:39,42
DA:40,42
DA:43,6
DA:44,6
DA:46,48
DA:50,22
DA:55,1
DA:60,126
DA:61,126
DA:62,287
DA:64,126
DA:65,29
DA:66,29
DA:70,126
DA:71,126
DA:72,126
DA:76,126
DA:77,264
DA:78,264
DA:80,264
DA:81,264
DA:82,264
DA:83,264
DA:84,872
DA:85,872
DA:86,304
DA:87,304
DA:88,36
DA:89,36
DA:90,36
DA:91,70
DA:97,264
DA:98,872
DA:99,872
DA:100,568
DA:101,568
DA:104,304
DA:105,304
DA:106,410
DA:108,304
DA:109,136
DA:110,136
DA:111,136
DA:113,304
DA:116,264
DA:119,126
DA:120,136
DA:121,136
DA:122,56
DA:123,56
DA:124,82
DA:128,80
DA:129,80
DA:130,80
DA:132,136
DA:133,136
DA:134,118
DA:135,360
DA:138,136
DA:139,18
DA:140,18
DA:141,3
DA:144,15
DA:145,30
DA:146,30
DA:147,30
DA:148,30
DA:149,30
DA:153,118
DA:155,126
DA:159,1
LF:97
LH:97
BRDA:10,0,0,256
BRDA:10,0,1,174
BRDA:27,1,0,1
BRDA:27,1,1,0
BRDA:34,2,0,3
BRDA:34,2,1,22
BRDA:38,3,0,42
BRDA:38,3,1,6
BRDA:64,4,0,29
BRDA:64,4,1,97
BRDA:65,5,0,29
BRDA:65,5,1,0
BRDA:66,6,0,0
BRDA:66,6,1,29
BRDA:81,7,0,264
BRDA:81,7,1,0
BRDA:85,8,0,304
BRDA:85,8,1,568
BRDA:87,9,0,36
BRDA:87,9,1,268
BRDA:99,10,0,568
BRDA:99,10,1,304
BRDA:99,11,0,872
BRDA:99,11,1,304
BRDA:108,12,0,136
BRDA:108,12,1,168
BRDA:109,13,0,91
BRDA:109,13,1,45
BRDA:110,14,0,18
BRDA:110,14,1,118
BRDA:121,15,0,56
BRDA:121,15,1,80
BRDA:132,16,0,91
BRDA:132,16,1,45
BRDA:133,17,0,118
BRDA:133,17,1,18
BRDA:134,18,0,118
BRDA:134,18,1,0
BRDA:138,19,0,18
BRDA:138,19,1,118
BRDA:140,20,0,3
BRDA:140,20,1,15
BRDA:140,21,0,18
BRDA:140,21,1,3
BRDA:149,22,0,15
BRDA:149,22,1,15
BRF:46
BRH:41
end_of_record
TN:
SF:/home/zoom/suit/guppy/src/guppy_settings.js
FN:44,(anonymous_0)
FN:51,(anonymous_1)
FN:56,(anonymous_2)
FN:60,(anonymous_3)
FN:65,(anonymous_4)
FN:81,(anonymous_5)
FN:90,(anonymous_6)
FN:91,(anonymous_7)
FN:111,(anonymous_8)
FNF:9
FNH:8
FNDA:81,(anonymous_0)
FNDA:3,(anonymous_1)
FNDA:9,(anonymous_2)
FNDA:9,(anonymous_3)
FNDA:9,(anonymous_4)
FNDA:9,(anonymous_5)
FNDA:6,(anonymous_6)
FNDA:0,(anonymous_7)
FNDA:1,(anonymous_8)
DA:1,1
DA:2,1
DA:3,1
DA:4,1
DA:5,1
DA:6,1
DA:15,1
DA:20,1
DA:21,1
DA:22,1
DA:23,1
DA:24,1
DA:28,1
DA:29,1
DA:30,1
DA:31,1
DA:35,1
DA:36,1
DA:37,1
DA:38,1
DA:42,1
DA:44,1
DA:45,81
DA:46,81
DA:47,81
DA:48,81
DA:51,1
DA:52,3
DA:53,3
DA:54,3
DA:55,3
DA:56,9
DA:57,3
DA:60,1
DA:61,9
DA:62,27
DA:65,1
DA:66,9
DA:67,9
DA:68,9
DA:69,6
DA:70,6
DA:71,6
DA:72,6
DA:73,6
DA:76,3
DA:81,1
DA:82,9
DA:83,3
DA:84,3
DA:85,6
DA:86,6
DA:87,6
DA:88,6
DA:89,6
DA:90,6
DA:91,6
DA:92,0
DA:95,6
DA:96,27
DA:97,27
DA:98,27
DA:99,27
DA:101,6
DA:102,6
DA:103,6
DA:104,6
DA:105,6
DA:106,6
DA:111,1
DA:112,1
DA:113,3
DA:114,3
DA:117,1
DA:118,1
DA:119,1
DA:120,1
DA:121,1
DA:122,1
DA:123,1
DA:124,1
DA:125,1
DA:126,1
DA:127,1
DA:131,1
DA:132,70
DA:133,70
DA:134,70
DA:138,1
LF:89
LH:88
BRDA:66,0,0,9
BRDA:66,0,1,0
BRDA:68,1,0,6
BRDA:68,1,1,3
BRDA:82,2,0,3
BRDA:82,2,1,6
BRF:6
BRH:5
end_of_record
